[7.028s] Invoking command in '/home/jetson/EVC/workshops/final_project_v5/vision/camera/jetson_camera': PYTHONPATH=/home/jetson/EVC/workshops/final_project_v5/build/jetson_camera/prefix_override:/usr/lib/python3/dist-packages/colcon_core/task/python/colcon_distutils_commands:/home/jetson/EVC/workshops/final_project_v5/install/jetson_camera/lib/python3.8/site-packages:${PYTHONPATH} /usr/bin/python3 -W ignore:setup.py install is deprecated -W ignore:easy_install command is deprecated setup.py egg_info --egg-base ../../../build/jetson_camera build --build-base /home/jetson/EVC/workshops/final_project_v5/build/jetson_camera/build install --record /home/jetson/EVC/workshops/final_project_v5/build/jetson_camera/install.log --single-version-externally-managed install_data
[8.893s] running egg_info
[8.896s] writing ../../../build/jetson_camera/jetson_camera.egg-info/PKG-INFO
[8.897s] writing dependency_links to ../../../build/jetson_camera/jetson_camera.egg-info/dependency_links.txt
[8.897s] writing entry points to ../../../build/jetson_camera/jetson_camera.egg-info/entry_points.txt
[8.919s] writing requirements to ../../../build/jetson_camera/jetson_camera.egg-info/requires.txt
[8.919s] writing top-level names to ../../../build/jetson_camera/jetson_camera.egg-info/top_level.txt
[8.939s] reading manifest file '../../../build/jetson_camera/jetson_camera.egg-info/SOURCES.txt'
[8.942s] writing manifest file '../../../build/jetson_camera/jetson_camera.egg-info/SOURCES.txt'
[8.951s] running build
[8.951s] running build_py
[8.960s] running install
[8.975s] running install_lib
[8.989s] running install_data
[8.991s] running install_egg_info
[9.023s] removing '/home/jetson/EVC/workshops/final_project_v5/install/jetson_camera/lib/python3.8/site-packages/jetson_camera-0.0.0-py3.8.egg-info' (and everything under it)
[9.024s] Copying ../../../build/jetson_camera/jetson_camera.egg-info to /home/jetson/EVC/workshops/final_project_v5/install/jetson_camera/lib/python3.8/site-packages/jetson_camera-0.0.0-py3.8.egg-info
[9.025s] running install_scripts
[9.176s] Installing calibrate_camera script to /home/jetson/EVC/workshops/final_project_v5/install/jetson_camera/lib/jetson_camera
[9.179s] Installing pair_subscriber_node script to /home/jetson/EVC/workshops/final_project_v5/install/jetson_camera/lib/jetson_camera
[9.181s] Installing processing_node script to /home/jetson/EVC/workshops/final_project_v5/install/jetson_camera/lib/jetson_camera
[9.183s] Installing publisher_node script to /home/jetson/EVC/workshops/final_project_v5/install/jetson_camera/lib/jetson_camera
[9.184s] Installing subscriber_node script to /home/jetson/EVC/workshops/final_project_v5/install/jetson_camera/lib/jetson_camera
[9.187s] writing list of installed files to '/home/jetson/EVC/workshops/final_project_v5/build/jetson_camera/install.log'
[10.530s] Invoked command in '/home/jetson/EVC/workshops/final_project_v5/vision/camera/jetson_camera' returned '0': PYTHONPATH=/home/jetson/EVC/workshops/final_project_v5/build/jetson_camera/prefix_override:/usr/lib/python3/dist-packages/colcon_core/task/python/colcon_distutils_commands:/home/jetson/EVC/workshops/final_project_v5/install/jetson_camera/lib/python3.8/site-packages:${PYTHONPATH} /usr/bin/python3 -W ignore:setup.py install is deprecated -W ignore:easy_install command is deprecated setup.py egg_info --egg-base ../../../build/jetson_camera build --build-base /home/jetson/EVC/workshops/final_project_v5/build/jetson_camera/build install --record /home/jetson/EVC/workshops/final_project_v5/build/jetson_camera/install.log --single-version-externally-managed install_data
