[3.333s] Invoking command in '/home/jetson/EVC/workshops/final_project_v3/behaviors/color_detection/color_detection_mode': LD_LIBRARY_PATH=/home/jetson/EVC/workshops/final_project_v3/install/jetson_camera_interfaces/lib:/opt/ros/foxy/opt/yaml_cpp_vendor/lib:/opt/ros/foxy/lib/aarch64-linux-gnu:/opt/ros/foxy/lib:/usr/local/cuda/lib64 PYTHONPATH=/home/jetson/EVC/workshops/final_project_v3/build/color_detection_mode/prefix_override:/usr/lib/python3/dist-packages/colcon_core/task/python/colcon_distutils_commands:/home/jetson/EVC/workshops/final_project_v3/install/color_detection_mode/lib/python3.8/site-packages:/home/jetson/EVC/workshops/final_project_v3/install/jetson_camera_interfaces/lib/python3.8/site-packages:/home/jetson/EVC/workshops/final_project_v3/install/motor_control/lib/python3.8/site-packages:/home/jetson/EVC/workshops/final_project_v3/install/line_following/lib/python3.8/site-packages:/home/jetson/EVC/workshops/final_project_v3/install/color_detection_mode/lib/python3.8/site-packages:/home/jetson/EVC/workshops/final_project_v3/install/jetson_camera/lib/python3.8/site-packages:/home/jetson/EVC/workshops/final_project_v3/install/goal_navigation/lib/python3.8/site-packages:/home/jetson/EVC/workshops/final_project_v3/install/aruco_parking/lib/python3.8/site-packages:/home/jetson/EVC/workshops/final_project_v3/install/Adafruit_SSD1306/lib/python3.8/site-packages:/home/jetson/EVC/workshops/workshop3_group7/install/motor_control/lib/python3.8/site-packages:/opt/ros/foxy/lib/python3.8/site-packages /usr/bin/python3 -W ignore:setup.py install is deprecated -W ignore:easy_install command is deprecated setup.py egg_info --egg-base ../../../build/color_detection_mode build --build-base /home/jetson/EVC/workshops/final_project_v3/build/color_detection_mode/build install --record /home/jetson/EVC/workshops/final_project_v3/build/color_detection_mode/install.log --single-version-externally-managed install_data
[4.459s] running egg_info
[4.462s] writing ../../../build/color_detection_mode/color_detection_mode.egg-info/PKG-INFO
[4.463s] writing dependency_links to ../../../build/color_detection_mode/color_detection_mode.egg-info/dependency_links.txt
[4.464s] writing entry points to ../../../build/color_detection_mode/color_detection_mode.egg-info/entry_points.txt
[4.464s] writing requirements to ../../../build/color_detection_mode/color_detection_mode.egg-info/requires.txt
[4.464s] writing top-level names to ../../../build/color_detection_mode/color_detection_mode.egg-info/top_level.txt
[4.475s] reading manifest file '../../../build/color_detection_mode/color_detection_mode.egg-info/SOURCES.txt'
[4.479s] writing manifest file '../../../build/color_detection_mode/color_detection_mode.egg-info/SOURCES.txt'
[4.479s] running build
[4.480s] running build_py
[4.481s] running install
[4.484s] running install_lib
[4.490s] running install_data
[4.491s] running install_egg_info
[4.497s] removing '/home/jetson/EVC/workshops/final_project_v3/install/color_detection_mode/lib/python3.8/site-packages/color_detection_mode-0.0.0-py3.8.egg-info' (and everything under it)
[4.498s] Copying ../../../build/color_detection_mode/color_detection_mode.egg-info to /home/jetson/EVC/workshops/final_project_v3/install/color_detection_mode/lib/python3.8/site-packages/color_detection_mode-0.0.0-py3.8.egg-info
[4.502s] running install_scripts
[4.576s] Installing color_detection_node script to /home/jetson/EVC/workshops/final_project_v3/install/color_detection_mode/lib/color_detection_mode
[4.577s] Installing go_stop_node script to /home/jetson/EVC/workshops/final_project_v3/install/color_detection_mode/lib/color_detection_mode
[4.578s] writing list of installed files to '/home/jetson/EVC/workshops/final_project_v3/build/color_detection_mode/install.log'
[4.671s] Invoked command in '/home/jetson/EVC/workshops/final_project_v3/behaviors/color_detection/color_detection_mode' returned '0': LD_LIBRARY_PATH=/home/jetson/EVC/workshops/final_project_v3/install/jetson_camera_interfaces/lib:/opt/ros/foxy/opt/yaml_cpp_vendor/lib:/opt/ros/foxy/lib/aarch64-linux-gnu:/opt/ros/foxy/lib:/usr/local/cuda/lib64 PYTHONPATH=/home/jetson/EVC/workshops/final_project_v3/build/color_detection_mode/prefix_override:/usr/lib/python3/dist-packages/colcon_core/task/python/colcon_distutils_commands:/home/jetson/EVC/workshops/final_project_v3/install/color_detection_mode/lib/python3.8/site-packages:/home/jetson/EVC/workshops/final_project_v3/install/jetson_camera_interfaces/lib/python3.8/site-packages:/home/jetson/EVC/workshops/final_project_v3/install/motor_control/lib/python3.8/site-packages:/home/jetson/EVC/workshops/final_project_v3/install/line_following/lib/python3.8/site-packages:/home/jetson/EVC/workshops/final_project_v3/install/color_detection_mode/lib/python3.8/site-packages:/home/jetson/EVC/workshops/final_project_v3/install/jetson_camera/lib/python3.8/site-packages:/home/jetson/EVC/workshops/final_project_v3/install/goal_navigation/lib/python3.8/site-packages:/home/jetson/EVC/workshops/final_project_v3/install/aruco_parking/lib/python3.8/site-packages:/home/jetson/EVC/workshops/final_project_v3/install/Adafruit_SSD1306/lib/python3.8/site-packages:/home/jetson/EVC/workshops/workshop3_group7/install/motor_control/lib/python3.8/site-packages:/opt/ros/foxy/lib/python3.8/site-packages /usr/bin/python3 -W ignore:setup.py install is deprecated -W ignore:easy_install command is deprecated setup.py egg_info --egg-base ../../../build/color_detection_mode build --build-base /home/jetson/EVC/workshops/final_project_v3/build/color_detection_mode/build install --record /home/jetson/EVC/workshops/final_project_v3/build/color_detection_mode/install.log --single-version-externally-managed install_data
