[6.293s] Invoking command in '/home/jetson/EVC/workshops/final_project_v4/behaviors/line_following/line_following': PYTHONPATH=/home/jetson/EVC/workshops/final_project_v4/build/line_following/prefix_override:/usr/lib/python3/dist-packages/colcon_core/task/python/colcon_distutils_commands:/home/jetson/EVC/workshops/final_project_v4/install/line_following/lib/python3.8/site-packages:${PYTHONPATH} /usr/bin/python3 -W ignore:setup.py install is deprecated -W ignore:easy_install command is deprecated setup.py egg_info --egg-base ../../../build/line_following build --build-base /home/jetson/EVC/workshops/final_project_v4/build/line_following/build install --record /home/jetson/EVC/workshops/final_project_v4/build/line_following/install.log --single-version-externally-managed install_data
[7.966s] running egg_info
[7.973s] writing ../../../build/line_following/line_following.egg-info/PKG-INFO
[7.973s] writing dependency_links to ../../../build/line_following/line_following.egg-info/dependency_links.txt
[7.974s] writing entry points to ../../../build/line_following/line_following.egg-info/entry_points.txt
[7.975s] writing requirements to ../../../build/line_following/line_following.egg-info/requires.txt
[7.976s] writing top-level names to ../../../build/line_following/line_following.egg-info/top_level.txt
[7.989s] reading manifest file '../../../build/line_following/line_following.egg-info/SOURCES.txt'
[7.995s] writing manifest file '../../../build/line_following/line_following.egg-info/SOURCES.txt'
[7.997s] running build
[7.997s] running build_py
[7.999s] copying line_following/navigator_node.py -> /home/jetson/EVC/workshops/final_project_v4/build/line_following/build/lib/line_following
[8.002s] running install
[8.006s] running install_lib
[8.011s] copying /home/jetson/EVC/workshops/final_project_v4/build/line_following/build/lib/line_following/navigator_node.py -> /home/jetson/EVC/workshops/final_project_v4/install/line_following/lib/python3.8/site-packages/line_following
[8.015s] byte-compiling /home/jetson/EVC/workshops/final_project_v4/install/line_following/lib/python3.8/site-packages/line_following/navigator_node.py to navigator_node.cpython-38.pyc
[8.022s] running install_data
[8.024s] running install_egg_info
[8.032s] removing '/home/jetson/EVC/workshops/final_project_v4/install/line_following/lib/python3.8/site-packages/line_following-0.0.0-py3.8.egg-info' (and everything under it)
[8.034s] Copying ../../../build/line_following/line_following.egg-info to /home/jetson/EVC/workshops/final_project_v4/install/line_following/lib/python3.8/site-packages/line_following-0.0.0-py3.8.egg-info
[8.039s] running install_scripts
[8.122s] Installing angular_tracker script to /home/jetson/EVC/workshops/final_project_v4/install/line_following/lib/line_following
[8.124s] Installing line_tracker script to /home/jetson/EVC/workshops/final_project_v4/install/line_following/lib/line_following
[8.125s] Installing navigator script to /home/jetson/EVC/workshops/final_project_v4/install/line_following/lib/line_following
[8.125s] writing list of installed files to '/home/jetson/EVC/workshops/final_project_v4/build/line_following/install.log'
[8.236s] Invoked command in '/home/jetson/EVC/workshops/final_project_v4/behaviors/line_following/line_following' returned '0': PYTHONPATH=/home/jetson/EVC/workshops/final_project_v4/build/line_following/prefix_override:/usr/lib/python3/dist-packages/colcon_core/task/python/colcon_distutils_commands:/home/jetson/EVC/workshops/final_project_v4/install/line_following/lib/python3.8/site-packages:${PYTHONPATH} /usr/bin/python3 -W ignore:setup.py install is deprecated -W ignore:easy_install command is deprecated setup.py egg_info --egg-base ../../../build/line_following build --build-base /home/jetson/EVC/workshops/final_project_v4/build/line_following/build install --record /home/jetson/EVC/workshops/final_project_v4/build/line_following/install.log --single-version-externally-managed install_data
