[5.496s] Invoking command in '/home/jetson/EVC/workshops/final_project_v5/motion/control/motor_control': PYTHONPATH=/home/jetson/EVC/workshops/final_project_v5/build/motor_control/prefix_override:/usr/lib/python3/dist-packages/colcon_core/task/python/colcon_distutils_commands:/home/jetson/EVC/workshops/final_project_v5/install/motor_control/lib/python3.8/site-packages:${PYTHONPATH} /usr/bin/python3 -W ignore:setup.py install is deprecated -W ignore:easy_install command is deprecated setup.py egg_info --egg-base ../../../build/motor_control build --build-base /home/jetson/EVC/workshops/final_project_v5/build/motor_control/build install --record /home/jetson/EVC/workshops/final_project_v5/build/motor_control/install.log --install-scripts $base/lib/motor_control --single-version-externally-managed install_data
[6.562s] /usr/local/lib/python3.8/dist-packages/setuptools/dist.py:717: UserWarning: Usage of dash-separated 'script-dir' will not be supported in future versions. Please use the underscore name 'script_dir' instead
[6.562s]   warnings.warn(
[6.718s] running egg_info
[6.721s] writing ../../../build/motor_control/motor_control.egg-info/PKG-INFO
[6.722s] writing dependency_links to ../../../build/motor_control/motor_control.egg-info/dependency_links.txt
[6.723s] writing entry points to ../../../build/motor_control/motor_control.egg-info/entry_points.txt
[6.724s] writing requirements to ../../../build/motor_control/motor_control.egg-info/requires.txt
[6.725s] writing top-level names to ../../../build/motor_control/motor_control.egg-info/top_level.txt
[6.741s] reading manifest file '../../../build/motor_control/motor_control.egg-info/SOURCES.txt'
[6.746s] writing manifest file '../../../build/motor_control/motor_control.egg-info/SOURCES.txt'
[6.747s] running build
[6.748s] running build_py
[6.753s] running install
[6.756s] running install_lib
[6.769s] running install_data
[6.771s] running install_egg_info
[6.778s] removing '/home/jetson/EVC/workshops/final_project_v5/install/motor_control/lib/python3.8/site-packages/motor_control-0.0.0-py3.8.egg-info' (and everything under it)
[6.780s] Copying ../../../build/motor_control/motor_control.egg-info to /home/jetson/EVC/workshops/final_project_v5/install/motor_control/lib/python3.8/site-packages/motor_control-0.0.0-py3.8.egg-info
[6.785s] running install_scripts
[6.875s] Installing hand_follower script to /home/jetson/EVC/workshops/final_project_v5/install/motor_control/lib/motor_control
[6.878s] Installing imu_reader_node script to /home/jetson/EVC/workshops/final_project_v5/install/motor_control/lib/motor_control
[6.880s] Installing kinematics_node script to /home/jetson/EVC/workshops/final_project_v5/install/motor_control/lib/motor_control
[6.882s] Installing movement_node script to /home/jetson/EVC/workshops/final_project_v5/install/motor_control/lib/motor_control
[6.883s] Installing odometry_node script to /home/jetson/EVC/workshops/final_project_v5/install/motor_control/lib/motor_control
[6.885s] Installing pid_controller script to /home/jetson/EVC/workshops/final_project_v5/install/motor_control/lib/motor_control
[6.888s] Installing tof_reader_node script to /home/jetson/EVC/workshops/final_project_v5/install/motor_control/lib/motor_control
[6.893s] writing list of installed files to '/home/jetson/EVC/workshops/final_project_v5/build/motor_control/install.log'
[8.330s] Invoked command in '/home/jetson/EVC/workshops/final_project_v5/motion/control/motor_control' returned '0': PYTHONPATH=/home/jetson/EVC/workshops/final_project_v5/build/motor_control/prefix_override:/usr/lib/python3/dist-packages/colcon_core/task/python/colcon_distutils_commands:/home/jetson/EVC/workshops/final_project_v5/install/motor_control/lib/python3.8/site-packages:${PYTHONPATH} /usr/bin/python3 -W ignore:setup.py install is deprecated -W ignore:easy_install command is deprecated setup.py egg_info --egg-base ../../../build/motor_control build --build-base /home/jetson/EVC/workshops/final_project_v5/build/motor_control/build install --record /home/jetson/EVC/workshops/final_project_v5/build/motor_control/install.log --install-scripts $base/lib/motor_control --single-version-externally-managed install_data
