[4.597s] Invoking command in '/home/jetson/EVC/workshops/final_project_v5/behaviors/goal_navigation/goal_navigation': AMENT_PREFIX_PATH=/home/jetson/EVC/workshops/final_project_v5/install/motor_control:/home/jetson/EVC/workshops/final_project_v5/install/jetson_camera:/home/jetson/EVC/workshops/final_project_v5/install/goal_navigation:/home/jetson/EVC/workshops/final_project_v5/install/line_following:/home/jetson/EVC/workshops/final_project_v5/install/color_detection_mode:/home/jetson/EVC/workshops/final_project_v5/install/jetson_camera_interfaces:/home/jetson/EVC/workshops/final_project_v5/install/aruco_parking:/opt/ros/foxy PYTHONPATH=/home/jetson/EVC/workshops/final_project_v5/build/goal_navigation/prefix_override:/usr/lib/python3/dist-packages/colcon_core/task/python/colcon_distutils_commands:/home/jetson/EVC/workshops/final_project_v5/install/goal_navigation/lib/python3.8/site-packages:/home/jetson/EVC/workshops/final_project_v5/install/motor_control/lib/python3.8/site-packages:/home/jetson/EVC/workshops/final_project_v5/install/jetson_camera/lib/python3.8/site-packages:/home/jetson/EVC/workshops/final_project_v5/install/goal_navigation/lib/python3.8/site-packages:/home/jetson/EVC/workshops/final_project_v5/install/line_following/lib/python3.8/site-packages:/home/jetson/EVC/workshops/final_project_v5/install/color_detection_mode/lib/python3.8/site-packages:/home/jetson/EVC/workshops/final_project_v5/install/jetson_camera_interfaces/lib/python3.8/site-packages:/home/jetson/EVC/workshops/final_project_v5/install/aruco_parking/lib/python3.8/site-packages:/home/jetson/EVC/workshops/final_project_v5/install/Adafruit_SSD1306/lib/python3.8/site-packages:/opt/ros/foxy/lib/python3.8/site-packages /usr/bin/python3 -W ignore:setup.py install is deprecated -W ignore:easy_install command is deprecated setup.py egg_info --egg-base ../../../build/goal_navigation build --build-base /home/jetson/EVC/workshops/final_project_v5/build/goal_navigation/build install --record /home/jetson/EVC/workshops/final_project_v5/build/goal_navigation/install.log --single-version-externally-managed install_data
[5.756s] running egg_info
[5.760s] writing ../../../build/goal_navigation/goal_navigation.egg-info/PKG-INFO
[5.760s] writing dependency_links to ../../../build/goal_navigation/goal_navigation.egg-info/dependency_links.txt
[5.761s] writing entry points to ../../../build/goal_navigation/goal_navigation.egg-info/entry_points.txt
[5.762s] writing requirements to ../../../build/goal_navigation/goal_navigation.egg-info/requires.txt
[5.762s] writing top-level names to ../../../build/goal_navigation/goal_navigation.egg-info/top_level.txt
[5.774s] reading manifest file '../../../build/goal_navigation/goal_navigation.egg-info/SOURCES.txt'
[5.779s] writing manifest file '../../../build/goal_navigation/goal_navigation.egg-info/SOURCES.txt'
[5.779s] running build
[5.779s] running build_py
[5.781s] running install
[5.784s] running install_lib
[5.790s] running install_data
[5.791s] copying config/goal_navigation.yaml -> /home/jetson/EVC/workshops/final_project_v5/install/goal_navigation/share/goal_navigation/config
[5.791s] running install_egg_info
[5.798s] removing '/home/jetson/EVC/workshops/final_project_v5/install/goal_navigation/lib/python3.8/site-packages/goal_navigation-0.0.0-py3.8.egg-info' (and everything under it)
[5.800s] Copying ../../../build/goal_navigation/goal_navigation.egg-info to /home/jetson/EVC/workshops/final_project_v5/install/goal_navigation/lib/python3.8/site-packages/goal_navigation-0.0.0-py3.8.egg-info
[5.803s] running install_scripts
[5.900s] Installing go_to_goal_node script to /home/jetson/EVC/workshops/final_project_v5/install/goal_navigation/lib/goal_navigation
[5.900s] Installing telemetry_overlay_node script to /home/jetson/EVC/workshops/final_project_v5/install/goal_navigation/lib/goal_navigation
[5.902s] writing list of installed files to '/home/jetson/EVC/workshops/final_project_v5/build/goal_navigation/install.log'
[6.003s] Invoked command in '/home/jetson/EVC/workshops/final_project_v5/behaviors/goal_navigation/goal_navigation' returned '0': AMENT_PREFIX_PATH=/home/jetson/EVC/workshops/final_project_v5/install/motor_control:/home/jetson/EVC/workshops/final_project_v5/install/jetson_camera:/home/jetson/EVC/workshops/final_project_v5/install/goal_navigation:/home/jetson/EVC/workshops/final_project_v5/install/line_following:/home/jetson/EVC/workshops/final_project_v5/install/color_detection_mode:/home/jetson/EVC/workshops/final_project_v5/install/jetson_camera_interfaces:/home/jetson/EVC/workshops/final_project_v5/install/aruco_parking:/opt/ros/foxy PYTHONPATH=/home/jetson/EVC/workshops/final_project_v5/build/goal_navigation/prefix_override:/usr/lib/python3/dist-packages/colcon_core/task/python/colcon_distutils_commands:/home/jetson/EVC/workshops/final_project_v5/install/goal_navigation/lib/python3.8/site-packages:/home/jetson/EVC/workshops/final_project_v5/install/motor_control/lib/python3.8/site-packages:/home/jetson/EVC/workshops/final_project_v5/install/jetson_camera/lib/python3.8/site-packages:/home/jetson/EVC/workshops/final_project_v5/install/goal_navigation/lib/python3.8/site-packages:/home/jetson/EVC/workshops/final_project_v5/install/line_following/lib/python3.8/site-packages:/home/jetson/EVC/workshops/final_project_v5/install/color_detection_mode/lib/python3.8/site-packages:/home/jetson/EVC/workshops/final_project_v5/install/jetson_camera_interfaces/lib/python3.8/site-packages:/home/jetson/EVC/workshops/final_project_v5/install/aruco_parking/lib/python3.8/site-packages:/home/jetson/EVC/workshops/final_project_v5/install/Adafruit_SSD1306/lib/python3.8/site-packages:/opt/ros/foxy/lib/python3.8/site-packages /usr/bin/python3 -W ignore:setup.py install is deprecated -W ignore:easy_install command is deprecated setup.py egg_info --egg-base ../../../build/goal_navigation build --build-base /home/jetson/EVC/workshops/final_project_v5/build/goal_navigation/build install --record /home/jetson/EVC/workshops/final_project_v5/build/goal_navigation/install.log --single-version-externally-managed install_data
