[3.590s] Invoking command in '/home/jetson/EVC/workshops/final_project_map_v2/final_project_v4/motion/control/motor_control': PYTHONPATH=/home/jetson/EVC/workshops/final_project_map_v2/final_project_v4/build/motor_control/prefix_override:/usr/lib/python3/dist-packages/colcon_core/task/python/colcon_distutils_commands:/home/jetson/EVC/workshops/final_project_map_v2/final_project_v4/install/motor_control/lib/python3.8/site-packages:${PYTHONPATH} /usr/bin/python3 -W ignore:setup.py install is deprecated -W ignore:easy_install command is deprecated setup.py egg_info --egg-base ../../../build/motor_control build --build-base /home/jetson/EVC/workshops/final_project_map_v2/final_project_v4/build/motor_control/build install --record /home/jetson/EVC/workshops/final_project_map_v2/final_project_v4/build/motor_control/install.log --install-scripts $base/lib/motor_control --single-version-externally-managed install_data
[4.644s] /usr/local/lib/python3.8/dist-packages/setuptools/dist.py:717: UserWarning: Usage of dash-separated 'script-dir' will not be supported in future versions. Please use the underscore name 'script_dir' instead
[4.645s]   warnings.warn(
[4.787s] running egg_info
[4.790s] writing ../../../build/motor_control/motor_control.egg-info/PKG-INFO
[4.791s] writing dependency_links to ../../../build/motor_control/motor_control.egg-info/dependency_links.txt
[4.792s] writing entry points to ../../../build/motor_control/motor_control.egg-info/entry_points.txt
[4.792s] writing requirements to ../../../build/motor_control/motor_control.egg-info/requires.txt
[4.793s] writing top-level names to ../../../build/motor_control/motor_control.egg-info/top_level.txt
[4.806s] reading manifest file '../../../build/motor_control/motor_control.egg-info/SOURCES.txt'
[4.812s] writing manifest file '../../../build/motor_control/motor_control.egg-info/SOURCES.txt'
[4.812s] running build
[4.813s] running build_py
[4.816s] running install
[4.820s] running install_lib
[4.829s] running install_data
[4.830s] running install_egg_info
[4.836s] removing '/home/jetson/EVC/workshops/final_project_map_v2/final_project_v4/install/motor_control/lib/python3.8/site-packages/motor_control-0.0.0-py3.8.egg-info' (and everything under it)
[4.837s] Copying ../../../build/motor_control/motor_control.egg-info to /home/jetson/EVC/workshops/final_project_map_v2/final_project_v4/install/motor_control/lib/python3.8/site-packages/motor_control-0.0.0-py3.8.egg-info
[4.842s] running install_scripts
[4.918s] Installing hand_follower script to /home/jetson/EVC/workshops/final_project_map_v2/final_project_v4/install/motor_control/lib/motor_control
[4.920s] Installing kinematics_node script to /home/jetson/EVC/workshops/final_project_map_v2/final_project_v4/install/motor_control/lib/motor_control
[4.921s] Installing movement_node script to /home/jetson/EVC/workshops/final_project_map_v2/final_project_v4/install/motor_control/lib/motor_control
[4.922s] Installing odometry_node script to /home/jetson/EVC/workshops/final_project_map_v2/final_project_v4/install/motor_control/lib/motor_control
[4.923s] Installing pid_controller script to /home/jetson/EVC/workshops/final_project_map_v2/final_project_v4/install/motor_control/lib/motor_control
[4.925s] writing list of installed files to '/home/jetson/EVC/workshops/final_project_map_v2/final_project_v4/build/motor_control/install.log'
[5.032s] Invoked command in '/home/jetson/EVC/workshops/final_project_map_v2/final_project_v4/motion/control/motor_control' returned '0': PYTHONPATH=/home/jetson/EVC/workshops/final_project_map_v2/final_project_v4/build/motor_control/prefix_override:/usr/lib/python3/dist-packages/colcon_core/task/python/colcon_distutils_commands:/home/jetson/EVC/workshops/final_project_map_v2/final_project_v4/install/motor_control/lib/python3.8/site-packages:${PYTHONPATH} /usr/bin/python3 -W ignore:setup.py install is deprecated -W ignore:easy_install command is deprecated setup.py egg_info --egg-base ../../../build/motor_control build --build-base /home/jetson/EVC/workshops/final_project_map_v2/final_project_v4/build/motor_control/build install --record /home/jetson/EVC/workshops/final_project_map_v2/final_project_v4/build/motor_control/install.log --install-scripts $base/lib/motor_control --single-version-externally-managed install_data
