running egg_info
writing ../../../build/line_following/line_following.egg-info/PKG-INFO
writing dependency_links to ../../../build/line_following/line_following.egg-info/dependency_links.txt
writing entry points to ../../../build/line_following/line_following.egg-info/entry_points.txt
writing requirements to ../../../build/line_following/line_following.egg-info/requires.txt
writing top-level names to ../../../build/line_following/line_following.egg-info/top_level.txt
reading manifest file '../../../build/line_following/line_following.egg-info/SOURCES.txt'
writing manifest file '../../../build/line_following/line_following.egg-info/SOURCES.txt'
running build
running build_py
running install
running install_lib
running install_data
copying launch/full_mission.launch.py -> /home/jetson/EVC/workshops/final_project_map_v2/final_project_v4/install/line_following/share/line_following/launch
running install_egg_info
removing '/home/jetson/EVC/workshops/final_project_map_v2/final_project_v4/install/line_following/lib/python3.8/site-packages/line_following-0.0.0-py3.8.egg-info' (and everything under it)
Copying ../../../build/line_following/line_following.egg-info to /home/jetson/EVC/workshops/final_project_map_v2/final_project_v4/install/line_following/lib/python3.8/site-packages/line_following-0.0.0-py3.8.egg-info
running install_scripts
Installing angular_tracker script to /home/jetson/EVC/workshops/final_project_map_v2/final_project_v4/install/line_following/lib/line_following
Installing line_tracker script to /home/jetson/EVC/workshops/final_project_map_v2/final_project_v4/install/line_following/lib/line_following
Installing navigator script to /home/jetson/EVC/workshops/final_project_map_v2/final_project_v4/install/line_following/lib/line_following
writing list of installed files to '/home/jetson/EVC/workshops/final_project_map_v2/final_project_v4/build/line_following/install.log'
