[3.898s] Invoking command in '/home/jetson/EVC/workshops/final_project_v3/motion/control/motor_control': PYTHONPATH=/home/jetson/EVC/workshops/final_project_v3/build/motor_control/prefix_override:/usr/lib/python3/dist-packages/colcon_core/task/python/colcon_distutils_commands:/home/jetson/EVC/workshops/final_project_v3/install/motor_control/lib/python3.8/site-packages: /usr/bin/python3 -W ignore:setup.py install is deprecated -W ignore:easy_install command is deprecated setup.py egg_info --egg-base ../../../build/motor_control build --build-base /home/jetson/EVC/workshops/final_project_v3/build/motor_control/build install --record /home/jetson/EVC/workshops/final_project_v3/build/motor_control/install.log --install-scripts $base/lib/motor_control --single-version-externally-managed install_data
[5.062s] /usr/local/lib/python3.8/dist-packages/setuptools/dist.py:717: UserWarning: Usage of dash-separated 'script-dir' will not be supported in future versions. Please use the underscore name 'script_dir' instead
[5.062s]   warnings.warn(
[5.301s] running egg_info
[5.304s] writing ../../../build/motor_control/motor_control.egg-info/PKG-INFO
[5.306s] writing dependency_links to ../../../build/motor_control/motor_control.egg-info/dependency_links.txt
[5.307s] writing entry points to ../../../build/motor_control/motor_control.egg-info/entry_points.txt
[5.307s] writing requirements to ../../../build/motor_control/motor_control.egg-info/requires.txt
[5.308s] writing top-level names to ../../../build/motor_control/motor_control.egg-info/top_level.txt
[5.323s] reading manifest file '../../../build/motor_control/motor_control.egg-info/SOURCES.txt'
[5.329s] writing manifest file '../../../build/motor_control/motor_control.egg-info/SOURCES.txt'
[5.330s] running build
[5.330s] running build_py
[5.334s] running install
[5.338s] running install_lib
[5.348s] running install_data
[5.349s] running install_egg_info
[5.357s] removing '/home/jetson/EVC/workshops/final_project_v3/install/motor_control/lib/python3.8/site-packages/motor_control-0.0.0-py3.8.egg-info' (and everything under it)
[5.358s] Copying ../../../build/motor_control/motor_control.egg-info to /home/jetson/EVC/workshops/final_project_v3/install/motor_control/lib/python3.8/site-packages/motor_control-0.0.0-py3.8.egg-info
[5.365s] running install_scripts
[5.483s] Installing hand_follower script to /home/jetson/EVC/workshops/final_project_v3/install/motor_control/lib/motor_control
[5.483s] Installing kinematics_node script to /home/jetson/EVC/workshops/final_project_v3/install/motor_control/lib/motor_control
[5.484s] Installing movement_node script to /home/jetson/EVC/workshops/final_project_v3/install/motor_control/lib/motor_control
[5.484s] Installing odometry_node script to /home/jetson/EVC/workshops/final_project_v3/install/motor_control/lib/motor_control
[5.485s] Installing pid_controller script to /home/jetson/EVC/workshops/final_project_v3/install/motor_control/lib/motor_control
[5.487s] writing list of installed files to '/home/jetson/EVC/workshops/final_project_v3/build/motor_control/install.log'
[5.595s] Invoked command in '/home/jetson/EVC/workshops/final_project_v3/motion/control/motor_control' returned '0': PYTHONPATH=/home/jetson/EVC/workshops/final_project_v3/build/motor_control/prefix_override:/usr/lib/python3/dist-packages/colcon_core/task/python/colcon_distutils_commands:/home/jetson/EVC/workshops/final_project_v3/install/motor_control/lib/python3.8/site-packages: /usr/bin/python3 -W ignore:setup.py install is deprecated -W ignore:easy_install command is deprecated setup.py egg_info --egg-base ../../../build/motor_control build --build-base /home/jetson/EVC/workshops/final_project_v3/build/motor_control/build install --record /home/jetson/EVC/workshops/final_project_v3/build/motor_control/install.log --install-scripts $base/lib/motor_control --single-version-externally-managed install_data
