[0.136s] Invoking command in '/home/jetson/EVC/workshops/final_project_map_v3/final_project_map_v2/final_project_v4/build/jetson_camera_interfaces': CMAKE_PREFIX_PATH=${CMAKE_PREFIX_PATH}:/home/jetson/EVC/workshops/final_project_map_v3/final_project_map_v2/final_project_v4/install/motor_control:/home/jetson/EVC/workshops/final_project_map_v3/final_project_map_v2/final_project_v4/install/line_following:/home/jetson/EVC/workshops/final_project_map_v3/final_project_map_v2/final_project_v4/install/color_detection_mode:/home/jetson/EVC/workshops/final_project_map_v3/final_project_map_v2/final_project_v4/install/jetson_camera:/home/jetson/EVC/workshops/final_project_map_v3/final_project_map_v2/final_project_v4/install/goal_navigation:/home/jetson/EVC/workshops/final_project_map_v3/final_project_map_v2/final_project_v4/install/aruco_parking:/opt/ros/foxy /usr/bin/cmake --build /home/jetson/EVC/workshops/final_project_map_v3/final_project_map_v2/final_project_v4/build/jetson_camera_interfaces -- -j4 -l4
[4.203s] CMake Error: The current CMakeCache.txt directory /home/jetson/EVC/workshops/final_project_map_v3/final_project_map_v2/final_project_v4/build/jetson_camera_interfaces/CMakeCache.txt is different than the directory /home/jetson/EVC/workshops/final_project_v3/build/jetson_camera_interfaces where CMakeCache.txt was created. This may result in binaries being created in the wrong place. If you are not sure, reedit the CMakeCache.txt
[4.204s] [  3%] Built target jetson_camera_interfaces__cpp
[4.205s] [ 12%] Built target jetson_camera_interfaces__rosidl_generator_c
[4.206s] [ 22%] Built target jetson_camera_interfaces__rosidl_typesupport_introspection_cpp
[4.207s] [ 32%] Built target jetson_camera_interfaces__rosidl_typesupport_fastrtps_cpp
[4.208s] [ 41%] Built target jetson_camera_interfaces__rosidl_typesupport_cpp
[4.210s] [ 51%] Built target jetson_camera_interfaces__rosidl_typesupport_introspection_c
[4.210s] [ 61%] Built target jetson_camera_interfaces__rosidl_typesupport_c
[4.211s] [ 70%] Built target jetson_camera_interfaces__rosidl_typesupport_fastrtps_c
[4.212s] [ 70%] Built target jetson_camera_interfaces
[4.212s] [ 74%] Built target jetson_camera_interfaces__py
[4.212s] [ 80%] Built target jetson_camera_interfaces__python
[4.213s] [ 87%] Built target jetson_camera_interfaces__rosidl_typesupport_introspection_c__pyext
[4.213s] [ 93%] Built target jetson_camera_interfaces__rosidl_typesupport_c__pyext
[4.213s] [100%] Built target jetson_camera_interfaces__rosidl_typesupport_fastrtps_c__pyext
[4.214s] Invoked command in '/home/jetson/EVC/workshops/final_project_map_v3/final_project_map_v2/final_project_v4/build/jetson_camera_interfaces' returned '0': CMAKE_PREFIX_PATH=${CMAKE_PREFIX_PATH}:/home/jetson/EVC/workshops/final_project_map_v3/final_project_map_v2/final_project_v4/install/motor_control:/home/jetson/EVC/workshops/final_project_map_v3/final_project_map_v2/final_project_v4/install/line_following:/home/jetson/EVC/workshops/final_project_map_v3/final_project_map_v2/final_project_v4/install/color_detection_mode:/home/jetson/EVC/workshops/final_project_map_v3/final_project_map_v2/final_project_v4/install/jetson_camera:/home/jetson/EVC/workshops/final_project_map_v3/final_project_map_v2/final_project_v4/install/goal_navigation:/home/jetson/EVC/workshops/final_project_map_v3/final_project_map_v2/final_project_v4/install/aruco_parking:/opt/ros/foxy /usr/bin/cmake --build /home/jetson/EVC/workshops/final_project_map_v3/final_project_map_v2/final_project_v4/build/jetson_camera_interfaces -- -j4 -l4
[4.268s] Invoking command in '/home/jetson/EVC/workshops/final_project_map_v3/final_project_map_v2/final_project_v4/build/jetson_camera_interfaces': CMAKE_PREFIX_PATH=${CMAKE_PREFIX_PATH}:/home/jetson/EVC/workshops/final_project_map_v3/final_project_map_v2/final_project_v4/install/motor_control:/home/jetson/EVC/workshops/final_project_map_v3/final_project_map_v2/final_project_v4/install/line_following:/home/jetson/EVC/workshops/final_project_map_v3/final_project_map_v2/final_project_v4/install/color_detection_mode:/home/jetson/EVC/workshops/final_project_map_v3/final_project_map_v2/final_project_v4/install/jetson_camera:/home/jetson/EVC/workshops/final_project_map_v3/final_project_map_v2/final_project_v4/install/goal_navigation:/home/jetson/EVC/workshops/final_project_map_v3/final_project_map_v2/final_project_v4/install/aruco_parking:/opt/ros/foxy /usr/bin/cmake --install /home/jetson/EVC/workshops/final_project_map_v3/final_project_map_v2/final_project_v4/build/jetson_camera_interfaces
[4.373s] -- Install configuration: ""
[4.377s] -- Up-to-date: /home/jetson/EVC/workshops/final_project_v3/install/jetson_camera_interfaces/share/ament_index/resource_index/rosidl_interfaces/jetson_camera_interfaces
[4.378s] -- Up-to-date: /home/jetson/EVC/workshops/final_project_v3/install/jetson_camera_interfaces/include/jetson_camera_interfaces
[4.378s] -- Up-to-date: /home/jetson/EVC/workshops/final_project_v3/install/jetson_camera_interfaces/include/jetson_camera_interfaces/msg
[4.379s] -- Up-to-date: /home/jetson/EVC/workshops/final_project_v3/install/jetson_camera_interfaces/include/jetson_camera_interfaces/msg/detail
[4.380s] -- Up-to-date: /home/jetson/EVC/workshops/final_project_v3/install/jetson_camera_interfaces/include/jetson_camera_interfaces/msg/detail/processed_image_pair__functions.h
[4.380s] -- Up-to-date: /home/jetson/EVC/workshops/final_project_v3/install/jetson_camera_interfaces/include/jetson_camera_interfaces/msg/detail/processed_image_pair__struct.h
[4.381s] -- Up-to-date: /home/jetson/EVC/workshops/final_project_v3/install/jetson_camera_interfaces/include/jetson_camera_interfaces/msg/detail/processed_image_pair__type_support.h
[4.381s] -- Up-to-date: /home/jetson/EVC/workshops/final_project_v3/install/jetson_camera_interfaces/include/jetson_camera_interfaces/msg/detail/processed_image_pair__functions.c
[4.381s] -- Up-to-date: /home/jetson/EVC/workshops/final_project_v3/install/jetson_camera_interfaces/include/jetson_camera_interfaces/msg/rosidl_generator_c__visibility_control.h
[4.382s] -- Up-to-date: /home/jetson/EVC/workshops/final_project_v3/install/jetson_camera_interfaces/include/jetson_camera_interfaces/msg/processed_image_pair.h
[4.382s] -- Up-to-date: /home/jetson/EVC/workshops/final_project_v3/install/jetson_camera_interfaces/share/jetson_camera_interfaces/environment/library_path.sh
[4.382s] -- Up-to-date: /home/jetson/EVC/workshops/final_project_v3/install/jetson_camera_interfaces/share/jetson_camera_interfaces/environment/library_path.dsv
[4.422s] -- Up-to-date: /home/jetson/EVC/workshops/final_project_v3/install/jetson_camera_interfaces/lib/libjetson_camera_interfaces__rosidl_generator_c.so
[4.422s] -- Up-to-date: /home/jetson/EVC/workshops/final_project_v3/install/jetson_camera_interfaces/include/jetson_camera_interfaces
[4.423s] -- Up-to-date: /home/jetson/EVC/workshops/final_project_v3/install/jetson_camera_interfaces/include/jetson_camera_interfaces/msg
[4.423s] -- Up-to-date: /home/jetson/EVC/workshops/final_project_v3/install/jetson_camera_interfaces/include/jetson_camera_interfaces/msg/detail
[4.424s] -- Up-to-date: /home/jetson/EVC/workshops/final_project_v3/install/jetson_camera_interfaces/include/jetson_camera_interfaces/msg/detail/processed_image_pair__rosidl_typesupport_fastrtps_c.h
[4.424s] -- Up-to-date: /home/jetson/EVC/workshops/final_project_v3/install/jetson_camera_interfaces/include/jetson_camera_interfaces/msg/rosidl_typesupport_fastrtps_c__visibility_control.h
[4.465s] -- Up-to-date: /home/jetson/EVC/workshops/final_project_v3/install/jetson_camera_interfaces/lib/libjetson_camera_interfaces__rosidl_typesupport_fastrtps_c.so
[4.467s] -- Up-to-date: /home/jetson/EVC/workshops/final_project_v3/install/jetson_camera_interfaces/include/jetson_camera_interfaces
[4.468s] -- Up-to-date: /home/jetson/EVC/workshops/final_project_v3/install/jetson_camera_interfaces/include/jetson_camera_interfaces/msg
[4.469s] -- Up-to-date: /home/jetson/EVC/workshops/final_project_v3/install/jetson_camera_interfaces/include/jetson_camera_interfaces/msg/detail
[4.469s] -- Up-to-date: /home/jetson/EVC/workshops/final_project_v3/install/jetson_camera_interfaces/include/jetson_camera_interfaces/msg/detail/processed_image_pair__rosidl_typesupport_fastrtps_cpp.hpp
[4.470s] -- Up-to-date: /home/jetson/EVC/workshops/final_project_v3/install/jetson_camera_interfaces/include/jetson_camera_interfaces/msg/detail/dds_fastrtps
[4.470s] -- Up-to-date: /home/jetson/EVC/workshops/final_project_v3/install/jetson_camera_interfaces/include/jetson_camera_interfaces/msg/rosidl_typesupport_fastrtps_cpp__visibility_control.h
[4.514s] -- Up-to-date: /home/jetson/EVC/workshops/final_project_v3/install/jetson_camera_interfaces/lib/libjetson_camera_interfaces__rosidl_typesupport_fastrtps_cpp.so
[4.516s] -- Up-to-date: /home/jetson/EVC/workshops/final_project_v3/install/jetson_camera_interfaces/include/jetson_camera_interfaces
[4.517s] -- Up-to-date: /home/jetson/EVC/workshops/final_project_v3/install/jetson_camera_interfaces/include/jetson_camera_interfaces/msg
[4.518s] -- Up-to-date: /home/jetson/EVC/workshops/final_project_v3/install/jetson_camera_interfaces/include/jetson_camera_interfaces/msg/detail
[4.519s] -- Up-to-date: /home/jetson/EVC/workshops/final_project_v3/install/jetson_camera_interfaces/include/jetson_camera_interfaces/msg/detail/processed_image_pair__rosidl_typesupport_introspection_c.h
[4.519s] -- Up-to-date: /home/jetson/EVC/workshops/final_project_v3/install/jetson_camera_interfaces/include/jetson_camera_interfaces/msg/detail/processed_image_pair__type_support.c
[4.520s] -- Up-to-date: /home/jetson/EVC/workshops/final_project_v3/install/jetson_camera_interfaces/include/jetson_camera_interfaces/msg/rosidl_typesupport_introspection_c__visibility_control.h
[4.562s] -- Up-to-date: /home/jetson/EVC/workshops/final_project_v3/install/jetson_camera_interfaces/lib/libjetson_camera_interfaces__rosidl_typesupport_introspection_c.so
[4.565s] -- Up-to-date: /home/jetson/EVC/workshops/final_project_v3/install/jetson_camera_interfaces/lib/libjetson_camera_interfaces__rosidl_typesupport_c.so
[4.566s] -- Up-to-date: /home/jetson/EVC/workshops/final_project_v3/install/jetson_camera_interfaces/include/jetson_camera_interfaces
[4.567s] -- Up-to-date: /home/jetson/EVC/workshops/final_project_v3/install/jetson_camera_interfaces/include/jetson_camera_interfaces/msg
[4.568s] -- Up-to-date: /home/jetson/EVC/workshops/final_project_v3/install/jetson_camera_interfaces/include/jetson_camera_interfaces/msg/detail
[4.568s] -- Up-to-date: /home/jetson/EVC/workshops/final_project_v3/install/jetson_camera_interfaces/include/jetson_camera_interfaces/msg/detail/processed_image_pair__traits.hpp
[4.569s] -- Up-to-date: /home/jetson/EVC/workshops/final_project_v3/install/jetson_camera_interfaces/include/jetson_camera_interfaces/msg/detail/processed_image_pair__builder.hpp
[4.570s] -- Up-to-date: /home/jetson/EVC/workshops/final_project_v3/install/jetson_camera_interfaces/include/jetson_camera_interfaces/msg/detail/processed_image_pair__struct.hpp
[4.570s] -- Up-to-date: /home/jetson/EVC/workshops/final_project_v3/install/jetson_camera_interfaces/include/jetson_camera_interfaces/msg/detail/processed_image_pair__type_support.hpp
[4.571s] -- Up-to-date: /home/jetson/EVC/workshops/final_project_v3/install/jetson_camera_interfaces/include/jetson_camera_interfaces/msg/rosidl_generator_cpp__visibility_control.hpp
[4.571s] -- Up-to-date: /home/jetson/EVC/workshops/final_project_v3/install/jetson_camera_interfaces/include/jetson_camera_interfaces/msg/processed_image_pair.hpp
[4.572s] -- Up-to-date: /home/jetson/EVC/workshops/final_project_v3/install/jetson_camera_interfaces/include/jetson_camera_interfaces
[4.572s] -- Up-to-date: /home/jetson/EVC/workshops/final_project_v3/install/jetson_camera_interfaces/include/jetson_camera_interfaces/msg
[4.573s] -- Up-to-date: /home/jetson/EVC/workshops/final_project_v3/install/jetson_camera_interfaces/include/jetson_camera_interfaces/msg/detail
[4.573s] -- Up-to-date: /home/jetson/EVC/workshops/final_project_v3/install/jetson_camera_interfaces/include/jetson_camera_interfaces/msg/detail/processed_image_pair__rosidl_typesupport_introspection_cpp.hpp
[4.573s] -- Up-to-date: /home/jetson/EVC/workshops/final_project_v3/install/jetson_camera_interfaces/include/jetson_camera_interfaces/msg/detail/processed_image_pair__type_support.cpp
[4.613s] -- Up-to-date: /home/jetson/EVC/workshops/final_project_v3/install/jetson_camera_interfaces/lib/libjetson_camera_interfaces__rosidl_typesupport_introspection_cpp.so
[4.670s] -- Up-to-date: /home/jetson/EVC/workshops/final_project_v3/install/jetson_camera_interfaces/lib/libjetson_camera_interfaces__rosidl_typesupport_cpp.so
[4.672s] -- Up-to-date: /home/jetson/EVC/workshops/final_project_v3/install/jetson_camera_interfaces/share/jetson_camera_interfaces/environment/pythonpath.sh
[4.672s] -- Up-to-date: /home/jetson/EVC/workshops/final_project_v3/install/jetson_camera_interfaces/share/jetson_camera_interfaces/environment/pythonpath.dsv
[4.673s] -- Up-to-date: /home/jetson/EVC/workshops/final_project_v3/install/jetson_camera_interfaces/lib/python3.8/site-packages/jetson_camera_interfaces/__init__.py
[4.875s] -- Up-to-date: /home/jetson/EVC/workshops/final_project_v3/install/jetson_camera_interfaces/lib/python3.8/site-packages/jetson_camera_interfaces/msg
[4.876s] -- Up-to-date: /home/jetson/EVC/workshops/final_project_v3/install/jetson_camera_interfaces/lib/python3.8/site-packages/jetson_camera_interfaces/msg/_processed_image_pair_s.c
[4.878s] -- Up-to-date: /home/jetson/EVC/workshops/final_project_v3/install/jetson_camera_interfaces/lib/python3.8/site-packages/jetson_camera_interfaces/msg/_processed_image_pair.py
[4.880s] -- Up-to-date: /home/jetson/EVC/workshops/final_project_v3/install/jetson_camera_interfaces/lib/python3.8/site-packages/jetson_camera_interfaces/msg/__init__.py
[4.882s] -- Up-to-date: /home/jetson/EVC/workshops/final_project_v3/install/jetson_camera_interfaces/lib/python3.8/site-packages/jetson_camera_interfaces/jetson_camera_interfaces_s__rosidl_typesupport_fastrtps_c.cpython-38-aarch64-linux-gnu.so
[4.887s] -- Up-to-date: /home/jetson/EVC/workshops/final_project_v3/install/jetson_camera_interfaces/lib/python3.8/site-packages/jetson_camera_interfaces/jetson_camera_interfaces_s__rosidl_typesupport_introspection_c.cpython-38-aarch64-linux-gnu.so
[4.891s] -- Up-to-date: /home/jetson/EVC/workshops/final_project_v3/install/jetson_camera_interfaces/lib/python3.8/site-packages/jetson_camera_interfaces/jetson_camera_interfaces_s__rosidl_typesupport_c.cpython-38-aarch64-linux-gnu.so
[4.897s] -- Up-to-date: /home/jetson/EVC/workshops/final_project_v3/install/jetson_camera_interfaces/lib/libjetson_camera_interfaces__python.so
[4.899s] -- Up-to-date: /home/jetson/EVC/workshops/final_project_v3/install/jetson_camera_interfaces/share/jetson_camera_interfaces/msg/ProcessedImagePair.idl
[4.913s] -- Up-to-date: /home/jetson/EVC/workshops/final_project_v3/install/jetson_camera_interfaces/share/jetson_camera_interfaces/msg/ProcessedImagePair.msg
[4.915s] -- Up-to-date: /home/jetson/EVC/workshops/final_project_v3/install/jetson_camera_interfaces/share/ament_index/resource_index/package_run_dependencies/jetson_camera_interfaces
[4.916s] -- Up-to-date: /home/jetson/EVC/workshops/final_project_v3/install/jetson_camera_interfaces/share/ament_index/resource_index/parent_prefix_path/jetson_camera_interfaces
[4.916s] -- Up-to-date: /home/jetson/EVC/workshops/final_project_v3/install/jetson_camera_interfaces/share/jetson_camera_interfaces/environment/ament_prefix_path.sh
[4.916s] -- Up-to-date: /home/jetson/EVC/workshops/final_project_v3/install/jetson_camera_interfaces/share/jetson_camera_interfaces/environment/ament_prefix_path.dsv
[4.917s] -- Up-to-date: /home/jetson/EVC/workshops/final_project_v3/install/jetson_camera_interfaces/share/jetson_camera_interfaces/environment/path.sh
[4.918s] -- Up-to-date: /home/jetson/EVC/workshops/final_project_v3/install/jetson_camera_interfaces/share/jetson_camera_interfaces/environment/path.dsv
[4.918s] -- Up-to-date: /home/jetson/EVC/workshops/final_project_v3/install/jetson_camera_interfaces/share/jetson_camera_interfaces/local_setup.bash
[4.919s] -- Up-to-date: /home/jetson/EVC/workshops/final_project_v3/install/jetson_camera_interfaces/share/jetson_camera_interfaces/local_setup.sh
[4.919s] -- Up-to-date: /home/jetson/EVC/workshops/final_project_v3/install/jetson_camera_interfaces/share/jetson_camera_interfaces/local_setup.zsh
[4.920s] -- Up-to-date: /home/jetson/EVC/workshops/final_project_v3/install/jetson_camera_interfaces/share/jetson_camera_interfaces/local_setup.dsv
[4.920s] -- Up-to-date: /home/jetson/EVC/workshops/final_project_v3/install/jetson_camera_interfaces/share/jetson_camera_interfaces/package.dsv
[4.921s] -- Up-to-date: /home/jetson/EVC/workshops/final_project_v3/install/jetson_camera_interfaces/share/ament_index/resource_index/packages/jetson_camera_interfaces
[4.921s] -- Up-to-date: /home/jetson/EVC/workshops/final_project_v3/install/jetson_camera_interfaces/share/jetson_camera_interfaces/cmake/jetson_camera_interfaces__rosidl_generator_cExport.cmake
[4.922s] -- Up-to-date: /home/jetson/EVC/workshops/final_project_v3/install/jetson_camera_interfaces/share/jetson_camera_interfaces/cmake/jetson_camera_interfaces__rosidl_generator_cExport-noconfig.cmake
[4.926s] -- Up-to-date: /home/jetson/EVC/workshops/final_project_v3/install/jetson_camera_interfaces/share/jetson_camera_interfaces/cmake/jetson_camera_interfaces__rosidl_typesupport_introspection_cExport.cmake
[4.928s] -- Up-to-date: /home/jetson/EVC/workshops/final_project_v3/install/jetson_camera_interfaces/share/jetson_camera_interfaces/cmake/jetson_camera_interfaces__rosidl_typesupport_introspection_cExport-noconfig.cmake
[4.930s] -- Up-to-date: /home/jetson/EVC/workshops/final_project_v3/install/jetson_camera_interfaces/share/jetson_camera_interfaces/cmake/jetson_camera_interfaces__rosidl_typesupport_cExport.cmake
[4.932s] -- Up-to-date: /home/jetson/EVC/workshops/final_project_v3/install/jetson_camera_interfaces/share/jetson_camera_interfaces/cmake/jetson_camera_interfaces__rosidl_typesupport_cExport-noconfig.cmake
[4.936s] -- Up-to-date: /home/jetson/EVC/workshops/final_project_v3/install/jetson_camera_interfaces/share/jetson_camera_interfaces/cmake/jetson_camera_interfaces__rosidl_generator_cppExport.cmake
[4.940s] -- Up-to-date: /home/jetson/EVC/workshops/final_project_v3/install/jetson_camera_interfaces/share/jetson_camera_interfaces/cmake/jetson_camera_interfaces__rosidl_typesupport_introspection_cppExport.cmake
[4.941s] -- Up-to-date: /home/jetson/EVC/workshops/final_project_v3/install/jetson_camera_interfaces/share/jetson_camera_interfaces/cmake/jetson_camera_interfaces__rosidl_typesupport_introspection_cppExport-noconfig.cmake
[4.945s] -- Up-to-date: /home/jetson/EVC/workshops/final_project_v3/install/jetson_camera_interfaces/share/jetson_camera_interfaces/cmake/jetson_camera_interfaces__rosidl_typesupport_cppExport.cmake
[4.945s] -- Up-to-date: /home/jetson/EVC/workshops/final_project_v3/install/jetson_camera_interfaces/share/jetson_camera_interfaces/cmake/jetson_camera_interfaces__rosidl_typesupport_cppExport-noconfig.cmake
[4.946s] -- Up-to-date: /home/jetson/EVC/workshops/final_project_v3/install/jetson_camera_interfaces/share/jetson_camera_interfaces/cmake/rosidl_cmake-extras.cmake
[4.947s] -- Up-to-date: /home/jetson/EVC/workshops/final_project_v3/install/jetson_camera_interfaces/share/jetson_camera_interfaces/cmake/ament_cmake_export_dependencies-extras.cmake
[4.947s] -- Up-to-date: /home/jetson/EVC/workshops/final_project_v3/install/jetson_camera_interfaces/share/jetson_camera_interfaces/cmake/ament_cmake_export_libraries-extras.cmake
[4.948s] -- Up-to-date: /home/jetson/EVC/workshops/final_project_v3/install/jetson_camera_interfaces/share/jetson_camera_interfaces/cmake/ament_cmake_export_targets-extras.cmake
[4.948s] -- Up-to-date: /home/jetson/EVC/workshops/final_project_v3/install/jetson_camera_interfaces/share/jetson_camera_interfaces/cmake/ament_cmake_export_include_directories-extras.cmake
[4.949s] -- Up-to-date: /home/jetson/EVC/workshops/final_project_v3/install/jetson_camera_interfaces/share/jetson_camera_interfaces/cmake/rosidl_cmake_export_typesupport_libraries-extras.cmake
[4.949s] -- Up-to-date: /home/jetson/EVC/workshops/final_project_v3/install/jetson_camera_interfaces/share/jetson_camera_interfaces/cmake/rosidl_cmake_export_typesupport_targets-extras.cmake
[4.951s] -- Up-to-date: /home/jetson/EVC/workshops/final_project_v3/install/jetson_camera_interfaces/share/jetson_camera_interfaces/cmake/jetson_camera_interfacesConfig.cmake
[4.951s] -- Up-to-date: /home/jetson/EVC/workshops/final_project_v3/install/jetson_camera_interfaces/share/jetson_camera_interfaces/cmake/jetson_camera_interfacesConfig-version.cmake
[4.952s] -- Up-to-date: /home/jetson/EVC/workshops/final_project_v3/install/jetson_camera_interfaces/share/jetson_camera_interfaces/package.xml
[4.962s] Invoked command in '/home/jetson/EVC/workshops/final_project_map_v3/final_project_map_v2/final_project_v4/build/jetson_camera_interfaces' returned '0': CMAKE_PREFIX_PATH=${CMAKE_PREFIX_PATH}:/home/jetson/EVC/workshops/final_project_map_v3/final_project_map_v2/final_project_v4/install/motor_control:/home/jetson/EVC/workshops/final_project_map_v3/final_project_map_v2/final_project_v4/install/line_following:/home/jetson/EVC/workshops/final_project_map_v3/final_project_map_v2/final_project_v4/install/color_detection_mode:/home/jetson/EVC/workshops/final_project_map_v3/final_project_map_v2/final_project_v4/install/jetson_camera:/home/jetson/EVC/workshops/final_project_map_v3/final_project_map_v2/final_project_v4/install/goal_navigation:/home/jetson/EVC/workshops/final_project_map_v3/final_project_map_v2/final_project_v4/install/aruco_parking:/opt/ros/foxy /usr/bin/cmake --install /home/jetson/EVC/workshops/final_project_map_v3/final_project_map_v2/final_project_v4/build/jetson_camera_interfaces
