[7.375s] Invoking command in '/home/jetson/EVC/workshops/final_project_map/final_project_v4/behaviors/goal_navigation/goal_navigation': PYTHONPATH=/home/jetson/EVC/workshops/final_project_map/final_project_v4/build/goal_navigation/prefix_override:/usr/lib/python3/dist-packages/colcon_core/task/python/colcon_distutils_commands:/home/jetson/EVC/workshops/final_project_map/final_project_v4/install/goal_navigation/lib/python3.8/site-packages:${PYTHONPATH} /usr/bin/python3 -W ignore:setup.py install is deprecated -W ignore:easy_install command is deprecated setup.py egg_info --egg-base ../../../build/goal_navigation build --build-base /home/jetson/EVC/workshops/final_project_map/final_project_v4/build/goal_navigation/build install --record /home/jetson/EVC/workshops/final_project_map/final_project_v4/build/goal_navigation/install.log --single-version-externally-managed install_data
[8.641s] running egg_info
[8.643s] writing ../../../build/goal_navigation/goal_navigation.egg-info/PKG-INFO
[8.644s] writing dependency_links to ../../../build/goal_navigation/goal_navigation.egg-info/dependency_links.txt
[8.645s] writing entry points to ../../../build/goal_navigation/goal_navigation.egg-info/entry_points.txt
[8.645s] writing requirements to ../../../build/goal_navigation/goal_navigation.egg-info/requires.txt
[8.646s] writing top-level names to ../../../build/goal_navigation/goal_navigation.egg-info/top_level.txt
[8.658s] reading manifest file '../../../build/goal_navigation/goal_navigation.egg-info/SOURCES.txt'
[8.662s] writing manifest file '../../../build/goal_navigation/goal_navigation.egg-info/SOURCES.txt'
[8.663s] running build
[8.663s] running build_py
[8.664s] running install
[8.667s] running install_lib
[8.674s] running install_data
[8.675s] running install_egg_info
[8.682s] removing '/home/jetson/EVC/workshops/final_project_map/final_project_v4/install/goal_navigation/lib/python3.8/site-packages/goal_navigation-0.0.0-py3.8.egg-info' (and everything under it)
[8.683s] Copying ../../../build/goal_navigation/goal_navigation.egg-info to /home/jetson/EVC/workshops/final_project_map/final_project_v4/install/goal_navigation/lib/python3.8/site-packages/goal_navigation-0.0.0-py3.8.egg-info
[8.687s] running install_scripts
[8.766s] Installing goal_publisher_node script to /home/jetson/EVC/workshops/final_project_map/final_project_v4/install/goal_navigation/lib/goal_navigation
[8.767s] writing list of installed files to '/home/jetson/EVC/workshops/final_project_map/final_project_v4/build/goal_navigation/install.log'
[8.939s] Invoked command in '/home/jetson/EVC/workshops/final_project_map/final_project_v4/behaviors/goal_navigation/goal_navigation' returned '0': PYTHONPATH=/home/jetson/EVC/workshops/final_project_map/final_project_v4/build/goal_navigation/prefix_override:/usr/lib/python3/dist-packages/colcon_core/task/python/colcon_distutils_commands:/home/jetson/EVC/workshops/final_project_map/final_project_v4/install/goal_navigation/lib/python3.8/site-packages:${PYTHONPATH} /usr/bin/python3 -W ignore:setup.py install is deprecated -W ignore:easy_install command is deprecated setup.py egg_info --egg-base ../../../build/goal_navigation build --build-base /home/jetson/EVC/workshops/final_project_map/final_project_v4/build/goal_navigation/build install --record /home/jetson/EVC/workshops/final_project_map/final_project_v4/build/goal_navigation/install.log --single-version-externally-managed install_data
