[4.252s] Invoking command in '/home/jetson/EVC/workshops/final_project_v5/behaviors/aruco_parking/aruco_parking': JETSON_P_NUMBER=potor- PYTHONPATH=/home/jetson/EVC/workshops/final_project_v5/build/aruco_parking/prefix_override:/usr/lib/python3/dist-packages/colcon_core/task/python/colcon_distutils_commands:/home/jetson/EVC/workshops/final_project_v5/install/aruco_parking/lib/python3.8/site-packages:${PYTHONPATH} /usr/bin/python3 -W ignore:setup.py install is deprecated -W ignore:easy_install command is deprecated setup.py egg_info --egg-base ../../../build/aruco_parking build --build-base /home/jetson/EVC/workshops/final_project_v5/build/aruco_parking/build install --record /home/jetson/EVC/workshops/final_project_v5/build/aruco_parking/install.log --single-version-externally-managed install_data
[5.594s] running egg_info
[5.598s] writing ../../../build/aruco_parking/aruco_parking.egg-info/PKG-INFO
[5.600s] writing dependency_links to ../../../build/aruco_parking/aruco_parking.egg-info/dependency_links.txt
[5.601s] writing entry points to ../../../build/aruco_parking/aruco_parking.egg-info/entry_points.txt
[5.603s] writing requirements to ../../../build/aruco_parking/aruco_parking.egg-info/requires.txt
[5.604s] writing top-level names to ../../../build/aruco_parking/aruco_parking.egg-info/top_level.txt
[5.619s] reading manifest file '../../../build/aruco_parking/aruco_parking.egg-info/SOURCES.txt'
[5.624s] writing manifest file '../../../build/aruco_parking/aruco_parking.egg-info/SOURCES.txt'
[5.626s] running build
[5.626s] running build_py
[5.628s] running install
[5.633s] running install_lib
[5.640s] running install_data
[5.642s] running install_egg_info
[5.650s] removing '/home/jetson/EVC/workshops/final_project_v5/install/aruco_parking/lib/python3.8/site-packages/aruco_parking-0.0.0-py3.8.egg-info' (and everything under it)
[5.652s] Copying ../../../build/aruco_parking/aruco_parking.egg-info to /home/jetson/EVC/workshops/final_project_v5/install/aruco_parking/lib/python3.8/site-packages/aruco_parking-0.0.0-py3.8.egg-info
[5.657s] running install_scripts
[5.739s] Installing aruco_detector_node script to /home/jetson/EVC/workshops/final_project_v5/install/aruco_parking/lib/aruco_parking
[5.741s] writing list of installed files to '/home/jetson/EVC/workshops/final_project_v5/build/aruco_parking/install.log'
[5.850s] Invoked command in '/home/jetson/EVC/workshops/final_project_v5/behaviors/aruco_parking/aruco_parking' returned '0': JETSON_P_NUMBER=potor- PYTHONPATH=/home/jetson/EVC/workshops/final_project_v5/build/aruco_parking/prefix_override:/usr/lib/python3/dist-packages/colcon_core/task/python/colcon_distutils_commands:/home/jetson/EVC/workshops/final_project_v5/install/aruco_parking/lib/python3.8/site-packages:${PYTHONPATH} /usr/bin/python3 -W ignore:setup.py install is deprecated -W ignore:easy_install command is deprecated setup.py egg_info --egg-base ../../../build/aruco_parking build --build-base /home/jetson/EVC/workshops/final_project_v5/build/aruco_parking/build install --record /home/jetson/EVC/workshops/final_project_v5/build/aruco_parking/install.log --single-version-externally-managed install_data
