[1.333s] Invoking command in '/home/jetson/EVC/workshops/final_project_v5/build/jetson_camera_interfaces': CMAKE_PREFIX_PATH=/opt/ros/foxy JETSON_P_NUMBER=pders- /usr/bin/cmake --build /home/jetson/EVC/workshops/final_project_v5/build/jetson_camera_interfaces -- -j4 -l4
[2.773s] [  3%] Built target jetson_camera_interfaces__cpp
[2.890s] [ 12%] Built target jetson_camera_interfaces__rosidl_generator_c
[2.995s] [ 22%] Built target jetson_camera_interfaces__rosidl_typesupport_cpp
[3.098s] [ 32%] Built target jetson_camera_interfaces__rosidl_typesupport_introspection_c
[3.196s] [ 41%] Built target jetson_camera_interfaces__rosidl_typesupport_c
[3.298s] [ 51%] Built target jetson_camera_interfaces__rosidl_typesupport_introspection_cpp
[3.438s] [ 61%] Built target jetson_camera_interfaces__rosidl_typesupport_fastrtps_cpp
[3.553s] [ 70%] Built target jetson_camera_interfaces__rosidl_typesupport_fastrtps_c
[3.635s] [ 70%] Built target jetson_camera_interfaces
[3.722s] [ 74%] Built target jetson_camera_interfaces__py
[3.858s] [ 80%] Built target jetson_camera_interfaces__python
[3.987s] [ 87%] Built target jetson_camera_interfaces__rosidl_typesupport_introspection_c__pyext
[4.118s] [ 93%] Built target jetson_camera_interfaces__rosidl_typesupport_fastrtps_c__pyext
[4.242s] [100%] Built target jetson_camera_interfaces__rosidl_typesupport_c__pyext
[4.290s] Invoked command in '/home/jetson/EVC/workshops/final_project_v5/build/jetson_camera_interfaces' returned '0': CMAKE_PREFIX_PATH=/opt/ros/foxy JETSON_P_NUMBER=pders- /usr/bin/cmake --build /home/jetson/EVC/workshops/final_project_v5/build/jetson_camera_interfaces -- -j4 -l4
[4.344s] Invoking command in '/home/jetson/EVC/workshops/final_project_v5/build/jetson_camera_interfaces': CMAKE_PREFIX_PATH=/opt/ros/foxy JETSON_P_NUMBER=pders- /usr/bin/cmake --install /home/jetson/EVC/workshops/final_project_v5/build/jetson_camera_interfaces
[4.388s] -- Install configuration: ""
[4.391s] -- Up-to-date: /home/jetson/EVC/workshops/final_project_v5/install/jetson_camera_interfaces/share/ament_index/resource_index/rosidl_interfaces/jetson_camera_interfaces
[4.393s] -- Up-to-date: /home/jetson/EVC/workshops/final_project_v5/install/jetson_camera_interfaces/include/jetson_camera_interfaces
[4.394s] -- Up-to-date: /home/jetson/EVC/workshops/final_project_v5/install/jetson_camera_interfaces/include/jetson_camera_interfaces/msg
[4.396s] -- Up-to-date: /home/jetson/EVC/workshops/final_project_v5/install/jetson_camera_interfaces/include/jetson_camera_interfaces/msg/detail
[4.397s] -- Up-to-date: /home/jetson/EVC/workshops/final_project_v5/install/jetson_camera_interfaces/include/jetson_camera_interfaces/msg/detail/processed_image_pair__functions.h
[4.398s] -- Up-to-date: /home/jetson/EVC/workshops/final_project_v5/install/jetson_camera_interfaces/include/jetson_camera_interfaces/msg/detail/processed_image_pair__struct.h
[4.399s] -- Up-to-date: /home/jetson/EVC/workshops/final_project_v5/install/jetson_camera_interfaces/include/jetson_camera_interfaces/msg/detail/processed_image_pair__type_support.h
[4.402s] -- Up-to-date: /home/jetson/EVC/workshops/final_project_v5/install/jetson_camera_interfaces/include/jetson_camera_interfaces/msg/detail/processed_image_pair__functions.c
[4.403s] -- Up-to-date: /home/jetson/EVC/workshops/final_project_v5/install/jetson_camera_interfaces/include/jetson_camera_interfaces/msg/rosidl_generator_c__visibility_control.h
[4.404s] -- Up-to-date: /home/jetson/EVC/workshops/final_project_v5/install/jetson_camera_interfaces/include/jetson_camera_interfaces/msg/processed_image_pair.h
[4.406s] -- Up-to-date: /home/jetson/EVC/workshops/final_project_v5/install/jetson_camera_interfaces/share/jetson_camera_interfaces/environment/library_path.sh
[4.407s] -- Up-to-date: /home/jetson/EVC/workshops/final_project_v5/install/jetson_camera_interfaces/share/jetson_camera_interfaces/environment/library_path.dsv
[4.411s] -- Up-to-date: /home/jetson/EVC/workshops/final_project_v5/install/jetson_camera_interfaces/lib/libjetson_camera_interfaces__rosidl_generator_c.so
[4.412s] -- Up-to-date: /home/jetson/EVC/workshops/final_project_v5/install/jetson_camera_interfaces/include/jetson_camera_interfaces
[4.413s] -- Up-to-date: /home/jetson/EVC/workshops/final_project_v5/install/jetson_camera_interfaces/include/jetson_camera_interfaces/msg
[4.414s] -- Up-to-date: /home/jetson/EVC/workshops/final_project_v5/install/jetson_camera_interfaces/include/jetson_camera_interfaces/msg/detail
[4.415s] -- Up-to-date: /home/jetson/EVC/workshops/final_project_v5/install/jetson_camera_interfaces/include/jetson_camera_interfaces/msg/detail/processed_image_pair__rosidl_typesupport_fastrtps_c.h
[4.416s] -- Up-to-date: /home/jetson/EVC/workshops/final_project_v5/install/jetson_camera_interfaces/include/jetson_camera_interfaces/msg/rosidl_typesupport_fastrtps_c__visibility_control.h
[4.419s] -- Up-to-date: /home/jetson/EVC/workshops/final_project_v5/install/jetson_camera_interfaces/lib/libjetson_camera_interfaces__rosidl_typesupport_fastrtps_c.so
[4.421s] -- Up-to-date: /home/jetson/EVC/workshops/final_project_v5/install/jetson_camera_interfaces/include/jetson_camera_interfaces
[4.421s] -- Up-to-date: /home/jetson/EVC/workshops/final_project_v5/install/jetson_camera_interfaces/include/jetson_camera_interfaces/msg
[4.422s] -- Up-to-date: /home/jetson/EVC/workshops/final_project_v5/install/jetson_camera_interfaces/include/jetson_camera_interfaces/msg/detail
[4.423s] -- Up-to-date: /home/jetson/EVC/workshops/final_project_v5/install/jetson_camera_interfaces/include/jetson_camera_interfaces/msg/detail/processed_image_pair__rosidl_typesupport_fastrtps_cpp.hpp
[4.424s] -- Up-to-date: /home/jetson/EVC/workshops/final_project_v5/install/jetson_camera_interfaces/include/jetson_camera_interfaces/msg/detail/dds_fastrtps
[4.425s] -- Up-to-date: /home/jetson/EVC/workshops/final_project_v5/install/jetson_camera_interfaces/include/jetson_camera_interfaces/msg/rosidl_typesupport_fastrtps_cpp__visibility_control.h
[4.428s] -- Up-to-date: /home/jetson/EVC/workshops/final_project_v5/install/jetson_camera_interfaces/lib/libjetson_camera_interfaces__rosidl_typesupport_fastrtps_cpp.so
[4.430s] -- Up-to-date: /home/jetson/EVC/workshops/final_project_v5/install/jetson_camera_interfaces/include/jetson_camera_interfaces
[4.431s] -- Up-to-date: /home/jetson/EVC/workshops/final_project_v5/install/jetson_camera_interfaces/include/jetson_camera_interfaces/msg
[4.432s] -- Up-to-date: /home/jetson/EVC/workshops/final_project_v5/install/jetson_camera_interfaces/include/jetson_camera_interfaces/msg/detail
[4.433s] -- Up-to-date: /home/jetson/EVC/workshops/final_project_v5/install/jetson_camera_interfaces/include/jetson_camera_interfaces/msg/detail/processed_image_pair__rosidl_typesupport_introspection_c.h
[4.434s] -- Up-to-date: /home/jetson/EVC/workshops/final_project_v5/install/jetson_camera_interfaces/include/jetson_camera_interfaces/msg/detail/processed_image_pair__type_support.c
[4.434s] -- Up-to-date: /home/jetson/EVC/workshops/final_project_v5/install/jetson_camera_interfaces/include/jetson_camera_interfaces/msg/rosidl_typesupport_introspection_c__visibility_control.h
[4.438s] -- Up-to-date: /home/jetson/EVC/workshops/final_project_v5/install/jetson_camera_interfaces/lib/libjetson_camera_interfaces__rosidl_typesupport_introspection_c.so
[4.441s] -- Up-to-date: /home/jetson/EVC/workshops/final_project_v5/install/jetson_camera_interfaces/lib/libjetson_camera_interfaces__rosidl_typesupport_c.so
[4.443s] -- Up-to-date: /home/jetson/EVC/workshops/final_project_v5/install/jetson_camera_interfaces/include/jetson_camera_interfaces
[4.444s] -- Up-to-date: /home/jetson/EVC/workshops/final_project_v5/install/jetson_camera_interfaces/include/jetson_camera_interfaces/msg
[4.444s] -- Up-to-date: /home/jetson/EVC/workshops/final_project_v5/install/jetson_camera_interfaces/include/jetson_camera_interfaces/msg/detail
[4.445s] -- Up-to-date: /home/jetson/EVC/workshops/final_project_v5/install/jetson_camera_interfaces/include/jetson_camera_interfaces/msg/detail/processed_image_pair__traits.hpp
[4.446s] -- Up-to-date: /home/jetson/EVC/workshops/final_project_v5/install/jetson_camera_interfaces/include/jetson_camera_interfaces/msg/detail/processed_image_pair__builder.hpp
[4.447s] -- Up-to-date: /home/jetson/EVC/workshops/final_project_v5/install/jetson_camera_interfaces/include/jetson_camera_interfaces/msg/detail/processed_image_pair__struct.hpp
[4.448s] -- Up-to-date: /home/jetson/EVC/workshops/final_project_v5/install/jetson_camera_interfaces/include/jetson_camera_interfaces/msg/detail/processed_image_pair__type_support.hpp
[4.448s] -- Up-to-date: /home/jetson/EVC/workshops/final_project_v5/install/jetson_camera_interfaces/include/jetson_camera_interfaces/msg/rosidl_generator_cpp__visibility_control.hpp
[4.449s] -- Up-to-date: /home/jetson/EVC/workshops/final_project_v5/install/jetson_camera_interfaces/include/jetson_camera_interfaces/msg/processed_image_pair.hpp
[4.450s] -- Up-to-date: /home/jetson/EVC/workshops/final_project_v5/install/jetson_camera_interfaces/include/jetson_camera_interfaces
[4.451s] -- Up-to-date: /home/jetson/EVC/workshops/final_project_v5/install/jetson_camera_interfaces/include/jetson_camera_interfaces/msg
[4.452s] -- Up-to-date: /home/jetson/EVC/workshops/final_project_v5/install/jetson_camera_interfaces/include/jetson_camera_interfaces/msg/detail
[4.453s] -- Up-to-date: /home/jetson/EVC/workshops/final_project_v5/install/jetson_camera_interfaces/include/jetson_camera_interfaces/msg/detail/processed_image_pair__rosidl_typesupport_introspection_cpp.hpp
[4.454s] -- Up-to-date: /home/jetson/EVC/workshops/final_project_v5/install/jetson_camera_interfaces/include/jetson_camera_interfaces/msg/detail/processed_image_pair__type_support.cpp
[4.463s] -- Up-to-date: /home/jetson/EVC/workshops/final_project_v5/install/jetson_camera_interfaces/lib/libjetson_camera_interfaces__rosidl_typesupport_introspection_cpp.so
[4.467s] -- Up-to-date: /home/jetson/EVC/workshops/final_project_v5/install/jetson_camera_interfaces/lib/libjetson_camera_interfaces__rosidl_typesupport_cpp.so
[4.468s] -- Up-to-date: /home/jetson/EVC/workshops/final_project_v5/install/jetson_camera_interfaces/share/jetson_camera_interfaces/environment/pythonpath.sh
[4.470s] -- Up-to-date: /home/jetson/EVC/workshops/final_project_v5/install/jetson_camera_interfaces/share/jetson_camera_interfaces/environment/pythonpath.dsv
[4.472s] -- Up-to-date: /home/jetson/EVC/workshops/final_project_v5/install/jetson_camera_interfaces/lib/python3.8/site-packages/jetson_camera_interfaces/__init__.py
[4.636s] -- Up-to-date: /home/jetson/EVC/workshops/final_project_v5/install/jetson_camera_interfaces/lib/python3.8/site-packages/jetson_camera_interfaces/msg
[4.638s] -- Up-to-date: /home/jetson/EVC/workshops/final_project_v5/install/jetson_camera_interfaces/lib/python3.8/site-packages/jetson_camera_interfaces/msg/_processed_image_pair_s.c
[4.639s] -- Up-to-date: /home/jetson/EVC/workshops/final_project_v5/install/jetson_camera_interfaces/lib/python3.8/site-packages/jetson_camera_interfaces/msg/_processed_image_pair.py
[4.641s] -- Up-to-date: /home/jetson/EVC/workshops/final_project_v5/install/jetson_camera_interfaces/lib/python3.8/site-packages/jetson_camera_interfaces/msg/__init__.py
[4.643s] -- Up-to-date: /home/jetson/EVC/workshops/final_project_v5/install/jetson_camera_interfaces/lib/python3.8/site-packages/jetson_camera_interfaces/jetson_camera_interfaces_s__rosidl_typesupport_fastrtps_c.cpython-38-aarch64-linux-gnu.so
[4.647s] -- Up-to-date: /home/jetson/EVC/workshops/final_project_v5/install/jetson_camera_interfaces/lib/python3.8/site-packages/jetson_camera_interfaces/jetson_camera_interfaces_s__rosidl_typesupport_introspection_c.cpython-38-aarch64-linux-gnu.so
[4.652s] -- Up-to-date: /home/jetson/EVC/workshops/final_project_v5/install/jetson_camera_interfaces/lib/python3.8/site-packages/jetson_camera_interfaces/jetson_camera_interfaces_s__rosidl_typesupport_c.cpython-38-aarch64-linux-gnu.so
[4.657s] -- Up-to-date: /home/jetson/EVC/workshops/final_project_v5/install/jetson_camera_interfaces/lib/libjetson_camera_interfaces__python.so
[4.660s] -- Up-to-date: /home/jetson/EVC/workshops/final_project_v5/install/jetson_camera_interfaces/share/jetson_camera_interfaces/msg/ProcessedImagePair.idl
[4.661s] -- Up-to-date: /home/jetson/EVC/workshops/final_project_v5/install/jetson_camera_interfaces/share/jetson_camera_interfaces/msg/ProcessedImagePair.msg
[4.662s] -- Up-to-date: /home/jetson/EVC/workshops/final_project_v5/install/jetson_camera_interfaces/share/ament_index/resource_index/package_run_dependencies/jetson_camera_interfaces
[4.664s] -- Up-to-date: /home/jetson/EVC/workshops/final_project_v5/install/jetson_camera_interfaces/share/ament_index/resource_index/parent_prefix_path/jetson_camera_interfaces
[4.666s] -- Up-to-date: /home/jetson/EVC/workshops/final_project_v5/install/jetson_camera_interfaces/share/jetson_camera_interfaces/environment/ament_prefix_path.sh
[4.668s] -- Up-to-date: /home/jetson/EVC/workshops/final_project_v5/install/jetson_camera_interfaces/share/jetson_camera_interfaces/environment/ament_prefix_path.dsv
[4.669s] -- Up-to-date: /home/jetson/EVC/workshops/final_project_v5/install/jetson_camera_interfaces/share/jetson_camera_interfaces/environment/path.sh
[4.670s] -- Up-to-date: /home/jetson/EVC/workshops/final_project_v5/install/jetson_camera_interfaces/share/jetson_camera_interfaces/environment/path.dsv
[4.671s] -- Up-to-date: /home/jetson/EVC/workshops/final_project_v5/install/jetson_camera_interfaces/share/jetson_camera_interfaces/local_setup.bash
[4.672s] -- Up-to-date: /home/jetson/EVC/workshops/final_project_v5/install/jetson_camera_interfaces/share/jetson_camera_interfaces/local_setup.sh
[4.675s] -- Up-to-date: /home/jetson/EVC/workshops/final_project_v5/install/jetson_camera_interfaces/share/jetson_camera_interfaces/local_setup.zsh
[4.676s] -- Up-to-date: /home/jetson/EVC/workshops/final_project_v5/install/jetson_camera_interfaces/share/jetson_camera_interfaces/local_setup.dsv
[4.677s] -- Installing: /home/jetson/EVC/workshops/final_project_v5/install/jetson_camera_interfaces/share/jetson_camera_interfaces/package.dsv
[4.681s] -- Up-to-date: /home/jetson/EVC/workshops/final_project_v5/install/jetson_camera_interfaces/share/ament_index/resource_index/packages/jetson_camera_interfaces
[4.686s] -- Up-to-date: /home/jetson/EVC/workshops/final_project_v5/install/jetson_camera_interfaces/share/jetson_camera_interfaces/cmake/jetson_camera_interfaces__rosidl_generator_cExport.cmake
[4.687s] -- Up-to-date: /home/jetson/EVC/workshops/final_project_v5/install/jetson_camera_interfaces/share/jetson_camera_interfaces/cmake/jetson_camera_interfaces__rosidl_generator_cExport-noconfig.cmake
[4.691s] -- Up-to-date: /home/jetson/EVC/workshops/final_project_v5/install/jetson_camera_interfaces/share/jetson_camera_interfaces/cmake/jetson_camera_interfaces__rosidl_typesupport_introspection_cExport.cmake
[4.692s] -- Up-to-date: /home/jetson/EVC/workshops/final_project_v5/install/jetson_camera_interfaces/share/jetson_camera_interfaces/cmake/jetson_camera_interfaces__rosidl_typesupport_introspection_cExport-noconfig.cmake
[4.695s] -- Up-to-date: /home/jetson/EVC/workshops/final_project_v5/install/jetson_camera_interfaces/share/jetson_camera_interfaces/cmake/jetson_camera_interfaces__rosidl_typesupport_cExport.cmake
[4.697s] -- Up-to-date: /home/jetson/EVC/workshops/final_project_v5/install/jetson_camera_interfaces/share/jetson_camera_interfaces/cmake/jetson_camera_interfaces__rosidl_typesupport_cExport-noconfig.cmake
[4.700s] -- Up-to-date: /home/jetson/EVC/workshops/final_project_v5/install/jetson_camera_interfaces/share/jetson_camera_interfaces/cmake/jetson_camera_interfaces__rosidl_generator_cppExport.cmake
[4.703s] -- Up-to-date: /home/jetson/EVC/workshops/final_project_v5/install/jetson_camera_interfaces/share/jetson_camera_interfaces/cmake/jetson_camera_interfaces__rosidl_typesupport_introspection_cppExport.cmake
[4.704s] -- Up-to-date: /home/jetson/EVC/workshops/final_project_v5/install/jetson_camera_interfaces/share/jetson_camera_interfaces/cmake/jetson_camera_interfaces__rosidl_typesupport_introspection_cppExport-noconfig.cmake
[4.707s] -- Up-to-date: /home/jetson/EVC/workshops/final_project_v5/install/jetson_camera_interfaces/share/jetson_camera_interfaces/cmake/jetson_camera_interfaces__rosidl_typesupport_cppExport.cmake
[4.709s] -- Up-to-date: /home/jetson/EVC/workshops/final_project_v5/install/jetson_camera_interfaces/share/jetson_camera_interfaces/cmake/jetson_camera_interfaces__rosidl_typesupport_cppExport-noconfig.cmake
[4.710s] -- Up-to-date: /home/jetson/EVC/workshops/final_project_v5/install/jetson_camera_interfaces/share/jetson_camera_interfaces/cmake/rosidl_cmake-extras.cmake
[4.711s] -- Up-to-date: /home/jetson/EVC/workshops/final_project_v5/install/jetson_camera_interfaces/share/jetson_camera_interfaces/cmake/ament_cmake_export_dependencies-extras.cmake
[4.712s] -- Up-to-date: /home/jetson/EVC/workshops/final_project_v5/install/jetson_camera_interfaces/share/jetson_camera_interfaces/cmake/ament_cmake_export_libraries-extras.cmake
[4.713s] -- Up-to-date: /home/jetson/EVC/workshops/final_project_v5/install/jetson_camera_interfaces/share/jetson_camera_interfaces/cmake/ament_cmake_export_targets-extras.cmake
[4.714s] -- Up-to-date: /home/jetson/EVC/workshops/final_project_v5/install/jetson_camera_interfaces/share/jetson_camera_interfaces/cmake/ament_cmake_export_include_directories-extras.cmake
[4.716s] -- Up-to-date: /home/jetson/EVC/workshops/final_project_v5/install/jetson_camera_interfaces/share/jetson_camera_interfaces/cmake/rosidl_cmake_export_typesupport_libraries-extras.cmake
[4.718s] -- Up-to-date: /home/jetson/EVC/workshops/final_project_v5/install/jetson_camera_interfaces/share/jetson_camera_interfaces/cmake/rosidl_cmake_export_typesupport_targets-extras.cmake
[4.719s] -- Up-to-date: /home/jetson/EVC/workshops/final_project_v5/install/jetson_camera_interfaces/share/jetson_camera_interfaces/cmake/jetson_camera_interfacesConfig.cmake
[4.720s] -- Up-to-date: /home/jetson/EVC/workshops/final_project_v5/install/jetson_camera_interfaces/share/jetson_camera_interfaces/cmake/jetson_camera_interfacesConfig-version.cmake
[4.721s] -- Up-to-date: /home/jetson/EVC/workshops/final_project_v5/install/jetson_camera_interfaces/share/jetson_camera_interfaces/package.xml
[4.732s] Invoked command in '/home/jetson/EVC/workshops/final_project_v5/build/jetson_camera_interfaces' returned '0': CMAKE_PREFIX_PATH=/opt/ros/foxy JETSON_P_NUMBER=pders- /usr/bin/cmake --install /home/jetson/EVC/workshops/final_project_v5/build/jetson_camera_interfaces
