[4.567s] Invoking command in '/home/jetson/EVC/workshops/final_project_v5/behaviors/line_following/line_following': JETSON_P_NUMBER=potor- PYTHONPATH=/home/jetson/EVC/workshops/final_project_v5/build/line_following/prefix_override:/usr/lib/python3/dist-packages/colcon_core/task/python/colcon_distutils_commands:/home/jetson/EVC/workshops/final_project_v5/install/line_following/lib/python3.8/site-packages:${PYTHONPATH} /usr/bin/python3 -W ignore:setup.py install is deprecated -W ignore:easy_install command is deprecated setup.py egg_info --egg-base ../../../build/line_following build --build-base /home/jetson/EVC/workshops/final_project_v5/build/line_following/build install --record /home/jetson/EVC/workshops/final_project_v5/build/line_following/install.log --single-version-externally-managed install_data
[5.825s] running egg_info
[5.830s] writing ../../../build/line_following/line_following.egg-info/PKG-INFO
[5.831s] writing dependency_links to ../../../build/line_following/line_following.egg-info/dependency_links.txt
[5.832s] writing entry points to ../../../build/line_following/line_following.egg-info/entry_points.txt
[5.833s] writing requirements to ../../../build/line_following/line_following.egg-info/requires.txt
[5.834s] writing top-level names to ../../../build/line_following/line_following.egg-info/top_level.txt
[5.848s] reading manifest file '../../../build/line_following/line_following.egg-info/SOURCES.txt'
[5.854s] writing manifest file '../../../build/line_following/line_following.egg-info/SOURCES.txt'
[5.854s] running build
[5.855s] running build_py
[5.856s] running install
[5.860s] running install_lib
[5.868s] running install_data
[5.870s] running install_egg_info
[5.878s] removing '/home/jetson/EVC/workshops/final_project_v5/install/line_following/lib/python3.8/site-packages/line_following-0.0.0-py3.8.egg-info' (and everything under it)
[5.880s] Copying ../../../build/line_following/line_following.egg-info to /home/jetson/EVC/workshops/final_project_v5/install/line_following/lib/python3.8/site-packages/line_following-0.0.0-py3.8.egg-info
[5.885s] running install_scripts
[5.984s] Installing angular_tracker script to /home/jetson/EVC/workshops/final_project_v5/install/line_following/lib/line_following
[5.985s] Installing line_tracker script to /home/jetson/EVC/workshops/final_project_v5/install/line_following/lib/line_following
[5.985s] Installing navigator script to /home/jetson/EVC/workshops/final_project_v5/install/line_following/lib/line_following
[5.986s] writing list of installed files to '/home/jetson/EVC/workshops/final_project_v5/build/line_following/install.log'
[6.084s] Invoked command in '/home/jetson/EVC/workshops/final_project_v5/behaviors/line_following/line_following' returned '0': JETSON_P_NUMBER=potor- PYTHONPATH=/home/jetson/EVC/workshops/final_project_v5/build/line_following/prefix_override:/usr/lib/python3/dist-packages/colcon_core/task/python/colcon_distutils_commands:/home/jetson/EVC/workshops/final_project_v5/install/line_following/lib/python3.8/site-packages:${PYTHONPATH} /usr/bin/python3 -W ignore:setup.py install is deprecated -W ignore:easy_install command is deprecated setup.py egg_info --egg-base ../../../build/line_following build --build-base /home/jetson/EVC/workshops/final_project_v5/build/line_following/build install --record /home/jetson/EVC/workshops/final_project_v5/build/line_following/install.log --single-version-externally-managed install_data
