[13.214s] Invoking command in '/home/jetson/EVC/workshops/final_project_v3/behaviors/goal_navigation/goal_navigation': PYTHONPATH=/home/jetson/EVC/workshops/final_project_v3/build/goal_navigation/prefix_override:/usr/lib/python3/dist-packages/colcon_core/task/python/colcon_distutils_commands:/home/jetson/EVC/workshops/final_project_v3/install/goal_navigation/lib/python3.8/site-packages:${PYTHONPATH} /usr/bin/python3 -W ignore:setup.py install is deprecated -W ignore:easy_install command is deprecated setup.py egg_info --egg-base ../../../build/goal_navigation build --build-base /home/jetson/EVC/workshops/final_project_v3/build/goal_navigation/build install --record /home/jetson/EVC/workshops/final_project_v3/build/goal_navigation/install.log --single-version-externally-managed install_data
[15.288s] running egg_info
[15.299s] writing ../../../build/goal_navigation/goal_navigation.egg-info/PKG-INFO
[15.304s] writing dependency_links to ../../../build/goal_navigation/goal_navigation.egg-info/dependency_links.txt
[15.306s] writing entry points to ../../../build/goal_navigation/goal_navigation.egg-info/entry_points.txt
[15.307s] writing requirements to ../../../build/goal_navigation/goal_navigation.egg-info/requires.txt
[15.308s] writing top-level names to ../../../build/goal_navigation/goal_navigation.egg-info/top_level.txt
[15.329s] reading manifest file '../../../build/goal_navigation/goal_navigation.egg-info/SOURCES.txt'
[15.334s] writing manifest file '../../../build/goal_navigation/goal_navigation.egg-info/SOURCES.txt'
[15.335s] running build
[15.335s] running build_py
[15.336s] running install
[15.341s] running install_lib
[15.349s] running install_data
[15.353s] running install_egg_info
[15.366s] removing '/home/jetson/EVC/workshops/final_project_v3/install/goal_navigation/lib/python3.8/site-packages/goal_navigation-0.0.0-py3.8.egg-info' (and everything under it)
[15.369s] Copying ../../../build/goal_navigation/goal_navigation.egg-info to /home/jetson/EVC/workshops/final_project_v3/install/goal_navigation/lib/python3.8/site-packages/goal_navigation-0.0.0-py3.8.egg-info
[15.386s] running install_scripts
[15.491s] Installing goal_publisher_node script to /home/jetson/EVC/workshops/final_project_v3/install/goal_navigation/lib/goal_navigation
[15.495s] writing list of installed files to '/home/jetson/EVC/workshops/final_project_v3/build/goal_navigation/install.log'
[15.985s] Invoked command in '/home/jetson/EVC/workshops/final_project_v3/behaviors/goal_navigation/goal_navigation' returned '0': PYTHONPATH=/home/jetson/EVC/workshops/final_project_v3/build/goal_navigation/prefix_override:/usr/lib/python3/dist-packages/colcon_core/task/python/colcon_distutils_commands:/home/jetson/EVC/workshops/final_project_v3/install/goal_navigation/lib/python3.8/site-packages:${PYTHONPATH} /usr/bin/python3 -W ignore:setup.py install is deprecated -W ignore:easy_install command is deprecated setup.py egg_info --egg-base ../../../build/goal_navigation build --build-base /home/jetson/EVC/workshops/final_project_v3/build/goal_navigation/build install --record /home/jetson/EVC/workshops/final_project_v3/build/goal_navigation/install.log --single-version-externally-managed install_data
