[4.346s] Invoking command in '/home/jetson/EVC/workshops/final_project_v4/behaviors/line_following/line_following': PYTHONPATH=/home/jetson/EVC/workshops/final_project_v4/build/line_following/prefix_override:/usr/lib/python3/dist-packages/colcon_core/task/python/colcon_distutils_commands:/home/jetson/EVC/workshops/final_project_v4/install/line_following/lib/python3.8/site-packages:${PYTHONPATH} /usr/bin/python3 -W ignore:setup.py install is deprecated -W ignore:easy_install command is deprecated setup.py egg_info --egg-base ../../../build/line_following build --build-base /home/jetson/EVC/workshops/final_project_v4/build/line_following/build install --record /home/jetson/EVC/workshops/final_project_v4/build/line_following/install.log --single-version-externally-managed install_data
[5.629s] running egg_info
[5.632s] writing ../../../build/line_following/line_following.egg-info/PKG-INFO
[5.634s] writing dependency_links to ../../../build/line_following/line_following.egg-info/dependency_links.txt
[5.635s] writing entry points to ../../../build/line_following/line_following.egg-info/entry_points.txt
[5.636s] writing requirements to ../../../build/line_following/line_following.egg-info/requires.txt
[5.637s] writing top-level names to ../../../build/line_following/line_following.egg-info/top_level.txt
[5.656s] reading manifest file '../../../build/line_following/line_following.egg-info/SOURCES.txt'
[5.661s] writing manifest file '../../../build/line_following/line_following.egg-info/SOURCES.txt'
[5.662s] running build
[5.663s] running build_py
[5.663s] copying line_following/navigator_node.py -> /home/jetson/EVC/workshops/final_project_v4/build/line_following/build/lib/line_following
[5.666s] copying line_following/line_tracker_node.py -> /home/jetson/EVC/workshops/final_project_v4/build/line_following/build/lib/line_following
[5.667s] running install
[5.671s] running install_lib
[5.676s] copying /home/jetson/EVC/workshops/final_project_v4/build/line_following/build/lib/line_following/navigator_node.py -> /home/jetson/EVC/workshops/final_project_v4/install/line_following/lib/python3.8/site-packages/line_following
[5.678s] copying /home/jetson/EVC/workshops/final_project_v4/build/line_following/build/lib/line_following/line_tracker_node.py -> /home/jetson/EVC/workshops/final_project_v4/install/line_following/lib/python3.8/site-packages/line_following
[5.681s] byte-compiling /home/jetson/EVC/workshops/final_project_v4/install/line_following/lib/python3.8/site-packages/line_following/navigator_node.py to navigator_node.cpython-38.pyc
[5.688s] byte-compiling /home/jetson/EVC/workshops/final_project_v4/install/line_following/lib/python3.8/site-packages/line_following/line_tracker_node.py to line_tracker_node.cpython-38.pyc
[5.692s] running install_data
[5.697s] running install_egg_info
[5.703s] removing '/home/jetson/EVC/workshops/final_project_v4/install/line_following/lib/python3.8/site-packages/line_following-0.0.0-py3.8.egg-info' (and everything under it)
[5.705s] Copying ../../../build/line_following/line_following.egg-info to /home/jetson/EVC/workshops/final_project_v4/install/line_following/lib/python3.8/site-packages/line_following-0.0.0-py3.8.egg-info
[5.710s] running install_scripts
[5.801s] Installing angular_tracker script to /home/jetson/EVC/workshops/final_project_v4/install/line_following/lib/line_following
[5.803s] Installing line_tracker script to /home/jetson/EVC/workshops/final_project_v4/install/line_following/lib/line_following
[5.805s] Installing navigator script to /home/jetson/EVC/workshops/final_project_v4/install/line_following/lib/line_following
[5.808s] writing list of installed files to '/home/jetson/EVC/workshops/final_project_v4/build/line_following/install.log'
[5.949s] Invoked command in '/home/jetson/EVC/workshops/final_project_v4/behaviors/line_following/line_following' returned '0': PYTHONPATH=/home/jetson/EVC/workshops/final_project_v4/build/line_following/prefix_override:/usr/lib/python3/dist-packages/colcon_core/task/python/colcon_distutils_commands:/home/jetson/EVC/workshops/final_project_v4/install/line_following/lib/python3.8/site-packages:${PYTHONPATH} /usr/bin/python3 -W ignore:setup.py install is deprecated -W ignore:easy_install command is deprecated setup.py egg_info --egg-base ../../../build/line_following build --build-base /home/jetson/EVC/workshops/final_project_v4/build/line_following/build install --record /home/jetson/EVC/workshops/final_project_v4/build/line_following/install.log --single-version-externally-managed install_data
