[5.445s] Invoking command in '/home/jetson/EVC/workshops/final_project_v5/behaviors/line_following/line_following': PYTHONPATH=/home/jetson/EVC/workshops/final_project_v5/build/line_following/prefix_override:/usr/lib/python3/dist-packages/colcon_core/task/python/colcon_distutils_commands:/home/jetson/EVC/workshops/final_project_v5/install/line_following/lib/python3.8/site-packages:${PYTHONPATH} /usr/bin/python3 -W ignore:setup.py install is deprecated -W ignore:easy_install command is deprecated setup.py egg_info --egg-base ../../../build/line_following build --build-base /home/jetson/EVC/workshops/final_project_v5/build/line_following/build install --record /home/jetson/EVC/workshops/final_project_v5/build/line_following/install.log --single-version-externally-managed install_data
[6.832s] running egg_info
[6.834s] creating ../../../build/line_following/line_following.egg-info
[6.835s] writing ../../../build/line_following/line_following.egg-info/PKG-INFO
[6.836s] writing dependency_links to ../../../build/line_following/line_following.egg-info/dependency_links.txt
[6.837s] writing entry points to ../../../build/line_following/line_following.egg-info/entry_points.txt
[6.838s] writing requirements to ../../../build/line_following/line_following.egg-info/requires.txt
[6.840s] writing top-level names to ../../../build/line_following/line_following.egg-info/top_level.txt
[6.847s] writing manifest file '../../../build/line_following/line_following.egg-info/SOURCES.txt'
[6.855s] reading manifest file '../../../build/line_following/line_following.egg-info/SOURCES.txt'
[6.861s] writing manifest file '../../../build/line_following/line_following.egg-info/SOURCES.txt'
[6.863s] running build
[6.863s] running build_py
[6.864s] creating /home/jetson/EVC/workshops/final_project_v5/build/line_following/build
[6.868s] creating /home/jetson/EVC/workshops/final_project_v5/build/line_following/build/lib
[6.868s] creating /home/jetson/EVC/workshops/final_project_v5/build/line_following/build/lib/line_following
[6.869s] copying line_following/navigator_node.py -> /home/jetson/EVC/workshops/final_project_v5/build/line_following/build/lib/line_following
[6.869s] copying line_following/angular_tracker_node.py -> /home/jetson/EVC/workshops/final_project_v5/build/line_following/build/lib/line_following
[6.871s] copying line_following/__init__.py -> /home/jetson/EVC/workshops/final_project_v5/build/line_following/build/lib/line_following
[6.871s] copying line_following/line_tracker_node.py -> /home/jetson/EVC/workshops/final_project_v5/build/line_following/build/lib/line_following
[6.872s] running install
[6.878s] running install_lib
[6.888s] creating /home/jetson/EVC/workshops/final_project_v5/install/line_following/lib/python3.8/site-packages/line_following
[6.889s] copying /home/jetson/EVC/workshops/final_project_v5/build/line_following/build/lib/line_following/navigator_node.py -> /home/jetson/EVC/workshops/final_project_v5/install/line_following/lib/python3.8/site-packages/line_following
[6.889s] copying /home/jetson/EVC/workshops/final_project_v5/build/line_following/build/lib/line_following/angular_tracker_node.py -> /home/jetson/EVC/workshops/final_project_v5/install/line_following/lib/python3.8/site-packages/line_following
[6.890s] copying /home/jetson/EVC/workshops/final_project_v5/build/line_following/build/lib/line_following/__init__.py -> /home/jetson/EVC/workshops/final_project_v5/install/line_following/lib/python3.8/site-packages/line_following
[6.890s] copying /home/jetson/EVC/workshops/final_project_v5/build/line_following/build/lib/line_following/line_tracker_node.py -> /home/jetson/EVC/workshops/final_project_v5/install/line_following/lib/python3.8/site-packages/line_following
[6.890s] byte-compiling /home/jetson/EVC/workshops/final_project_v5/install/line_following/lib/python3.8/site-packages/line_following/navigator_node.py to navigator_node.cpython-38.pyc
[6.896s] byte-compiling /home/jetson/EVC/workshops/final_project_v5/install/line_following/lib/python3.8/site-packages/line_following/angular_tracker_node.py to angular_tracker_node.cpython-38.pyc
[6.899s] byte-compiling /home/jetson/EVC/workshops/final_project_v5/install/line_following/lib/python3.8/site-packages/line_following/__init__.py to __init__.cpython-38.pyc
[6.900s] byte-compiling /home/jetson/EVC/workshops/final_project_v5/install/line_following/lib/python3.8/site-packages/line_following/line_tracker_node.py to line_tracker_node.cpython-38.pyc
[6.907s] running install_data
[6.907s] creating /home/jetson/EVC/workshops/final_project_v5/install/line_following/share/ament_index
[6.908s] creating /home/jetson/EVC/workshops/final_project_v5/install/line_following/share/ament_index/resource_index
[6.908s] creating /home/jetson/EVC/workshops/final_project_v5/install/line_following/share/ament_index/resource_index/packages
[6.909s] copying resource/line_following -> /home/jetson/EVC/workshops/final_project_v5/install/line_following/share/ament_index/resource_index/packages
[6.909s] copying package.xml -> /home/jetson/EVC/workshops/final_project_v5/install/line_following/share/line_following
[6.910s] creating /home/jetson/EVC/workshops/final_project_v5/install/line_following/share/line_following/config
[6.910s] copying config/line_following.yaml -> /home/jetson/EVC/workshops/final_project_v5/install/line_following/share/line_following/config
[6.911s] creating /home/jetson/EVC/workshops/final_project_v5/install/line_following/share/line_following/launch
[6.911s] copying launch/full_mission.launch.py -> /home/jetson/EVC/workshops/final_project_v5/install/line_following/share/line_following/launch
[6.912s] copying launch/line_following.launch.py -> /home/jetson/EVC/workshops/final_project_v5/install/line_following/share/line_following/launch
[6.912s] running install_egg_info
[6.923s] Copying ../../../build/line_following/line_following.egg-info to /home/jetson/EVC/workshops/final_project_v5/install/line_following/lib/python3.8/site-packages/line_following-0.0.0-py3.8.egg-info
[6.929s] running install_scripts
[7.033s] Installing angular_tracker script to /home/jetson/EVC/workshops/final_project_v5/install/line_following/lib/line_following
[7.033s] Installing line_tracker script to /home/jetson/EVC/workshops/final_project_v5/install/line_following/lib/line_following
[7.034s] Installing navigator script to /home/jetson/EVC/workshops/final_project_v5/install/line_following/lib/line_following
[7.035s] writing list of installed files to '/home/jetson/EVC/workshops/final_project_v5/build/line_following/install.log'
[7.131s] Invoked command in '/home/jetson/EVC/workshops/final_project_v5/behaviors/line_following/line_following' returned '0': PYTHONPATH=/home/jetson/EVC/workshops/final_project_v5/build/line_following/prefix_override:/usr/lib/python3/dist-packages/colcon_core/task/python/colcon_distutils_commands:/home/jetson/EVC/workshops/final_project_v5/install/line_following/lib/python3.8/site-packages:${PYTHONPATH} /usr/bin/python3 -W ignore:setup.py install is deprecated -W ignore:easy_install command is deprecated setup.py egg_info --egg-base ../../../build/line_following build --build-base /home/jetson/EVC/workshops/final_project_v5/build/line_following/build install --record /home/jetson/EVC/workshops/final_project_v5/build/line_following/install.log --single-version-externally-managed install_data
