[7.970s] Invoking command in '/home/jetson/EVC/workshops/final_project_v4/behaviors/goal_navigation/goal_navigation': JETSON_P_NUMBER=pors:- PYTHONPATH=/home/jetson/EVC/workshops/final_project_v4/build/goal_navigation/prefix_override:/usr/lib/python3/dist-packages/colcon_core/task/python/colcon_distutils_commands:/home/jetson/EVC/workshops/final_project_v4/install/goal_navigation/lib/python3.8/site-packages:${PYTHONPATH} /usr/bin/python3 -W ignore:setup.py install is deprecated -W ignore:easy_install command is deprecated setup.py egg_info --egg-base ../../../build/goal_navigation build --build-base /home/jetson/EVC/workshops/final_project_v4/build/goal_navigation/build install --record /home/jetson/EVC/workshops/final_project_v4/build/goal_navigation/install.log --single-version-externally-managed install_data
[9.307s] running egg_info
[9.310s] writing ../../../build/goal_navigation/goal_navigation.egg-info/PKG-INFO
[9.310s] writing dependency_links to ../../../build/goal_navigation/goal_navigation.egg-info/dependency_links.txt
[9.311s] writing entry points to ../../../build/goal_navigation/goal_navigation.egg-info/entry_points.txt
[9.312s] writing requirements to ../../../build/goal_navigation/goal_navigation.egg-info/requires.txt
[9.312s] writing top-level names to ../../../build/goal_navigation/goal_navigation.egg-info/top_level.txt
[9.325s] reading manifest file '../../../build/goal_navigation/goal_navigation.egg-info/SOURCES.txt'
[9.329s] writing manifest file '../../../build/goal_navigation/goal_navigation.egg-info/SOURCES.txt'
[9.330s] running build
[9.331s] running build_py
[9.331s] running install
[9.334s] running install_lib
[9.341s] running install_data
[9.343s] running install_egg_info
[9.350s] removing '/home/jetson/EVC/workshops/final_project_v4/install/goal_navigation/lib/python3.8/site-packages/goal_navigation-0.0.0-py3.8.egg-info' (and everything under it)
[9.352s] Copying ../../../build/goal_navigation/goal_navigation.egg-info to /home/jetson/EVC/workshops/final_project_v4/install/goal_navigation/lib/python3.8/site-packages/goal_navigation-0.0.0-py3.8.egg-info
[9.356s] running install_scripts
[9.442s] Installing goal_publisher_node script to /home/jetson/EVC/workshops/final_project_v4/install/goal_navigation/lib/goal_navigation
[9.443s] writing list of installed files to '/home/jetson/EVC/workshops/final_project_v4/build/goal_navigation/install.log'
[9.611s] Invoked command in '/home/jetson/EVC/workshops/final_project_v4/behaviors/goal_navigation/goal_navigation' returned '0': JETSON_P_NUMBER=pors:- PYTHONPATH=/home/jetson/EVC/workshops/final_project_v4/build/goal_navigation/prefix_override:/usr/lib/python3/dist-packages/colcon_core/task/python/colcon_distutils_commands:/home/jetson/EVC/workshops/final_project_v4/install/goal_navigation/lib/python3.8/site-packages:${PYTHONPATH} /usr/bin/python3 -W ignore:setup.py install is deprecated -W ignore:easy_install command is deprecated setup.py egg_info --egg-base ../../../build/goal_navigation build --build-base /home/jetson/EVC/workshops/final_project_v4/build/goal_navigation/build install --record /home/jetson/EVC/workshops/final_project_v4/build/goal_navigation/install.log --single-version-externally-managed install_data
