running egg_info
creating ../../../build/color_detection_mode/color_detection_mode.egg-info
writing ../../../build/color_detection_mode/color_detection_mode.egg-info/PKG-INFO
writing dependency_links to ../../../build/color_detection_mode/color_detection_mode.egg-info/dependency_links.txt
writing entry points to ../../../build/color_detection_mode/color_detection_mode.egg-info/entry_points.txt
writing requirements to ../../../build/color_detection_mode/color_detection_mode.egg-info/requires.txt
writing top-level names to ../../../build/color_detection_mode/color_detection_mode.egg-info/top_level.txt
writing manifest file '../../../build/color_detection_mode/color_detection_mode.egg-info/SOURCES.txt'
reading manifest file '../../../build/color_detection_mode/color_detection_mode.egg-info/SOURCES.txt'
writing manifest file '../../../build/color_detection_mode/color_detection_mode.egg-info/SOURCES.txt'
running build
running build_py
creating /home/jetson/EVC/workshops/final_project_v5/build/color_detection_mode/build
creating /home/jetson/EVC/workshops/final_project_v5/build/color_detection_mode/build/lib
creating /home/jetson/EVC/workshops/final_project_v5/build/color_detection_mode/build/lib/color_detection_mode
copying color_detection_mode/color_detection_node.py -> /home/jetson/EVC/workshops/final_project_v5/build/color_detection_mode/build/lib/color_detection_mode
copying color_detection_mode/go_stop_node.py -> /home/jetson/EVC/workshops/final_project_v5/build/color_detection_mode/build/lib/color_detection_mode
copying color_detection_mode/__init__.py -> /home/jetson/EVC/workshops/final_project_v5/build/color_detection_mode/build/lib/color_detection_mode
running install
running install_lib
creating /home/jetson/EVC/workshops/final_project_v5/install/color_detection_mode/lib/python3.8/site-packages/color_detection_mode
copying /home/jetson/EVC/workshops/final_project_v5/build/color_detection_mode/build/lib/color_detection_mode/color_detection_node.py -> /home/jetson/EVC/workshops/final_project_v5/install/color_detection_mode/lib/python3.8/site-packages/color_detection_mode
copying /home/jetson/EVC/workshops/final_project_v5/build/color_detection_mode/build/lib/color_detection_mode/go_stop_node.py -> /home/jetson/EVC/workshops/final_project_v5/install/color_detection_mode/lib/python3.8/site-packages/color_detection_mode
copying /home/jetson/EVC/workshops/final_project_v5/build/color_detection_mode/build/lib/color_detection_mode/__init__.py -> /home/jetson/EVC/workshops/final_project_v5/install/color_detection_mode/lib/python3.8/site-packages/color_detection_mode
byte-compiling /home/jetson/EVC/workshops/final_project_v5/install/color_detection_mode/lib/python3.8/site-packages/color_detection_mode/color_detection_node.py to color_detection_node.cpython-38.pyc
byte-compiling /home/jetson/EVC/workshops/final_project_v5/install/color_detection_mode/lib/python3.8/site-packages/color_detection_mode/go_stop_node.py to go_stop_node.cpython-38.pyc
byte-compiling /home/jetson/EVC/workshops/final_project_v5/install/color_detection_mode/lib/python3.8/site-packages/color_detection_mode/__init__.py to __init__.cpython-38.pyc
running install_data
creating /home/jetson/EVC/workshops/final_project_v5/install/color_detection_mode/share/ament_index
creating /home/jetson/EVC/workshops/final_project_v5/install/color_detection_mode/share/ament_index/resource_index
creating /home/jetson/EVC/workshops/final_project_v5/install/color_detection_mode/share/ament_index/resource_index/packages
copying resource/color_detection_mode -> /home/jetson/EVC/workshops/final_project_v5/install/color_detection_mode/share/ament_index/resource_index/packages
copying package.xml -> /home/jetson/EVC/workshops/final_project_v5/install/color_detection_mode/share/color_detection_mode
creating /home/jetson/EVC/workshops/final_project_v5/install/color_detection_mode/share/color_detection_mode/config
copying config/color_detection.yaml -> /home/jetson/EVC/workshops/final_project_v5/install/color_detection_mode/share/color_detection_mode/config
copying config/go_stop.yaml -> /home/jetson/EVC/workshops/final_project_v5/install/color_detection_mode/share/color_detection_mode/config
creating /home/jetson/EVC/workshops/final_project_v5/install/color_detection_mode/share/color_detection_mode/launch
copying launch/go_stop.launch.py -> /home/jetson/EVC/workshops/final_project_v5/install/color_detection_mode/share/color_detection_mode/launch
copying launch/color_detection_mode.launch.py -> /home/jetson/EVC/workshops/final_project_v5/install/color_detection_mode/share/color_detection_mode/launch
running install_egg_info
Copying ../../../build/color_detection_mode/color_detection_mode.egg-info to /home/jetson/EVC/workshops/final_project_v5/install/color_detection_mode/lib/python3.8/site-packages/color_detection_mode-0.0.0-py3.8.egg-info
running install_scripts
Installing color_detection_node script to /home/jetson/EVC/workshops/final_project_v5/install/color_detection_mode/lib/color_detection_mode
Installing go_stop_node script to /home/jetson/EVC/workshops/final_project_v5/install/color_detection_mode/lib/color_detection_mode
writing list of installed files to '/home/jetson/EVC/workshops/final_project_v5/build/color_detection_mode/install.log'
