[3.210s] Invoking command in '/home/jetson/EVC/workshops/final_project_v5/behaviors/color_detection/color_detection_mode': LD_LIBRARY_PATH=/home/jetson/EVC/workshops/final_project_v5/install/jetson_camera_interfaces/lib:/opt/ros/foxy/opt/yaml_cpp_vendor/lib:/opt/ros/foxy/lib/aarch64-linux-gnu:/opt/ros/foxy/lib:/usr/local/cuda/lib64 PYTHONPATH=/home/jetson/EVC/workshops/final_project_v5/build/color_detection_mode/prefix_override:/usr/lib/python3/dist-packages/colcon_core/task/python/colcon_distutils_commands:/home/jetson/EVC/workshops/final_project_v5/install/color_detection_mode/lib/python3.8/site-packages:/home/jetson/EVC/workshops/final_project_v5/install/jetson_camera_interfaces/lib/python3.8/site-packages:/home/jetson/EVC/workshops/final_project_v5/install/goal_navigation/lib/python3.8/site-packages:/home/jetson/EVC/workshops/final_project_v5/install/motor_control/lib/python3.8/site-packages:/home/jetson/EVC/workshops/final_project_v5/install/line_following/lib/python3.8/site-packages:/home/jetson/EVC/workshops/final_project_v5/install/color_detection_mode/lib/python3.8/site-packages:/home/jetson/EVC/workshops/final_project_v5/install/jetson_camera/lib/python3.8/site-packages:/home/jetson/EVC/workshops/final_project_v5/install/aruco_parking/lib/python3.8/site-packages:/home/jetson/EVC/workshops/final_project_v5/install/Adafruit_SSD1306/lib/python3.8/site-packages:/opt/ros/foxy/lib/python3.8/site-packages /usr/bin/python3 -W ignore:setup.py install is deprecated -W ignore:easy_install command is deprecated setup.py egg_info --egg-base ../../../build/color_detection_mode build --build-base /home/jetson/EVC/workshops/final_project_v5/build/color_detection_mode/build install --record /home/jetson/EVC/workshops/final_project_v5/build/color_detection_mode/install.log --single-version-externally-managed install_data
[4.410s] running egg_info
[4.413s] creating ../../../build/color_detection_mode/color_detection_mode.egg-info
[4.414s] writing ../../../build/color_detection_mode/color_detection_mode.egg-info/PKG-INFO
[4.415s] writing dependency_links to ../../../build/color_detection_mode/color_detection_mode.egg-info/dependency_links.txt
[4.421s] writing entry points to ../../../build/color_detection_mode/color_detection_mode.egg-info/entry_points.txt
[4.421s] writing requirements to ../../../build/color_detection_mode/color_detection_mode.egg-info/requires.txt
[4.422s] writing top-level names to ../../../build/color_detection_mode/color_detection_mode.egg-info/top_level.txt
[4.423s] writing manifest file '../../../build/color_detection_mode/color_detection_mode.egg-info/SOURCES.txt'
[4.429s] reading manifest file '../../../build/color_detection_mode/color_detection_mode.egg-info/SOURCES.txt'
[4.433s] writing manifest file '../../../build/color_detection_mode/color_detection_mode.egg-info/SOURCES.txt'
[4.433s] running build
[4.434s] running build_py
[4.435s] creating /home/jetson/EVC/workshops/final_project_v5/build/color_detection_mode/build
[4.435s] creating /home/jetson/EVC/workshops/final_project_v5/build/color_detection_mode/build/lib
[4.435s] creating /home/jetson/EVC/workshops/final_project_v5/build/color_detection_mode/build/lib/color_detection_mode
[4.436s] copying color_detection_mode/color_detection_node.py -> /home/jetson/EVC/workshops/final_project_v5/build/color_detection_mode/build/lib/color_detection_mode
[4.437s] copying color_detection_mode/go_stop_node.py -> /home/jetson/EVC/workshops/final_project_v5/build/color_detection_mode/build/lib/color_detection_mode
[4.439s] copying color_detection_mode/__init__.py -> /home/jetson/EVC/workshops/final_project_v5/build/color_detection_mode/build/lib/color_detection_mode
[4.440s] running install
[4.444s] running install_lib
[4.447s] creating /home/jetson/EVC/workshops/final_project_v5/install/color_detection_mode/lib/python3.8/site-packages/color_detection_mode
[4.448s] copying /home/jetson/EVC/workshops/final_project_v5/build/color_detection_mode/build/lib/color_detection_mode/color_detection_node.py -> /home/jetson/EVC/workshops/final_project_v5/install/color_detection_mode/lib/python3.8/site-packages/color_detection_mode
[4.448s] copying /home/jetson/EVC/workshops/final_project_v5/build/color_detection_mode/build/lib/color_detection_mode/go_stop_node.py -> /home/jetson/EVC/workshops/final_project_v5/install/color_detection_mode/lib/python3.8/site-packages/color_detection_mode
[4.449s] copying /home/jetson/EVC/workshops/final_project_v5/build/color_detection_mode/build/lib/color_detection_mode/__init__.py -> /home/jetson/EVC/workshops/final_project_v5/install/color_detection_mode/lib/python3.8/site-packages/color_detection_mode
[4.451s] byte-compiling /home/jetson/EVC/workshops/final_project_v5/install/color_detection_mode/lib/python3.8/site-packages/color_detection_mode/color_detection_node.py to color_detection_node.cpython-38.pyc
[4.458s] byte-compiling /home/jetson/EVC/workshops/final_project_v5/install/color_detection_mode/lib/python3.8/site-packages/color_detection_mode/go_stop_node.py to go_stop_node.cpython-38.pyc
[4.463s] byte-compiling /home/jetson/EVC/workshops/final_project_v5/install/color_detection_mode/lib/python3.8/site-packages/color_detection_mode/__init__.py to __init__.cpython-38.pyc
[4.464s] running install_data
[4.465s] creating /home/jetson/EVC/workshops/final_project_v5/install/color_detection_mode/share/ament_index
[4.465s] creating /home/jetson/EVC/workshops/final_project_v5/install/color_detection_mode/share/ament_index/resource_index
[4.465s] creating /home/jetson/EVC/workshops/final_project_v5/install/color_detection_mode/share/ament_index/resource_index/packages
[4.466s] copying resource/color_detection_mode -> /home/jetson/EVC/workshops/final_project_v5/install/color_detection_mode/share/ament_index/resource_index/packages
[4.466s] copying package.xml -> /home/jetson/EVC/workshops/final_project_v5/install/color_detection_mode/share/color_detection_mode
[4.467s] creating /home/jetson/EVC/workshops/final_project_v5/install/color_detection_mode/share/color_detection_mode/config
[4.467s] copying config/color_detection.yaml -> /home/jetson/EVC/workshops/final_project_v5/install/color_detection_mode/share/color_detection_mode/config
[4.468s] copying config/go_stop.yaml -> /home/jetson/EVC/workshops/final_project_v5/install/color_detection_mode/share/color_detection_mode/config
[4.468s] creating /home/jetson/EVC/workshops/final_project_v5/install/color_detection_mode/share/color_detection_mode/launch
[4.469s] copying launch/go_stop.launch.py -> /home/jetson/EVC/workshops/final_project_v5/install/color_detection_mode/share/color_detection_mode/launch
[4.469s] copying launch/color_detection_mode.launch.py -> /home/jetson/EVC/workshops/final_project_v5/install/color_detection_mode/share/color_detection_mode/launch
[4.470s] running install_egg_info
[4.477s] Copying ../../../build/color_detection_mode/color_detection_mode.egg-info to /home/jetson/EVC/workshops/final_project_v5/install/color_detection_mode/lib/python3.8/site-packages/color_detection_mode-0.0.0-py3.8.egg-info
[4.481s] running install_scripts
[4.559s] Installing color_detection_node script to /home/jetson/EVC/workshops/final_project_v5/install/color_detection_mode/lib/color_detection_mode
[4.559s] Installing go_stop_node script to /home/jetson/EVC/workshops/final_project_v5/install/color_detection_mode/lib/color_detection_mode
[4.560s] writing list of installed files to '/home/jetson/EVC/workshops/final_project_v5/build/color_detection_mode/install.log'
[4.663s] Invoked command in '/home/jetson/EVC/workshops/final_project_v5/behaviors/color_detection/color_detection_mode' returned '0': LD_LIBRARY_PATH=/home/jetson/EVC/workshops/final_project_v5/install/jetson_camera_interfaces/lib:/opt/ros/foxy/opt/yaml_cpp_vendor/lib:/opt/ros/foxy/lib/aarch64-linux-gnu:/opt/ros/foxy/lib:/usr/local/cuda/lib64 PYTHONPATH=/home/jetson/EVC/workshops/final_project_v5/build/color_detection_mode/prefix_override:/usr/lib/python3/dist-packages/colcon_core/task/python/colcon_distutils_commands:/home/jetson/EVC/workshops/final_project_v5/install/color_detection_mode/lib/python3.8/site-packages:/home/jetson/EVC/workshops/final_project_v5/install/jetson_camera_interfaces/lib/python3.8/site-packages:/home/jetson/EVC/workshops/final_project_v5/install/goal_navigation/lib/python3.8/site-packages:/home/jetson/EVC/workshops/final_project_v5/install/motor_control/lib/python3.8/site-packages:/home/jetson/EVC/workshops/final_project_v5/install/line_following/lib/python3.8/site-packages:/home/jetson/EVC/workshops/final_project_v5/install/color_detection_mode/lib/python3.8/site-packages:/home/jetson/EVC/workshops/final_project_v5/install/jetson_camera/lib/python3.8/site-packages:/home/jetson/EVC/workshops/final_project_v5/install/aruco_parking/lib/python3.8/site-packages:/home/jetson/EVC/workshops/final_project_v5/install/Adafruit_SSD1306/lib/python3.8/site-packages:/opt/ros/foxy/lib/python3.8/site-packages /usr/bin/python3 -W ignore:setup.py install is deprecated -W ignore:easy_install command is deprecated setup.py egg_info --egg-base ../../../build/color_detection_mode build --build-base /home/jetson/EVC/workshops/final_project_v5/build/color_detection_mode/build install --record /home/jetson/EVC/workshops/final_project_v5/build/color_detection_mode/install.log --single-version-externally-managed install_data
