running egg_info
creating ../../../build/aruco_parking/aruco_parking.egg-info
writing ../../../build/aruco_parking/aruco_parking.egg-info/PKG-INFO
writing dependency_links to ../../../build/aruco_parking/aruco_parking.egg-info/dependency_links.txt
writing entry points to ../../../build/aruco_parking/aruco_parking.egg-info/entry_points.txt
writing requirements to ../../../build/aruco_parking/aruco_parking.egg-info/requires.txt
writing top-level names to ../../../build/aruco_parking/aruco_parking.egg-info/top_level.txt
writing manifest file '../../../build/aruco_parking/aruco_parking.egg-info/SOURCES.txt'
reading manifest file '../../../build/aruco_parking/aruco_parking.egg-info/SOURCES.txt'
writing manifest file '../../../build/aruco_parking/aruco_parking.egg-info/SOURCES.txt'
running build
running build_py
creating /home/jetson/EVC/workshops/final_project_v3/build/aruco_parking/build
creating /home/jetson/EVC/workshops/final_project_v3/build/aruco_parking/build/lib
creating /home/jetson/EVC/workshops/final_project_v3/build/aruco_parking/build/lib/aruco_parking
copying aruco_parking/aruco_detector_node.py -> /home/jetson/EVC/workshops/final_project_v3/build/aruco_parking/build/lib/aruco_parking
copying aruco_parking/__init__.py -> /home/jetson/EVC/workshops/final_project_v3/build/aruco_parking/build/lib/aruco_parking
running install
running install_lib
creating /home/jetson/EVC/workshops/final_project_v3/install/aruco_parking/lib/python3.8/site-packages/aruco_parking
copying /home/jetson/EVC/workshops/final_project_v3/build/aruco_parking/build/lib/aruco_parking/aruco_detector_node.py -> /home/jetson/EVC/workshops/final_project_v3/install/aruco_parking/lib/python3.8/site-packages/aruco_parking
copying /home/jetson/EVC/workshops/final_project_v3/build/aruco_parking/build/lib/aruco_parking/__init__.py -> /home/jetson/EVC/workshops/final_project_v3/install/aruco_parking/lib/python3.8/site-packages/aruco_parking
byte-compiling /home/jetson/EVC/workshops/final_project_v3/install/aruco_parking/lib/python3.8/site-packages/aruco_parking/aruco_detector_node.py to aruco_detector_node.cpython-38.pyc
byte-compiling /home/jetson/EVC/workshops/final_project_v3/install/aruco_parking/lib/python3.8/site-packages/aruco_parking/__init__.py to __init__.cpython-38.pyc
running install_data
creating /home/jetson/EVC/workshops/final_project_v3/install/aruco_parking/share/ament_index
creating /home/jetson/EVC/workshops/final_project_v3/install/aruco_parking/share/ament_index/resource_index
creating /home/jetson/EVC/workshops/final_project_v3/install/aruco_parking/share/ament_index/resource_index/packages
copying resource/aruco_parking -> /home/jetson/EVC/workshops/final_project_v3/install/aruco_parking/share/ament_index/resource_index/packages
copying package.xml -> /home/jetson/EVC/workshops/final_project_v3/install/aruco_parking/share/aruco_parking
creating /home/jetson/EVC/workshops/final_project_v3/install/aruco_parking/share/aruco_parking/config
copying config/aruco_parking.yaml -> /home/jetson/EVC/workshops/final_project_v3/install/aruco_parking/share/aruco_parking/config
creating /home/jetson/EVC/workshops/final_project_v3/install/aruco_parking/share/aruco_parking/launch
copying launch/aruco_parking.launch.py -> /home/jetson/EVC/workshops/final_project_v3/install/aruco_parking/share/aruco_parking/launch
running install_egg_info
Copying ../../../build/aruco_parking/aruco_parking.egg-info to /home/jetson/EVC/workshops/final_project_v3/install/aruco_parking/lib/python3.8/site-packages/aruco_parking-0.0.0-py3.8.egg-info
running install_scripts
Installing aruco_detector_node script to /home/jetson/EVC/workshops/final_project_v3/install/aruco_parking/lib/aruco_parking
writing list of installed files to '/home/jetson/EVC/workshops/final_project_v3/build/aruco_parking/install.log'
