[6.122s] Invoking command in '/home/jetson/EVC/workshops/final_project_v3/behaviors/aruco_parking/aruco_parking': PYTHONPATH=/home/jetson/EVC/workshops/final_project_v3/build/aruco_parking/prefix_override:/usr/lib/python3/dist-packages/colcon_core/task/python/colcon_distutils_commands:/home/jetson/EVC/workshops/final_project_v3/install/aruco_parking/lib/python3.8/site-packages:${PYTHONPATH} /usr/bin/python3 -W ignore:setup.py install is deprecated -W ignore:easy_install command is deprecated setup.py egg_info --egg-base ../../../build/aruco_parking build --build-base /home/jetson/EVC/workshops/final_project_v3/build/aruco_parking/build install --record /home/jetson/EVC/workshops/final_project_v3/build/aruco_parking/install.log --single-version-externally-managed install_data
[7.471s] running egg_info
[7.475s] creating ../../../build/aruco_parking/aruco_parking.egg-info
[7.477s] writing ../../../build/aruco_parking/aruco_parking.egg-info/PKG-INFO
[7.478s] writing dependency_links to ../../../build/aruco_parking/aruco_parking.egg-info/dependency_links.txt
[7.480s] writing entry points to ../../../build/aruco_parking/aruco_parking.egg-info/entry_points.txt
[7.481s] writing requirements to ../../../build/aruco_parking/aruco_parking.egg-info/requires.txt
[7.482s] writing top-level names to ../../../build/aruco_parking/aruco_parking.egg-info/top_level.txt
[7.490s] writing manifest file '../../../build/aruco_parking/aruco_parking.egg-info/SOURCES.txt'
[7.500s] reading manifest file '../../../build/aruco_parking/aruco_parking.egg-info/SOURCES.txt'
[7.505s] writing manifest file '../../../build/aruco_parking/aruco_parking.egg-info/SOURCES.txt'
[7.506s] running build
[7.507s] running build_py
[7.509s] creating /home/jetson/EVC/workshops/final_project_v3/build/aruco_parking/build
[7.509s] creating /home/jetson/EVC/workshops/final_project_v3/build/aruco_parking/build/lib
[7.510s] creating /home/jetson/EVC/workshops/final_project_v3/build/aruco_parking/build/lib/aruco_parking
[7.511s] copying aruco_parking/aruco_detector_node.py -> /home/jetson/EVC/workshops/final_project_v3/build/aruco_parking/build/lib/aruco_parking
[7.512s] copying aruco_parking/__init__.py -> /home/jetson/EVC/workshops/final_project_v3/build/aruco_parking/build/lib/aruco_parking
[7.519s] running install
[7.519s] running install_lib
[7.523s] creating /home/jetson/EVC/workshops/final_project_v3/install/aruco_parking/lib/python3.8/site-packages/aruco_parking
[7.523s] copying /home/jetson/EVC/workshops/final_project_v3/build/aruco_parking/build/lib/aruco_parking/aruco_detector_node.py -> /home/jetson/EVC/workshops/final_project_v3/install/aruco_parking/lib/python3.8/site-packages/aruco_parking
[7.531s] copying /home/jetson/EVC/workshops/final_project_v3/build/aruco_parking/build/lib/aruco_parking/__init__.py -> /home/jetson/EVC/workshops/final_project_v3/install/aruco_parking/lib/python3.8/site-packages/aruco_parking
[7.531s] byte-compiling /home/jetson/EVC/workshops/final_project_v3/install/aruco_parking/lib/python3.8/site-packages/aruco_parking/aruco_detector_node.py to aruco_detector_node.cpython-38.pyc
[7.535s] byte-compiling /home/jetson/EVC/workshops/final_project_v3/install/aruco_parking/lib/python3.8/site-packages/aruco_parking/__init__.py to __init__.cpython-38.pyc
[7.537s] running install_data
[7.539s] creating /home/jetson/EVC/workshops/final_project_v3/install/aruco_parking/share/ament_index
[7.540s] creating /home/jetson/EVC/workshops/final_project_v3/install/aruco_parking/share/ament_index/resource_index
[7.541s] creating /home/jetson/EVC/workshops/final_project_v3/install/aruco_parking/share/ament_index/resource_index/packages
[7.542s] copying resource/aruco_parking -> /home/jetson/EVC/workshops/final_project_v3/install/aruco_parking/share/ament_index/resource_index/packages
[7.544s] copying package.xml -> /home/jetson/EVC/workshops/final_project_v3/install/aruco_parking/share/aruco_parking
[7.545s] creating /home/jetson/EVC/workshops/final_project_v3/install/aruco_parking/share/aruco_parking/config
[7.545s] copying config/aruco_parking.yaml -> /home/jetson/EVC/workshops/final_project_v3/install/aruco_parking/share/aruco_parking/config
[7.547s] creating /home/jetson/EVC/workshops/final_project_v3/install/aruco_parking/share/aruco_parking/launch
[7.549s] copying launch/aruco_parking.launch.py -> /home/jetson/EVC/workshops/final_project_v3/install/aruco_parking/share/aruco_parking/launch
[7.552s] running install_egg_info
[7.560s] Copying ../../../build/aruco_parking/aruco_parking.egg-info to /home/jetson/EVC/workshops/final_project_v3/install/aruco_parking/lib/python3.8/site-packages/aruco_parking-0.0.0-py3.8.egg-info
[7.565s] running install_scripts
[7.666s] Installing aruco_detector_node script to /home/jetson/EVC/workshops/final_project_v3/install/aruco_parking/lib/aruco_parking
[7.671s] writing list of installed files to '/home/jetson/EVC/workshops/final_project_v3/build/aruco_parking/install.log'
[9.103s] Invoked command in '/home/jetson/EVC/workshops/final_project_v3/behaviors/aruco_parking/aruco_parking' returned '0': PYTHONPATH=/home/jetson/EVC/workshops/final_project_v3/build/aruco_parking/prefix_override:/usr/lib/python3/dist-packages/colcon_core/task/python/colcon_distutils_commands:/home/jetson/EVC/workshops/final_project_v3/install/aruco_parking/lib/python3.8/site-packages:${PYTHONPATH} /usr/bin/python3 -W ignore:setup.py install is deprecated -W ignore:easy_install command is deprecated setup.py egg_info --egg-base ../../../build/aruco_parking build --build-base /home/jetson/EVC/workshops/final_project_v3/build/aruco_parking/build install --record /home/jetson/EVC/workshops/final_project_v3/build/aruco_parking/install.log --single-version-externally-managed install_data
