[3.385s] Invoking command in '/home/jetson/EVC/workshops/final_project_v4/motion/control/motor_control': PYTHONPATH=/home/jetson/EVC/workshops/final_project_v4/build/motor_control/prefix_override:/usr/lib/python3/dist-packages/colcon_core/task/python/colcon_distutils_commands:/home/jetson/EVC/workshops/final_project_v4/install/motor_control/lib/python3.8/site-packages:${PYTHONPATH} /usr/bin/python3 -W ignore:setup.py install is deprecated -W ignore:easy_install command is deprecated setup.py egg_info --egg-base ../../../build/motor_control build --build-base /home/jetson/EVC/workshops/final_project_v4/build/motor_control/build install --record /home/jetson/EVC/workshops/final_project_v4/build/motor_control/install.log --install-scripts $base/lib/motor_control --single-version-externally-managed install_data
[4.483s] /usr/local/lib/python3.8/dist-packages/setuptools/dist.py:717: UserWarning: Usage of dash-separated 'script-dir' will not be supported in future versions. Please use the underscore name 'script_dir' instead
[4.484s]   warnings.warn(
[4.621s] running egg_info
[4.626s] writing ../../../build/motor_control/motor_control.egg-info/PKG-INFO
[4.626s] writing dependency_links to ../../../build/motor_control/motor_control.egg-info/dependency_links.txt
[4.627s] writing entry points to ../../../build/motor_control/motor_control.egg-info/entry_points.txt
[4.627s] writing requirements to ../../../build/motor_control/motor_control.egg-info/requires.txt
[4.627s] writing top-level names to ../../../build/motor_control/motor_control.egg-info/top_level.txt
[4.639s] reading manifest file '../../../build/motor_control/motor_control.egg-info/SOURCES.txt'
[4.644s] writing manifest file '../../../build/motor_control/motor_control.egg-info/SOURCES.txt'
[4.645s] running build
[4.645s] running build_py
[4.649s] running install
[4.653s] running install_lib
[4.665s] running install_data
[4.667s] running install_egg_info
[4.675s] removing '/home/jetson/EVC/workshops/final_project_v4/install/motor_control/lib/python3.8/site-packages/motor_control-0.0.0-py3.8.egg-info' (and everything under it)
[4.676s] Copying ../../../build/motor_control/motor_control.egg-info to /home/jetson/EVC/workshops/final_project_v4/install/motor_control/lib/python3.8/site-packages/motor_control-0.0.0-py3.8.egg-info
[4.682s] running install_scripts
[4.768s] Installing hand_follower script to /home/jetson/EVC/workshops/final_project_v4/install/motor_control/lib/motor_control
[4.771s] Installing kinematics_node script to /home/jetson/EVC/workshops/final_project_v4/install/motor_control/lib/motor_control
[4.771s] Installing movement_node script to /home/jetson/EVC/workshops/final_project_v4/install/motor_control/lib/motor_control
[4.772s] Installing odometry_node script to /home/jetson/EVC/workshops/final_project_v4/install/motor_control/lib/motor_control
[4.773s] Installing pid_controller script to /home/jetson/EVC/workshops/final_project_v4/install/motor_control/lib/motor_control
[4.775s] writing list of installed files to '/home/jetson/EVC/workshops/final_project_v4/build/motor_control/install.log'
[4.879s] Invoked command in '/home/jetson/EVC/workshops/final_project_v4/motion/control/motor_control' returned '0': PYTHONPATH=/home/jetson/EVC/workshops/final_project_v4/build/motor_control/prefix_override:/usr/lib/python3/dist-packages/colcon_core/task/python/colcon_distutils_commands:/home/jetson/EVC/workshops/final_project_v4/install/motor_control/lib/python3.8/site-packages:${PYTHONPATH} /usr/bin/python3 -W ignore:setup.py install is deprecated -W ignore:easy_install command is deprecated setup.py egg_info --egg-base ../../../build/motor_control build --build-base /home/jetson/EVC/workshops/final_project_v4/build/motor_control/build install --record /home/jetson/EVC/workshops/final_project_v4/build/motor_control/install.log --install-scripts $base/lib/motor_control --single-version-externally-managed install_data
