[5.868s] Invoking command in '/home/jetson/EVC/workshops/final_project_map_v2/final_project_v4/vision/camera/jetson_camera': PYTHONPATH=/home/jetson/EVC/workshops/final_project_map_v2/final_project_v4/build/jetson_camera/prefix_override:/usr/lib/python3/dist-packages/colcon_core/task/python/colcon_distutils_commands:/home/jetson/EVC/workshops/final_project_map_v2/final_project_v4/install/jetson_camera/lib/python3.8/site-packages:${PYTHONPATH} /usr/bin/python3 -W ignore:setup.py install is deprecated -W ignore:easy_install command is deprecated setup.py egg_info --egg-base ../../../build/jetson_camera build --build-base /home/jetson/EVC/workshops/final_project_map_v2/final_project_v4/build/jetson_camera/build install --record /home/jetson/EVC/workshops/final_project_map_v2/final_project_v4/build/jetson_camera/install.log --single-version-externally-managed install_data
[7.143s] running egg_info
[7.147s] writing ../../../build/jetson_camera/jetson_camera.egg-info/PKG-INFO
[7.148s] writing dependency_links to ../../../build/jetson_camera/jetson_camera.egg-info/dependency_links.txt
[7.150s] writing entry points to ../../../build/jetson_camera/jetson_camera.egg-info/entry_points.txt
[7.151s] writing requirements to ../../../build/jetson_camera/jetson_camera.egg-info/requires.txt
[7.153s] writing top-level names to ../../../build/jetson_camera/jetson_camera.egg-info/top_level.txt
[7.168s] reading manifest file '../../../build/jetson_camera/jetson_camera.egg-info/SOURCES.txt'
[7.174s] writing manifest file '../../../build/jetson_camera/jetson_camera.egg-info/SOURCES.txt'
[7.175s] running build
[7.176s] running build_py
[7.178s] copying jetson_camera/processing_node.py -> /home/jetson/EVC/workshops/final_project_map_v2/final_project_v4/build/jetson_camera/build/lib/jetson_camera
[7.180s] copying jetson_camera/publisher_node.py -> /home/jetson/EVC/workshops/final_project_map_v2/final_project_v4/build/jetson_camera/build/lib/jetson_camera
[7.182s] running install
[7.187s] running install_lib
[7.192s] copying /home/jetson/EVC/workshops/final_project_map_v2/final_project_v4/build/jetson_camera/build/lib/jetson_camera/processing_node.py -> /home/jetson/EVC/workshops/final_project_map_v2/final_project_v4/install/jetson_camera/lib/python3.8/site-packages/jetson_camera
[7.193s] copying /home/jetson/EVC/workshops/final_project_map_v2/final_project_v4/build/jetson_camera/build/lib/jetson_camera/publisher_node.py -> /home/jetson/EVC/workshops/final_project_map_v2/final_project_v4/install/jetson_camera/lib/python3.8/site-packages/jetson_camera
[7.196s] byte-compiling /home/jetson/EVC/workshops/final_project_map_v2/final_project_v4/install/jetson_camera/lib/python3.8/site-packages/jetson_camera/processing_node.py to processing_node.cpython-38.pyc
[7.202s] byte-compiling /home/jetson/EVC/workshops/final_project_map_v2/final_project_v4/install/jetson_camera/lib/python3.8/site-packages/jetson_camera/publisher_node.py to publisher_node.cpython-38.pyc
[7.206s] running install_data
[7.208s] running install_egg_info
[7.216s] removing '/home/jetson/EVC/workshops/final_project_map_v2/final_project_v4/install/jetson_camera/lib/python3.8/site-packages/jetson_camera-0.0.0-py3.8.egg-info' (and everything under it)
[7.217s] Copying ../../../build/jetson_camera/jetson_camera.egg-info to /home/jetson/EVC/workshops/final_project_map_v2/final_project_v4/install/jetson_camera/lib/python3.8/site-packages/jetson_camera-0.0.0-py3.8.egg-info
[7.221s] running install_scripts
[7.307s] Installing calibrate_camera script to /home/jetson/EVC/workshops/final_project_map_v2/final_project_v4/install/jetson_camera/lib/jetson_camera
[7.309s] Installing pair_subscriber_node script to /home/jetson/EVC/workshops/final_project_map_v2/final_project_v4/install/jetson_camera/lib/jetson_camera
[7.309s] Installing processing_node script to /home/jetson/EVC/workshops/final_project_map_v2/final_project_v4/install/jetson_camera/lib/jetson_camera
[7.310s] Installing publisher_node script to /home/jetson/EVC/workshops/final_project_map_v2/final_project_v4/install/jetson_camera/lib/jetson_camera
[7.310s] Installing subscriber_node script to /home/jetson/EVC/workshops/final_project_map_v2/final_project_v4/install/jetson_camera/lib/jetson_camera
[7.313s] writing list of installed files to '/home/jetson/EVC/workshops/final_project_map_v2/final_project_v4/build/jetson_camera/install.log'
[7.426s] Invoked command in '/home/jetson/EVC/workshops/final_project_map_v2/final_project_v4/vision/camera/jetson_camera' returned '0': PYTHONPATH=/home/jetson/EVC/workshops/final_project_map_v2/final_project_v4/build/jetson_camera/prefix_override:/usr/lib/python3/dist-packages/colcon_core/task/python/colcon_distutils_commands:/home/jetson/EVC/workshops/final_project_map_v2/final_project_v4/install/jetson_camera/lib/python3.8/site-packages:${PYTHONPATH} /usr/bin/python3 -W ignore:setup.py install is deprecated -W ignore:easy_install command is deprecated setup.py egg_info --egg-base ../../../build/jetson_camera build --build-base /home/jetson/EVC/workshops/final_project_map_v2/final_project_v4/build/jetson_camera/build install --record /home/jetson/EVC/workshops/final_project_map_v2/final_project_v4/build/jetson_camera/install.log --single-version-externally-managed install_data
