[7.000s] Invoking command in '/home/jetson/EVC/workshops/final_project_v5/vision/camera/jetson_camera': PYTHONPATH=/home/jetson/EVC/workshops/final_project_v5/build/jetson_camera/prefix_override:/usr/lib/python3/dist-packages/colcon_core/task/python/colcon_distutils_commands:/home/jetson/EVC/workshops/final_project_v5/install/jetson_camera/lib/python3.8/site-packages:${PYTHONPATH} /usr/bin/python3 -W ignore:setup.py install is deprecated -W ignore:easy_install command is deprecated setup.py egg_info --egg-base ../../../build/jetson_camera build --build-base /home/jetson/EVC/workshops/final_project_v5/build/jetson_camera/build install --record /home/jetson/EVC/workshops/final_project_v5/build/jetson_camera/install.log --single-version-externally-managed install_data
[8.827s] running egg_info
[8.833s] writing ../../../build/jetson_camera/jetson_camera.egg-info/PKG-INFO
[8.835s] writing dependency_links to ../../../build/jetson_camera/jetson_camera.egg-info/dependency_links.txt
[8.835s] writing entry points to ../../../build/jetson_camera/jetson_camera.egg-info/entry_points.txt
[8.837s] writing requirements to ../../../build/jetson_camera/jetson_camera.egg-info/requires.txt
[8.838s] writing top-level names to ../../../build/jetson_camera/jetson_camera.egg-info/top_level.txt
[8.856s] reading manifest file '../../../build/jetson_camera/jetson_camera.egg-info/SOURCES.txt'
[8.864s] writing manifest file '../../../build/jetson_camera/jetson_camera.egg-info/SOURCES.txt'
[8.866s] running build
[8.866s] running build_py
[8.867s] running install
[8.873s] running install_lib
[8.884s] running install_data
[8.886s] running install_egg_info
[8.897s] removing '/home/jetson/EVC/workshops/final_project_v5/install/jetson_camera/lib/python3.8/site-packages/jetson_camera-0.0.0-py3.8.egg-info' (and everything under it)
[8.900s] Copying ../../../build/jetson_camera/jetson_camera.egg-info to /home/jetson/EVC/workshops/final_project_v5/install/jetson_camera/lib/python3.8/site-packages/jetson_camera-0.0.0-py3.8.egg-info
[8.905s] running install_scripts
[9.019s] Installing calibrate_camera script to /home/jetson/EVC/workshops/final_project_v5/install/jetson_camera/lib/jetson_camera
[9.021s] Installing pair_subscriber_node script to /home/jetson/EVC/workshops/final_project_v5/install/jetson_camera/lib/jetson_camera
[9.022s] Installing processing_node script to /home/jetson/EVC/workshops/final_project_v5/install/jetson_camera/lib/jetson_camera
[9.023s] Installing publisher_node script to /home/jetson/EVC/workshops/final_project_v5/install/jetson_camera/lib/jetson_camera
[9.023s] Installing subscriber_node script to /home/jetson/EVC/workshops/final_project_v5/install/jetson_camera/lib/jetson_camera
[9.031s] writing list of installed files to '/home/jetson/EVC/workshops/final_project_v5/build/jetson_camera/install.log'
[9.150s] Invoked command in '/home/jetson/EVC/workshops/final_project_v5/vision/camera/jetson_camera' returned '0': PYTHONPATH=/home/jetson/EVC/workshops/final_project_v5/build/jetson_camera/prefix_override:/usr/lib/python3/dist-packages/colcon_core/task/python/colcon_distutils_commands:/home/jetson/EVC/workshops/final_project_v5/install/jetson_camera/lib/python3.8/site-packages:${PYTHONPATH} /usr/bin/python3 -W ignore:setup.py install is deprecated -W ignore:easy_install command is deprecated setup.py egg_info --egg-base ../../../build/jetson_camera build --build-base /home/jetson/EVC/workshops/final_project_v5/build/jetson_camera/build install --record /home/jetson/EVC/workshops/final_project_v5/build/jetson_camera/install.log --single-version-externally-managed install_data
