[6.712s] Invoking command in '/home/jetson/EVC/workshops/final_project_v4/behaviors/line_following/line_following': PYTHONPATH=/home/jetson/EVC/workshops/final_project_v4/build/line_following/prefix_override:/usr/lib/python3/dist-packages/colcon_core/task/python/colcon_distutils_commands:/home/jetson/EVC/workshops/final_project_v4/install/line_following/lib/python3.8/site-packages:${PYTHONPATH} /usr/bin/python3 -W ignore:setup.py install is deprecated -W ignore:easy_install command is deprecated setup.py egg_info --egg-base ../../../build/line_following build --build-base /home/jetson/EVC/workshops/final_project_v4/build/line_following/build install --record /home/jetson/EVC/workshops/final_project_v4/build/line_following/install.log --single-version-externally-managed install_data
[8.602s] running egg_info
[8.618s] writing ../../../build/line_following/line_following.egg-info/PKG-INFO
[8.619s] writing dependency_links to ../../../build/line_following/line_following.egg-info/dependency_links.txt
[8.620s] writing entry points to ../../../build/line_following/line_following.egg-info/entry_points.txt
[8.620s] writing requirements to ../../../build/line_following/line_following.egg-info/requires.txt
[8.621s] writing top-level names to ../../../build/line_following/line_following.egg-info/top_level.txt
[8.653s] reading manifest file '../../../build/line_following/line_following.egg-info/SOURCES.txt'
[8.664s] writing manifest file '../../../build/line_following/line_following.egg-info/SOURCES.txt'
[8.666s] running build
[8.668s] running build_py
[8.668s] copying line_following/navigator_node.py -> /home/jetson/EVC/workshops/final_project_v4/build/line_following/build/lib/line_following
[8.669s] running install
[8.679s] running install_lib
[8.695s] copying /home/jetson/EVC/workshops/final_project_v4/build/line_following/build/lib/line_following/navigator_node.py -> /home/jetson/EVC/workshops/final_project_v4/install/line_following/lib/python3.8/site-packages/line_following
[8.698s] byte-compiling /home/jetson/EVC/workshops/final_project_v4/install/line_following/lib/python3.8/site-packages/line_following/navigator_node.py to navigator_node.cpython-38.pyc
[8.705s] running install_data
[8.706s] running install_egg_info
[8.725s] removing '/home/jetson/EVC/workshops/final_project_v4/install/line_following/lib/python3.8/site-packages/line_following-0.0.0-py3.8.egg-info' (and everything under it)
[8.727s] Copying ../../../build/line_following/line_following.egg-info to /home/jetson/EVC/workshops/final_project_v4/install/line_following/lib/python3.8/site-packages/line_following-0.0.0-py3.8.egg-info
[8.745s] running install_scripts
[8.898s] Installing angular_tracker script to /home/jetson/EVC/workshops/final_project_v4/install/line_following/lib/line_following
[8.899s] Installing line_tracker script to /home/jetson/EVC/workshops/final_project_v4/install/line_following/lib/line_following
[8.912s] Installing navigator script to /home/jetson/EVC/workshops/final_project_v4/install/line_following/lib/line_following
[8.913s] writing list of installed files to '/home/jetson/EVC/workshops/final_project_v4/build/line_following/install.log'
[9.063s] Invoked command in '/home/jetson/EVC/workshops/final_project_v4/behaviors/line_following/line_following' returned '0': PYTHONPATH=/home/jetson/EVC/workshops/final_project_v4/build/line_following/prefix_override:/usr/lib/python3/dist-packages/colcon_core/task/python/colcon_distutils_commands:/home/jetson/EVC/workshops/final_project_v4/install/line_following/lib/python3.8/site-packages:${PYTHONPATH} /usr/bin/python3 -W ignore:setup.py install is deprecated -W ignore:easy_install command is deprecated setup.py egg_info --egg-base ../../../build/line_following build --build-base /home/jetson/EVC/workshops/final_project_v4/build/line_following/build install --record /home/jetson/EVC/workshops/final_project_v4/build/line_following/install.log --single-version-externally-managed install_data
