[5.893s] Invoking command in '/home/jetson/EVC/workshops/final_project_v3/vision/camera/jetson_camera': PYTHONPATH=/home/jetson/EVC/workshops/final_project_v3/build/jetson_camera/prefix_override:/usr/lib/python3/dist-packages/colcon_core/task/python/colcon_distutils_commands:/home/jetson/EVC/workshops/final_project_v3/install/jetson_camera/lib/python3.8/site-packages: /usr/bin/python3 -W ignore:setup.py install is deprecated -W ignore:easy_install command is deprecated setup.py egg_info --egg-base ../../../build/jetson_camera build --build-base /home/jetson/EVC/workshops/final_project_v3/build/jetson_camera/build install --record /home/jetson/EVC/workshops/final_project_v3/build/jetson_camera/install.log --single-version-externally-managed install_data
[7.109s] running egg_info
[7.112s] writing ../../../build/jetson_camera/jetson_camera.egg-info/PKG-INFO
[7.114s] writing dependency_links to ../../../build/jetson_camera/jetson_camera.egg-info/dependency_links.txt
[7.116s] writing entry points to ../../../build/jetson_camera/jetson_camera.egg-info/entry_points.txt
[7.117s] writing requirements to ../../../build/jetson_camera/jetson_camera.egg-info/requires.txt
[7.118s] writing top-level names to ../../../build/jetson_camera/jetson_camera.egg-info/top_level.txt
[7.134s] reading manifest file '../../../build/jetson_camera/jetson_camera.egg-info/SOURCES.txt'
[7.141s] writing manifest file '../../../build/jetson_camera/jetson_camera.egg-info/SOURCES.txt'
[7.142s] running build
[7.143s] running build_py
[7.146s] running install
[7.150s] running install_lib
[7.161s] running install_data
[7.163s] running install_egg_info
[7.172s] removing '/home/jetson/EVC/workshops/final_project_v3/install/jetson_camera/lib/python3.8/site-packages/jetson_camera-0.0.0-py3.8.egg-info' (and everything under it)
[7.174s] Copying ../../../build/jetson_camera/jetson_camera.egg-info to /home/jetson/EVC/workshops/final_project_v3/install/jetson_camera/lib/python3.8/site-packages/jetson_camera-0.0.0-py3.8.egg-info
[7.181s] running install_scripts
[7.265s] Installing calibrate_camera script to /home/jetson/EVC/workshops/final_project_v3/install/jetson_camera/lib/jetson_camera
[7.267s] Installing pair_subscriber_node script to /home/jetson/EVC/workshops/final_project_v3/install/jetson_camera/lib/jetson_camera
[7.269s] Installing processing_node script to /home/jetson/EVC/workshops/final_project_v3/install/jetson_camera/lib/jetson_camera
[7.270s] Installing publisher_node script to /home/jetson/EVC/workshops/final_project_v3/install/jetson_camera/lib/jetson_camera
[7.272s] Installing subscriber_node script to /home/jetson/EVC/workshops/final_project_v3/install/jetson_camera/lib/jetson_camera
[7.276s] writing list of installed files to '/home/jetson/EVC/workshops/final_project_v3/build/jetson_camera/install.log'
[7.442s] Invoked command in '/home/jetson/EVC/workshops/final_project_v3/vision/camera/jetson_camera' returned '0': PYTHONPATH=/home/jetson/EVC/workshops/final_project_v3/build/jetson_camera/prefix_override:/usr/lib/python3/dist-packages/colcon_core/task/python/colcon_distutils_commands:/home/jetson/EVC/workshops/final_project_v3/install/jetson_camera/lib/python3.8/site-packages: /usr/bin/python3 -W ignore:setup.py install is deprecated -W ignore:easy_install command is deprecated setup.py egg_info --egg-base ../../../build/jetson_camera build --build-base /home/jetson/EVC/workshops/final_project_v3/build/jetson_camera/build install --record /home/jetson/EVC/workshops/final_project_v3/build/jetson_camera/install.log --single-version-externally-managed install_data
