[0.103s] Invoking command in '/home/jetson/EVC/workshops/final_project_v3/build/jetson_camera_interfaces': CMAKE_PREFIX_PATH=/opt/ros/foxy /usr/bin/cmake --build /home/jetson/EVC/workshops/final_project_v3/build/jetson_camera_interfaces -- -j4 -l4
[3.753s] [  3%] Built target jetson_camera_interfaces__cpp
[3.753s] [ 12%] Built target jetson_camera_interfaces__rosidl_generator_c
[3.753s] [ 22%] Built target jetson_camera_interfaces__rosidl_typesupport_introspection_cpp
[3.754s] [ 32%] Built target jetson_camera_interfaces__rosidl_typesupport_fastrtps_cpp
[3.754s] [ 41%] Built target jetson_camera_interfaces__rosidl_typesupport_cpp
[3.754s] [ 51%] Built target jetson_camera_interfaces__rosidl_typesupport_introspection_c
[3.755s] [ 61%] Built target jetson_camera_interfaces__rosidl_typesupport_c
[3.755s] [ 70%] Built target jetson_camera_interfaces__rosidl_typesupport_fastrtps_c
[3.756s] [ 70%] Built target jetson_camera_interfaces
[3.757s] [ 74%] Built target jetson_camera_interfaces__py
[3.760s] [ 80%] Built target jetson_camera_interfaces__python
[3.760s] [100%] Built target jetson_camera_interfaces__rosidl_typesupport_c__pyext
[3.761s] [100%] Built target jetson_camera_interfaces__rosidl_typesupport_fastrtps_c__pyext
[3.761s] [100%] Built target jetson_camera_interfaces__rosidl_typesupport_introspection_c__pyext
[3.762s] Invoked command in '/home/jetson/EVC/workshops/final_project_v3/build/jetson_camera_interfaces' returned '0': CMAKE_PREFIX_PATH=/opt/ros/foxy /usr/bin/cmake --build /home/jetson/EVC/workshops/final_project_v3/build/jetson_camera_interfaces -- -j4 -l4
[3.802s] Invoking command in '/home/jetson/EVC/workshops/final_project_v3/build/jetson_camera_interfaces': CMAKE_PREFIX_PATH=/opt/ros/foxy /usr/bin/cmake --install /home/jetson/EVC/workshops/final_project_v3/build/jetson_camera_interfaces
[3.847s] -- Install configuration: ""
[3.849s] -- Up-to-date: /home/jetson/EVC/workshops/final_project_v3/install/jetson_camera_interfaces/share/ament_index/resource_index/rosidl_interfaces/jetson_camera_interfaces
[3.850s] -- Up-to-date: /home/jetson/EVC/workshops/final_project_v3/install/jetson_camera_interfaces/include/jetson_camera_interfaces
[3.851s] -- Up-to-date: /home/jetson/EVC/workshops/final_project_v3/install/jetson_camera_interfaces/include/jetson_camera_interfaces/msg
[3.853s] -- Up-to-date: /home/jetson/EVC/workshops/final_project_v3/install/jetson_camera_interfaces/include/jetson_camera_interfaces/msg/detail
[3.854s] -- Up-to-date: /home/jetson/EVC/workshops/final_project_v3/install/jetson_camera_interfaces/include/jetson_camera_interfaces/msg/detail/processed_image_pair__functions.h
[3.855s] -- Up-to-date: /home/jetson/EVC/workshops/final_project_v3/install/jetson_camera_interfaces/include/jetson_camera_interfaces/msg/detail/processed_image_pair__struct.h
[3.856s] -- Up-to-date: /home/jetson/EVC/workshops/final_project_v3/install/jetson_camera_interfaces/include/jetson_camera_interfaces/msg/detail/processed_image_pair__type_support.h
[3.856s] -- Up-to-date: /home/jetson/EVC/workshops/final_project_v3/install/jetson_camera_interfaces/include/jetson_camera_interfaces/msg/detail/processed_image_pair__functions.c
[3.857s] -- Up-to-date: /home/jetson/EVC/workshops/final_project_v3/install/jetson_camera_interfaces/include/jetson_camera_interfaces/msg/rosidl_generator_c__visibility_control.h
[3.857s] -- Up-to-date: /home/jetson/EVC/workshops/final_project_v3/install/jetson_camera_interfaces/include/jetson_camera_interfaces/msg/processed_image_pair.h
[3.858s] -- Up-to-date: /home/jetson/EVC/workshops/final_project_v3/install/jetson_camera_interfaces/share/jetson_camera_interfaces/environment/library_path.sh
[3.858s] -- Up-to-date: /home/jetson/EVC/workshops/final_project_v3/install/jetson_camera_interfaces/share/jetson_camera_interfaces/environment/library_path.dsv
[3.859s] -- Up-to-date: /home/jetson/EVC/workshops/final_project_v3/install/jetson_camera_interfaces/lib/libjetson_camera_interfaces__rosidl_generator_c.so
[3.864s] -- Up-to-date: /home/jetson/EVC/workshops/final_project_v3/install/jetson_camera_interfaces/include/jetson_camera_interfaces
[3.865s] -- Up-to-date: /home/jetson/EVC/workshops/final_project_v3/install/jetson_camera_interfaces/include/jetson_camera_interfaces/msg
[3.865s] -- Up-to-date: /home/jetson/EVC/workshops/final_project_v3/install/jetson_camera_interfaces/include/jetson_camera_interfaces/msg/detail
[3.866s] -- Up-to-date: /home/jetson/EVC/workshops/final_project_v3/install/jetson_camera_interfaces/include/jetson_camera_interfaces/msg/detail/processed_image_pair__rosidl_typesupport_fastrtps_c.h
[3.866s] -- Up-to-date: /home/jetson/EVC/workshops/final_project_v3/install/jetson_camera_interfaces/include/jetson_camera_interfaces/msg/rosidl_typesupport_fastrtps_c__visibility_control.h
[3.867s] -- Up-to-date: /home/jetson/EVC/workshops/final_project_v3/install/jetson_camera_interfaces/lib/libjetson_camera_interfaces__rosidl_typesupport_fastrtps_c.so
[3.879s] -- Up-to-date: /home/jetson/EVC/workshops/final_project_v3/install/jetson_camera_interfaces/include/jetson_camera_interfaces
[3.882s] -- Up-to-date: /home/jetson/EVC/workshops/final_project_v3/install/jetson_camera_interfaces/include/jetson_camera_interfaces/msg
[3.882s] -- Up-to-date: /home/jetson/EVC/workshops/final_project_v3/install/jetson_camera_interfaces/include/jetson_camera_interfaces/msg/detail
[3.883s] -- Up-to-date: /home/jetson/EVC/workshops/final_project_v3/install/jetson_camera_interfaces/include/jetson_camera_interfaces/msg/detail/processed_image_pair__rosidl_typesupport_fastrtps_cpp.hpp
[3.883s] -- Up-to-date: /home/jetson/EVC/workshops/final_project_v3/install/jetson_camera_interfaces/include/jetson_camera_interfaces/msg/detail/dds_fastrtps
[3.884s] -- Up-to-date: /home/jetson/EVC/workshops/final_project_v3/install/jetson_camera_interfaces/include/jetson_camera_interfaces/msg/rosidl_typesupport_fastrtps_cpp__visibility_control.h
[3.884s] -- Up-to-date: /home/jetson/EVC/workshops/final_project_v3/install/jetson_camera_interfaces/lib/libjetson_camera_interfaces__rosidl_typesupport_fastrtps_cpp.so
[3.885s] -- Up-to-date: /home/jetson/EVC/workshops/final_project_v3/install/jetson_camera_interfaces/include/jetson_camera_interfaces
[3.885s] -- Up-to-date: /home/jetson/EVC/workshops/final_project_v3/install/jetson_camera_interfaces/include/jetson_camera_interfaces/msg
[3.885s] -- Up-to-date: /home/jetson/EVC/workshops/final_project_v3/install/jetson_camera_interfaces/include/jetson_camera_interfaces/msg/detail
[3.886s] -- Up-to-date: /home/jetson/EVC/workshops/final_project_v3/install/jetson_camera_interfaces/include/jetson_camera_interfaces/msg/detail/processed_image_pair__rosidl_typesupport_introspection_c.h
[3.886s] -- Up-to-date: /home/jetson/EVC/workshops/final_project_v3/install/jetson_camera_interfaces/include/jetson_camera_interfaces/msg/detail/processed_image_pair__type_support.c
[3.887s] -- Up-to-date: /home/jetson/EVC/workshops/final_project_v3/install/jetson_camera_interfaces/include/jetson_camera_interfaces/msg/rosidl_typesupport_introspection_c__visibility_control.h
[3.887s] -- Up-to-date: /home/jetson/EVC/workshops/final_project_v3/install/jetson_camera_interfaces/lib/libjetson_camera_interfaces__rosidl_typesupport_introspection_c.so
[3.888s] -- Up-to-date: /home/jetson/EVC/workshops/final_project_v3/install/jetson_camera_interfaces/lib/libjetson_camera_interfaces__rosidl_typesupport_c.so
[3.888s] -- Up-to-date: /home/jetson/EVC/workshops/final_project_v3/install/jetson_camera_interfaces/include/jetson_camera_interfaces
[3.889s] -- Up-to-date: /home/jetson/EVC/workshops/final_project_v3/install/jetson_camera_interfaces/include/jetson_camera_interfaces/msg
[3.889s] -- Up-to-date: /home/jetson/EVC/workshops/final_project_v3/install/jetson_camera_interfaces/include/jetson_camera_interfaces/msg/detail
[3.890s] -- Up-to-date: /home/jetson/EVC/workshops/final_project_v3/install/jetson_camera_interfaces/include/jetson_camera_interfaces/msg/detail/processed_image_pair__traits.hpp
[3.890s] -- Up-to-date: /home/jetson/EVC/workshops/final_project_v3/install/jetson_camera_interfaces/include/jetson_camera_interfaces/msg/detail/processed_image_pair__builder.hpp
[3.890s] -- Up-to-date: /home/jetson/EVC/workshops/final_project_v3/install/jetson_camera_interfaces/include/jetson_camera_interfaces/msg/detail/processed_image_pair__struct.hpp
[3.891s] -- Up-to-date: /home/jetson/EVC/workshops/final_project_v3/install/jetson_camera_interfaces/include/jetson_camera_interfaces/msg/detail/processed_image_pair__type_support.hpp
[3.891s] -- Up-to-date: /home/jetson/EVC/workshops/final_project_v3/install/jetson_camera_interfaces/include/jetson_camera_interfaces/msg/rosidl_generator_cpp__visibility_control.hpp
[3.892s] -- Up-to-date: /home/jetson/EVC/workshops/final_project_v3/install/jetson_camera_interfaces/include/jetson_camera_interfaces/msg/processed_image_pair.hpp
[3.892s] -- Up-to-date: /home/jetson/EVC/workshops/final_project_v3/install/jetson_camera_interfaces/include/jetson_camera_interfaces
[3.893s] -- Up-to-date: /home/jetson/EVC/workshops/final_project_v3/install/jetson_camera_interfaces/include/jetson_camera_interfaces/msg
[3.893s] -- Up-to-date: /home/jetson/EVC/workshops/final_project_v3/install/jetson_camera_interfaces/include/jetson_camera_interfaces/msg/detail
[3.893s] -- Up-to-date: /home/jetson/EVC/workshops/final_project_v3/install/jetson_camera_interfaces/include/jetson_camera_interfaces/msg/detail/processed_image_pair__rosidl_typesupport_introspection_cpp.hpp
[3.894s] -- Up-to-date: /home/jetson/EVC/workshops/final_project_v3/install/jetson_camera_interfaces/include/jetson_camera_interfaces/msg/detail/processed_image_pair__type_support.cpp
[3.894s] -- Up-to-date: /home/jetson/EVC/workshops/final_project_v3/install/jetson_camera_interfaces/lib/libjetson_camera_interfaces__rosidl_typesupport_introspection_cpp.so
[3.895s] -- Up-to-date: /home/jetson/EVC/workshops/final_project_v3/install/jetson_camera_interfaces/lib/libjetson_camera_interfaces__rosidl_typesupport_cpp.so
[3.895s] -- Up-to-date: /home/jetson/EVC/workshops/final_project_v3/install/jetson_camera_interfaces/share/jetson_camera_interfaces/environment/pythonpath.sh
[3.896s] -- Up-to-date: /home/jetson/EVC/workshops/final_project_v3/install/jetson_camera_interfaces/share/jetson_camera_interfaces/environment/pythonpath.dsv
[3.896s] -- Up-to-date: /home/jetson/EVC/workshops/final_project_v3/install/jetson_camera_interfaces/lib/python3.8/site-packages/jetson_camera_interfaces/__init__.py
[4.042s] -- Up-to-date: /home/jetson/EVC/workshops/final_project_v3/install/jetson_camera_interfaces/lib/python3.8/site-packages/jetson_camera_interfaces/msg
[4.043s] -- Up-to-date: /home/jetson/EVC/workshops/final_project_v3/install/jetson_camera_interfaces/lib/python3.8/site-packages/jetson_camera_interfaces/msg/_processed_image_pair_s.c
[4.043s] -- Up-to-date: /home/jetson/EVC/workshops/final_project_v3/install/jetson_camera_interfaces/lib/python3.8/site-packages/jetson_camera_interfaces/msg/_processed_image_pair.py
[4.044s] -- Up-to-date: /home/jetson/EVC/workshops/final_project_v3/install/jetson_camera_interfaces/lib/python3.8/site-packages/jetson_camera_interfaces/msg/__init__.py
[4.044s] -- Up-to-date: /home/jetson/EVC/workshops/final_project_v3/install/jetson_camera_interfaces/lib/python3.8/site-packages/jetson_camera_interfaces/jetson_camera_interfaces_s__rosidl_typesupport_fastrtps_c.cpython-38-aarch64-linux-gnu.so
[4.047s] -- Up-to-date: /home/jetson/EVC/workshops/final_project_v3/install/jetson_camera_interfaces/lib/python3.8/site-packages/jetson_camera_interfaces/jetson_camera_interfaces_s__rosidl_typesupport_introspection_c.cpython-38-aarch64-linux-gnu.so
[4.050s] -- Up-to-date: /home/jetson/EVC/workshops/final_project_v3/install/jetson_camera_interfaces/lib/python3.8/site-packages/jetson_camera_interfaces/jetson_camera_interfaces_s__rosidl_typesupport_c.cpython-38-aarch64-linux-gnu.so
[4.052s] -- Up-to-date: /home/jetson/EVC/workshops/final_project_v3/install/jetson_camera_interfaces/lib/libjetson_camera_interfaces__python.so
[4.054s] -- Up-to-date: /home/jetson/EVC/workshops/final_project_v3/install/jetson_camera_interfaces/share/jetson_camera_interfaces/msg/ProcessedImagePair.idl
[4.056s] -- Up-to-date: /home/jetson/EVC/workshops/final_project_v3/install/jetson_camera_interfaces/share/jetson_camera_interfaces/msg/ProcessedImagePair.msg
[4.057s] -- Up-to-date: /home/jetson/EVC/workshops/final_project_v3/install/jetson_camera_interfaces/share/ament_index/resource_index/package_run_dependencies/jetson_camera_interfaces
[4.058s] -- Up-to-date: /home/jetson/EVC/workshops/final_project_v3/install/jetson_camera_interfaces/share/ament_index/resource_index/parent_prefix_path/jetson_camera_interfaces
[4.059s] -- Up-to-date: /home/jetson/EVC/workshops/final_project_v3/install/jetson_camera_interfaces/share/jetson_camera_interfaces/environment/ament_prefix_path.sh
[4.060s] -- Up-to-date: /home/jetson/EVC/workshops/final_project_v3/install/jetson_camera_interfaces/share/jetson_camera_interfaces/environment/ament_prefix_path.dsv
[4.061s] -- Up-to-date: /home/jetson/EVC/workshops/final_project_v3/install/jetson_camera_interfaces/share/jetson_camera_interfaces/environment/path.sh
[4.062s] -- Up-to-date: /home/jetson/EVC/workshops/final_project_v3/install/jetson_camera_interfaces/share/jetson_camera_interfaces/environment/path.dsv
[4.064s] -- Up-to-date: /home/jetson/EVC/workshops/final_project_v3/install/jetson_camera_interfaces/share/jetson_camera_interfaces/local_setup.bash
[4.065s] -- Up-to-date: /home/jetson/EVC/workshops/final_project_v3/install/jetson_camera_interfaces/share/jetson_camera_interfaces/local_setup.sh
[4.066s] -- Up-to-date: /home/jetson/EVC/workshops/final_project_v3/install/jetson_camera_interfaces/share/jetson_camera_interfaces/local_setup.zsh
[4.067s] -- Up-to-date: /home/jetson/EVC/workshops/final_project_v3/install/jetson_camera_interfaces/share/jetson_camera_interfaces/local_setup.dsv
[4.069s] -- Installing: /home/jetson/EVC/workshops/final_project_v3/install/jetson_camera_interfaces/share/jetson_camera_interfaces/package.dsv
[4.071s] -- Up-to-date: /home/jetson/EVC/workshops/final_project_v3/install/jetson_camera_interfaces/share/ament_index/resource_index/packages/jetson_camera_interfaces
[4.072s] -- Up-to-date: /home/jetson/EVC/workshops/final_project_v3/install/jetson_camera_interfaces/share/jetson_camera_interfaces/cmake/jetson_camera_interfaces__rosidl_generator_cExport.cmake
[4.074s] -- Up-to-date: /home/jetson/EVC/workshops/final_project_v3/install/jetson_camera_interfaces/share/jetson_camera_interfaces/cmake/jetson_camera_interfaces__rosidl_generator_cExport-noconfig.cmake
[4.076s] -- Up-to-date: /home/jetson/EVC/workshops/final_project_v3/install/jetson_camera_interfaces/share/jetson_camera_interfaces/cmake/jetson_camera_interfaces__rosidl_typesupport_introspection_cExport.cmake
[4.077s] -- Up-to-date: /home/jetson/EVC/workshops/final_project_v3/install/jetson_camera_interfaces/share/jetson_camera_interfaces/cmake/jetson_camera_interfaces__rosidl_typesupport_introspection_cExport-noconfig.cmake
[4.079s] -- Up-to-date: /home/jetson/EVC/workshops/final_project_v3/install/jetson_camera_interfaces/share/jetson_camera_interfaces/cmake/jetson_camera_interfaces__rosidl_typesupport_cExport.cmake
[4.080s] -- Up-to-date: /home/jetson/EVC/workshops/final_project_v3/install/jetson_camera_interfaces/share/jetson_camera_interfaces/cmake/jetson_camera_interfaces__rosidl_typesupport_cExport-noconfig.cmake
[4.082s] -- Up-to-date: /home/jetson/EVC/workshops/final_project_v3/install/jetson_camera_interfaces/share/jetson_camera_interfaces/cmake/jetson_camera_interfaces__rosidl_generator_cppExport.cmake
[4.084s] -- Up-to-date: /home/jetson/EVC/workshops/final_project_v3/install/jetson_camera_interfaces/share/jetson_camera_interfaces/cmake/jetson_camera_interfaces__rosidl_typesupport_introspection_cppExport.cmake
[4.085s] -- Up-to-date: /home/jetson/EVC/workshops/final_project_v3/install/jetson_camera_interfaces/share/jetson_camera_interfaces/cmake/jetson_camera_interfaces__rosidl_typesupport_introspection_cppExport-noconfig.cmake
[4.087s] -- Up-to-date: /home/jetson/EVC/workshops/final_project_v3/install/jetson_camera_interfaces/share/jetson_camera_interfaces/cmake/jetson_camera_interfaces__rosidl_typesupport_cppExport.cmake
[4.088s] -- Up-to-date: /home/jetson/EVC/workshops/final_project_v3/install/jetson_camera_interfaces/share/jetson_camera_interfaces/cmake/jetson_camera_interfaces__rosidl_typesupport_cppExport-noconfig.cmake
[4.089s] -- Up-to-date: /home/jetson/EVC/workshops/final_project_v3/install/jetson_camera_interfaces/share/jetson_camera_interfaces/cmake/rosidl_cmake-extras.cmake
[4.091s] -- Up-to-date: /home/jetson/EVC/workshops/final_project_v3/install/jetson_camera_interfaces/share/jetson_camera_interfaces/cmake/ament_cmake_export_dependencies-extras.cmake
[4.092s] -- Up-to-date: /home/jetson/EVC/workshops/final_project_v3/install/jetson_camera_interfaces/share/jetson_camera_interfaces/cmake/ament_cmake_export_libraries-extras.cmake
[4.093s] -- Up-to-date: /home/jetson/EVC/workshops/final_project_v3/install/jetson_camera_interfaces/share/jetson_camera_interfaces/cmake/ament_cmake_export_targets-extras.cmake
[4.094s] -- Up-to-date: /home/jetson/EVC/workshops/final_project_v3/install/jetson_camera_interfaces/share/jetson_camera_interfaces/cmake/ament_cmake_export_include_directories-extras.cmake
[4.095s] -- Up-to-date: /home/jetson/EVC/workshops/final_project_v3/install/jetson_camera_interfaces/share/jetson_camera_interfaces/cmake/rosidl_cmake_export_typesupport_libraries-extras.cmake
[4.096s] -- Up-to-date: /home/jetson/EVC/workshops/final_project_v3/install/jetson_camera_interfaces/share/jetson_camera_interfaces/cmake/rosidl_cmake_export_typesupport_targets-extras.cmake
[4.097s] -- Up-to-date: /home/jetson/EVC/workshops/final_project_v3/install/jetson_camera_interfaces/share/jetson_camera_interfaces/cmake/jetson_camera_interfacesConfig.cmake
[4.098s] -- Up-to-date: /home/jetson/EVC/workshops/final_project_v3/install/jetson_camera_interfaces/share/jetson_camera_interfaces/cmake/jetson_camera_interfacesConfig-version.cmake
[4.100s] -- Up-to-date: /home/jetson/EVC/workshops/final_project_v3/install/jetson_camera_interfaces/share/jetson_camera_interfaces/package.xml
[4.116s] Invoked command in '/home/jetson/EVC/workshops/final_project_v3/build/jetson_camera_interfaces' returned '0': CMAKE_PREFIX_PATH=/opt/ros/foxy /usr/bin/cmake --install /home/jetson/EVC/workshops/final_project_v3/build/jetson_camera_interfaces
