[3.431s] Invoking command in '/home/jetson/EVC/workshops/final_project_map_v2/final_project_v4/motion/control/motor_control': PYTHONPATH=/home/jetson/EVC/workshops/final_project_map_v2/final_project_v4/build/motor_control/prefix_override:/usr/lib/python3/dist-packages/colcon_core/task/python/colcon_distutils_commands:/home/jetson/EVC/workshops/final_project_map_v2/final_project_v4/install/motor_control/lib/python3.8/site-packages:${PYTHONPATH} /usr/bin/python3 -W ignore:setup.py install is deprecated -W ignore:easy_install command is deprecated setup.py egg_info --egg-base ../../../build/motor_control build --build-base /home/jetson/EVC/workshops/final_project_map_v2/final_project_v4/build/motor_control/build install --record /home/jetson/EVC/workshops/final_project_map_v2/final_project_v4/build/motor_control/install.log --install-scripts $base/lib/motor_control --single-version-externally-managed install_data
[4.535s] /usr/local/lib/python3.8/dist-packages/setuptools/dist.py:717: UserWarning: Usage of dash-separated 'script-dir' will not be supported in future versions. Please use the underscore name 'script_dir' instead
[4.535s]   warnings.warn(
[4.676s] running egg_info
[4.680s] writing ../../../build/motor_control/motor_control.egg-info/PKG-INFO
[4.680s] writing dependency_links to ../../../build/motor_control/motor_control.egg-info/dependency_links.txt
[4.681s] writing entry points to ../../../build/motor_control/motor_control.egg-info/entry_points.txt
[4.682s] writing requirements to ../../../build/motor_control/motor_control.egg-info/requires.txt
[4.682s] writing top-level names to ../../../build/motor_control/motor_control.egg-info/top_level.txt
[4.697s] reading manifest file '../../../build/motor_control/motor_control.egg-info/SOURCES.txt'
[4.703s] writing manifest file '../../../build/motor_control/motor_control.egg-info/SOURCES.txt'
[4.703s] running build
[4.704s] running build_py
[4.708s] running install
[4.712s] running install_lib
[4.721s] running install_data
[4.723s] running install_egg_info
[4.730s] removing '/home/jetson/EVC/workshops/final_project_map_v2/final_project_v4/install/motor_control/lib/python3.8/site-packages/motor_control-0.0.0-py3.8.egg-info' (and everything under it)
[4.732s] Copying ../../../build/motor_control/motor_control.egg-info to /home/jetson/EVC/workshops/final_project_map_v2/final_project_v4/install/motor_control/lib/python3.8/site-packages/motor_control-0.0.0-py3.8.egg-info
[4.736s] running install_scripts
[4.824s] Installing hand_follower script to /home/jetson/EVC/workshops/final_project_map_v2/final_project_v4/install/motor_control/lib/motor_control
[4.825s] Installing kinematics_node script to /home/jetson/EVC/workshops/final_project_map_v2/final_project_v4/install/motor_control/lib/motor_control
[4.826s] Installing movement_node script to /home/jetson/EVC/workshops/final_project_map_v2/final_project_v4/install/motor_control/lib/motor_control
[4.826s] Installing odometry_node script to /home/jetson/EVC/workshops/final_project_map_v2/final_project_v4/install/motor_control/lib/motor_control
[4.827s] Installing pid_controller script to /home/jetson/EVC/workshops/final_project_map_v2/final_project_v4/install/motor_control/lib/motor_control
[4.828s] writing list of installed files to '/home/jetson/EVC/workshops/final_project_map_v2/final_project_v4/build/motor_control/install.log'
[4.930s] Invoked command in '/home/jetson/EVC/workshops/final_project_map_v2/final_project_v4/motion/control/motor_control' returned '0': PYTHONPATH=/home/jetson/EVC/workshops/final_project_map_v2/final_project_v4/build/motor_control/prefix_override:/usr/lib/python3/dist-packages/colcon_core/task/python/colcon_distutils_commands:/home/jetson/EVC/workshops/final_project_map_v2/final_project_v4/install/motor_control/lib/python3.8/site-packages:${PYTHONPATH} /usr/bin/python3 -W ignore:setup.py install is deprecated -W ignore:easy_install command is deprecated setup.py egg_info --egg-base ../../../build/motor_control build --build-base /home/jetson/EVC/workshops/final_project_map_v2/final_project_v4/build/motor_control/build install --record /home/jetson/EVC/workshops/final_project_map_v2/final_project_v4/build/motor_control/install.log --install-scripts $base/lib/motor_control --single-version-externally-managed install_data
