[7.779s] Invoking command in '/home/jetson/EVC/workshops/final_project_v4/behaviors/aruco_parking/aruco_parking': PYTHONPATH=/home/jetson/EVC/workshops/final_project_v4/build/aruco_parking/prefix_override:/usr/lib/python3/dist-packages/colcon_core/task/python/colcon_distutils_commands:/home/jetson/EVC/workshops/final_project_v4/install/aruco_parking/lib/python3.8/site-packages:${PYTHONPATH} /usr/bin/python3 -W ignore:setup.py install is deprecated -W ignore:easy_install command is deprecated setup.py egg_info --egg-base ../../../build/aruco_parking build --build-base /home/jetson/EVC/workshops/final_project_v4/build/aruco_parking/build install --record /home/jetson/EVC/workshops/final_project_v4/build/aruco_parking/install.log --single-version-externally-managed install_data
[10.964s] running egg_info
[10.966s] writing ../../../build/aruco_parking/aruco_parking.egg-info/PKG-INFO
[10.968s] writing dependency_links to ../../../build/aruco_parking/aruco_parking.egg-info/dependency_links.txt
[10.970s] writing entry points to ../../../build/aruco_parking/aruco_parking.egg-info/entry_points.txt
[10.971s] writing requirements to ../../../build/aruco_parking/aruco_parking.egg-info/requires.txt
[10.973s] writing top-level names to ../../../build/aruco_parking/aruco_parking.egg-info/top_level.txt
[10.989s] reading manifest file '../../../build/aruco_parking/aruco_parking.egg-info/SOURCES.txt'
[10.997s] writing manifest file '../../../build/aruco_parking/aruco_parking.egg-info/SOURCES.txt'
[11.003s] running build
[11.003s] running build_py
[11.004s] running install
[11.004s] running install_lib
[11.023s] running install_data
[11.026s] running install_egg_info
[11.036s] removing '/home/jetson/EVC/workshops/final_project_v4/install/aruco_parking/lib/python3.8/site-packages/aruco_parking-0.0.0-py3.8.egg-info' (and everything under it)
[11.040s] Copying ../../../build/aruco_parking/aruco_parking.egg-info to /home/jetson/EVC/workshops/final_project_v4/install/aruco_parking/lib/python3.8/site-packages/aruco_parking-0.0.0-py3.8.egg-info
[11.056s] running install_scripts
[11.236s] Installing aruco_detector_node script to /home/jetson/EVC/workshops/final_project_v4/install/aruco_parking/lib/aruco_parking
[11.239s] writing list of installed files to '/home/jetson/EVC/workshops/final_project_v4/build/aruco_parking/install.log'
[11.513s] Invoked command in '/home/jetson/EVC/workshops/final_project_v4/behaviors/aruco_parking/aruco_parking' returned '0': PYTHONPATH=/home/jetson/EVC/workshops/final_project_v4/build/aruco_parking/prefix_override:/usr/lib/python3/dist-packages/colcon_core/task/python/colcon_distutils_commands:/home/jetson/EVC/workshops/final_project_v4/install/aruco_parking/lib/python3.8/site-packages:${PYTHONPATH} /usr/bin/python3 -W ignore:setup.py install is deprecated -W ignore:easy_install command is deprecated setup.py egg_info --egg-base ../../../build/aruco_parking build --build-base /home/jetson/EVC/workshops/final_project_v4/build/aruco_parking/build install --record /home/jetson/EVC/workshops/final_project_v4/build/aruco_parking/install.log --single-version-externally-managed install_data
