[5.374s] Invoking command in '/home/jetson/EVC/workshops/final_project_map_v3/final_project_map_v2/final_project_v4/behaviors/line_following/line_following': PYTHONPATH=/home/jetson/EVC/workshops/final_project_map_v3/final_project_map_v2/final_project_v4/build/line_following/prefix_override:/usr/lib/python3/dist-packages/colcon_core/task/python/colcon_distutils_commands:/home/jetson/EVC/workshops/final_project_map_v3/final_project_map_v2/final_project_v4/install/line_following/lib/python3.8/site-packages:${PYTHONPATH} /usr/bin/python3 -W ignore:setup.py install is deprecated -W ignore:easy_install command is deprecated setup.py egg_info --egg-base ../../../build/line_following build --build-base /home/jetson/EVC/workshops/final_project_map_v3/final_project_map_v2/final_project_v4/build/line_following/build install --record /home/jetson/EVC/workshops/final_project_map_v3/final_project_map_v2/final_project_v4/build/line_following/install.log --single-version-externally-managed install_data
[6.533s] running egg_info
[6.536s] writing ../../../build/line_following/line_following.egg-info/PKG-INFO
[6.536s] writing dependency_links to ../../../build/line_following/line_following.egg-info/dependency_links.txt
[6.537s] writing entry points to ../../../build/line_following/line_following.egg-info/entry_points.txt
[6.538s] writing requirements to ../../../build/line_following/line_following.egg-info/requires.txt
[6.538s] writing top-level names to ../../../build/line_following/line_following.egg-info/top_level.txt
[6.550s] reading manifest file '../../../build/line_following/line_following.egg-info/SOURCES.txt'
[6.555s] writing manifest file '../../../build/line_following/line_following.egg-info/SOURCES.txt'
[6.555s] running build
[6.556s] running build_py
[6.557s] running install
[6.560s] running install_lib
[6.566s] running install_data
[6.567s] running install_egg_info
[6.573s] removing '/home/jetson/EVC/workshops/final_project_map_v3/final_project_map_v2/final_project_v4/install/line_following/lib/python3.8/site-packages/line_following-0.0.0-py3.8.egg-info' (and everything under it)
[6.575s] Copying ../../../build/line_following/line_following.egg-info to /home/jetson/EVC/workshops/final_project_map_v3/final_project_map_v2/final_project_v4/install/line_following/lib/python3.8/site-packages/line_following-0.0.0-py3.8.egg-info
[6.578s] running install_scripts
[6.653s] Installing angular_tracker script to /home/jetson/EVC/workshops/final_project_map_v3/final_project_map_v2/final_project_v4/install/line_following/lib/line_following
[6.654s] Installing line_tracker script to /home/jetson/EVC/workshops/final_project_map_v3/final_project_map_v2/final_project_v4/install/line_following/lib/line_following
[6.655s] Installing navigator script to /home/jetson/EVC/workshops/final_project_map_v3/final_project_map_v2/final_project_v4/install/line_following/lib/line_following
[6.656s] writing list of installed files to '/home/jetson/EVC/workshops/final_project_map_v3/final_project_map_v2/final_project_v4/build/line_following/install.log'
[6.761s] Invoked command in '/home/jetson/EVC/workshops/final_project_map_v3/final_project_map_v2/final_project_v4/behaviors/line_following/line_following' returned '0': PYTHONPATH=/home/jetson/EVC/workshops/final_project_map_v3/final_project_map_v2/final_project_v4/build/line_following/prefix_override:/usr/lib/python3/dist-packages/colcon_core/task/python/colcon_distutils_commands:/home/jetson/EVC/workshops/final_project_map_v3/final_project_map_v2/final_project_v4/install/line_following/lib/python3.8/site-packages:${PYTHONPATH} /usr/bin/python3 -W ignore:setup.py install is deprecated -W ignore:easy_install command is deprecated setup.py egg_info --egg-base ../../../build/line_following build --build-base /home/jetson/EVC/workshops/final_project_map_v3/final_project_map_v2/final_project_v4/build/line_following/build install --record /home/jetson/EVC/workshops/final_project_map_v3/final_project_map_v2/final_project_v4/build/line_following/install.log --single-version-externally-managed install_data
