/home/jetson/EVC/workshops/final_project_v5/install/line_following/lib/python3.8/site-packages/line_following/navigator_node.py
/home/jetson/EVC/workshops/final_project_v5/install/line_following/lib/python3.8/site-packages/line_following/angular_tracker_node.py
/home/jetson/EVC/workshops/final_project_v5/install/line_following/lib/python3.8/site-packages/line_following/__init__.py
/home/jetson/EVC/workshops/final_project_v5/install/line_following/lib/python3.8/site-packages/line_following/line_tracker_node.py
/home/jetson/EVC/workshops/final_project_v5/install/line_following/lib/python3.8/site-packages/line_following/__pycache__/navigator_node.cpython-38.pyc
/home/jetson/EVC/workshops/final_project_v5/install/line_following/lib/python3.8/site-packages/line_following/__pycache__/angular_tracker_node.cpython-38.pyc
/home/jetson/EVC/workshops/final_project_v5/install/line_following/lib/python3.8/site-packages/line_following/__pycache__/__init__.cpython-38.pyc
/home/jetson/EVC/workshops/final_project_v5/install/line_following/lib/python3.8/site-packages/line_following/__pycache__/line_tracker_node.cpython-38.pyc
/home/jetson/EVC/workshops/final_project_v5/install/line_following/share/ament_index/resource_index/packages/line_following
/home/jetson/EVC/workshops/final_project_v5/install/line_following/share/line_following/package.xml
/home/jetson/EVC/workshops/final_project_v5/install/line_following/share/line_following/config/line_following.yaml
/home/jetson/EVC/workshops/final_project_v5/install/line_following/share/line_following/launch/full_mission.launch.py
/home/jetson/EVC/workshops/final_project_v5/install/line_following/share/line_following/launch/line_following.launch.py
/home/jetson/EVC/workshops/final_project_v5/install/line_following/lib/python3.8/site-packages/line_following-0.0.0-py3.8.egg-info/top_level.txt
/home/jetson/EVC/workshops/final_project_v5/install/line_following/lib/python3.8/site-packages/line_following-0.0.0-py3.8.egg-info/entry_points.txt
/home/jetson/EVC/workshops/final_project_v5/install/line_following/lib/python3.8/site-packages/line_following-0.0.0-py3.8.egg-info/dependency_links.txt
/home/jetson/EVC/workshops/final_project_v5/install/line_following/lib/python3.8/site-packages/line_following-0.0.0-py3.8.egg-info/SOURCES.txt
/home/jetson/EVC/workshops/final_project_v5/install/line_following/lib/python3.8/site-packages/line_following-0.0.0-py3.8.egg-info/zip-safe
/home/jetson/EVC/workshops/final_project_v5/install/line_following/lib/python3.8/site-packages/line_following-0.0.0-py3.8.egg-info/PKG-INFO
/home/jetson/EVC/workshops/final_project_v5/install/line_following/lib/python3.8/site-packages/line_following-0.0.0-py3.8.egg-info/requires.txt
/home/jetson/EVC/workshops/final_project_v5/install/line_following/lib/line_following/angular_tracker
/home/jetson/EVC/workshops/final_project_v5/install/line_following/lib/line_following/line_tracker
/home/jetson/EVC/workshops/final_project_v5/install/line_following/lib/line_following/navigator
