[4.090s] Invoking command in '/home/jetson/EVC/workshops/final_project_map_v3/final_project_map_v2/final_project_v4/behaviors/line_following/line_following': PYTHONPATH=/home/jetson/EVC/workshops/final_project_map_v3/final_project_map_v2/final_project_v4/build/line_following/prefix_override:/usr/lib/python3/dist-packages/colcon_core/task/python/colcon_distutils_commands:/home/jetson/EVC/workshops/final_project_map_v3/final_project_map_v2/final_project_v4/install/line_following/lib/python3.8/site-packages:${PYTHONPATH} /usr/bin/python3 -W ignore:setup.py install is deprecated -W ignore:easy_install command is deprecated setup.py egg_info --egg-base ../../../build/line_following build --build-base /home/jetson/EVC/workshops/final_project_map_v3/final_project_map_v2/final_project_v4/build/line_following/build install --record /home/jetson/EVC/workshops/final_project_map_v3/final_project_map_v2/final_project_v4/build/line_following/install.log --single-version-externally-managed install_data
[5.315s] running egg_info
[5.319s] writing ../../../build/line_following/line_following.egg-info/PKG-INFO
[5.321s] writing dependency_links to ../../../build/line_following/line_following.egg-info/dependency_links.txt
[5.321s] writing entry points to ../../../build/line_following/line_following.egg-info/entry_points.txt
[5.322s] writing requirements to ../../../build/line_following/line_following.egg-info/requires.txt
[5.323s] writing top-level names to ../../../build/line_following/line_following.egg-info/top_level.txt
[5.343s] reading manifest file '../../../build/line_following/line_following.egg-info/SOURCES.txt'
[5.349s] writing manifest file '../../../build/line_following/line_following.egg-info/SOURCES.txt'
[5.350s] running build
[5.351s] running build_py
[5.357s] running install
[5.361s] running install_lib
[5.370s] running install_data
[5.376s] running install_egg_info
[5.384s] removing '/home/jetson/EVC/workshops/final_project_map_v3/final_project_map_v2/final_project_v4/install/line_following/lib/python3.8/site-packages/line_following-0.0.0-py3.8.egg-info' (and everything under it)
[5.387s] Copying ../../../build/line_following/line_following.egg-info to /home/jetson/EVC/workshops/final_project_map_v3/final_project_map_v2/final_project_v4/install/line_following/lib/python3.8/site-packages/line_following-0.0.0-py3.8.egg-info
[5.393s] running install_scripts
[5.482s] Installing angular_tracker script to /home/jetson/EVC/workshops/final_project_map_v3/final_project_map_v2/final_project_v4/install/line_following/lib/line_following
[5.485s] Installing line_tracker script to /home/jetson/EVC/workshops/final_project_map_v3/final_project_map_v2/final_project_v4/install/line_following/lib/line_following
[5.486s] Installing navigator script to /home/jetson/EVC/workshops/final_project_map_v3/final_project_map_v2/final_project_v4/install/line_following/lib/line_following
[5.489s] writing list of installed files to '/home/jetson/EVC/workshops/final_project_map_v3/final_project_map_v2/final_project_v4/build/line_following/install.log'
[5.638s] Invoked command in '/home/jetson/EVC/workshops/final_project_map_v3/final_project_map_v2/final_project_v4/behaviors/line_following/line_following' returned '0': PYTHONPATH=/home/jetson/EVC/workshops/final_project_map_v3/final_project_map_v2/final_project_v4/build/line_following/prefix_override:/usr/lib/python3/dist-packages/colcon_core/task/python/colcon_distutils_commands:/home/jetson/EVC/workshops/final_project_map_v3/final_project_map_v2/final_project_v4/install/line_following/lib/python3.8/site-packages:${PYTHONPATH} /usr/bin/python3 -W ignore:setup.py install is deprecated -W ignore:easy_install command is deprecated setup.py egg_info --egg-base ../../../build/line_following build --build-base /home/jetson/EVC/workshops/final_project_map_v3/final_project_map_v2/final_project_v4/build/line_following/build install --record /home/jetson/EVC/workshops/final_project_map_v3/final_project_map_v2/final_project_v4/build/line_following/install.log --single-version-externally-managed install_data
