[0.885s] DEBUG:colcon:Command line arguments: ['/usr/bin/colcon', 'build']
[0.886s] DEBUG:colcon:Parsed command line arguments: Namespace(allow_overriding=[], ament_cmake_args=None, base_paths=['.'], build_base='build', catkin_cmake_args=None, catkin_skip_building_tests=False, cmake_args=None, cmake_clean_cache=False, cmake_clean_first=False, cmake_force_configure=False, cmake_target=None, cmake_target_skip_unavailable=False, continue_on_error=False, event_handlers=None, executor='parallel', ignore_user_meta=False, install_base='install', log_base=None, log_level=None, main=<bound method BuildVerb.main of <colcon_core.verb.build.BuildVerb object at 0x7f92e8b070>>, merge_install=False, metas=['./colcon.meta'], packages_above=None, packages_above_and_dependencies=None, packages_above_depth=None, packages_end=None, packages_ignore=None, packages_ignore_regex=None, packages_select=None, packages_select_build_failed=False, packages_select_by_dep=None, packages_select_regex=None, packages_select_test_failures=False, packages_skip=None, packages_skip_build_finished=False, packages_skip_by_dep=None, packages_skip_regex=None, packages_skip_test_passed=False, packages_skip_up_to=None, packages_start=None, packages_up_to=None, packages_up_to_regex=None, parallel_workers=4, paths=None, symlink_install=False, test_result_base=None, verb_extension=<colcon_core.verb.build.BuildVerb object at 0x7f92e8b070>, verb_name='build', verb_parser=<colcon_defaults.argument_parser.defaults.DefaultArgumentsDecorator object at 0x7f92e157c0>)
[1.803s] Level 1:colcon.colcon_core.package_discovery:discover_packages(colcon_meta) check parameters
[1.804s] Level 1:colcon.colcon_core.package_discovery:discover_packages(recursive) check parameters
[1.804s] Level 1:colcon.colcon_core.package_discovery:discover_packages(ignore) check parameters
[1.804s] Level 1:colcon.colcon_core.package_discovery:discover_packages(path) check parameters
[1.804s] Level 1:colcon.colcon_core.package_discovery:discover_packages(colcon_meta) discover
[1.804s] Level 1:colcon.colcon_core.package_discovery:discover_packages(recursive) discover
[1.805s] INFO:colcon.colcon_core.package_discovery:Crawling recursively for packages in '/home/jetson/EVC/workshops/final_project_v5'
[1.805s] Level 1:colcon.colcon_core.package_identification:_identify(.) by extensions ['ignore', 'ignore_ament_install']
[1.805s] Level 1:colcon.colcon_core.package_identification:_identify(.) by extension 'ignore'
[1.806s] Level 1:colcon.colcon_core.package_identification:_identify(.) by extension 'ignore_ament_install'
[1.806s] Level 1:colcon.colcon_core.package_identification:_identify(.) by extensions ['colcon_pkg']
[1.806s] Level 1:colcon.colcon_core.package_identification:_identify(.) by extension 'colcon_pkg'
[1.806s] Level 1:colcon.colcon_core.package_identification:_identify(.) by extensions ['colcon_meta']
[1.806s] Level 1:colcon.colcon_core.package_identification:_identify(.) by extension 'colcon_meta'
[1.807s] Level 1:colcon.colcon_core.package_identification:_identify(.) by extensions ['ros']
[1.807s] Level 1:colcon.colcon_core.package_identification:_identify(.) by extension 'ros'
[1.855s] Level 1:colcon.colcon_core.package_identification:_identify(.) by extensions ['cmake', 'python']
[1.856s] Level 1:colcon.colcon_core.package_identification:_identify(.) by extension 'cmake'
[1.856s] Level 1:colcon.colcon_core.package_identification:_identify(.) by extension 'python'
[1.856s] Level 1:colcon.colcon_core.package_identification:_identify(.) by extensions ['python_setup_py']
[1.856s] Level 1:colcon.colcon_core.package_identification:_identify(.) by extension 'python_setup_py'
[1.857s] Level 1:colcon.colcon_core.package_identification:_identify(behaviors) by extensions ['ignore', 'ignore_ament_install']
[1.857s] Level 1:colcon.colcon_core.package_identification:_identify(behaviors) by extension 'ignore'
[1.857s] Level 1:colcon.colcon_core.package_identification:_identify(behaviors) by extension 'ignore_ament_install'
[1.858s] Level 1:colcon.colcon_core.package_identification:_identify(behaviors) by extensions ['colcon_pkg']
[1.858s] Level 1:colcon.colcon_core.package_identification:_identify(behaviors) by extension 'colcon_pkg'
[1.858s] Level 1:colcon.colcon_core.package_identification:_identify(behaviors) by extensions ['colcon_meta']
[1.858s] Level 1:colcon.colcon_core.package_identification:_identify(behaviors) by extension 'colcon_meta'
[1.858s] Level 1:colcon.colcon_core.package_identification:_identify(behaviors) by extensions ['ros']
[1.858s] Level 1:colcon.colcon_core.package_identification:_identify(behaviors) by extension 'ros'
[1.859s] Level 1:colcon.colcon_core.package_identification:_identify(behaviors) by extensions ['cmake', 'python']
[1.859s] Level 1:colcon.colcon_core.package_identification:_identify(behaviors) by extension 'cmake'
[1.859s] Level 1:colcon.colcon_core.package_identification:_identify(behaviors) by extension 'python'
[1.859s] Level 1:colcon.colcon_core.package_identification:_identify(behaviors) by extensions ['python_setup_py']
[1.859s] Level 1:colcon.colcon_core.package_identification:_identify(behaviors) by extension 'python_setup_py'
[1.860s] Level 1:colcon.colcon_core.package_identification:_identify(behaviors/aruco_parking) by extensions ['ignore', 'ignore_ament_install']
[1.860s] Level 1:colcon.colcon_core.package_identification:_identify(behaviors/aruco_parking) by extension 'ignore'
[1.860s] Level 1:colcon.colcon_core.package_identification:_identify(behaviors/aruco_parking) by extension 'ignore_ament_install'
[1.861s] Level 1:colcon.colcon_core.package_identification:_identify(behaviors/aruco_parking) by extensions ['colcon_pkg']
[1.861s] Level 1:colcon.colcon_core.package_identification:_identify(behaviors/aruco_parking) by extension 'colcon_pkg'
[1.861s] Level 1:colcon.colcon_core.package_identification:_identify(behaviors/aruco_parking) by extensions ['colcon_meta']
[1.861s] Level 1:colcon.colcon_core.package_identification:_identify(behaviors/aruco_parking) by extension 'colcon_meta'
[1.861s] Level 1:colcon.colcon_core.package_identification:_identify(behaviors/aruco_parking) by extensions ['ros']
[1.861s] Level 1:colcon.colcon_core.package_identification:_identify(behaviors/aruco_parking) by extension 'ros'
[1.862s] Level 1:colcon.colcon_core.package_identification:_identify(behaviors/aruco_parking) by extensions ['cmake', 'python']
[1.862s] Level 1:colcon.colcon_core.package_identification:_identify(behaviors/aruco_parking) by extension 'cmake'
[1.862s] Level 1:colcon.colcon_core.package_identification:_identify(behaviors/aruco_parking) by extension 'python'
[1.862s] Level 1:colcon.colcon_core.package_identification:_identify(behaviors/aruco_parking) by extensions ['python_setup_py']
[1.862s] Level 1:colcon.colcon_core.package_identification:_identify(behaviors/aruco_parking) by extension 'python_setup_py'
[1.863s] Level 1:colcon.colcon_core.package_identification:_identify(behaviors/aruco_parking/aruco_parking) by extensions ['ignore', 'ignore_ament_install']
[1.863s] Level 1:colcon.colcon_core.package_identification:_identify(behaviors/aruco_parking/aruco_parking) by extension 'ignore'
[1.863s] Level 1:colcon.colcon_core.package_identification:_identify(behaviors/aruco_parking/aruco_parking) by extension 'ignore_ament_install'
[1.864s] Level 1:colcon.colcon_core.package_identification:_identify(behaviors/aruco_parking/aruco_parking) by extensions ['colcon_pkg']
[1.864s] Level 1:colcon.colcon_core.package_identification:_identify(behaviors/aruco_parking/aruco_parking) by extension 'colcon_pkg'
[1.864s] Level 1:colcon.colcon_core.package_identification:_identify(behaviors/aruco_parking/aruco_parking) by extensions ['colcon_meta']
[1.864s] Level 1:colcon.colcon_core.package_identification:_identify(behaviors/aruco_parking/aruco_parking) by extension 'colcon_meta'
[1.864s] Level 1:colcon.colcon_core.package_identification:_identify(behaviors/aruco_parking/aruco_parking) by extensions ['ros']
[1.864s] Level 1:colcon.colcon_core.package_identification:_identify(behaviors/aruco_parking/aruco_parking) by extension 'ros'
[1.912s] DEBUG:colcon.colcon_core.package_identification:Package 'behaviors/aruco_parking/aruco_parking' with type 'ros.ament_python' and name 'aruco_parking'
[1.913s] Level 1:colcon.colcon_core.package_identification:_identify(behaviors/color_detection) by extensions ['ignore', 'ignore_ament_install']
[1.913s] Level 1:colcon.colcon_core.package_identification:_identify(behaviors/color_detection) by extension 'ignore'
[1.914s] Level 1:colcon.colcon_core.package_identification:_identify(behaviors/color_detection) by extension 'ignore_ament_install'
[1.914s] Level 1:colcon.colcon_core.package_identification:_identify(behaviors/color_detection) by extensions ['colcon_pkg']
[1.914s] Level 1:colcon.colcon_core.package_identification:_identify(behaviors/color_detection) by extension 'colcon_pkg'
[1.914s] Level 1:colcon.colcon_core.package_identification:_identify(behaviors/color_detection) by extensions ['colcon_meta']
[1.914s] Level 1:colcon.colcon_core.package_identification:_identify(behaviors/color_detection) by extension 'colcon_meta'
[1.915s] Level 1:colcon.colcon_core.package_identification:_identify(behaviors/color_detection) by extensions ['ros']
[1.915s] Level 1:colcon.colcon_core.package_identification:_identify(behaviors/color_detection) by extension 'ros'
[1.915s] Level 1:colcon.colcon_core.package_identification:_identify(behaviors/color_detection) by extensions ['cmake', 'python']
[1.915s] Level 1:colcon.colcon_core.package_identification:_identify(behaviors/color_detection) by extension 'cmake'
[1.915s] Level 1:colcon.colcon_core.package_identification:_identify(behaviors/color_detection) by extension 'python'
[1.916s] Level 1:colcon.colcon_core.package_identification:_identify(behaviors/color_detection) by extensions ['python_setup_py']
[1.916s] Level 1:colcon.colcon_core.package_identification:_identify(behaviors/color_detection) by extension 'python_setup_py'
[1.916s] Level 1:colcon.colcon_core.package_identification:_identify(behaviors/color_detection/color_detection_mode) by extensions ['ignore', 'ignore_ament_install']
[1.917s] Level 1:colcon.colcon_core.package_identification:_identify(behaviors/color_detection/color_detection_mode) by extension 'ignore'
[1.917s] Level 1:colcon.colcon_core.package_identification:_identify(behaviors/color_detection/color_detection_mode) by extension 'ignore_ament_install'
[1.917s] Level 1:colcon.colcon_core.package_identification:_identify(behaviors/color_detection/color_detection_mode) by extensions ['colcon_pkg']
[1.917s] Level 1:colcon.colcon_core.package_identification:_identify(behaviors/color_detection/color_detection_mode) by extension 'colcon_pkg'
[1.917s] Level 1:colcon.colcon_core.package_identification:_identify(behaviors/color_detection/color_detection_mode) by extensions ['colcon_meta']
[1.917s] Level 1:colcon.colcon_core.package_identification:_identify(behaviors/color_detection/color_detection_mode) by extension 'colcon_meta'
[1.918s] Level 1:colcon.colcon_core.package_identification:_identify(behaviors/color_detection/color_detection_mode) by extensions ['ros']
[1.918s] Level 1:colcon.colcon_core.package_identification:_identify(behaviors/color_detection/color_detection_mode) by extension 'ros'
[1.922s] DEBUG:colcon.colcon_core.package_identification:Package 'behaviors/color_detection/color_detection_mode' with type 'ros.ament_python' and name 'color_detection_mode'
[1.922s] Level 1:colcon.colcon_core.package_identification:_identify(behaviors/goal_navigation) by extensions ['ignore', 'ignore_ament_install']
[1.923s] Level 1:colcon.colcon_core.package_identification:_identify(behaviors/goal_navigation) by extension 'ignore'
[1.923s] Level 1:colcon.colcon_core.package_identification:_identify(behaviors/goal_navigation) by extension 'ignore_ament_install'
[1.923s] Level 1:colcon.colcon_core.package_identification:_identify(behaviors/goal_navigation) by extensions ['colcon_pkg']
[1.923s] Level 1:colcon.colcon_core.package_identification:_identify(behaviors/goal_navigation) by extension 'colcon_pkg'
[1.924s] Level 1:colcon.colcon_core.package_identification:_identify(behaviors/goal_navigation) by extensions ['colcon_meta']
[1.924s] Level 1:colcon.colcon_core.package_identification:_identify(behaviors/goal_navigation) by extension 'colcon_meta'
[1.924s] Level 1:colcon.colcon_core.package_identification:_identify(behaviors/goal_navigation) by extensions ['ros']
[1.924s] Level 1:colcon.colcon_core.package_identification:_identify(behaviors/goal_navigation) by extension 'ros'
[1.924s] Level 1:colcon.colcon_core.package_identification:_identify(behaviors/goal_navigation) by extensions ['cmake', 'python']
[1.925s] Level 1:colcon.colcon_core.package_identification:_identify(behaviors/goal_navigation) by extension 'cmake'
[1.925s] Level 1:colcon.colcon_core.package_identification:_identify(behaviors/goal_navigation) by extension 'python'
[1.925s] Level 1:colcon.colcon_core.package_identification:_identify(behaviors/goal_navigation) by extensions ['python_setup_py']
[1.925s] Level 1:colcon.colcon_core.package_identification:_identify(behaviors/goal_navigation) by extension 'python_setup_py'
[1.926s] Level 1:colcon.colcon_core.package_identification:_identify(behaviors/goal_navigation/goal_navigation) by extensions ['ignore', 'ignore_ament_install']
[1.926s] Level 1:colcon.colcon_core.package_identification:_identify(behaviors/goal_navigation/goal_navigation) by extension 'ignore'
[1.926s] Level 1:colcon.colcon_core.package_identification:_identify(behaviors/goal_navigation/goal_navigation) by extension 'ignore_ament_install'
[1.926s] Level 1:colcon.colcon_core.package_identification:_identify(behaviors/goal_navigation/goal_navigation) by extensions ['colcon_pkg']
[1.926s] Level 1:colcon.colcon_core.package_identification:_identify(behaviors/goal_navigation/goal_navigation) by extension 'colcon_pkg'
[1.927s] Level 1:colcon.colcon_core.package_identification:_identify(behaviors/goal_navigation/goal_navigation) by extensions ['colcon_meta']
[1.927s] Level 1:colcon.colcon_core.package_identification:_identify(behaviors/goal_navigation/goal_navigation) by extension 'colcon_meta'
[1.927s] Level 1:colcon.colcon_core.package_identification:_identify(behaviors/goal_navigation/goal_navigation) by extensions ['ros']
[1.927s] Level 1:colcon.colcon_core.package_identification:_identify(behaviors/goal_navigation/goal_navigation) by extension 'ros'
[1.930s] DEBUG:colcon.colcon_core.package_identification:Package 'behaviors/goal_navigation/goal_navigation' with type 'ros.ament_python' and name 'goal_navigation'
[1.930s] Level 1:colcon.colcon_core.package_identification:_identify(behaviors/line_following) by extensions ['ignore', 'ignore_ament_install']
[1.930s] Level 1:colcon.colcon_core.package_identification:_identify(behaviors/line_following) by extension 'ignore'
[1.931s] Level 1:colcon.colcon_core.package_identification:_identify(behaviors/line_following) by extension 'ignore_ament_install'
[1.931s] Level 1:colcon.colcon_core.package_identification:_identify(behaviors/line_following) by extensions ['colcon_pkg']
[1.931s] Level 1:colcon.colcon_core.package_identification:_identify(behaviors/line_following) by extension 'colcon_pkg'
[1.931s] Level 1:colcon.colcon_core.package_identification:_identify(behaviors/line_following) by extensions ['colcon_meta']
[1.931s] Level 1:colcon.colcon_core.package_identification:_identify(behaviors/line_following) by extension 'colcon_meta'
[1.932s] Level 1:colcon.colcon_core.package_identification:_identify(behaviors/line_following) by extensions ['ros']
[1.932s] Level 1:colcon.colcon_core.package_identification:_identify(behaviors/line_following) by extension 'ros'
[1.932s] Level 1:colcon.colcon_core.package_identification:_identify(behaviors/line_following) by extensions ['cmake', 'python']
[1.932s] Level 1:colcon.colcon_core.package_identification:_identify(behaviors/line_following) by extension 'cmake'
[1.932s] Level 1:colcon.colcon_core.package_identification:_identify(behaviors/line_following) by extension 'python'
[1.933s] Level 1:colcon.colcon_core.package_identification:_identify(behaviors/line_following) by extensions ['python_setup_py']
[1.933s] Level 1:colcon.colcon_core.package_identification:_identify(behaviors/line_following) by extension 'python_setup_py'
[1.933s] Level 1:colcon.colcon_core.package_identification:_identify(behaviors/line_following/line_following) by extensions ['ignore', 'ignore_ament_install']
[1.934s] Level 1:colcon.colcon_core.package_identification:_identify(behaviors/line_following/line_following) by extension 'ignore'
[1.934s] Level 1:colcon.colcon_core.package_identification:_identify(behaviors/line_following/line_following) by extension 'ignore_ament_install'
[1.934s] Level 1:colcon.colcon_core.package_identification:_identify(behaviors/line_following/line_following) by extensions ['colcon_pkg']
[1.934s] Level 1:colcon.colcon_core.package_identification:_identify(behaviors/line_following/line_following) by extension 'colcon_pkg'
[1.934s] Level 1:colcon.colcon_core.package_identification:_identify(behaviors/line_following/line_following) by extensions ['colcon_meta']
[1.934s] Level 1:colcon.colcon_core.package_identification:_identify(behaviors/line_following/line_following) by extension 'colcon_meta'
[1.935s] Level 1:colcon.colcon_core.package_identification:_identify(behaviors/line_following/line_following) by extensions ['ros']
[1.935s] Level 1:colcon.colcon_core.package_identification:_identify(behaviors/line_following/line_following) by extension 'ros'
[1.939s] DEBUG:colcon.colcon_core.package_identification:Package 'behaviors/line_following/line_following' with type 'ros.ament_python' and name 'line_following'
[1.939s] Level 1:colcon.colcon_core.package_identification:_identify(behaviors/obstacle_avoidance) by extensions ['ignore', 'ignore_ament_install']
[1.939s] Level 1:colcon.colcon_core.package_identification:_identify(behaviors/obstacle_avoidance) by extension 'ignore'
[1.940s] Level 1:colcon.colcon_core.package_identification:_identify(behaviors/obstacle_avoidance) by extension 'ignore_ament_install'
[1.940s] Level 1:colcon.colcon_core.package_identification:_identify(behaviors/obstacle_avoidance) by extensions ['colcon_pkg']
[1.940s] Level 1:colcon.colcon_core.package_identification:_identify(behaviors/obstacle_avoidance) by extension 'colcon_pkg'
[1.940s] Level 1:colcon.colcon_core.package_identification:_identify(behaviors/obstacle_avoidance) by extensions ['colcon_meta']
[1.940s] Level 1:colcon.colcon_core.package_identification:_identify(behaviors/obstacle_avoidance) by extension 'colcon_meta'
[1.941s] Level 1:colcon.colcon_core.package_identification:_identify(behaviors/obstacle_avoidance) by extensions ['ros']
[1.941s] Level 1:colcon.colcon_core.package_identification:_identify(behaviors/obstacle_avoidance) by extension 'ros'
[1.941s] Level 1:colcon.colcon_core.package_identification:_identify(behaviors/obstacle_avoidance) by extensions ['cmake', 'python']
[1.941s] Level 1:colcon.colcon_core.package_identification:_identify(behaviors/obstacle_avoidance) by extension 'cmake'
[1.941s] Level 1:colcon.colcon_core.package_identification:_identify(behaviors/obstacle_avoidance) by extension 'python'
[1.942s] Level 1:colcon.colcon_core.package_identification:_identify(behaviors/obstacle_avoidance) by extensions ['python_setup_py']
[1.942s] Level 1:colcon.colcon_core.package_identification:_identify(behaviors/obstacle_avoidance) by extension 'python_setup_py'
[1.942s] Level 1:colcon.colcon_core.package_identification:_identify(build) by extensions ['ignore', 'ignore_ament_install']
[1.942s] Level 1:colcon.colcon_core.package_identification:_identify(build) by extension 'ignore'
[1.943s] Level 1:colcon.colcon_core.package_identification:_identify(build) ignored
[1.943s] Level 1:colcon.colcon_core.package_identification:_identify(calibration) by extensions ['ignore', 'ignore_ament_install']
[1.943s] Level 1:colcon.colcon_core.package_identification:_identify(calibration) by extension 'ignore'
[1.944s] Level 1:colcon.colcon_core.package_identification:_identify(calibration) by extension 'ignore_ament_install'
[1.944s] Level 1:colcon.colcon_core.package_identification:_identify(calibration) by extensions ['colcon_pkg']
[1.944s] Level 1:colcon.colcon_core.package_identification:_identify(calibration) by extension 'colcon_pkg'
[1.944s] Level 1:colcon.colcon_core.package_identification:_identify(calibration) by extensions ['colcon_meta']
[1.944s] Level 1:colcon.colcon_core.package_identification:_identify(calibration) by extension 'colcon_meta'
[1.944s] Level 1:colcon.colcon_core.package_identification:_identify(calibration) by extensions ['ros']
[1.945s] Level 1:colcon.colcon_core.package_identification:_identify(calibration) by extension 'ros'
[1.945s] Level 1:colcon.colcon_core.package_identification:_identify(calibration) by extensions ['cmake', 'python']
[1.945s] Level 1:colcon.colcon_core.package_identification:_identify(calibration) by extension 'cmake'
[1.945s] Level 1:colcon.colcon_core.package_identification:_identify(calibration) by extension 'python'
[1.945s] Level 1:colcon.colcon_core.package_identification:_identify(calibration) by extensions ['python_setup_py']
[1.946s] Level 1:colcon.colcon_core.package_identification:_identify(calibration) by extension 'python_setup_py'
[1.946s] Level 1:colcon.colcon_core.package_identification:_identify(calibration/camera) by extensions ['ignore', 'ignore_ament_install']
[1.946s] Level 1:colcon.colcon_core.package_identification:_identify(calibration/camera) by extension 'ignore'
[1.947s] Level 1:colcon.colcon_core.package_identification:_identify(calibration/camera) by extension 'ignore_ament_install'
[1.947s] Level 1:colcon.colcon_core.package_identification:_identify(calibration/camera) by extensions ['colcon_pkg']
[1.947s] Level 1:colcon.colcon_core.package_identification:_identify(calibration/camera) by extension 'colcon_pkg'
[1.947s] Level 1:colcon.colcon_core.package_identification:_identify(calibration/camera) by extensions ['colcon_meta']
[1.947s] Level 1:colcon.colcon_core.package_identification:_identify(calibration/camera) by extension 'colcon_meta'
[1.947s] Level 1:colcon.colcon_core.package_identification:_identify(calibration/camera) by extensions ['ros']
[1.948s] Level 1:colcon.colcon_core.package_identification:_identify(calibration/camera) by extension 'ros'
[1.948s] Level 1:colcon.colcon_core.package_identification:_identify(calibration/camera) by extensions ['cmake', 'python']
[1.948s] Level 1:colcon.colcon_core.package_identification:_identify(calibration/camera) by extension 'cmake'
[1.948s] Level 1:colcon.colcon_core.package_identification:_identify(calibration/camera) by extension 'python'
[1.948s] Level 1:colcon.colcon_core.package_identification:_identify(calibration/camera) by extensions ['python_setup_py']
[1.949s] Level 1:colcon.colcon_core.package_identification:_identify(calibration/camera) by extension 'python_setup_py'
[1.949s] Level 1:colcon.colcon_core.package_identification:_identify(calibration/camera/images) by extensions ['ignore', 'ignore_ament_install']
[1.949s] Level 1:colcon.colcon_core.package_identification:_identify(calibration/camera/images) by extension 'ignore'
[1.950s] Level 1:colcon.colcon_core.package_identification:_identify(calibration/camera/images) by extension 'ignore_ament_install'
[1.950s] Level 1:colcon.colcon_core.package_identification:_identify(calibration/camera/images) by extensions ['colcon_pkg']
[1.950s] Level 1:colcon.colcon_core.package_identification:_identify(calibration/camera/images) by extension 'colcon_pkg'
[1.950s] Level 1:colcon.colcon_core.package_identification:_identify(calibration/camera/images) by extensions ['colcon_meta']
[1.950s] Level 1:colcon.colcon_core.package_identification:_identify(calibration/camera/images) by extension 'colcon_meta'
[1.951s] Level 1:colcon.colcon_core.package_identification:_identify(calibration/camera/images) by extensions ['ros']
[1.951s] Level 1:colcon.colcon_core.package_identification:_identify(calibration/camera/images) by extension 'ros'
[1.951s] Level 1:colcon.colcon_core.package_identification:_identify(calibration/camera/images) by extensions ['cmake', 'python']
[1.951s] Level 1:colcon.colcon_core.package_identification:_identify(calibration/camera/images) by extension 'cmake'
[1.951s] Level 1:colcon.colcon_core.package_identification:_identify(calibration/camera/images) by extension 'python'
[1.951s] Level 1:colcon.colcon_core.package_identification:_identify(calibration/camera/images) by extensions ['python_setup_py']
[1.952s] Level 1:colcon.colcon_core.package_identification:_identify(calibration/camera/images) by extension 'python_setup_py'
[1.952s] Level 1:colcon.colcon_core.package_identification:_identify(calibration/camera/output) by extensions ['ignore', 'ignore_ament_install']
[1.952s] Level 1:colcon.colcon_core.package_identification:_identify(calibration/camera/output) by extension 'ignore'
[1.953s] Level 1:colcon.colcon_core.package_identification:_identify(calibration/camera/output) by extension 'ignore_ament_install'
[1.953s] Level 1:colcon.colcon_core.package_identification:_identify(calibration/camera/output) by extensions ['colcon_pkg']
[1.953s] Level 1:colcon.colcon_core.package_identification:_identify(calibration/camera/output) by extension 'colcon_pkg'
[1.953s] Level 1:colcon.colcon_core.package_identification:_identify(calibration/camera/output) by extensions ['colcon_meta']
[1.953s] Level 1:colcon.colcon_core.package_identification:_identify(calibration/camera/output) by extension 'colcon_meta'
[1.954s] Level 1:colcon.colcon_core.package_identification:_identify(calibration/camera/output) by extensions ['ros']
[1.954s] Level 1:colcon.colcon_core.package_identification:_identify(calibration/camera/output) by extension 'ros'
[1.954s] Level 1:colcon.colcon_core.package_identification:_identify(calibration/camera/output) by extensions ['cmake', 'python']
[1.954s] Level 1:colcon.colcon_core.package_identification:_identify(calibration/camera/output) by extension 'cmake'
[1.954s] Level 1:colcon.colcon_core.package_identification:_identify(calibration/camera/output) by extension 'python'
[1.955s] Level 1:colcon.colcon_core.package_identification:_identify(calibration/camera/output) by extensions ['python_setup_py']
[1.955s] Level 1:colcon.colcon_core.package_identification:_identify(calibration/camera/output) by extension 'python_setup_py'
[1.955s] Level 1:colcon.colcon_core.package_identification:_identify(calibration/camera/scripts) by extensions ['ignore', 'ignore_ament_install']
[1.955s] Level 1:colcon.colcon_core.package_identification:_identify(calibration/camera/scripts) by extension 'ignore'
[1.956s] Level 1:colcon.colcon_core.package_identification:_identify(calibration/camera/scripts) by extension 'ignore_ament_install'
[1.956s] Level 1:colcon.colcon_core.package_identification:_identify(calibration/camera/scripts) by extensions ['colcon_pkg']
[1.956s] Level 1:colcon.colcon_core.package_identification:_identify(calibration/camera/scripts) by extension 'colcon_pkg'
[1.956s] Level 1:colcon.colcon_core.package_identification:_identify(calibration/camera/scripts) by extensions ['colcon_meta']
[1.956s] Level 1:colcon.colcon_core.package_identification:_identify(calibration/camera/scripts) by extension 'colcon_meta'
[1.957s] Level 1:colcon.colcon_core.package_identification:_identify(calibration/camera/scripts) by extensions ['ros']
[1.957s] Level 1:colcon.colcon_core.package_identification:_identify(calibration/camera/scripts) by extension 'ros'
[1.957s] Level 1:colcon.colcon_core.package_identification:_identify(calibration/camera/scripts) by extensions ['cmake', 'python']
[1.957s] Level 1:colcon.colcon_core.package_identification:_identify(calibration/camera/scripts) by extension 'cmake'
[1.957s] Level 1:colcon.colcon_core.package_identification:_identify(calibration/camera/scripts) by extension 'python'
[1.958s] Level 1:colcon.colcon_core.package_identification:_identify(calibration/camera/scripts) by extensions ['python_setup_py']
[1.958s] Level 1:colcon.colcon_core.package_identification:_identify(calibration/camera/scripts) by extension 'python_setup_py'
[1.958s] Level 1:colcon.colcon_core.package_identification:_identify(calibration/wheel) by extensions ['ignore', 'ignore_ament_install']
[1.958s] Level 1:colcon.colcon_core.package_identification:_identify(calibration/wheel) by extension 'ignore'
[1.959s] Level 1:colcon.colcon_core.package_identification:_identify(calibration/wheel) by extension 'ignore_ament_install'
[1.959s] Level 1:colcon.colcon_core.package_identification:_identify(calibration/wheel) by extensions ['colcon_pkg']
[1.959s] Level 1:colcon.colcon_core.package_identification:_identify(calibration/wheel) by extension 'colcon_pkg'
[1.959s] Level 1:colcon.colcon_core.package_identification:_identify(calibration/wheel) by extensions ['colcon_meta']
[1.959s] Level 1:colcon.colcon_core.package_identification:_identify(calibration/wheel) by extension 'colcon_meta'
[1.960s] Level 1:colcon.colcon_core.package_identification:_identify(calibration/wheel) by extensions ['ros']
[1.960s] Level 1:colcon.colcon_core.package_identification:_identify(calibration/wheel) by extension 'ros'
[1.960s] Level 1:colcon.colcon_core.package_identification:_identify(calibration/wheel) by extensions ['cmake', 'python']
[1.960s] Level 1:colcon.colcon_core.package_identification:_identify(calibration/wheel) by extension 'cmake'
[1.960s] Level 1:colcon.colcon_core.package_identification:_identify(calibration/wheel) by extension 'python'
[1.960s] Level 1:colcon.colcon_core.package_identification:_identify(calibration/wheel) by extensions ['python_setup_py']
[1.961s] Level 1:colcon.colcon_core.package_identification:_identify(calibration/wheel) by extension 'python_setup_py'
[1.961s] Level 1:colcon.colcon_core.package_identification:_identify(config) by extensions ['ignore', 'ignore_ament_install']
[1.961s] Level 1:colcon.colcon_core.package_identification:_identify(config) by extension 'ignore'
[1.962s] Level 1:colcon.colcon_core.package_identification:_identify(config) by extension 'ignore_ament_install'
[1.962s] Level 1:colcon.colcon_core.package_identification:_identify(config) by extensions ['colcon_pkg']
[1.962s] Level 1:colcon.colcon_core.package_identification:_identify(config) by extension 'colcon_pkg'
[1.962s] Level 1:colcon.colcon_core.package_identification:_identify(config) by extensions ['colcon_meta']
[1.962s] Level 1:colcon.colcon_core.package_identification:_identify(config) by extension 'colcon_meta'
[1.962s] Level 1:colcon.colcon_core.package_identification:_identify(config) by extensions ['ros']
[1.963s] Level 1:colcon.colcon_core.package_identification:_identify(config) by extension 'ros'
[1.963s] Level 1:colcon.colcon_core.package_identification:_identify(config) by extensions ['cmake', 'python']
[1.963s] Level 1:colcon.colcon_core.package_identification:_identify(config) by extension 'cmake'
[1.963s] Level 1:colcon.colcon_core.package_identification:_identify(config) by extension 'python'
[1.963s] Level 1:colcon.colcon_core.package_identification:_identify(config) by extensions ['python_setup_py']
[1.963s] Level 1:colcon.colcon_core.package_identification:_identify(config) by extension 'python_setup_py'
[1.964s] Level 1:colcon.colcon_core.package_identification:_identify(config/motion) by extensions ['ignore', 'ignore_ament_install']
[1.964s] Level 1:colcon.colcon_core.package_identification:_identify(config/motion) by extension 'ignore'
[1.964s] Level 1:colcon.colcon_core.package_identification:_identify(config/motion) by extension 'ignore_ament_install'
[1.965s] Level 1:colcon.colcon_core.package_identification:_identify(config/motion) by extensions ['colcon_pkg']
[1.965s] Level 1:colcon.colcon_core.package_identification:_identify(config/motion) by extension 'colcon_pkg'
[1.965s] Level 1:colcon.colcon_core.package_identification:_identify(config/motion) by extensions ['colcon_meta']
[1.965s] Level 1:colcon.colcon_core.package_identification:_identify(config/motion) by extension 'colcon_meta'
[1.965s] Level 1:colcon.colcon_core.package_identification:_identify(config/motion) by extensions ['ros']
[1.965s] Level 1:colcon.colcon_core.package_identification:_identify(config/motion) by extension 'ros'
[1.966s] Level 1:colcon.colcon_core.package_identification:_identify(config/motion) by extensions ['cmake', 'python']
[1.966s] Level 1:colcon.colcon_core.package_identification:_identify(config/motion) by extension 'cmake'
[1.966s] Level 1:colcon.colcon_core.package_identification:_identify(config/motion) by extension 'python'
[1.966s] Level 1:colcon.colcon_core.package_identification:_identify(config/motion) by extensions ['python_setup_py']
[1.966s] Level 1:colcon.colcon_core.package_identification:_identify(config/motion) by extension 'python_setup_py'
[1.967s] Level 1:colcon.colcon_core.package_identification:_identify(config/vision) by extensions ['ignore', 'ignore_ament_install']
[1.967s] Level 1:colcon.colcon_core.package_identification:_identify(config/vision) by extension 'ignore'
[1.967s] Level 1:colcon.colcon_core.package_identification:_identify(config/vision) by extension 'ignore_ament_install'
[1.968s] Level 1:colcon.colcon_core.package_identification:_identify(config/vision) by extensions ['colcon_pkg']
[1.968s] Level 1:colcon.colcon_core.package_identification:_identify(config/vision) by extension 'colcon_pkg'
[1.968s] Level 1:colcon.colcon_core.package_identification:_identify(config/vision) by extensions ['colcon_meta']
[1.968s] Level 1:colcon.colcon_core.package_identification:_identify(config/vision) by extension 'colcon_meta'
[1.968s] Level 1:colcon.colcon_core.package_identification:_identify(config/vision) by extensions ['ros']
[1.968s] Level 1:colcon.colcon_core.package_identification:_identify(config/vision) by extension 'ros'
[1.969s] Level 1:colcon.colcon_core.package_identification:_identify(config/vision) by extensions ['cmake', 'python']
[1.969s] Level 1:colcon.colcon_core.package_identification:_identify(config/vision) by extension 'cmake'
[1.969s] Level 1:colcon.colcon_core.package_identification:_identify(config/vision) by extension 'python'
[1.969s] Level 1:colcon.colcon_core.package_identification:_identify(config/vision) by extensions ['python_setup_py']
[1.969s] Level 1:colcon.colcon_core.package_identification:_identify(config/vision) by extension 'python_setup_py'
[1.970s] Level 1:colcon.colcon_core.package_identification:_identify(docs) by extensions ['ignore', 'ignore_ament_install']
[1.970s] Level 1:colcon.colcon_core.package_identification:_identify(docs) by extension 'ignore'
[1.970s] Level 1:colcon.colcon_core.package_identification:_identify(docs) by extension 'ignore_ament_install'
[1.970s] Level 1:colcon.colcon_core.package_identification:_identify(docs) by extensions ['colcon_pkg']
[1.971s] Level 1:colcon.colcon_core.package_identification:_identify(docs) by extension 'colcon_pkg'
[1.971s] Level 1:colcon.colcon_core.package_identification:_identify(docs) by extensions ['colcon_meta']
[1.971s] Level 1:colcon.colcon_core.package_identification:_identify(docs) by extension 'colcon_meta'
[1.971s] Level 1:colcon.colcon_core.package_identification:_identify(docs) by extensions ['ros']
[1.971s] Level 1:colcon.colcon_core.package_identification:_identify(docs) by extension 'ros'
[1.972s] Level 1:colcon.colcon_core.package_identification:_identify(docs) by extensions ['cmake', 'python']
[1.972s] Level 1:colcon.colcon_core.package_identification:_identify(docs) by extension 'cmake'
[1.972s] Level 1:colcon.colcon_core.package_identification:_identify(docs) by extension 'python'
[1.972s] Level 1:colcon.colcon_core.package_identification:_identify(docs) by extensions ['python_setup_py']
[1.972s] Level 1:colcon.colcon_core.package_identification:_identify(docs) by extension 'python_setup_py'
[1.973s] Level 1:colcon.colcon_core.package_identification:_identify(drivers) by extensions ['ignore', 'ignore_ament_install']
[1.973s] Level 1:colcon.colcon_core.package_identification:_identify(drivers) by extension 'ignore'
[1.973s] Level 1:colcon.colcon_core.package_identification:_identify(drivers) by extension 'ignore_ament_install'
[1.973s] Level 1:colcon.colcon_core.package_identification:_identify(drivers) by extensions ['colcon_pkg']
[1.973s] Level 1:colcon.colcon_core.package_identification:_identify(drivers) by extension 'colcon_pkg'
[1.974s] Level 1:colcon.colcon_core.package_identification:_identify(drivers) by extensions ['colcon_meta']
[1.974s] Level 1:colcon.colcon_core.package_identification:_identify(drivers) by extension 'colcon_meta'
[1.974s] Level 1:colcon.colcon_core.package_identification:_identify(drivers) by extensions ['ros']
[1.974s] Level 1:colcon.colcon_core.package_identification:_identify(drivers) by extension 'ros'
[1.974s] Level 1:colcon.colcon_core.package_identification:_identify(drivers) by extensions ['cmake', 'python']
[1.975s] Level 1:colcon.colcon_core.package_identification:_identify(drivers) by extension 'cmake'
[1.975s] Level 1:colcon.colcon_core.package_identification:_identify(drivers) by extension 'python'
[1.975s] Level 1:colcon.colcon_core.package_identification:_identify(drivers) by extensions ['python_setup_py']
[1.975s] Level 1:colcon.colcon_core.package_identification:_identify(drivers) by extension 'python_setup_py'
[1.975s] Level 1:colcon.colcon_core.package_identification:_identify(drivers/button) by extensions ['ignore', 'ignore_ament_install']
[1.976s] Level 1:colcon.colcon_core.package_identification:_identify(drivers/button) by extension 'ignore'
[1.976s] Level 1:colcon.colcon_core.package_identification:_identify(drivers/button) by extension 'ignore_ament_install'
[1.976s] Level 1:colcon.colcon_core.package_identification:_identify(drivers/button) by extensions ['colcon_pkg']
[1.976s] Level 1:colcon.colcon_core.package_identification:_identify(drivers/button) by extension 'colcon_pkg'
[1.977s] Level 1:colcon.colcon_core.package_identification:_identify(drivers/button) by extensions ['colcon_meta']
[1.977s] Level 1:colcon.colcon_core.package_identification:_identify(drivers/button) by extension 'colcon_meta'
[1.977s] Level 1:colcon.colcon_core.package_identification:_identify(drivers/button) by extensions ['ros']
[1.977s] Level 1:colcon.colcon_core.package_identification:_identify(drivers/button) by extension 'ros'
[1.977s] Level 1:colcon.colcon_core.package_identification:_identify(drivers/button) by extensions ['cmake', 'python']
[1.978s] Level 1:colcon.colcon_core.package_identification:_identify(drivers/button) by extension 'cmake'
[1.978s] Level 1:colcon.colcon_core.package_identification:_identify(drivers/button) by extension 'python'
[1.978s] Level 1:colcon.colcon_core.package_identification:_identify(drivers/button) by extensions ['python_setup_py']
[1.978s] Level 1:colcon.colcon_core.package_identification:_identify(drivers/button) by extension 'python_setup_py'
[1.978s] Level 1:colcon.colcon_core.package_identification:_identify(drivers/display) by extensions ['ignore', 'ignore_ament_install']
[1.979s] Level 1:colcon.colcon_core.package_identification:_identify(drivers/display) by extension 'ignore'
[1.979s] Level 1:colcon.colcon_core.package_identification:_identify(drivers/display) by extension 'ignore_ament_install'
[1.979s] Level 1:colcon.colcon_core.package_identification:_identify(drivers/display) by extensions ['colcon_pkg']
[1.979s] Level 1:colcon.colcon_core.package_identification:_identify(drivers/display) by extension 'colcon_pkg'
[1.979s] Level 1:colcon.colcon_core.package_identification:_identify(drivers/display) by extensions ['colcon_meta']
[1.980s] Level 1:colcon.colcon_core.package_identification:_identify(drivers/display) by extension 'colcon_meta'
[1.980s] Level 1:colcon.colcon_core.package_identification:_identify(drivers/display) by extensions ['ros']
[1.980s] Level 1:colcon.colcon_core.package_identification:_identify(drivers/display) by extension 'ros'
[1.980s] Level 1:colcon.colcon_core.package_identification:_identify(drivers/display) by extensions ['cmake', 'python']
[1.980s] Level 1:colcon.colcon_core.package_identification:_identify(drivers/display) by extension 'cmake'
[1.981s] Level 1:colcon.colcon_core.package_identification:_identify(drivers/display) by extension 'python'
[1.981s] Level 1:colcon.colcon_core.package_identification:_identify(drivers/display) by extensions ['python_setup_py']
[1.981s] Level 1:colcon.colcon_core.package_identification:_identify(drivers/display) by extension 'python_setup_py'
[1.981s] Level 1:colcon.colcon_core.package_identification:_identify(drivers/display/Adafruit_GPIO) by extensions ['ignore', 'ignore_ament_install']
[1.982s] Level 1:colcon.colcon_core.package_identification:_identify(drivers/display/Adafruit_GPIO) by extension 'ignore'
[1.982s] Level 1:colcon.colcon_core.package_identification:_identify(drivers/display/Adafruit_GPIO) by extension 'ignore_ament_install'
[1.982s] Level 1:colcon.colcon_core.package_identification:_identify(drivers/display/Adafruit_GPIO) by extensions ['colcon_pkg']
[1.982s] Level 1:colcon.colcon_core.package_identification:_identify(drivers/display/Adafruit_GPIO) by extension 'colcon_pkg'
[1.982s] Level 1:colcon.colcon_core.package_identification:_identify(drivers/display/Adafruit_GPIO) by extensions ['colcon_meta']
[1.983s] Level 1:colcon.colcon_core.package_identification:_identify(drivers/display/Adafruit_GPIO) by extension 'colcon_meta'
[1.983s] Level 1:colcon.colcon_core.package_identification:_identify(drivers/display/Adafruit_GPIO) by extensions ['ros']
[1.983s] Level 1:colcon.colcon_core.package_identification:_identify(drivers/display/Adafruit_GPIO) by extension 'ros'
[1.983s] Level 1:colcon.colcon_core.package_identification:_identify(drivers/display/Adafruit_GPIO) by extensions ['cmake', 'python']
[1.983s] Level 1:colcon.colcon_core.package_identification:_identify(drivers/display/Adafruit_GPIO) by extension 'cmake'
[1.984s] Level 1:colcon.colcon_core.package_identification:_identify(drivers/display/Adafruit_GPIO) by extension 'python'
[1.984s] Level 1:colcon.colcon_core.package_identification:_identify(drivers/display/Adafruit_GPIO) by extensions ['python_setup_py']
[1.984s] Level 1:colcon.colcon_core.package_identification:_identify(drivers/display/Adafruit_GPIO) by extension 'python_setup_py'
[1.984s] Level 1:colcon.colcon_core.package_identification:_identify(drivers/display/Adafruit_Python_SSD1306) by extensions ['ignore', 'ignore_ament_install']
[1.985s] Level 1:colcon.colcon_core.package_identification:_identify(drivers/display/Adafruit_Python_SSD1306) by extension 'ignore'
[1.985s] Level 1:colcon.colcon_core.package_identification:_identify(drivers/display/Adafruit_Python_SSD1306) by extension 'ignore_ament_install'
[1.985s] Level 1:colcon.colcon_core.package_identification:_identify(drivers/display/Adafruit_Python_SSD1306) by extensions ['colcon_pkg']
[1.985s] Level 1:colcon.colcon_core.package_identification:_identify(drivers/display/Adafruit_Python_SSD1306) by extension 'colcon_pkg'
[1.985s] Level 1:colcon.colcon_core.package_identification:_identify(drivers/display/Adafruit_Python_SSD1306) by extensions ['colcon_meta']
[1.986s] Level 1:colcon.colcon_core.package_identification:_identify(drivers/display/Adafruit_Python_SSD1306) by extension 'colcon_meta'
[1.986s] Level 1:colcon.colcon_core.package_identification:_identify(drivers/display/Adafruit_Python_SSD1306) by extensions ['ros']
[1.986s] Level 1:colcon.colcon_core.package_identification:_identify(drivers/display/Adafruit_Python_SSD1306) by extension 'ros'
[1.986s] Level 1:colcon.colcon_core.package_identification:_identify(drivers/display/Adafruit_Python_SSD1306) by extensions ['cmake', 'python']
[1.986s] Level 1:colcon.colcon_core.package_identification:_identify(drivers/display/Adafruit_Python_SSD1306) by extension 'cmake'
[1.987s] Level 1:colcon.colcon_core.package_identification:_identify(drivers/display/Adafruit_Python_SSD1306) by extension 'python'
[1.987s] Level 1:colcon.colcon_core.package_identification:_identify(drivers/display/Adafruit_Python_SSD1306) by extensions ['python_setup_py']
[1.987s] Level 1:colcon.colcon_core.package_identification:_identify(drivers/display/Adafruit_Python_SSD1306) by extension 'python_setup_py'
[3.161s] DEBUG:colcon.colcon_core.package_identification:Package 'drivers/display/Adafruit_Python_SSD1306' with type 'python' and name 'Adafruit_SSD1306'
[3.162s] Level 1:colcon.colcon_core.package_identification:_identify(drivers/encoder) by extensions ['ignore', 'ignore_ament_install']
[3.162s] Level 1:colcon.colcon_core.package_identification:_identify(drivers/encoder) by extension 'ignore'
[3.162s] Level 1:colcon.colcon_core.package_identification:_identify(drivers/encoder) by extension 'ignore_ament_install'
[3.163s] Level 1:colcon.colcon_core.package_identification:_identify(drivers/encoder) by extensions ['colcon_pkg']
[3.163s] Level 1:colcon.colcon_core.package_identification:_identify(drivers/encoder) by extension 'colcon_pkg'
[3.163s] Level 1:colcon.colcon_core.package_identification:_identify(drivers/encoder) by extensions ['colcon_meta']
[3.163s] Level 1:colcon.colcon_core.package_identification:_identify(drivers/encoder) by extension 'colcon_meta'
[3.163s] Level 1:colcon.colcon_core.package_identification:_identify(drivers/encoder) by extensions ['ros']
[3.163s] Level 1:colcon.colcon_core.package_identification:_identify(drivers/encoder) by extension 'ros'
[3.164s] Level 1:colcon.colcon_core.package_identification:_identify(drivers/encoder) by extensions ['cmake', 'python']
[3.164s] Level 1:colcon.colcon_core.package_identification:_identify(drivers/encoder) by extension 'cmake'
[3.164s] Level 1:colcon.colcon_core.package_identification:_identify(drivers/encoder) by extension 'python'
[3.164s] Level 1:colcon.colcon_core.package_identification:_identify(drivers/encoder) by extensions ['python_setup_py']
[3.165s] Level 1:colcon.colcon_core.package_identification:_identify(drivers/encoder) by extension 'python_setup_py'
[3.165s] Level 1:colcon.colcon_core.package_identification:_identify(drivers/encoder/examples) by extensions ['ignore', 'ignore_ament_install']
[3.165s] Level 1:colcon.colcon_core.package_identification:_identify(drivers/encoder/examples) by extension 'ignore'
[3.166s] Level 1:colcon.colcon_core.package_identification:_identify(drivers/encoder/examples) by extension 'ignore_ament_install'
[3.166s] Level 1:colcon.colcon_core.package_identification:_identify(drivers/encoder/examples) by extensions ['colcon_pkg']
[3.166s] Level 1:colcon.colcon_core.package_identification:_identify(drivers/encoder/examples) by extension 'colcon_pkg'
[3.166s] Level 1:colcon.colcon_core.package_identification:_identify(drivers/encoder/examples) by extensions ['colcon_meta']
[3.166s] Level 1:colcon.colcon_core.package_identification:_identify(drivers/encoder/examples) by extension 'colcon_meta'
[3.167s] Level 1:colcon.colcon_core.package_identification:_identify(drivers/encoder/examples) by extensions ['ros']
[3.167s] Level 1:colcon.colcon_core.package_identification:_identify(drivers/encoder/examples) by extension 'ros'
[3.167s] Level 1:colcon.colcon_core.package_identification:_identify(drivers/encoder/examples) by extensions ['cmake', 'python']
[3.167s] Level 1:colcon.colcon_core.package_identification:_identify(drivers/encoder/examples) by extension 'cmake'
[3.167s] Level 1:colcon.colcon_core.package_identification:_identify(drivers/encoder/examples) by extension 'python'
[3.168s] Level 1:colcon.colcon_core.package_identification:_identify(drivers/encoder/examples) by extensions ['python_setup_py']
[3.168s] Level 1:colcon.colcon_core.package_identification:_identify(drivers/encoder/examples) by extension 'python_setup_py'
[3.168s] Level 1:colcon.colcon_core.package_identification:_identify(drivers/imu) by extensions ['ignore', 'ignore_ament_install']
[3.168s] Level 1:colcon.colcon_core.package_identification:_identify(drivers/imu) by extension 'ignore'
[3.169s] Level 1:colcon.colcon_core.package_identification:_identify(drivers/imu) by extension 'ignore_ament_install'
[3.169s] Level 1:colcon.colcon_core.package_identification:_identify(drivers/imu) by extensions ['colcon_pkg']
[3.169s] Level 1:colcon.colcon_core.package_identification:_identify(drivers/imu) by extension 'colcon_pkg'
[3.169s] Level 1:colcon.colcon_core.package_identification:_identify(drivers/imu) by extensions ['colcon_meta']
[3.169s] Level 1:colcon.colcon_core.package_identification:_identify(drivers/imu) by extension 'colcon_meta'
[3.170s] Level 1:colcon.colcon_core.package_identification:_identify(drivers/imu) by extensions ['ros']
[3.170s] Level 1:colcon.colcon_core.package_identification:_identify(drivers/imu) by extension 'ros'
[3.170s] Level 1:colcon.colcon_core.package_identification:_identify(drivers/imu) by extensions ['cmake', 'python']
[3.170s] Level 1:colcon.colcon_core.package_identification:_identify(drivers/imu) by extension 'cmake'
[3.170s] Level 1:colcon.colcon_core.package_identification:_identify(drivers/imu) by extension 'python'
[3.171s] Level 1:colcon.colcon_core.package_identification:_identify(drivers/imu) by extensions ['python_setup_py']
[3.171s] Level 1:colcon.colcon_core.package_identification:_identify(drivers/imu) by extension 'python_setup_py'
[3.171s] Level 1:colcon.colcon_core.package_identification:_identify(drivers/motor) by extensions ['ignore', 'ignore_ament_install']
[3.171s] Level 1:colcon.colcon_core.package_identification:_identify(drivers/motor) by extension 'ignore'
[3.172s] Level 1:colcon.colcon_core.package_identification:_identify(drivers/motor) by extension 'ignore_ament_install'
[3.172s] Level 1:colcon.colcon_core.package_identification:_identify(drivers/motor) by extensions ['colcon_pkg']
[3.172s] Level 1:colcon.colcon_core.package_identification:_identify(drivers/motor) by extension 'colcon_pkg'
[3.172s] Level 1:colcon.colcon_core.package_identification:_identify(drivers/motor) by extensions ['colcon_meta']
[3.172s] Level 1:colcon.colcon_core.package_identification:_identify(drivers/motor) by extension 'colcon_meta'
[3.172s] Level 1:colcon.colcon_core.package_identification:_identify(drivers/motor) by extensions ['ros']
[3.173s] Level 1:colcon.colcon_core.package_identification:_identify(drivers/motor) by extension 'ros'
[3.173s] Level 1:colcon.colcon_core.package_identification:_identify(drivers/motor) by extensions ['cmake', 'python']
[3.173s] Level 1:colcon.colcon_core.package_identification:_identify(drivers/motor) by extension 'cmake'
[3.173s] Level 1:colcon.colcon_core.package_identification:_identify(drivers/motor) by extension 'python'
[3.173s] Level 1:colcon.colcon_core.package_identification:_identify(drivers/motor) by extensions ['python_setup_py']
[3.174s] Level 1:colcon.colcon_core.package_identification:_identify(drivers/motor) by extension 'python_setup_py'
[3.174s] Level 1:colcon.colcon_core.package_identification:_identify(drivers/motor/examples) by extensions ['ignore', 'ignore_ament_install']
[3.174s] Level 1:colcon.colcon_core.package_identification:_identify(drivers/motor/examples) by extension 'ignore'
[3.175s] Level 1:colcon.colcon_core.package_identification:_identify(drivers/motor/examples) by extension 'ignore_ament_install'
[3.175s] Level 1:colcon.colcon_core.package_identification:_identify(drivers/motor/examples) by extensions ['colcon_pkg']
[3.175s] Level 1:colcon.colcon_core.package_identification:_identify(drivers/motor/examples) by extension 'colcon_pkg'
[3.175s] Level 1:colcon.colcon_core.package_identification:_identify(drivers/motor/examples) by extensions ['colcon_meta']
[3.175s] Level 1:colcon.colcon_core.package_identification:_identify(drivers/motor/examples) by extension 'colcon_meta'
[3.175s] Level 1:colcon.colcon_core.package_identification:_identify(drivers/motor/examples) by extensions ['ros']
[3.176s] Level 1:colcon.colcon_core.package_identification:_identify(drivers/motor/examples) by extension 'ros'
[3.176s] Level 1:colcon.colcon_core.package_identification:_identify(drivers/motor/examples) by extensions ['cmake', 'python']
[3.176s] Level 1:colcon.colcon_core.package_identification:_identify(drivers/motor/examples) by extension 'cmake'
[3.176s] Level 1:colcon.colcon_core.package_identification:_identify(drivers/motor/examples) by extension 'python'
[3.176s] Level 1:colcon.colcon_core.package_identification:_identify(drivers/motor/examples) by extensions ['python_setup_py']
[3.176s] Level 1:colcon.colcon_core.package_identification:_identify(drivers/motor/examples) by extension 'python_setup_py'
[3.177s] Level 1:colcon.colcon_core.package_identification:_identify(drivers/tof) by extensions ['ignore', 'ignore_ament_install']
[3.177s] Level 1:colcon.colcon_core.package_identification:_identify(drivers/tof) by extension 'ignore'
[3.177s] Level 1:colcon.colcon_core.package_identification:_identify(drivers/tof) by extension 'ignore_ament_install'
[3.178s] Level 1:colcon.colcon_core.package_identification:_identify(drivers/tof) by extensions ['colcon_pkg']
[3.178s] Level 1:colcon.colcon_core.package_identification:_identify(drivers/tof) by extension 'colcon_pkg'
[3.178s] Level 1:colcon.colcon_core.package_identification:_identify(drivers/tof) by extensions ['colcon_meta']
[3.178s] Level 1:colcon.colcon_core.package_identification:_identify(drivers/tof) by extension 'colcon_meta'
[3.178s] Level 1:colcon.colcon_core.package_identification:_identify(drivers/tof) by extensions ['ros']
[3.178s] Level 1:colcon.colcon_core.package_identification:_identify(drivers/tof) by extension 'ros'
[3.179s] Level 1:colcon.colcon_core.package_identification:_identify(drivers/tof) by extensions ['cmake', 'python']
[3.179s] Level 1:colcon.colcon_core.package_identification:_identify(drivers/tof) by extension 'cmake'
[3.179s] Level 1:colcon.colcon_core.package_identification:_identify(drivers/tof) by extension 'python'
[3.179s] Level 1:colcon.colcon_core.package_identification:_identify(drivers/tof) by extensions ['python_setup_py']
[3.179s] Level 1:colcon.colcon_core.package_identification:_identify(drivers/tof) by extension 'python_setup_py'
[3.180s] Level 1:colcon.colcon_core.package_identification:_identify(drivers/tof/assets) by extensions ['ignore', 'ignore_ament_install']
[3.180s] Level 1:colcon.colcon_core.package_identification:_identify(drivers/tof/assets) by extension 'ignore'
[3.180s] Level 1:colcon.colcon_core.package_identification:_identify(drivers/tof/assets) by extension 'ignore_ament_install'
[3.181s] Level 1:colcon.colcon_core.package_identification:_identify(drivers/tof/assets) by extensions ['colcon_pkg']
[3.181s] Level 1:colcon.colcon_core.package_identification:_identify(drivers/tof/assets) by extension 'colcon_pkg'
[3.181s] Level 1:colcon.colcon_core.package_identification:_identify(drivers/tof/assets) by extensions ['colcon_meta']
[3.181s] Level 1:colcon.colcon_core.package_identification:_identify(drivers/tof/assets) by extension 'colcon_meta'
[3.181s] Level 1:colcon.colcon_core.package_identification:_identify(drivers/tof/assets) by extensions ['ros']
[3.181s] Level 1:colcon.colcon_core.package_identification:_identify(drivers/tof/assets) by extension 'ros'
[3.182s] Level 1:colcon.colcon_core.package_identification:_identify(drivers/tof/assets) by extensions ['cmake', 'python']
[3.182s] Level 1:colcon.colcon_core.package_identification:_identify(drivers/tof/assets) by extension 'cmake'
[3.182s] Level 1:colcon.colcon_core.package_identification:_identify(drivers/tof/assets) by extension 'python'
[3.182s] Level 1:colcon.colcon_core.package_identification:_identify(drivers/tof/assets) by extensions ['python_setup_py']
[3.182s] Level 1:colcon.colcon_core.package_identification:_identify(drivers/tof/assets) by extension 'python_setup_py'
[3.183s] Level 1:colcon.colcon_core.package_identification:_identify(install) by extensions ['ignore', 'ignore_ament_install']
[3.183s] Level 1:colcon.colcon_core.package_identification:_identify(install) by extension 'ignore'
[3.183s] Level 1:colcon.colcon_core.package_identification:_identify(install) ignored
[3.184s] Level 1:colcon.colcon_core.package_identification:_identify(launch) by extensions ['ignore', 'ignore_ament_install']
[3.184s] Level 1:colcon.colcon_core.package_identification:_identify(launch) by extension 'ignore'
[3.184s] Level 1:colcon.colcon_core.package_identification:_identify(launch) by extension 'ignore_ament_install'
[3.184s] Level 1:colcon.colcon_core.package_identification:_identify(launch) by extensions ['colcon_pkg']
[3.184s] Level 1:colcon.colcon_core.package_identification:_identify(launch) by extension 'colcon_pkg'
[3.185s] Level 1:colcon.colcon_core.package_identification:_identify(launch) by extensions ['colcon_meta']
[3.185s] Level 1:colcon.colcon_core.package_identification:_identify(launch) by extension 'colcon_meta'
[3.185s] Level 1:colcon.colcon_core.package_identification:_identify(launch) by extensions ['ros']
[3.185s] Level 1:colcon.colcon_core.package_identification:_identify(launch) by extension 'ros'
[3.185s] Level 1:colcon.colcon_core.package_identification:_identify(launch) by extensions ['cmake', 'python']
[3.186s] Level 1:colcon.colcon_core.package_identification:_identify(launch) by extension 'cmake'
[3.186s] Level 1:colcon.colcon_core.package_identification:_identify(launch) by extension 'python'
[3.186s] Level 1:colcon.colcon_core.package_identification:_identify(launch) by extensions ['python_setup_py']
[3.186s] Level 1:colcon.colcon_core.package_identification:_identify(launch) by extension 'python_setup_py'
[3.187s] Level 1:colcon.colcon_core.package_identification:_identify(launch/motion) by extensions ['ignore', 'ignore_ament_install']
[3.187s] Level 1:colcon.colcon_core.package_identification:_identify(launch/motion) by extension 'ignore'
[3.187s] Level 1:colcon.colcon_core.package_identification:_identify(launch/motion) by extension 'ignore_ament_install'
[3.187s] Level 1:colcon.colcon_core.package_identification:_identify(launch/motion) by extensions ['colcon_pkg']
[3.187s] Level 1:colcon.colcon_core.package_identification:_identify(launch/motion) by extension 'colcon_pkg'
[3.188s] Level 1:colcon.colcon_core.package_identification:_identify(launch/motion) by extensions ['colcon_meta']
[3.188s] Level 1:colcon.colcon_core.package_identification:_identify(launch/motion) by extension 'colcon_meta'
[3.188s] Level 1:colcon.colcon_core.package_identification:_identify(launch/motion) by extensions ['ros']
[3.188s] Level 1:colcon.colcon_core.package_identification:_identify(launch/motion) by extension 'ros'
[3.188s] Level 1:colcon.colcon_core.package_identification:_identify(launch/motion) by extensions ['cmake', 'python']
[3.189s] Level 1:colcon.colcon_core.package_identification:_identify(launch/motion) by extension 'cmake'
[3.189s] Level 1:colcon.colcon_core.package_identification:_identify(launch/motion) by extension 'python'
[3.189s] Level 1:colcon.colcon_core.package_identification:_identify(launch/motion) by extensions ['python_setup_py']
[3.189s] Level 1:colcon.colcon_core.package_identification:_identify(launch/motion) by extension 'python_setup_py'
[3.189s] Level 1:colcon.colcon_core.package_identification:_identify(launch/parking) by extensions ['ignore', 'ignore_ament_install']
[3.190s] Level 1:colcon.colcon_core.package_identification:_identify(launch/parking) by extension 'ignore'
[3.190s] Level 1:colcon.colcon_core.package_identification:_identify(launch/parking) by extension 'ignore_ament_install'
[3.190s] Level 1:colcon.colcon_core.package_identification:_identify(launch/parking) by extensions ['colcon_pkg']
[3.190s] Level 1:colcon.colcon_core.package_identification:_identify(launch/parking) by extension 'colcon_pkg'
[3.190s] Level 1:colcon.colcon_core.package_identification:_identify(launch/parking) by extensions ['colcon_meta']
[3.191s] Level 1:colcon.colcon_core.package_identification:_identify(launch/parking) by extension 'colcon_meta'
[3.191s] Level 1:colcon.colcon_core.package_identification:_identify(launch/parking) by extensions ['ros']
[3.191s] Level 1:colcon.colcon_core.package_identification:_identify(launch/parking) by extension 'ros'
[3.191s] Level 1:colcon.colcon_core.package_identification:_identify(launch/parking) by extensions ['cmake', 'python']
[3.191s] Level 1:colcon.colcon_core.package_identification:_identify(launch/parking) by extension 'cmake'
[3.192s] Level 1:colcon.colcon_core.package_identification:_identify(launch/parking) by extension 'python'
[3.192s] Level 1:colcon.colcon_core.package_identification:_identify(launch/parking) by extensions ['python_setup_py']
[3.192s] Level 1:colcon.colcon_core.package_identification:_identify(launch/parking) by extension 'python_setup_py'
[3.192s] Level 1:colcon.colcon_core.package_identification:_identify(launch/vision) by extensions ['ignore', 'ignore_ament_install']
[3.193s] Level 1:colcon.colcon_core.package_identification:_identify(launch/vision) by extension 'ignore'
[3.193s] Level 1:colcon.colcon_core.package_identification:_identify(launch/vision) by extension 'ignore_ament_install'
[3.193s] Level 1:colcon.colcon_core.package_identification:_identify(launch/vision) by extensions ['colcon_pkg']
[3.193s] Level 1:colcon.colcon_core.package_identification:_identify(launch/vision) by extension 'colcon_pkg'
[3.193s] Level 1:colcon.colcon_core.package_identification:_identify(launch/vision) by extensions ['colcon_meta']
[3.194s] Level 1:colcon.colcon_core.package_identification:_identify(launch/vision) by extension 'colcon_meta'
[3.194s] Level 1:colcon.colcon_core.package_identification:_identify(launch/vision) by extensions ['ros']
[3.194s] Level 1:colcon.colcon_core.package_identification:_identify(launch/vision) by extension 'ros'
[3.194s] Level 1:colcon.colcon_core.package_identification:_identify(launch/vision) by extensions ['cmake', 'python']
[3.194s] Level 1:colcon.colcon_core.package_identification:_identify(launch/vision) by extension 'cmake'
[3.195s] Level 1:colcon.colcon_core.package_identification:_identify(launch/vision) by extension 'python'
[3.195s] Level 1:colcon.colcon_core.package_identification:_identify(launch/vision) by extensions ['python_setup_py']
[3.195s] Level 1:colcon.colcon_core.package_identification:_identify(launch/vision) by extension 'python_setup_py'
[3.196s] Level 1:colcon.colcon_core.package_identification:_identify(log) by extensions ['ignore', 'ignore_ament_install']
[3.196s] Level 1:colcon.colcon_core.package_identification:_identify(log) by extension 'ignore'
[3.196s] Level 1:colcon.colcon_core.package_identification:_identify(log) ignored
[3.196s] Level 1:colcon.colcon_core.package_identification:_identify(motion) by extensions ['ignore', 'ignore_ament_install']
[3.197s] Level 1:colcon.colcon_core.package_identification:_identify(motion) by extension 'ignore'
[3.197s] Level 1:colcon.colcon_core.package_identification:_identify(motion) by extension 'ignore_ament_install'
[3.197s] Level 1:colcon.colcon_core.package_identification:_identify(motion) by extensions ['colcon_pkg']
[3.197s] Level 1:colcon.colcon_core.package_identification:_identify(motion) by extension 'colcon_pkg'
[3.197s] Level 1:colcon.colcon_core.package_identification:_identify(motion) by extensions ['colcon_meta']
[3.198s] Level 1:colcon.colcon_core.package_identification:_identify(motion) by extension 'colcon_meta'
[3.198s] Level 1:colcon.colcon_core.package_identification:_identify(motion) by extensions ['ros']
[3.198s] Level 1:colcon.colcon_core.package_identification:_identify(motion) by extension 'ros'
[3.198s] Level 1:colcon.colcon_core.package_identification:_identify(motion) by extensions ['cmake', 'python']
[3.198s] Level 1:colcon.colcon_core.package_identification:_identify(motion) by extension 'cmake'
[3.198s] Level 1:colcon.colcon_core.package_identification:_identify(motion) by extension 'python'
[3.199s] Level 1:colcon.colcon_core.package_identification:_identify(motion) by extensions ['python_setup_py']
[3.199s] Level 1:colcon.colcon_core.package_identification:_identify(motion) by extension 'python_setup_py'
[3.199s] Level 1:colcon.colcon_core.package_identification:_identify(motion/control) by extensions ['ignore', 'ignore_ament_install']
[3.199s] Level 1:colcon.colcon_core.package_identification:_identify(motion/control) by extension 'ignore'
[3.200s] Level 1:colcon.colcon_core.package_identification:_identify(motion/control) by extension 'ignore_ament_install'
[3.200s] Level 1:colcon.colcon_core.package_identification:_identify(motion/control) by extensions ['colcon_pkg']
[3.200s] Level 1:colcon.colcon_core.package_identification:_identify(motion/control) by extension 'colcon_pkg'
[3.200s] Level 1:colcon.colcon_core.package_identification:_identify(motion/control) by extensions ['colcon_meta']
[3.200s] Level 1:colcon.colcon_core.package_identification:_identify(motion/control) by extension 'colcon_meta'
[3.201s] Level 1:colcon.colcon_core.package_identification:_identify(motion/control) by extensions ['ros']
[3.201s] Level 1:colcon.colcon_core.package_identification:_identify(motion/control) by extension 'ros'
[3.201s] Level 1:colcon.colcon_core.package_identification:_identify(motion/control) by extensions ['cmake', 'python']
[3.201s] Level 1:colcon.colcon_core.package_identification:_identify(motion/control) by extension 'cmake'
[3.201s] Level 1:colcon.colcon_core.package_identification:_identify(motion/control) by extension 'python'
[3.202s] Level 1:colcon.colcon_core.package_identification:_identify(motion/control) by extensions ['python_setup_py']
[3.202s] Level 1:colcon.colcon_core.package_identification:_identify(motion/control) by extension 'python_setup_py'
[3.202s] Level 1:colcon.colcon_core.package_identification:_identify(motion/control/motor_control) by extensions ['ignore', 'ignore_ament_install']
[3.202s] Level 1:colcon.colcon_core.package_identification:_identify(motion/control/motor_control) by extension 'ignore'
[3.203s] Level 1:colcon.colcon_core.package_identification:_identify(motion/control/motor_control) by extension 'ignore_ament_install'
[3.203s] Level 1:colcon.colcon_core.package_identification:_identify(motion/control/motor_control) by extensions ['colcon_pkg']
[3.203s] Level 1:colcon.colcon_core.package_identification:_identify(motion/control/motor_control) by extension 'colcon_pkg'
[3.203s] Level 1:colcon.colcon_core.package_identification:_identify(motion/control/motor_control) by extensions ['colcon_meta']
[3.203s] Level 1:colcon.colcon_core.package_identification:_identify(motion/control/motor_control) by extension 'colcon_meta'
[3.204s] Level 1:colcon.colcon_core.package_identification:_identify(motion/control/motor_control) by extensions ['ros']
[3.204s] Level 1:colcon.colcon_core.package_identification:_identify(motion/control/motor_control) by extension 'ros'
[3.207s] DEBUG:colcon.colcon_core.package_identification:Package 'motion/control/motor_control' with type 'ros.ament_python' and name 'motor_control'
[3.207s] Level 1:colcon.colcon_core.package_identification:_identify(motion/turning) by extensions ['ignore', 'ignore_ament_install']
[3.207s] Level 1:colcon.colcon_core.package_identification:_identify(motion/turning) by extension 'ignore'
[3.208s] Level 1:colcon.colcon_core.package_identification:_identify(motion/turning) by extension 'ignore_ament_install'
[3.208s] Level 1:colcon.colcon_core.package_identification:_identify(motion/turning) by extensions ['colcon_pkg']
[3.208s] Level 1:colcon.colcon_core.package_identification:_identify(motion/turning) by extension 'colcon_pkg'
[3.208s] Level 1:colcon.colcon_core.package_identification:_identify(motion/turning) by extensions ['colcon_meta']
[3.208s] Level 1:colcon.colcon_core.package_identification:_identify(motion/turning) by extension 'colcon_meta'
[3.209s] Level 1:colcon.colcon_core.package_identification:_identify(motion/turning) by extensions ['ros']
[3.209s] Level 1:colcon.colcon_core.package_identification:_identify(motion/turning) by extension 'ros'
[3.209s] Level 1:colcon.colcon_core.package_identification:_identify(motion/turning) by extensions ['cmake', 'python']
[3.209s] Level 1:colcon.colcon_core.package_identification:_identify(motion/turning) by extension 'cmake'
[3.209s] Level 1:colcon.colcon_core.package_identification:_identify(motion/turning) by extension 'python'
[3.210s] Level 1:colcon.colcon_core.package_identification:_identify(motion/turning) by extensions ['python_setup_py']
[3.210s] Level 1:colcon.colcon_core.package_identification:_identify(motion/turning) by extension 'python_setup_py'
[3.210s] Level 1:colcon.colcon_core.package_identification:_identify(motion/visualization) by extensions ['ignore', 'ignore_ament_install']
[3.210s] Level 1:colcon.colcon_core.package_identification:_identify(motion/visualization) by extension 'ignore'
[3.211s] Level 1:colcon.colcon_core.package_identification:_identify(motion/visualization) by extension 'ignore_ament_install'
[3.211s] Level 1:colcon.colcon_core.package_identification:_identify(motion/visualization) by extensions ['colcon_pkg']
[3.211s] Level 1:colcon.colcon_core.package_identification:_identify(motion/visualization) by extension 'colcon_pkg'
[3.211s] Level 1:colcon.colcon_core.package_identification:_identify(motion/visualization) by extensions ['colcon_meta']
[3.211s] Level 1:colcon.colcon_core.package_identification:_identify(motion/visualization) by extension 'colcon_meta'
[3.212s] Level 1:colcon.colcon_core.package_identification:_identify(motion/visualization) by extensions ['ros']
[3.212s] Level 1:colcon.colcon_core.package_identification:_identify(motion/visualization) by extension 'ros'
[3.212s] Level 1:colcon.colcon_core.package_identification:_identify(motion/visualization) by extensions ['cmake', 'python']
[3.212s] Level 1:colcon.colcon_core.package_identification:_identify(motion/visualization) by extension 'cmake'
[3.212s] Level 1:colcon.colcon_core.package_identification:_identify(motion/visualization) by extension 'python'
[3.212s] Level 1:colcon.colcon_core.package_identification:_identify(motion/visualization) by extensions ['python_setup_py']
[3.213s] Level 1:colcon.colcon_core.package_identification:_identify(motion/visualization) by extension 'python_setup_py'
[3.213s] Level 1:colcon.colcon_core.package_identification:_identify(vision) by extensions ['ignore', 'ignore_ament_install']
[3.213s] Level 1:colcon.colcon_core.package_identification:_identify(vision) by extension 'ignore'
[3.214s] Level 1:colcon.colcon_core.package_identification:_identify(vision) by extension 'ignore_ament_install'
[3.214s] Level 1:colcon.colcon_core.package_identification:_identify(vision) by extensions ['colcon_pkg']
[3.214s] Level 1:colcon.colcon_core.package_identification:_identify(vision) by extension 'colcon_pkg'
[3.214s] Level 1:colcon.colcon_core.package_identification:_identify(vision) by extensions ['colcon_meta']
[3.214s] Level 1:colcon.colcon_core.package_identification:_identify(vision) by extension 'colcon_meta'
[3.214s] Level 1:colcon.colcon_core.package_identification:_identify(vision) by extensions ['ros']
[3.215s] Level 1:colcon.colcon_core.package_identification:_identify(vision) by extension 'ros'
[3.215s] Level 1:colcon.colcon_core.package_identification:_identify(vision) by extensions ['cmake', 'python']
[3.215s] Level 1:colcon.colcon_core.package_identification:_identify(vision) by extension 'cmake'
[3.215s] Level 1:colcon.colcon_core.package_identification:_identify(vision) by extension 'python'
[3.215s] Level 1:colcon.colcon_core.package_identification:_identify(vision) by extensions ['python_setup_py']
[3.215s] Level 1:colcon.colcon_core.package_identification:_identify(vision) by extension 'python_setup_py'
[3.216s] Level 1:colcon.colcon_core.package_identification:_identify(vision/camera) by extensions ['ignore', 'ignore_ament_install']
[3.216s] Level 1:colcon.colcon_core.package_identification:_identify(vision/camera) by extension 'ignore'
[3.216s] Level 1:colcon.colcon_core.package_identification:_identify(vision/camera) by extension 'ignore_ament_install'
[3.217s] Level 1:colcon.colcon_core.package_identification:_identify(vision/camera) by extensions ['colcon_pkg']
[3.217s] Level 1:colcon.colcon_core.package_identification:_identify(vision/camera) by extension 'colcon_pkg'
[3.217s] Level 1:colcon.colcon_core.package_identification:_identify(vision/camera) by extensions ['colcon_meta']
[3.217s] Level 1:colcon.colcon_core.package_identification:_identify(vision/camera) by extension 'colcon_meta'
[3.217s] Level 1:colcon.colcon_core.package_identification:_identify(vision/camera) by extensions ['ros']
[3.217s] Level 1:colcon.colcon_core.package_identification:_identify(vision/camera) by extension 'ros'
[3.218s] Level 1:colcon.colcon_core.package_identification:_identify(vision/camera) by extensions ['cmake', 'python']
[3.218s] Level 1:colcon.colcon_core.package_identification:_identify(vision/camera) by extension 'cmake'
[3.218s] Level 1:colcon.colcon_core.package_identification:_identify(vision/camera) by extension 'python'
[3.218s] Level 1:colcon.colcon_core.package_identification:_identify(vision/camera) by extensions ['python_setup_py']
[3.218s] Level 1:colcon.colcon_core.package_identification:_identify(vision/camera) by extension 'python_setup_py'
[3.219s] Level 1:colcon.colcon_core.package_identification:_identify(vision/camera/jetson_camera) by extensions ['ignore', 'ignore_ament_install']
[3.219s] Level 1:colcon.colcon_core.package_identification:_identify(vision/camera/jetson_camera) by extension 'ignore'
[3.219s] Level 1:colcon.colcon_core.package_identification:_identify(vision/camera/jetson_camera) by extension 'ignore_ament_install'
[3.220s] Level 1:colcon.colcon_core.package_identification:_identify(vision/camera/jetson_camera) by extensions ['colcon_pkg']
[3.220s] Level 1:colcon.colcon_core.package_identification:_identify(vision/camera/jetson_camera) by extension 'colcon_pkg'
[3.220s] Level 1:colcon.colcon_core.package_identification:_identify(vision/camera/jetson_camera) by extensions ['colcon_meta']
[3.220s] Level 1:colcon.colcon_core.package_identification:_identify(vision/camera/jetson_camera) by extension 'colcon_meta'
[3.220s] Level 1:colcon.colcon_core.package_identification:_identify(vision/camera/jetson_camera) by extensions ['ros']
[3.220s] Level 1:colcon.colcon_core.package_identification:_identify(vision/camera/jetson_camera) by extension 'ros'
[3.223s] DEBUG:colcon.colcon_core.package_identification:Package 'vision/camera/jetson_camera' with type 'ros.ament_python' and name 'jetson_camera'
[3.224s] Level 1:colcon.colcon_core.package_identification:_identify(vision/detection) by extensions ['ignore', 'ignore_ament_install']
[3.224s] Level 1:colcon.colcon_core.package_identification:_identify(vision/detection) by extension 'ignore'
[3.224s] Level 1:colcon.colcon_core.package_identification:_identify(vision/detection) by extension 'ignore_ament_install'
[3.224s] Level 1:colcon.colcon_core.package_identification:_identify(vision/detection) by extensions ['colcon_pkg']
[3.224s] Level 1:colcon.colcon_core.package_identification:_identify(vision/detection) by extension 'colcon_pkg'
[3.225s] Level 1:colcon.colcon_core.package_identification:_identify(vision/detection) by extensions ['colcon_meta']
[3.225s] Level 1:colcon.colcon_core.package_identification:_identify(vision/detection) by extension 'colcon_meta'
[3.225s] Level 1:colcon.colcon_core.package_identification:_identify(vision/detection) by extensions ['ros']
[3.225s] Level 1:colcon.colcon_core.package_identification:_identify(vision/detection) by extension 'ros'
[3.225s] Level 1:colcon.colcon_core.package_identification:_identify(vision/detection) by extensions ['cmake', 'python']
[3.226s] Level 1:colcon.colcon_core.package_identification:_identify(vision/detection) by extension 'cmake'
[3.226s] Level 1:colcon.colcon_core.package_identification:_identify(vision/detection) by extension 'python'
[3.226s] Level 1:colcon.colcon_core.package_identification:_identify(vision/detection) by extensions ['python_setup_py']
[3.226s] Level 1:colcon.colcon_core.package_identification:_identify(vision/detection) by extension 'python_setup_py'
[3.226s] Level 1:colcon.colcon_core.package_identification:_identify(vision/detection/line_tracker) by extensions ['ignore', 'ignore_ament_install']
[3.227s] Level 1:colcon.colcon_core.package_identification:_identify(vision/detection/line_tracker) by extension 'ignore'
[3.227s] Level 1:colcon.colcon_core.package_identification:_identify(vision/detection/line_tracker) by extension 'ignore_ament_install'
[3.227s] Level 1:colcon.colcon_core.package_identification:_identify(vision/detection/line_tracker) by extensions ['colcon_pkg']
[3.227s] Level 1:colcon.colcon_core.package_identification:_identify(vision/detection/line_tracker) by extension 'colcon_pkg'
[3.228s] Level 1:colcon.colcon_core.package_identification:_identify(vision/detection/line_tracker) by extensions ['colcon_meta']
[3.228s] Level 1:colcon.colcon_core.package_identification:_identify(vision/detection/line_tracker) by extension 'colcon_meta'
[3.228s] Level 1:colcon.colcon_core.package_identification:_identify(vision/detection/line_tracker) by extensions ['ros']
[3.228s] Level 1:colcon.colcon_core.package_identification:_identify(vision/detection/line_tracker) by extension 'ros'
[3.228s] Level 1:colcon.colcon_core.package_identification:_identify(vision/detection/line_tracker) by extensions ['cmake', 'python']
[3.228s] Level 1:colcon.colcon_core.package_identification:_identify(vision/detection/line_tracker) by extension 'cmake'
[3.229s] Level 1:colcon.colcon_core.package_identification:_identify(vision/detection/line_tracker) by extension 'python'
[3.229s] Level 1:colcon.colcon_core.package_identification:_identify(vision/detection/line_tracker) by extensions ['python_setup_py']
[3.229s] Level 1:colcon.colcon_core.package_identification:_identify(vision/detection/line_tracker) by extension 'python_setup_py'
[3.229s] Level 1:colcon.colcon_core.package_identification:_identify(vision/interfaces) by extensions ['ignore', 'ignore_ament_install']
[3.230s] Level 1:colcon.colcon_core.package_identification:_identify(vision/interfaces) by extension 'ignore'
[3.230s] Level 1:colcon.colcon_core.package_identification:_identify(vision/interfaces) by extension 'ignore_ament_install'
[3.230s] Level 1:colcon.colcon_core.package_identification:_identify(vision/interfaces) by extensions ['colcon_pkg']
[3.230s] Level 1:colcon.colcon_core.package_identification:_identify(vision/interfaces) by extension 'colcon_pkg'
[3.230s] Level 1:colcon.colcon_core.package_identification:_identify(vision/interfaces) by extensions ['colcon_meta']
[3.231s] Level 1:colcon.colcon_core.package_identification:_identify(vision/interfaces) by extension 'colcon_meta'
[3.231s] Level 1:colcon.colcon_core.package_identification:_identify(vision/interfaces) by extensions ['ros']
[3.231s] Level 1:colcon.colcon_core.package_identification:_identify(vision/interfaces) by extension 'ros'
[3.231s] Level 1:colcon.colcon_core.package_identification:_identify(vision/interfaces) by extensions ['cmake', 'python']
[3.231s] Level 1:colcon.colcon_core.package_identification:_identify(vision/interfaces) by extension 'cmake'
[3.232s] Level 1:colcon.colcon_core.package_identification:_identify(vision/interfaces) by extension 'python'
[3.232s] Level 1:colcon.colcon_core.package_identification:_identify(vision/interfaces) by extensions ['python_setup_py']
[3.232s] Level 1:colcon.colcon_core.package_identification:_identify(vision/interfaces) by extension 'python_setup_py'
[3.232s] Level 1:colcon.colcon_core.package_identification:_identify(vision/interfaces/jetson_camera_interfaces) by extensions ['ignore', 'ignore_ament_install']
[3.233s] Level 1:colcon.colcon_core.package_identification:_identify(vision/interfaces/jetson_camera_interfaces) by extension 'ignore'
[3.233s] Level 1:colcon.colcon_core.package_identification:_identify(vision/interfaces/jetson_camera_interfaces) by extension 'ignore_ament_install'
[3.233s] Level 1:colcon.colcon_core.package_identification:_identify(vision/interfaces/jetson_camera_interfaces) by extensions ['colcon_pkg']
[3.233s] Level 1:colcon.colcon_core.package_identification:_identify(vision/interfaces/jetson_camera_interfaces) by extension 'colcon_pkg'
[3.233s] Level 1:colcon.colcon_core.package_identification:_identify(vision/interfaces/jetson_camera_interfaces) by extensions ['colcon_meta']
[3.234s] Level 1:colcon.colcon_core.package_identification:_identify(vision/interfaces/jetson_camera_interfaces) by extension 'colcon_meta'
[3.234s] Level 1:colcon.colcon_core.package_identification:_identify(vision/interfaces/jetson_camera_interfaces) by extensions ['ros']
[3.234s] Level 1:colcon.colcon_core.package_identification:_identify(vision/interfaces/jetson_camera_interfaces) by extension 'ros'
[3.237s] DEBUG:colcon.colcon_core.package_identification:Package 'vision/interfaces/jetson_camera_interfaces' with type 'ros.ament_cmake' and name 'jetson_camera_interfaces'
[3.237s] Level 1:colcon.colcon_core.package_discovery:discover_packages(recursive) using defaults
[3.237s] Level 1:colcon.colcon_core.package_discovery:discover_packages(ignore) discover
[3.237s] Level 1:colcon.colcon_core.package_discovery:discover_packages(ignore) using defaults
[3.237s] Level 1:colcon.colcon_core.package_discovery:discover_packages(path) discover
[3.238s] Level 1:colcon.colcon_core.package_discovery:discover_packages(path) using defaults
[3.326s] Level 1:colcon.colcon_core.package_discovery:discover_packages(prefix_path) check parameters
[3.326s] Level 1:colcon.colcon_core.package_discovery:discover_packages(prefix_path) discover
[3.334s] DEBUG:colcon.colcon_installed_package_information.package_discovery:Found 8 installed packages in /home/jetson/EVC/workshops/final_project_v5/install
[3.339s] DEBUG:colcon.colcon_installed_package_information.package_discovery:Found 190 installed packages in /opt/ros/foxy
[3.345s] Level 1:colcon.colcon_core.package_discovery:discover_packages(prefix_path) using defaults
