[7.295s] Invoking command in '/home/jetson/EVC/workshops/final_project_v5/behaviors/line_following/line_following': PYTHONPATH=/home/jetson/EVC/workshops/final_project_v5/build/line_following/prefix_override:/usr/lib/python3/dist-packages/colcon_core/task/python/colcon_distutils_commands:/home/jetson/EVC/workshops/final_project_v5/install/line_following/lib/python3.8/site-packages:${PYTHONPATH} /usr/bin/python3 -W ignore:setup.py install is deprecated -W ignore:easy_install command is deprecated setup.py egg_info --egg-base ../../../build/line_following build --build-base /home/jetson/EVC/workshops/final_project_v5/build/line_following/build install --record /home/jetson/EVC/workshops/final_project_v5/build/line_following/install.log --single-version-externally-managed install_data
[8.780s] running egg_info
[8.785s] writing ../../../build/line_following/line_following.egg-info/PKG-INFO
[8.786s] writing dependency_links to ../../../build/line_following/line_following.egg-info/dependency_links.txt
[8.787s] writing entry points to ../../../build/line_following/line_following.egg-info/entry_points.txt
[8.788s] writing requirements to ../../../build/line_following/line_following.egg-info/requires.txt
[8.788s] writing top-level names to ../../../build/line_following/line_following.egg-info/top_level.txt
[8.799s] reading manifest file '../../../build/line_following/line_following.egg-info/SOURCES.txt'
[8.803s] writing manifest file '../../../build/line_following/line_following.egg-info/SOURCES.txt'
[8.804s] running build
[8.804s] running build_py
[8.805s] running install
[8.809s] running install_lib
[8.816s] running install_data
[8.817s] running install_egg_info
[8.825s] removing '/home/jetson/EVC/workshops/final_project_v5/install/line_following/lib/python3.8/site-packages/line_following-0.0.0-py3.8.egg-info' (and everything under it)
[8.826s] Copying ../../../build/line_following/line_following.egg-info to /home/jetson/EVC/workshops/final_project_v5/install/line_following/lib/python3.8/site-packages/line_following-0.0.0-py3.8.egg-info
[8.830s] running install_scripts
[8.919s] Installing angular_tracker script to /home/jetson/EVC/workshops/final_project_v5/install/line_following/lib/line_following
[8.920s] Installing line_tracker script to /home/jetson/EVC/workshops/final_project_v5/install/line_following/lib/line_following
[8.922s] Installing navigator script to /home/jetson/EVC/workshops/final_project_v5/install/line_following/lib/line_following
[8.926s] writing list of installed files to '/home/jetson/EVC/workshops/final_project_v5/build/line_following/install.log'
[9.046s] Invoked command in '/home/jetson/EVC/workshops/final_project_v5/behaviors/line_following/line_following' returned '0': PYTHONPATH=/home/jetson/EVC/workshops/final_project_v5/build/line_following/prefix_override:/usr/lib/python3/dist-packages/colcon_core/task/python/colcon_distutils_commands:/home/jetson/EVC/workshops/final_project_v5/install/line_following/lib/python3.8/site-packages:${PYTHONPATH} /usr/bin/python3 -W ignore:setup.py install is deprecated -W ignore:easy_install command is deprecated setup.py egg_info --egg-base ../../../build/line_following build --build-base /home/jetson/EVC/workshops/final_project_v5/build/line_following/build install --record /home/jetson/EVC/workshops/final_project_v5/build/line_following/install.log --single-version-externally-managed install_data
