[0.117s] Invoking command in '/home/jetson/EVC/workshops/final_project_map_v3/final_project_map_v2/final_project_v4/build/jetson_camera_interfaces': CMAKE_PREFIX_PATH=/opt/ros/foxy /usr/bin/cmake --build /home/jetson/EVC/workshops/final_project_map_v3/final_project_map_v2/final_project_v4/build/jetson_camera_interfaces -- -j4 -l4
[3.791s] [  3%] Built target jetson_camera_interfaces__cpp
[3.792s] [ 12%] Built target jetson_camera_interfaces__rosidl_generator_c
[3.793s] [ 22%] Built target jetson_camera_interfaces__rosidl_typesupport_introspection_c
[3.795s] [ 32%] Built target jetson_camera_interfaces__rosidl_typesupport_introspection_cpp
[3.798s] [ 41%] Built target jetson_camera_interfaces__rosidl_typesupport_fastrtps_cpp
[3.798s] [ 51%] Built target jetson_camera_interfaces__rosidl_typesupport_cpp
[3.799s] [ 61%] Built target jetson_camera_interfaces__rosidl_typesupport_c
[3.799s] [ 70%] Built target jetson_camera_interfaces__rosidl_typesupport_fastrtps_c
[3.800s] [ 70%] Built target jetson_camera_interfaces
[3.800s] [ 74%] Built target jetson_camera_interfaces__py
[3.801s] [ 80%] Built target jetson_camera_interfaces__python
[3.801s] [100%] Built target jetson_camera_interfaces__rosidl_typesupport_introspection_c__pyext
[3.801s] [100%] Built target jetson_camera_interfaces__rosidl_typesupport_fastrtps_c__pyext
[3.802s] [100%] Built target jetson_camera_interfaces__rosidl_typesupport_c__pyext
[3.806s] CMake Error: The current CMakeCache.txt directory /home/jetson/EVC/workshops/final_project_map_v3/final_project_map_v2/final_project_v4/build/jetson_camera_interfaces/CMakeCache.txt is different than the directory /home/jetson/EVC/workshops/final_project_v3/build/jetson_camera_interfaces where CMakeCache.txt was created. This may result in binaries being created in the wrong place. If you are not sure, reedit the CMakeCache.txt
[3.807s] Invoked command in '/home/jetson/EVC/workshops/final_project_map_v3/final_project_map_v2/final_project_v4/build/jetson_camera_interfaces' returned '0': CMAKE_PREFIX_PATH=/opt/ros/foxy /usr/bin/cmake --build /home/jetson/EVC/workshops/final_project_map_v3/final_project_map_v2/final_project_v4/build/jetson_camera_interfaces -- -j4 -l4
[3.844s] Invoking command in '/home/jetson/EVC/workshops/final_project_map_v3/final_project_map_v2/final_project_v4/build/jetson_camera_interfaces': CMAKE_PREFIX_PATH=/opt/ros/foxy /usr/bin/cmake --install /home/jetson/EVC/workshops/final_project_map_v3/final_project_map_v2/final_project_v4/build/jetson_camera_interfaces
[3.879s] -- Install configuration: ""
[3.880s] -- Up-to-date: /home/jetson/EVC/workshops/final_project_v3/install/jetson_camera_interfaces/share/ament_index/resource_index/rosidl_interfaces/jetson_camera_interfaces
[3.882s] -- Up-to-date: /home/jetson/EVC/workshops/final_project_v3/install/jetson_camera_interfaces/include/jetson_camera_interfaces
[3.884s] -- Up-to-date: /home/jetson/EVC/workshops/final_project_v3/install/jetson_camera_interfaces/include/jetson_camera_interfaces/msg
[3.884s] -- Up-to-date: /home/jetson/EVC/workshops/final_project_v3/install/jetson_camera_interfaces/include/jetson_camera_interfaces/msg/detail
[3.885s] -- Up-to-date: /home/jetson/EVC/workshops/final_project_v3/install/jetson_camera_interfaces/include/jetson_camera_interfaces/msg/detail/processed_image_pair__functions.h
[3.885s] -- Up-to-date: /home/jetson/EVC/workshops/final_project_v3/install/jetson_camera_interfaces/include/jetson_camera_interfaces/msg/detail/processed_image_pair__struct.h
[3.886s] -- Up-to-date: /home/jetson/EVC/workshops/final_project_v3/install/jetson_camera_interfaces/include/jetson_camera_interfaces/msg/detail/processed_image_pair__type_support.h
[3.887s] -- Up-to-date: /home/jetson/EVC/workshops/final_project_v3/install/jetson_camera_interfaces/include/jetson_camera_interfaces/msg/detail/processed_image_pair__functions.c
[3.887s] -- Up-to-date: /home/jetson/EVC/workshops/final_project_v3/install/jetson_camera_interfaces/include/jetson_camera_interfaces/msg/rosidl_generator_c__visibility_control.h
[3.888s] -- Up-to-date: /home/jetson/EVC/workshops/final_project_v3/install/jetson_camera_interfaces/include/jetson_camera_interfaces/msg/processed_image_pair.h
[3.888s] -- Up-to-date: /home/jetson/EVC/workshops/final_project_v3/install/jetson_camera_interfaces/share/jetson_camera_interfaces/environment/library_path.sh
[3.889s] -- Up-to-date: /home/jetson/EVC/workshops/final_project_v3/install/jetson_camera_interfaces/share/jetson_camera_interfaces/environment/library_path.dsv
[3.890s] -- Up-to-date: /home/jetson/EVC/workshops/final_project_v3/install/jetson_camera_interfaces/lib/libjetson_camera_interfaces__rosidl_generator_c.so
[3.890s] -- Up-to-date: /home/jetson/EVC/workshops/final_project_v3/install/jetson_camera_interfaces/include/jetson_camera_interfaces
[3.891s] -- Up-to-date: /home/jetson/EVC/workshops/final_project_v3/install/jetson_camera_interfaces/include/jetson_camera_interfaces/msg
[3.891s] -- Up-to-date: /home/jetson/EVC/workshops/final_project_v3/install/jetson_camera_interfaces/include/jetson_camera_interfaces/msg/detail
[3.892s] -- Up-to-date: /home/jetson/EVC/workshops/final_project_v3/install/jetson_camera_interfaces/include/jetson_camera_interfaces/msg/detail/processed_image_pair__rosidl_typesupport_fastrtps_c.h
[3.895s] -- Up-to-date: /home/jetson/EVC/workshops/final_project_v3/install/jetson_camera_interfaces/include/jetson_camera_interfaces/msg/rosidl_typesupport_fastrtps_c__visibility_control.h
[3.898s] -- Up-to-date: /home/jetson/EVC/workshops/final_project_v3/install/jetson_camera_interfaces/lib/libjetson_camera_interfaces__rosidl_typesupport_fastrtps_c.so
[3.899s] -- Up-to-date: /home/jetson/EVC/workshops/final_project_v3/install/jetson_camera_interfaces/include/jetson_camera_interfaces
[3.899s] -- Up-to-date: /home/jetson/EVC/workshops/final_project_v3/install/jetson_camera_interfaces/include/jetson_camera_interfaces/msg
[3.899s] -- Up-to-date: /home/jetson/EVC/workshops/final_project_v3/install/jetson_camera_interfaces/include/jetson_camera_interfaces/msg/detail
[3.900s] -- Up-to-date: /home/jetson/EVC/workshops/final_project_v3/install/jetson_camera_interfaces/include/jetson_camera_interfaces/msg/detail/processed_image_pair__rosidl_typesupport_fastrtps_cpp.hpp
[3.900s] -- Up-to-date: /home/jetson/EVC/workshops/final_project_v3/install/jetson_camera_interfaces/include/jetson_camera_interfaces/msg/detail/dds_fastrtps
[3.901s] -- Up-to-date: /home/jetson/EVC/workshops/final_project_v3/install/jetson_camera_interfaces/include/jetson_camera_interfaces/msg/rosidl_typesupport_fastrtps_cpp__visibility_control.h
[3.901s] -- Up-to-date: /home/jetson/EVC/workshops/final_project_v3/install/jetson_camera_interfaces/lib/libjetson_camera_interfaces__rosidl_typesupport_fastrtps_cpp.so
[3.902s] -- Up-to-date: /home/jetson/EVC/workshops/final_project_v3/install/jetson_camera_interfaces/include/jetson_camera_interfaces
[3.904s] -- Up-to-date: /home/jetson/EVC/workshops/final_project_v3/install/jetson_camera_interfaces/include/jetson_camera_interfaces/msg
[3.905s] -- Up-to-date: /home/jetson/EVC/workshops/final_project_v3/install/jetson_camera_interfaces/include/jetson_camera_interfaces/msg/detail
[3.906s] -- Up-to-date: /home/jetson/EVC/workshops/final_project_v3/install/jetson_camera_interfaces/include/jetson_camera_interfaces/msg/detail/processed_image_pair__rosidl_typesupport_introspection_c.h
[3.906s] -- Up-to-date: /home/jetson/EVC/workshops/final_project_v3/install/jetson_camera_interfaces/include/jetson_camera_interfaces/msg/detail/processed_image_pair__type_support.c
[3.907s] -- Up-to-date: /home/jetson/EVC/workshops/final_project_v3/install/jetson_camera_interfaces/include/jetson_camera_interfaces/msg/rosidl_typesupport_introspection_c__visibility_control.h
[3.907s] -- Up-to-date: /home/jetson/EVC/workshops/final_project_v3/install/jetson_camera_interfaces/lib/libjetson_camera_interfaces__rosidl_typesupport_introspection_c.so
[3.908s] -- Up-to-date: /home/jetson/EVC/workshops/final_project_v3/install/jetson_camera_interfaces/lib/libjetson_camera_interfaces__rosidl_typesupport_c.so
[3.912s] -- Up-to-date: /home/jetson/EVC/workshops/final_project_v3/install/jetson_camera_interfaces/include/jetson_camera_interfaces
[3.914s] -- Up-to-date: /home/jetson/EVC/workshops/final_project_v3/install/jetson_camera_interfaces/include/jetson_camera_interfaces/msg
[3.915s] -- Up-to-date: /home/jetson/EVC/workshops/final_project_v3/install/jetson_camera_interfaces/include/jetson_camera_interfaces/msg/detail
[3.915s] -- Up-to-date: /home/jetson/EVC/workshops/final_project_v3/install/jetson_camera_interfaces/include/jetson_camera_interfaces/msg/detail/processed_image_pair__traits.hpp
[3.916s] -- Up-to-date: /home/jetson/EVC/workshops/final_project_v3/install/jetson_camera_interfaces/include/jetson_camera_interfaces/msg/detail/processed_image_pair__builder.hpp
[3.916s] -- Up-to-date: /home/jetson/EVC/workshops/final_project_v3/install/jetson_camera_interfaces/include/jetson_camera_interfaces/msg/detail/processed_image_pair__struct.hpp
[3.916s] -- Up-to-date: /home/jetson/EVC/workshops/final_project_v3/install/jetson_camera_interfaces/include/jetson_camera_interfaces/msg/detail/processed_image_pair__type_support.hpp
[3.917s] -- Up-to-date: /home/jetson/EVC/workshops/final_project_v3/install/jetson_camera_interfaces/include/jetson_camera_interfaces/msg/rosidl_generator_cpp__visibility_control.hpp
[3.918s] -- Up-to-date: /home/jetson/EVC/workshops/final_project_v3/install/jetson_camera_interfaces/include/jetson_camera_interfaces/msg/processed_image_pair.hpp
[3.918s] -- Up-to-date: /home/jetson/EVC/workshops/final_project_v3/install/jetson_camera_interfaces/include/jetson_camera_interfaces
[3.919s] -- Up-to-date: /home/jetson/EVC/workshops/final_project_v3/install/jetson_camera_interfaces/include/jetson_camera_interfaces/msg
[3.919s] -- Up-to-date: /home/jetson/EVC/workshops/final_project_v3/install/jetson_camera_interfaces/include/jetson_camera_interfaces/msg/detail
[3.920s] -- Up-to-date: /home/jetson/EVC/workshops/final_project_v3/install/jetson_camera_interfaces/include/jetson_camera_interfaces/msg/detail/processed_image_pair__rosidl_typesupport_introspection_cpp.hpp
[3.920s] -- Up-to-date: /home/jetson/EVC/workshops/final_project_v3/install/jetson_camera_interfaces/include/jetson_camera_interfaces/msg/detail/processed_image_pair__type_support.cpp
[3.921s] -- Up-to-date: /home/jetson/EVC/workshops/final_project_v3/install/jetson_camera_interfaces/lib/libjetson_camera_interfaces__rosidl_typesupport_introspection_cpp.so
[3.922s] -- Up-to-date: /home/jetson/EVC/workshops/final_project_v3/install/jetson_camera_interfaces/lib/libjetson_camera_interfaces__rosidl_typesupport_cpp.so
[3.922s] -- Up-to-date: /home/jetson/EVC/workshops/final_project_v3/install/jetson_camera_interfaces/share/jetson_camera_interfaces/environment/pythonpath.sh
[3.923s] -- Up-to-date: /home/jetson/EVC/workshops/final_project_v3/install/jetson_camera_interfaces/share/jetson_camera_interfaces/environment/pythonpath.dsv
[3.923s] -- Up-to-date: /home/jetson/EVC/workshops/final_project_v3/install/jetson_camera_interfaces/lib/python3.8/site-packages/jetson_camera_interfaces/__init__.py
[4.059s] -- Up-to-date: /home/jetson/EVC/workshops/final_project_v3/install/jetson_camera_interfaces/lib/python3.8/site-packages/jetson_camera_interfaces/msg
[4.059s] -- Up-to-date: /home/jetson/EVC/workshops/final_project_v3/install/jetson_camera_interfaces/lib/python3.8/site-packages/jetson_camera_interfaces/msg/_processed_image_pair_s.c
[4.061s] -- Up-to-date: /home/jetson/EVC/workshops/final_project_v3/install/jetson_camera_interfaces/lib/python3.8/site-packages/jetson_camera_interfaces/msg/_processed_image_pair.py
[4.063s] -- Up-to-date: /home/jetson/EVC/workshops/final_project_v3/install/jetson_camera_interfaces/lib/python3.8/site-packages/jetson_camera_interfaces/msg/__init__.py
[4.064s] -- Up-to-date: /home/jetson/EVC/workshops/final_project_v3/install/jetson_camera_interfaces/lib/python3.8/site-packages/jetson_camera_interfaces/jetson_camera_interfaces_s__rosidl_typesupport_fastrtps_c.cpython-38-aarch64-linux-gnu.so
[4.068s] -- Up-to-date: /home/jetson/EVC/workshops/final_project_v3/install/jetson_camera_interfaces/lib/python3.8/site-packages/jetson_camera_interfaces/jetson_camera_interfaces_s__rosidl_typesupport_introspection_c.cpython-38-aarch64-linux-gnu.so
[4.071s] -- Up-to-date: /home/jetson/EVC/workshops/final_project_v3/install/jetson_camera_interfaces/lib/python3.8/site-packages/jetson_camera_interfaces/jetson_camera_interfaces_s__rosidl_typesupport_c.cpython-38-aarch64-linux-gnu.so
[4.075s] -- Up-to-date: /home/jetson/EVC/workshops/final_project_v3/install/jetson_camera_interfaces/lib/libjetson_camera_interfaces__python.so
[4.077s] -- Up-to-date: /home/jetson/EVC/workshops/final_project_v3/install/jetson_camera_interfaces/share/jetson_camera_interfaces/msg/ProcessedImagePair.idl
[4.078s] -- Up-to-date: /home/jetson/EVC/workshops/final_project_v3/install/jetson_camera_interfaces/share/jetson_camera_interfaces/msg/ProcessedImagePair.msg
[4.079s] -- Up-to-date: /home/jetson/EVC/workshops/final_project_v3/install/jetson_camera_interfaces/share/ament_index/resource_index/package_run_dependencies/jetson_camera_interfaces
[4.081s] -- Up-to-date: /home/jetson/EVC/workshops/final_project_v3/install/jetson_camera_interfaces/share/ament_index/resource_index/parent_prefix_path/jetson_camera_interfaces
[4.082s] -- Up-to-date: /home/jetson/EVC/workshops/final_project_v3/install/jetson_camera_interfaces/share/jetson_camera_interfaces/environment/ament_prefix_path.sh
[4.083s] -- Up-to-date: /home/jetson/EVC/workshops/final_project_v3/install/jetson_camera_interfaces/share/jetson_camera_interfaces/environment/ament_prefix_path.dsv
[4.084s] -- Up-to-date: /home/jetson/EVC/workshops/final_project_v3/install/jetson_camera_interfaces/share/jetson_camera_interfaces/environment/path.sh
[4.086s] -- Up-to-date: /home/jetson/EVC/workshops/final_project_v3/install/jetson_camera_interfaces/share/jetson_camera_interfaces/environment/path.dsv
[4.087s] -- Up-to-date: /home/jetson/EVC/workshops/final_project_v3/install/jetson_camera_interfaces/share/jetson_camera_interfaces/local_setup.bash
[4.088s] -- Up-to-date: /home/jetson/EVC/workshops/final_project_v3/install/jetson_camera_interfaces/share/jetson_camera_interfaces/local_setup.sh
[4.089s] -- Up-to-date: /home/jetson/EVC/workshops/final_project_v3/install/jetson_camera_interfaces/share/jetson_camera_interfaces/local_setup.zsh
[4.091s] -- Up-to-date: /home/jetson/EVC/workshops/final_project_v3/install/jetson_camera_interfaces/share/jetson_camera_interfaces/local_setup.dsv
[4.092s] -- Up-to-date: /home/jetson/EVC/workshops/final_project_v3/install/jetson_camera_interfaces/share/jetson_camera_interfaces/package.dsv
[4.093s] -- Up-to-date: /home/jetson/EVC/workshops/final_project_v3/install/jetson_camera_interfaces/share/ament_index/resource_index/packages/jetson_camera_interfaces
[4.096s] -- Up-to-date: /home/jetson/EVC/workshops/final_project_v3/install/jetson_camera_interfaces/share/jetson_camera_interfaces/cmake/jetson_camera_interfaces__rosidl_generator_cExport.cmake
[4.098s] -- Up-to-date: /home/jetson/EVC/workshops/final_project_v3/install/jetson_camera_interfaces/share/jetson_camera_interfaces/cmake/jetson_camera_interfaces__rosidl_generator_cExport-noconfig.cmake
[4.101s] -- Up-to-date: /home/jetson/EVC/workshops/final_project_v3/install/jetson_camera_interfaces/share/jetson_camera_interfaces/cmake/jetson_camera_interfaces__rosidl_typesupport_introspection_cExport.cmake
[4.103s] -- Up-to-date: /home/jetson/EVC/workshops/final_project_v3/install/jetson_camera_interfaces/share/jetson_camera_interfaces/cmake/jetson_camera_interfaces__rosidl_typesupport_introspection_cExport-noconfig.cmake
[4.106s] -- Up-to-date: /home/jetson/EVC/workshops/final_project_v3/install/jetson_camera_interfaces/share/jetson_camera_interfaces/cmake/jetson_camera_interfaces__rosidl_typesupport_cExport.cmake
[4.108s] -- Up-to-date: /home/jetson/EVC/workshops/final_project_v3/install/jetson_camera_interfaces/share/jetson_camera_interfaces/cmake/jetson_camera_interfaces__rosidl_typesupport_cExport-noconfig.cmake
[4.111s] -- Up-to-date: /home/jetson/EVC/workshops/final_project_v3/install/jetson_camera_interfaces/share/jetson_camera_interfaces/cmake/jetson_camera_interfaces__rosidl_generator_cppExport.cmake
[4.115s] -- Up-to-date: /home/jetson/EVC/workshops/final_project_v3/install/jetson_camera_interfaces/share/jetson_camera_interfaces/cmake/jetson_camera_interfaces__rosidl_typesupport_introspection_cppExport.cmake
[4.116s] -- Up-to-date: /home/jetson/EVC/workshops/final_project_v3/install/jetson_camera_interfaces/share/jetson_camera_interfaces/cmake/jetson_camera_interfaces__rosidl_typesupport_introspection_cppExport-noconfig.cmake
[4.119s] -- Up-to-date: /home/jetson/EVC/workshops/final_project_v3/install/jetson_camera_interfaces/share/jetson_camera_interfaces/cmake/jetson_camera_interfaces__rosidl_typesupport_cppExport.cmake
[4.121s] -- Up-to-date: /home/jetson/EVC/workshops/final_project_v3/install/jetson_camera_interfaces/share/jetson_camera_interfaces/cmake/jetson_camera_interfaces__rosidl_typesupport_cppExport-noconfig.cmake
[4.122s] -- Up-to-date: /home/jetson/EVC/workshops/final_project_v3/install/jetson_camera_interfaces/share/jetson_camera_interfaces/cmake/rosidl_cmake-extras.cmake
[4.123s] -- Up-to-date: /home/jetson/EVC/workshops/final_project_v3/install/jetson_camera_interfaces/share/jetson_camera_interfaces/cmake/ament_cmake_export_dependencies-extras.cmake
[4.125s] -- Up-to-date: /home/jetson/EVC/workshops/final_project_v3/install/jetson_camera_interfaces/share/jetson_camera_interfaces/cmake/ament_cmake_export_libraries-extras.cmake
[4.127s] -- Up-to-date: /home/jetson/EVC/workshops/final_project_v3/install/jetson_camera_interfaces/share/jetson_camera_interfaces/cmake/ament_cmake_export_targets-extras.cmake
[4.128s] -- Up-to-date: /home/jetson/EVC/workshops/final_project_v3/install/jetson_camera_interfaces/share/jetson_camera_interfaces/cmake/ament_cmake_export_include_directories-extras.cmake
[4.129s] -- Up-to-date: /home/jetson/EVC/workshops/final_project_v3/install/jetson_camera_interfaces/share/jetson_camera_interfaces/cmake/rosidl_cmake_export_typesupport_libraries-extras.cmake
[4.131s] -- Up-to-date: /home/jetson/EVC/workshops/final_project_v3/install/jetson_camera_interfaces/share/jetson_camera_interfaces/cmake/rosidl_cmake_export_typesupport_targets-extras.cmake
[4.132s] -- Up-to-date: /home/jetson/EVC/workshops/final_project_v3/install/jetson_camera_interfaces/share/jetson_camera_interfaces/cmake/jetson_camera_interfacesConfig.cmake
[4.133s] -- Up-to-date: /home/jetson/EVC/workshops/final_project_v3/install/jetson_camera_interfaces/share/jetson_camera_interfaces/cmake/jetson_camera_interfacesConfig-version.cmake
[4.134s] -- Up-to-date: /home/jetson/EVC/workshops/final_project_v3/install/jetson_camera_interfaces/share/jetson_camera_interfaces/package.xml
[4.151s] Invoked command in '/home/jetson/EVC/workshops/final_project_map_v3/final_project_map_v2/final_project_v4/build/jetson_camera_interfaces' returned '0': CMAKE_PREFIX_PATH=/opt/ros/foxy /usr/bin/cmake --install /home/jetson/EVC/workshops/final_project_map_v3/final_project_map_v2/final_project_v4/build/jetson_camera_interfaces
