[4.237s] Invoking command in '/home/jetson/EVC/workshops/final_project_map_v2/final_project_v4/behaviors/line_following/line_following': PYTHONPATH=/home/jetson/EVC/workshops/final_project_map_v2/final_project_v4/build/line_following/prefix_override:/usr/lib/python3/dist-packages/colcon_core/task/python/colcon_distutils_commands:/home/jetson/EVC/workshops/final_project_map_v2/final_project_v4/install/line_following/lib/python3.8/site-packages:${PYTHONPATH} /usr/bin/python3 -W ignore:setup.py install is deprecated -W ignore:easy_install command is deprecated setup.py egg_info --egg-base ../../../build/line_following build --build-base /home/jetson/EVC/workshops/final_project_map_v2/final_project_v4/build/line_following/build install --record /home/jetson/EVC/workshops/final_project_map_v2/final_project_v4/build/line_following/install.log --single-version-externally-managed install_data
[5.438s] running egg_info
[5.441s] writing ../../../build/line_following/line_following.egg-info/PKG-INFO
[5.441s] writing dependency_links to ../../../build/line_following/line_following.egg-info/dependency_links.txt
[5.442s] writing entry points to ../../../build/line_following/line_following.egg-info/entry_points.txt
[5.443s] writing requirements to ../../../build/line_following/line_following.egg-info/requires.txt
[5.443s] writing top-level names to ../../../build/line_following/line_following.egg-info/top_level.txt
[5.455s] reading manifest file '../../../build/line_following/line_following.egg-info/SOURCES.txt'
[5.460s] writing manifest file '../../../build/line_following/line_following.egg-info/SOURCES.txt'
[5.460s] running build
[5.461s] running build_py
[5.461s] copying line_following/navigator_node.py -> /home/jetson/EVC/workshops/final_project_map_v2/final_project_v4/build/line_following/build/lib/line_following
[5.462s] copying line_following/line_tracker_node.py -> /home/jetson/EVC/workshops/final_project_map_v2/final_project_v4/build/line_following/build/lib/line_following
[5.463s] running install
[5.466s] running install_lib
[5.470s] copying /home/jetson/EVC/workshops/final_project_map_v2/final_project_v4/build/line_following/build/lib/line_following/navigator_node.py -> /home/jetson/EVC/workshops/final_project_map_v2/final_project_v4/install/line_following/lib/python3.8/site-packages/line_following
[5.471s] copying /home/jetson/EVC/workshops/final_project_map_v2/final_project_v4/build/line_following/build/lib/line_following/line_tracker_node.py -> /home/jetson/EVC/workshops/final_project_map_v2/final_project_v4/install/line_following/lib/python3.8/site-packages/line_following
[5.473s] byte-compiling /home/jetson/EVC/workshops/final_project_map_v2/final_project_v4/install/line_following/lib/python3.8/site-packages/line_following/navigator_node.py to navigator_node.cpython-38.pyc
[5.487s] byte-compiling /home/jetson/EVC/workshops/final_project_map_v2/final_project_v4/install/line_following/lib/python3.8/site-packages/line_following/line_tracker_node.py to line_tracker_node.cpython-38.pyc
[5.491s] running install_data
[5.492s] running install_egg_info
[5.498s] removing '/home/jetson/EVC/workshops/final_project_map_v2/final_project_v4/install/line_following/lib/python3.8/site-packages/line_following-0.0.0-py3.8.egg-info' (and everything under it)
[5.499s] Copying ../../../build/line_following/line_following.egg-info to /home/jetson/EVC/workshops/final_project_map_v2/final_project_v4/install/line_following/lib/python3.8/site-packages/line_following-0.0.0-py3.8.egg-info
[5.502s] running install_scripts
[5.576s] Installing angular_tracker script to /home/jetson/EVC/workshops/final_project_map_v2/final_project_v4/install/line_following/lib/line_following
[5.577s] Installing line_tracker script to /home/jetson/EVC/workshops/final_project_map_v2/final_project_v4/install/line_following/lib/line_following
[5.577s] Installing navigator script to /home/jetson/EVC/workshops/final_project_map_v2/final_project_v4/install/line_following/lib/line_following
[5.578s] writing list of installed files to '/home/jetson/EVC/workshops/final_project_map_v2/final_project_v4/build/line_following/install.log'
[5.684s] Invoked command in '/home/jetson/EVC/workshops/final_project_map_v2/final_project_v4/behaviors/line_following/line_following' returned '0': PYTHONPATH=/home/jetson/EVC/workshops/final_project_map_v2/final_project_v4/build/line_following/prefix_override:/usr/lib/python3/dist-packages/colcon_core/task/python/colcon_distutils_commands:/home/jetson/EVC/workshops/final_project_map_v2/final_project_v4/install/line_following/lib/python3.8/site-packages:${PYTHONPATH} /usr/bin/python3 -W ignore:setup.py install is deprecated -W ignore:easy_install command is deprecated setup.py egg_info --egg-base ../../../build/line_following build --build-base /home/jetson/EVC/workshops/final_project_map_v2/final_project_v4/build/line_following/build install --record /home/jetson/EVC/workshops/final_project_map_v2/final_project_v4/build/line_following/install.log --single-version-externally-managed install_data
