[5.564s] Invoking command in '/home/jetson/EVC/workshops/final_project_map_v3/final_project_map_v2/final_project_v4/behaviors/line_following/line_following': PYTHONPATH=/home/jetson/EVC/workshops/final_project_map_v3/final_project_map_v2/final_project_v4/build/line_following/prefix_override:/usr/lib/python3/dist-packages/colcon_core/task/python/colcon_distutils_commands:/home/jetson/EVC/workshops/final_project_map_v3/final_project_map_v2/final_project_v4/install/line_following/lib/python3.8/site-packages:${PYTHONPATH} /usr/bin/python3 -W ignore:setup.py install is deprecated -W ignore:easy_install command is deprecated setup.py egg_info --egg-base ../../../build/line_following build --build-base /home/jetson/EVC/workshops/final_project_map_v3/final_project_map_v2/final_project_v4/build/line_following/build install --record /home/jetson/EVC/workshops/final_project_map_v3/final_project_map_v2/final_project_v4/build/line_following/install.log --single-version-externally-managed install_data
[8.049s] running egg_info
[8.053s] writing ../../../build/line_following/line_following.egg-info/PKG-INFO
[8.056s] writing dependency_links to ../../../build/line_following/line_following.egg-info/dependency_links.txt
[8.058s] writing entry points to ../../../build/line_following/line_following.egg-info/entry_points.txt
[8.059s] writing requirements to ../../../build/line_following/line_following.egg-info/requires.txt
[8.061s] writing top-level names to ../../../build/line_following/line_following.egg-info/top_level.txt
[8.109s] reading manifest file '../../../build/line_following/line_following.egg-info/SOURCES.txt'
[8.110s] writing manifest file '../../../build/line_following/line_following.egg-info/SOURCES.txt'
[8.110s] running build
[8.111s] running build_py
[8.111s] running install
[8.141s] running install_lib
[8.141s] running install_data
[8.142s] running install_egg_info
[8.150s] removing '/home/jetson/EVC/workshops/final_project_map_v3/final_project_map_v2/final_project_v4/install/line_following/lib/python3.8/site-packages/line_following-0.0.0-py3.8.egg-info' (and everything under it)
[8.153s] Copying ../../../build/line_following/line_following.egg-info to /home/jetson/EVC/workshops/final_project_map_v3/final_project_map_v2/final_project_v4/install/line_following/lib/python3.8/site-packages/line_following-0.0.0-py3.8.egg-info
[8.162s] running install_scripts
[8.250s] Installing angular_tracker script to /home/jetson/EVC/workshops/final_project_map_v3/final_project_map_v2/final_project_v4/install/line_following/lib/line_following
[8.252s] Installing line_tracker script to /home/jetson/EVC/workshops/final_project_map_v3/final_project_map_v2/final_project_v4/install/line_following/lib/line_following
[8.253s] Installing navigator script to /home/jetson/EVC/workshops/final_project_map_v3/final_project_map_v2/final_project_v4/install/line_following/lib/line_following
[8.256s] writing list of installed files to '/home/jetson/EVC/workshops/final_project_map_v3/final_project_map_v2/final_project_v4/build/line_following/install.log'
[8.369s] Invoked command in '/home/jetson/EVC/workshops/final_project_map_v3/final_project_map_v2/final_project_v4/behaviors/line_following/line_following' returned '0': PYTHONPATH=/home/jetson/EVC/workshops/final_project_map_v3/final_project_map_v2/final_project_v4/build/line_following/prefix_override:/usr/lib/python3/dist-packages/colcon_core/task/python/colcon_distutils_commands:/home/jetson/EVC/workshops/final_project_map_v3/final_project_map_v2/final_project_v4/install/line_following/lib/python3.8/site-packages:${PYTHONPATH} /usr/bin/python3 -W ignore:setup.py install is deprecated -W ignore:easy_install command is deprecated setup.py egg_info --egg-base ../../../build/line_following build --build-base /home/jetson/EVC/workshops/final_project_map_v3/final_project_map_v2/final_project_v4/build/line_following/build install --record /home/jetson/EVC/workshops/final_project_map_v3/final_project_map_v2/final_project_v4/build/line_following/install.log --single-version-externally-managed install_data
