[3.381s] Invoking command in '/home/jetson/EVC/workshops/final_project_map_v3/final_project_map_v2/final_project_v4/vision/camera/jetson_camera': PYTHONPATH=/home/jetson/EVC/workshops/final_project_map_v3/final_project_map_v2/final_project_v4/build/jetson_camera/prefix_override:/usr/lib/python3/dist-packages/colcon_core/task/python/colcon_distutils_commands:/home/jetson/EVC/workshops/final_project_map_v3/final_project_map_v2/final_project_v4/install/jetson_camera/lib/python3.8/site-packages:${PYTHONPATH} /usr/bin/python3 -W ignore:setup.py install is deprecated -W ignore:easy_install command is deprecated setup.py egg_info --egg-base ../../../build/jetson_camera build --build-base /home/jetson/EVC/workshops/final_project_map_v3/final_project_map_v2/final_project_v4/build/jetson_camera/build install --record /home/jetson/EVC/workshops/final_project_map_v3/final_project_map_v2/final_project_v4/build/jetson_camera/install.log --single-version-externally-managed install_data
[4.708s] running egg_info
[4.711s] writing ../../../build/jetson_camera/jetson_camera.egg-info/PKG-INFO
[4.712s] writing dependency_links to ../../../build/jetson_camera/jetson_camera.egg-info/dependency_links.txt
[4.712s] writing entry points to ../../../build/jetson_camera/jetson_camera.egg-info/entry_points.txt
[4.713s] writing requirements to ../../../build/jetson_camera/jetson_camera.egg-info/requires.txt
[4.714s] writing top-level names to ../../../build/jetson_camera/jetson_camera.egg-info/top_level.txt
[4.727s] reading manifest file '../../../build/jetson_camera/jetson_camera.egg-info/SOURCES.txt'
[4.732s] writing manifest file '../../../build/jetson_camera/jetson_camera.egg-info/SOURCES.txt'
[4.732s] running build
[4.733s] running build_py
[4.735s] running install
[4.738s] running install_lib
[4.746s] running install_data
[4.748s] running install_egg_info
[4.756s] removing '/home/jetson/EVC/workshops/final_project_map_v3/final_project_map_v2/final_project_v4/install/jetson_camera/lib/python3.8/site-packages/jetson_camera-0.0.0-py3.8.egg-info' (and everything under it)
[4.757s] Copying ../../../build/jetson_camera/jetson_camera.egg-info to /home/jetson/EVC/workshops/final_project_map_v3/final_project_map_v2/final_project_v4/install/jetson_camera/lib/python3.8/site-packages/jetson_camera-0.0.0-py3.8.egg-info
[4.762s] running install_scripts
[4.851s] Installing calibrate_camera script to /home/jetson/EVC/workshops/final_project_map_v3/final_project_map_v2/final_project_v4/install/jetson_camera/lib/jetson_camera
[4.852s] Installing pair_subscriber_node script to /home/jetson/EVC/workshops/final_project_map_v3/final_project_map_v2/final_project_v4/install/jetson_camera/lib/jetson_camera
[4.853s] Installing processing_node script to /home/jetson/EVC/workshops/final_project_map_v3/final_project_map_v2/final_project_v4/install/jetson_camera/lib/jetson_camera
[4.853s] Installing publisher_node script to /home/jetson/EVC/workshops/final_project_map_v3/final_project_map_v2/final_project_v4/install/jetson_camera/lib/jetson_camera
[4.854s] Installing subscriber_node script to /home/jetson/EVC/workshops/final_project_map_v3/final_project_map_v2/final_project_v4/install/jetson_camera/lib/jetson_camera
[4.855s] writing list of installed files to '/home/jetson/EVC/workshops/final_project_map_v3/final_project_map_v2/final_project_v4/build/jetson_camera/install.log'
[5.875s] Invoked command in '/home/jetson/EVC/workshops/final_project_map_v3/final_project_map_v2/final_project_v4/vision/camera/jetson_camera' returned '0': PYTHONPATH=/home/jetson/EVC/workshops/final_project_map_v3/final_project_map_v2/final_project_v4/build/jetson_camera/prefix_override:/usr/lib/python3/dist-packages/colcon_core/task/python/colcon_distutils_commands:/home/jetson/EVC/workshops/final_project_map_v3/final_project_map_v2/final_project_v4/install/jetson_camera/lib/python3.8/site-packages:${PYTHONPATH} /usr/bin/python3 -W ignore:setup.py install is deprecated -W ignore:easy_install command is deprecated setup.py egg_info --egg-base ../../../build/jetson_camera build --build-base /home/jetson/EVC/workshops/final_project_map_v3/final_project_map_v2/final_project_v4/build/jetson_camera/build install --record /home/jetson/EVC/workshops/final_project_map_v3/final_project_map_v2/final_project_v4/build/jetson_camera/install.log --single-version-externally-managed install_data
