[1.358s] Invoking command in '/home/jetson/EVC/workshops/final_project_v5/build/jetson_camera_interfaces': CMAKE_PREFIX_PATH=${CMAKE_PREFIX_PATH}:/home/jetson/EVC/workshops/final_project_v5/install/goal_navigation:/home/jetson/EVC/workshops/final_project_v5/install/motor_control:/home/jetson/EVC/workshops/final_project_v5/install/line_following:/home/jetson/EVC/workshops/final_project_v5/install/color_detection_mode:/home/jetson/EVC/workshops/final_project_v5/install/jetson_camera:/home/jetson/EVC/workshops/final_project_v5/install/aruco_parking:/opt/ros/foxy /usr/bin/cmake /home/jetson/EVC/workshops/final_project_v5/vision/interfaces/jetson_camera_interfaces -DCMAKE_INSTALL_PREFIX=/home/jetson/EVC/workshops/final_project_v5/install/jetson_camera_interfaces
[3.959s] -- The C compiler identification is GNU 8.4.0
[3.975s] -- The CXX compiler identification is GNU 8.4.0
[4.021s] -- Check for working C compiler: /usr/bin/cc
[4.561s] -- Check for working C compiler: /usr/bin/cc -- works
[4.579s] -- Detecting C compiler ABI info
[5.031s] -- Detecting C compiler ABI info - done
[5.116s] -- Detecting C compile features
[5.124s] -- Detecting C compile features - done
[5.144s] -- Check for working CXX compiler: /usr/bin/c++
[5.551s] -- Check for working CXX compiler: /usr/bin/c++ -- works
[5.555s] -- Detecting CXX compiler ABI info
[6.033s] -- Detecting CXX compiler ABI info - done
[6.127s] -- Detecting CXX compile features
[6.134s] -- Detecting CXX compile features - done
[6.168s] -- Found ament_cmake: 0.9.12 (/opt/ros/foxy/share/ament_cmake/cmake)
[6.369s] -- Found PythonInterp: /usr/bin/python3 (found suitable version "3.8.10", minimum required is "3") 
[6.370s] -- Using PYTHON_EXECUTABLE: /usr/bin/python3
[7.863s] -- Found rosidl_default_generators: 1.0.1 (/opt/ros/foxy/share/rosidl_default_generators/cmake)
[7.912s] -- Using all available rosidl_typesupport_c: rosidl_typesupport_fastrtps_c;rosidl_typesupport_introspection_c
[7.967s] -- Found rosidl_adapter: 1.3.1 (/opt/ros/foxy/share/rosidl_adapter/cmake)
[8.669s] -- Found OpenSSL: /usr/lib/aarch64-linux-gnu/libcrypto.so (found version "1.1.1f")  
[8.773s] -- Found FastRTPS: /opt/ros/foxy/include  
[9.139s] -- Using all available rosidl_typesupport_cpp: rosidl_typesupport_fastrtps_cpp;rosidl_typesupport_introspection_cpp
[9.275s] -- Found sensor_msgs: 2.0.5 (/opt/ros/foxy/share/sensor_msgs/cmake)
[10.139s] -- Found PythonInterp: /usr/bin/python3 (found version "3.8.10") 
[11.281s] -- Found ament_cmake_ros: 0.9.2 (/opt/ros/foxy/share/ament_cmake_ros/cmake)
[12.942s] -- Using all available rosidl_typesupport_c: rosidl_typesupport_fastrtps_c;rosidl_typesupport_introspection_c
[13.977s] -- Using all available rosidl_typesupport_cpp: rosidl_typesupport_fastrtps_cpp;rosidl_typesupport_introspection_cpp
[14.137s] -- Found PythonInterp: /usr/bin/python3 (found suitable version "3.8.10", minimum required is "3.5") 
[14.148s] -- Found python_cmake_module: 0.8.1 (/opt/ros/foxy/share/python_cmake_module/cmake)
[14.337s] -- Found PythonLibs: /usr/lib/aarch64-linux-gnu/libpython3.8.so (found suitable version "3.8.10", minimum required is "3.5") 
[14.345s] -- Using PYTHON_EXECUTABLE: /usr/bin/python3
[14.345s] -- Using PYTHON_INCLUDE_DIRS: /usr/include/python3.8
[14.346s] -- Using PYTHON_LIBRARIES: /usr/lib/aarch64-linux-gnu/libpython3.8.so
[14.573s] -- Found PythonExtra: .so  
[15.363s] -- Configuring done
[15.668s] -- Generating done
[15.774s] -- Build files have been written to: /home/jetson/EVC/workshops/final_project_v5/build/jetson_camera_interfaces
[15.816s] Invoked command in '/home/jetson/EVC/workshops/final_project_v5/build/jetson_camera_interfaces' returned '0': CMAKE_PREFIX_PATH=${CMAKE_PREFIX_PATH}:/home/jetson/EVC/workshops/final_project_v5/install/goal_navigation:/home/jetson/EVC/workshops/final_project_v5/install/motor_control:/home/jetson/EVC/workshops/final_project_v5/install/line_following:/home/jetson/EVC/workshops/final_project_v5/install/color_detection_mode:/home/jetson/EVC/workshops/final_project_v5/install/jetson_camera:/home/jetson/EVC/workshops/final_project_v5/install/aruco_parking:/opt/ros/foxy /usr/bin/cmake /home/jetson/EVC/workshops/final_project_v5/vision/interfaces/jetson_camera_interfaces -DCMAKE_INSTALL_PREFIX=/home/jetson/EVC/workshops/final_project_v5/install/jetson_camera_interfaces
[15.819s] Invoking command in '/home/jetson/EVC/workshops/final_project_v5/build/jetson_camera_interfaces': CMAKE_PREFIX_PATH=${CMAKE_PREFIX_PATH}:/home/jetson/EVC/workshops/final_project_v5/install/goal_navigation:/home/jetson/EVC/workshops/final_project_v5/install/motor_control:/home/jetson/EVC/workshops/final_project_v5/install/line_following:/home/jetson/EVC/workshops/final_project_v5/install/color_detection_mode:/home/jetson/EVC/workshops/final_project_v5/install/jetson_camera:/home/jetson/EVC/workshops/final_project_v5/install/aruco_parking:/opt/ros/foxy /usr/bin/cmake --build /home/jetson/EVC/workshops/final_project_v5/build/jetson_camera_interfaces -- -j4 -l4
[16.031s] [35m[1mScanning dependencies of target jetson_camera_interfaces__cpp[0m
[16.081s] [  3%] [34m[1mGenerating C++ code for ROS interfaces[0m
[17.488s] [  3%] Built target jetson_camera_interfaces__cpp
[17.529s] [  6%] [34m[1mGenerating C code for ROS interfaces[0m
[18.790s] [35m[1mScanning dependencies of target jetson_camera_interfaces__rosidl_generator_c[0m
[18.857s] [  9%] [32mBuilding C object CMakeFiles/jetson_camera_interfaces__rosidl_generator_c.dir/rosidl_generator_c/jetson_camera_interfaces/msg/detail/processed_image_pair__functions.c.o[0m
[19.087s] [ 12%] [32m[1mLinking C shared library libjetson_camera_interfaces__rosidl_generator_c.so[0m
[19.274s] [ 12%] Built target jetson_camera_interfaces__rosidl_generator_c
[19.319s] [ 16%] [34m[1mGenerating C++ type support dispatch for ROS interfaces[0m
[19.320s] [ 19%] [34m[1mGenerating C++ introspection for ROS interfaces[0m
[20.348s] [35m[1mScanning dependencies of target jetson_camera_interfaces__rosidl_typesupport_cpp[0m
[20.417s] [ 22%] [32mBuilding CXX object CMakeFiles/jetson_camera_interfaces__rosidl_typesupport_cpp.dir/rosidl_typesupport_cpp/jetson_camera_interfaces/msg/processed_image_pair__type_support.cpp.o[0m
[20.425s] [35m[1mScanning dependencies of target jetson_camera_interfaces__rosidl_typesupport_introspection_cpp[0m
[20.487s] [ 25%] [32mBuilding CXX object CMakeFiles/jetson_camera_interfaces__rosidl_typesupport_introspection_cpp.dir/rosidl_typesupport_introspection_cpp/jetson_camera_interfaces/msg/detail/processed_image_pair__type_support.cpp.o[0m
[21.534s] [ 29%] [32m[1mLinking CXX shared library libjetson_camera_interfaces__rosidl_typesupport_cpp.so[0m
[21.614s] [ 32%] [32m[1mLinking CXX shared library libjetson_camera_interfaces__rosidl_typesupport_introspection_cpp.so[0m
[21.698s] [ 32%] Built target jetson_camera_interfaces__rosidl_typesupport_cpp
[21.873s] [ 32%] Built target jetson_camera_interfaces__rosidl_typesupport_introspection_cpp
[21.914s] [ 35%] [34m[1mGenerating C type support dispatch for ROS interfaces[0m
[22.908s] [35m[1mScanning dependencies of target jetson_camera_interfaces__rosidl_typesupport_c[0m
[22.977s] [ 38%] [32mBuilding CXX object CMakeFiles/jetson_camera_interfaces__rosidl_typesupport_c.dir/rosidl_typesupport_c/jetson_camera_interfaces/msg/processed_image_pair__type_support.cpp.o[0m
[23.075s] [ 41%] [32m[1mLinking CXX shared library libjetson_camera_interfaces__rosidl_typesupport_c.so[0m
[23.222s] [ 41%] Built target jetson_camera_interfaces__rosidl_typesupport_c
[23.268s] [ 48%] [34m[1mGenerating C++ type support for eProsima Fast-RTPS[0m
[23.268s] [ 48%] [34m[1mGenerating C introspection for ROS interfaces[0m
[24.385s] [35m[1mScanning dependencies of target jetson_camera_interfaces__rosidl_typesupport_introspection_c[0m
[24.413s] [35m[1mScanning dependencies of target jetson_camera_interfaces__rosidl_typesupport_fastrtps_cpp[0m
[24.456s] [ 51%] [32mBuilding C object CMakeFiles/jetson_camera_interfaces__rosidl_typesupport_introspection_c.dir/rosidl_typesupport_introspection_c/jetson_camera_interfaces/msg/detail/processed_image_pair__type_support.c.o[0m
[24.496s] [ 54%] [32mBuilding CXX object CMakeFiles/jetson_camera_interfaces__rosidl_typesupport_fastrtps_cpp.dir/rosidl_typesupport_fastrtps_cpp/jetson_camera_interfaces/msg/detail/dds_fastrtps/processed_image_pair__type_support.cpp.o[0m
[24.613s] [ 58%] [32m[1mLinking C shared library libjetson_camera_interfaces__rosidl_typesupport_introspection_c.so[0m
[24.743s] [ 58%] Built target jetson_camera_interfaces__rosidl_typesupport_introspection_c
[25.942s] [ 61%] [32m[1mLinking CXX shared library libjetson_camera_interfaces__rosidl_typesupport_fastrtps_cpp.so[0m
[26.326s] [ 61%] Built target jetson_camera_interfaces__rosidl_typesupport_fastrtps_cpp
[26.369s] [ 64%] [34m[1mGenerating C type support for eProsima Fast-RTPS[0m
[27.480s] [35m[1mScanning dependencies of target jetson_camera_interfaces__rosidl_typesupport_fastrtps_c[0m
[27.551s] [ 67%] [32mBuilding CXX object CMakeFiles/jetson_camera_interfaces__rosidl_typesupport_fastrtps_c.dir/rosidl_typesupport_fastrtps_c/jetson_camera_interfaces/msg/detail/processed_image_pair__type_support_c.cpp.o[0m
[28.754s] [ 70%] [32m[1mLinking CXX shared library libjetson_camera_interfaces__rosidl_typesupport_fastrtps_c.so[0m
[29.118s] [ 70%] Built target jetson_camera_interfaces__rosidl_typesupport_fastrtps_c
[29.155s] [35m[1mScanning dependencies of target jetson_camera_interfaces[0m
[29.196s] [ 70%] Built target jetson_camera_interfaces
[29.237s] [35m[1mScanning dependencies of target jetson_camera_interfaces__py[0m
[29.280s] [ 74%] [34m[1mGenerating Python code for ROS interfaces[0m
[31.062s] [ 74%] Built target jetson_camera_interfaces__py
[31.099s] [35m[1mScanning dependencies of target jetson_camera_interfaces__python[0m
[31.251s] [ 77%] [32mBuilding C object CMakeFiles/jetson_camera_interfaces__python.dir/rosidl_generator_py/jetson_camera_interfaces/msg/_processed_image_pair_s.c.o[0m
[31.633s] [ 80%] [32m[1mLinking C shared library rosidl_generator_py/jetson_camera_interfaces/libjetson_camera_interfaces__python.so[0m
[31.820s] [ 80%] Built target jetson_camera_interfaces__python
[31.857s] [35m[1mScanning dependencies of target jetson_camera_interfaces__rosidl_typesupport_introspection_c__pyext[0m
[31.858s] [35m[1mScanning dependencies of target jetson_camera_interfaces__rosidl_typesupport_c__pyext[0m
[31.931s] [ 83%] [32mBuilding C object CMakeFiles/jetson_camera_interfaces__rosidl_typesupport_c__pyext.dir/rosidl_generator_py/jetson_camera_interfaces/_jetson_camera_interfaces_s.ep.rosidl_typesupport_c.c.o[0m
[31.936s] [ 87%] [32mBuilding C object CMakeFiles/jetson_camera_interfaces__rosidl_typesupport_introspection_c__pyext.dir/rosidl_generator_py/jetson_camera_interfaces/_jetson_camera_interfaces_s.ep.rosidl_typesupport_introspection_c.c.o[0m
[32.241s] [ 90%] [32m[1mLinking C shared library rosidl_generator_py/jetson_camera_interfaces/jetson_camera_interfaces_s__rosidl_typesupport_c.cpython-38-aarch64-linux-gnu.so[0m
[32.245s] [ 93%] [32m[1mLinking C shared library rosidl_generator_py/jetson_camera_interfaces/jetson_camera_interfaces_s__rosidl_typesupport_introspection_c.cpython-38-aarch64-linux-gnu.so[0m
[32.420s] [ 93%] Built target jetson_camera_interfaces__rosidl_typesupport_c__pyext
[32.425s] [ 93%] Built target jetson_camera_interfaces__rosidl_typesupport_introspection_c__pyext
[32.458s] [35m[1mScanning dependencies of target jetson_camera_interfaces__rosidl_typesupport_fastrtps_c__pyext[0m
[32.540s] [ 96%] [32mBuilding C object CMakeFiles/jetson_camera_interfaces__rosidl_typesupport_fastrtps_c__pyext.dir/rosidl_generator_py/jetson_camera_interfaces/_jetson_camera_interfaces_s.ep.rosidl_typesupport_fastrtps_c.c.o[0m
[32.848s] [100%] [32m[1mLinking CXX shared library rosidl_generator_py/jetson_camera_interfaces/jetson_camera_interfaces_s__rosidl_typesupport_fastrtps_c.cpython-38-aarch64-linux-gnu.so[0m
[33.130s] [100%] Built target jetson_camera_interfaces__rosidl_typesupport_fastrtps_c__pyext
[33.172s] Invoked command in '/home/jetson/EVC/workshops/final_project_v5/build/jetson_camera_interfaces' returned '0': CMAKE_PREFIX_PATH=${CMAKE_PREFIX_PATH}:/home/jetson/EVC/workshops/final_project_v5/install/goal_navigation:/home/jetson/EVC/workshops/final_project_v5/install/motor_control:/home/jetson/EVC/workshops/final_project_v5/install/line_following:/home/jetson/EVC/workshops/final_project_v5/install/color_detection_mode:/home/jetson/EVC/workshops/final_project_v5/install/jetson_camera:/home/jetson/EVC/workshops/final_project_v5/install/aruco_parking:/opt/ros/foxy /usr/bin/cmake --build /home/jetson/EVC/workshops/final_project_v5/build/jetson_camera_interfaces -- -j4 -l4
[33.220s] Invoking command in '/home/jetson/EVC/workshops/final_project_v5/build/jetson_camera_interfaces': CMAKE_PREFIX_PATH=${CMAKE_PREFIX_PATH}:/home/jetson/EVC/workshops/final_project_v5/install/goal_navigation:/home/jetson/EVC/workshops/final_project_v5/install/motor_control:/home/jetson/EVC/workshops/final_project_v5/install/line_following:/home/jetson/EVC/workshops/final_project_v5/install/color_detection_mode:/home/jetson/EVC/workshops/final_project_v5/install/jetson_camera:/home/jetson/EVC/workshops/final_project_v5/install/aruco_parking:/opt/ros/foxy /usr/bin/cmake --install /home/jetson/EVC/workshops/final_project_v5/build/jetson_camera_interfaces
[33.252s] -- Install configuration: ""
[33.253s] -- Installing: /home/jetson/EVC/workshops/final_project_v5/install/jetson_camera_interfaces/share/ament_index/resource_index/rosidl_interfaces/jetson_camera_interfaces
[33.254s] -- Installing: /home/jetson/EVC/workshops/final_project_v5/install/jetson_camera_interfaces/include/jetson_camera_interfaces
[33.254s] -- Installing: /home/jetson/EVC/workshops/final_project_v5/install/jetson_camera_interfaces/include/jetson_camera_interfaces/msg
[33.255s] -- Installing: /home/jetson/EVC/workshops/final_project_v5/install/jetson_camera_interfaces/include/jetson_camera_interfaces/msg/detail
[33.255s] -- Installing: /home/jetson/EVC/workshops/final_project_v5/install/jetson_camera_interfaces/include/jetson_camera_interfaces/msg/detail/processed_image_pair__functions.h
[33.256s] -- Installing: /home/jetson/EVC/workshops/final_project_v5/install/jetson_camera_interfaces/include/jetson_camera_interfaces/msg/detail/processed_image_pair__struct.h
[33.256s] -- Installing: /home/jetson/EVC/workshops/final_project_v5/install/jetson_camera_interfaces/include/jetson_camera_interfaces/msg/detail/processed_image_pair__type_support.h
[33.256s] -- Installing: /home/jetson/EVC/workshops/final_project_v5/install/jetson_camera_interfaces/include/jetson_camera_interfaces/msg/detail/processed_image_pair__functions.c
[33.257s] -- Installing: /home/jetson/EVC/workshops/final_project_v5/install/jetson_camera_interfaces/include/jetson_camera_interfaces/msg/rosidl_generator_c__visibility_control.h
[33.257s] -- Installing: /home/jetson/EVC/workshops/final_project_v5/install/jetson_camera_interfaces/include/jetson_camera_interfaces/msg/processed_image_pair.h
[33.258s] -- Installing: /home/jetson/EVC/workshops/final_project_v5/install/jetson_camera_interfaces/share/jetson_camera_interfaces/environment/library_path.sh
[33.259s] -- Installing: /home/jetson/EVC/workshops/final_project_v5/install/jetson_camera_interfaces/share/jetson_camera_interfaces/environment/library_path.dsv
[33.260s] -- Installing: /home/jetson/EVC/workshops/final_project_v5/install/jetson_camera_interfaces/lib/libjetson_camera_interfaces__rosidl_generator_c.so
[33.262s] -- Set runtime path of "/home/jetson/EVC/workshops/final_project_v5/install/jetson_camera_interfaces/lib/libjetson_camera_interfaces__rosidl_generator_c.so" to ""
[33.262s] -- Up-to-date: /home/jetson/EVC/workshops/final_project_v5/install/jetson_camera_interfaces/include/jetson_camera_interfaces
[33.263s] -- Up-to-date: /home/jetson/EVC/workshops/final_project_v5/install/jetson_camera_interfaces/include/jetson_camera_interfaces/msg
[33.263s] -- Up-to-date: /home/jetson/EVC/workshops/final_project_v5/install/jetson_camera_interfaces/include/jetson_camera_interfaces/msg/detail
[33.264s] -- Installing: /home/jetson/EVC/workshops/final_project_v5/install/jetson_camera_interfaces/include/jetson_camera_interfaces/msg/detail/processed_image_pair__rosidl_typesupport_fastrtps_c.h
[33.264s] -- Installing: /home/jetson/EVC/workshops/final_project_v5/install/jetson_camera_interfaces/include/jetson_camera_interfaces/msg/rosidl_typesupport_fastrtps_c__visibility_control.h
[33.264s] -- Installing: /home/jetson/EVC/workshops/final_project_v5/install/jetson_camera_interfaces/lib/libjetson_camera_interfaces__rosidl_typesupport_fastrtps_c.so
[33.266s] -- Set runtime path of "/home/jetson/EVC/workshops/final_project_v5/install/jetson_camera_interfaces/lib/libjetson_camera_interfaces__rosidl_typesupport_fastrtps_c.so" to ""
[33.266s] -- Up-to-date: /home/jetson/EVC/workshops/final_project_v5/install/jetson_camera_interfaces/include/jetson_camera_interfaces
[33.267s] -- Up-to-date: /home/jetson/EVC/workshops/final_project_v5/install/jetson_camera_interfaces/include/jetson_camera_interfaces/msg
[33.267s] -- Up-to-date: /home/jetson/EVC/workshops/final_project_v5/install/jetson_camera_interfaces/include/jetson_camera_interfaces/msg/detail
[33.268s] -- Installing: /home/jetson/EVC/workshops/final_project_v5/install/jetson_camera_interfaces/include/jetson_camera_interfaces/msg/detail/processed_image_pair__rosidl_typesupport_fastrtps_cpp.hpp
[33.268s] -- Installing: /home/jetson/EVC/workshops/final_project_v5/install/jetson_camera_interfaces/include/jetson_camera_interfaces/msg/detail/dds_fastrtps
[33.269s] -- Installing: /home/jetson/EVC/workshops/final_project_v5/install/jetson_camera_interfaces/include/jetson_camera_interfaces/msg/rosidl_typesupport_fastrtps_cpp__visibility_control.h
[33.269s] -- Installing: /home/jetson/EVC/workshops/final_project_v5/install/jetson_camera_interfaces/lib/libjetson_camera_interfaces__rosidl_typesupport_fastrtps_cpp.so
[33.270s] -- Set runtime path of "/home/jetson/EVC/workshops/final_project_v5/install/jetson_camera_interfaces/lib/libjetson_camera_interfaces__rosidl_typesupport_fastrtps_cpp.so" to ""
[33.271s] -- Up-to-date: /home/jetson/EVC/workshops/final_project_v5/install/jetson_camera_interfaces/include/jetson_camera_interfaces
[33.271s] -- Up-to-date: /home/jetson/EVC/workshops/final_project_v5/install/jetson_camera_interfaces/include/jetson_camera_interfaces/msg
[33.272s] -- Up-to-date: /home/jetson/EVC/workshops/final_project_v5/install/jetson_camera_interfaces/include/jetson_camera_interfaces/msg/detail
[33.272s] -- Installing: /home/jetson/EVC/workshops/final_project_v5/install/jetson_camera_interfaces/include/jetson_camera_interfaces/msg/detail/processed_image_pair__rosidl_typesupport_introspection_c.h
[33.272s] -- Installing: /home/jetson/EVC/workshops/final_project_v5/install/jetson_camera_interfaces/include/jetson_camera_interfaces/msg/detail/processed_image_pair__type_support.c
[33.273s] -- Installing: /home/jetson/EVC/workshops/final_project_v5/install/jetson_camera_interfaces/include/jetson_camera_interfaces/msg/rosidl_typesupport_introspection_c__visibility_control.h
[33.273s] -- Installing: /home/jetson/EVC/workshops/final_project_v5/install/jetson_camera_interfaces/lib/libjetson_camera_interfaces__rosidl_typesupport_introspection_c.so
[33.275s] -- Set runtime path of "/home/jetson/EVC/workshops/final_project_v5/install/jetson_camera_interfaces/lib/libjetson_camera_interfaces__rosidl_typesupport_introspection_c.so" to ""
[33.275s] -- Installing: /home/jetson/EVC/workshops/final_project_v5/install/jetson_camera_interfaces/lib/libjetson_camera_interfaces__rosidl_typesupport_c.so
[33.276s] -- Set runtime path of "/home/jetson/EVC/workshops/final_project_v5/install/jetson_camera_interfaces/lib/libjetson_camera_interfaces__rosidl_typesupport_c.so" to ""
[33.277s] -- Up-to-date: /home/jetson/EVC/workshops/final_project_v5/install/jetson_camera_interfaces/include/jetson_camera_interfaces
[33.277s] -- Up-to-date: /home/jetson/EVC/workshops/final_project_v5/install/jetson_camera_interfaces/include/jetson_camera_interfaces/msg
[33.278s] -- Up-to-date: /home/jetson/EVC/workshops/final_project_v5/install/jetson_camera_interfaces/include/jetson_camera_interfaces/msg/detail
[33.279s] -- Installing: /home/jetson/EVC/workshops/final_project_v5/install/jetson_camera_interfaces/include/jetson_camera_interfaces/msg/detail/processed_image_pair__traits.hpp
[33.279s] -- Installing: /home/jetson/EVC/workshops/final_project_v5/install/jetson_camera_interfaces/include/jetson_camera_interfaces/msg/detail/processed_image_pair__builder.hpp
[33.280s] -- Installing: /home/jetson/EVC/workshops/final_project_v5/install/jetson_camera_interfaces/include/jetson_camera_interfaces/msg/detail/processed_image_pair__struct.hpp
[33.280s] -- Installing: /home/jetson/EVC/workshops/final_project_v5/install/jetson_camera_interfaces/include/jetson_camera_interfaces/msg/detail/processed_image_pair__type_support.hpp
[33.281s] -- Installing: /home/jetson/EVC/workshops/final_project_v5/install/jetson_camera_interfaces/include/jetson_camera_interfaces/msg/rosidl_generator_cpp__visibility_control.hpp
[33.281s] -- Installing: /home/jetson/EVC/workshops/final_project_v5/install/jetson_camera_interfaces/include/jetson_camera_interfaces/msg/processed_image_pair.hpp
[33.282s] -- Up-to-date: /home/jetson/EVC/workshops/final_project_v5/install/jetson_camera_interfaces/include/jetson_camera_interfaces
[33.282s] -- Up-to-date: /home/jetson/EVC/workshops/final_project_v5/install/jetson_camera_interfaces/include/jetson_camera_interfaces/msg
[33.282s] -- Up-to-date: /home/jetson/EVC/workshops/final_project_v5/install/jetson_camera_interfaces/include/jetson_camera_interfaces/msg/detail
[33.283s] -- Installing: /home/jetson/EVC/workshops/final_project_v5/install/jetson_camera_interfaces/include/jetson_camera_interfaces/msg/detail/processed_image_pair__rosidl_typesupport_introspection_cpp.hpp
[33.283s] -- Installing: /home/jetson/EVC/workshops/final_project_v5/install/jetson_camera_interfaces/include/jetson_camera_interfaces/msg/detail/processed_image_pair__type_support.cpp
[33.283s] -- Installing: /home/jetson/EVC/workshops/final_project_v5/install/jetson_camera_interfaces/lib/libjetson_camera_interfaces__rosidl_typesupport_introspection_cpp.so
[33.284s] -- Set runtime path of "/home/jetson/EVC/workshops/final_project_v5/install/jetson_camera_interfaces/lib/libjetson_camera_interfaces__rosidl_typesupport_introspection_cpp.so" to ""
[33.285s] -- Installing: /home/jetson/EVC/workshops/final_project_v5/install/jetson_camera_interfaces/lib/libjetson_camera_interfaces__rosidl_typesupport_cpp.so
[33.286s] -- Set runtime path of "/home/jetson/EVC/workshops/final_project_v5/install/jetson_camera_interfaces/lib/libjetson_camera_interfaces__rosidl_typesupport_cpp.so" to ""
[33.287s] -- Installing: /home/jetson/EVC/workshops/final_project_v5/install/jetson_camera_interfaces/share/jetson_camera_interfaces/environment/pythonpath.sh
[33.287s] -- Installing: /home/jetson/EVC/workshops/final_project_v5/install/jetson_camera_interfaces/share/jetson_camera_interfaces/environment/pythonpath.dsv
[33.289s] -- Installing: /home/jetson/EVC/workshops/final_project_v5/install/jetson_camera_interfaces/lib/python3.8/site-packages/jetson_camera_interfaces/__init__.py
[33.432s] Compiling '/home/jetson/EVC/workshops/final_project_v5/install/jetson_camera_interfaces/lib/python3.8/site-packages/jetson_camera_interfaces/__init__.py'...
[33.454s] -- Installing: /home/jetson/EVC/workshops/final_project_v5/install/jetson_camera_interfaces/lib/python3.8/site-packages/jetson_camera_interfaces/msg
[33.455s] -- Installing: /home/jetson/EVC/workshops/final_project_v5/install/jetson_camera_interfaces/lib/python3.8/site-packages/jetson_camera_interfaces/msg/_processed_image_pair_s.c
[33.455s] -- Installing: /home/jetson/EVC/workshops/final_project_v5/install/jetson_camera_interfaces/lib/python3.8/site-packages/jetson_camera_interfaces/msg/_processed_image_pair.py
[33.455s] -- Installing: /home/jetson/EVC/workshops/final_project_v5/install/jetson_camera_interfaces/lib/python3.8/site-packages/jetson_camera_interfaces/msg/__init__.py
[33.457s] -- Installing: /home/jetson/EVC/workshops/final_project_v5/install/jetson_camera_interfaces/lib/python3.8/site-packages/jetson_camera_interfaces/jetson_camera_interfaces_s__rosidl_typesupport_fastrtps_c.cpython-38-aarch64-linux-gnu.so
[33.459s] -- Set runtime path of "/home/jetson/EVC/workshops/final_project_v5/install/jetson_camera_interfaces/lib/python3.8/site-packages/jetson_camera_interfaces/jetson_camera_interfaces_s__rosidl_typesupport_fastrtps_c.cpython-38-aarch64-linux-gnu.so" to ""
[33.460s] -- Installing: /home/jetson/EVC/workshops/final_project_v5/install/jetson_camera_interfaces/lib/python3.8/site-packages/jetson_camera_interfaces/jetson_camera_interfaces_s__rosidl_typesupport_introspection_c.cpython-38-aarch64-linux-gnu.so
[33.462s] -- Set runtime path of "/home/jetson/EVC/workshops/final_project_v5/install/jetson_camera_interfaces/lib/python3.8/site-packages/jetson_camera_interfaces/jetson_camera_interfaces_s__rosidl_typesupport_introspection_c.cpython-38-aarch64-linux-gnu.so" to ""
[33.463s] -- Installing: /home/jetson/EVC/workshops/final_project_v5/install/jetson_camera_interfaces/lib/python3.8/site-packages/jetson_camera_interfaces/jetson_camera_interfaces_s__rosidl_typesupport_c.cpython-38-aarch64-linux-gnu.so
[33.465s] -- Set runtime path of "/home/jetson/EVC/workshops/final_project_v5/install/jetson_camera_interfaces/lib/python3.8/site-packages/jetson_camera_interfaces/jetson_camera_interfaces_s__rosidl_typesupport_c.cpython-38-aarch64-linux-gnu.so" to ""
[33.465s] -- Installing: /home/jetson/EVC/workshops/final_project_v5/install/jetson_camera_interfaces/lib/libjetson_camera_interfaces__python.so
[33.467s] -- Set runtime path of "/home/jetson/EVC/workshops/final_project_v5/install/jetson_camera_interfaces/lib/libjetson_camera_interfaces__python.so" to ""
[33.468s] -- Installing: /home/jetson/EVC/workshops/final_project_v5/install/jetson_camera_interfaces/share/jetson_camera_interfaces/msg/ProcessedImagePair.idl
[33.468s] -- Installing: /home/jetson/EVC/workshops/final_project_v5/install/jetson_camera_interfaces/share/jetson_camera_interfaces/msg/ProcessedImagePair.msg
[33.469s] -- Installing: /home/jetson/EVC/workshops/final_project_v5/install/jetson_camera_interfaces/share/ament_index/resource_index/package_run_dependencies/jetson_camera_interfaces
[33.470s] -- Installing: /home/jetson/EVC/workshops/final_project_v5/install/jetson_camera_interfaces/share/ament_index/resource_index/parent_prefix_path/jetson_camera_interfaces
[33.471s] -- Installing: /home/jetson/EVC/workshops/final_project_v5/install/jetson_camera_interfaces/share/jetson_camera_interfaces/environment/ament_prefix_path.sh
[33.472s] -- Installing: /home/jetson/EVC/workshops/final_project_v5/install/jetson_camera_interfaces/share/jetson_camera_interfaces/environment/ament_prefix_path.dsv
[33.472s] -- Installing: /home/jetson/EVC/workshops/final_project_v5/install/jetson_camera_interfaces/share/jetson_camera_interfaces/environment/path.sh
[33.473s] -- Installing: /home/jetson/EVC/workshops/final_project_v5/install/jetson_camera_interfaces/share/jetson_camera_interfaces/environment/path.dsv
[33.473s] -- Installing: /home/jetson/EVC/workshops/final_project_v5/install/jetson_camera_interfaces/share/jetson_camera_interfaces/local_setup.bash
[33.474s] -- Installing: /home/jetson/EVC/workshops/final_project_v5/install/jetson_camera_interfaces/share/jetson_camera_interfaces/local_setup.sh
[33.475s] -- Installing: /home/jetson/EVC/workshops/final_project_v5/install/jetson_camera_interfaces/share/jetson_camera_interfaces/local_setup.zsh
[33.475s] -- Installing: /home/jetson/EVC/workshops/final_project_v5/install/jetson_camera_interfaces/share/jetson_camera_interfaces/local_setup.dsv
[33.476s] -- Installing: /home/jetson/EVC/workshops/final_project_v5/install/jetson_camera_interfaces/share/jetson_camera_interfaces/package.dsv
[33.477s] -- Installing: /home/jetson/EVC/workshops/final_project_v5/install/jetson_camera_interfaces/share/ament_index/resource_index/packages/jetson_camera_interfaces
[33.478s] -- Installing: /home/jetson/EVC/workshops/final_project_v5/install/jetson_camera_interfaces/share/jetson_camera_interfaces/cmake/jetson_camera_interfaces__rosidl_generator_cExport.cmake
[33.479s] -- Installing: /home/jetson/EVC/workshops/final_project_v5/install/jetson_camera_interfaces/share/jetson_camera_interfaces/cmake/jetson_camera_interfaces__rosidl_generator_cExport-noconfig.cmake
[33.480s] -- Installing: /home/jetson/EVC/workshops/final_project_v5/install/jetson_camera_interfaces/share/jetson_camera_interfaces/cmake/jetson_camera_interfaces__rosidl_typesupport_introspection_cExport.cmake
[33.481s] -- Installing: /home/jetson/EVC/workshops/final_project_v5/install/jetson_camera_interfaces/share/jetson_camera_interfaces/cmake/jetson_camera_interfaces__rosidl_typesupport_introspection_cExport-noconfig.cmake
[33.482s] -- Installing: /home/jetson/EVC/workshops/final_project_v5/install/jetson_camera_interfaces/share/jetson_camera_interfaces/cmake/jetson_camera_interfaces__rosidl_typesupport_cExport.cmake
[33.482s] -- Installing: /home/jetson/EVC/workshops/final_project_v5/install/jetson_camera_interfaces/share/jetson_camera_interfaces/cmake/jetson_camera_interfaces__rosidl_typesupport_cExport-noconfig.cmake
[33.483s] -- Installing: /home/jetson/EVC/workshops/final_project_v5/install/jetson_camera_interfaces/share/jetson_camera_interfaces/cmake/jetson_camera_interfaces__rosidl_generator_cppExport.cmake
[33.484s] -- Installing: /home/jetson/EVC/workshops/final_project_v5/install/jetson_camera_interfaces/share/jetson_camera_interfaces/cmake/jetson_camera_interfaces__rosidl_typesupport_introspection_cppExport.cmake
[33.485s] -- Installing: /home/jetson/EVC/workshops/final_project_v5/install/jetson_camera_interfaces/share/jetson_camera_interfaces/cmake/jetson_camera_interfaces__rosidl_typesupport_introspection_cppExport-noconfig.cmake
[33.486s] -- Installing: /home/jetson/EVC/workshops/final_project_v5/install/jetson_camera_interfaces/share/jetson_camera_interfaces/cmake/jetson_camera_interfaces__rosidl_typesupport_cppExport.cmake
[33.487s] -- Installing: /home/jetson/EVC/workshops/final_project_v5/install/jetson_camera_interfaces/share/jetson_camera_interfaces/cmake/jetson_camera_interfaces__rosidl_typesupport_cppExport-noconfig.cmake
[33.487s] -- Installing: /home/jetson/EVC/workshops/final_project_v5/install/jetson_camera_interfaces/share/jetson_camera_interfaces/cmake/rosidl_cmake-extras.cmake
[33.488s] -- Installing: /home/jetson/EVC/workshops/final_project_v5/install/jetson_camera_interfaces/share/jetson_camera_interfaces/cmake/ament_cmake_export_dependencies-extras.cmake
[33.489s] -- Installing: /home/jetson/EVC/workshops/final_project_v5/install/jetson_camera_interfaces/share/jetson_camera_interfaces/cmake/ament_cmake_export_libraries-extras.cmake
[33.490s] -- Installing: /home/jetson/EVC/workshops/final_project_v5/install/jetson_camera_interfaces/share/jetson_camera_interfaces/cmake/ament_cmake_export_targets-extras.cmake
[33.492s] -- Installing: /home/jetson/EVC/workshops/final_project_v5/install/jetson_camera_interfaces/share/jetson_camera_interfaces/cmake/ament_cmake_export_include_directories-extras.cmake
[33.493s] -- Installing: /home/jetson/EVC/workshops/final_project_v5/install/jetson_camera_interfaces/share/jetson_camera_interfaces/cmake/rosidl_cmake_export_typesupport_libraries-extras.cmake
[33.493s] -- Installing: /home/jetson/EVC/workshops/final_project_v5/install/jetson_camera_interfaces/share/jetson_camera_interfaces/cmake/rosidl_cmake_export_typesupport_targets-extras.cmake
[33.494s] -- Installing: /home/jetson/EVC/workshops/final_project_v5/install/jetson_camera_interfaces/share/jetson_camera_interfaces/cmake/jetson_camera_interfacesConfig.cmake
[33.494s] -- Installing: /home/jetson/EVC/workshops/final_project_v5/install/jetson_camera_interfaces/share/jetson_camera_interfaces/cmake/jetson_camera_interfacesConfig-version.cmake
[33.495s] -- Installing: /home/jetson/EVC/workshops/final_project_v5/install/jetson_camera_interfaces/share/jetson_camera_interfaces/package.xml
[33.501s] Invoked command in '/home/jetson/EVC/workshops/final_project_v5/build/jetson_camera_interfaces' returned '0': CMAKE_PREFIX_PATH=${CMAKE_PREFIX_PATH}:/home/jetson/EVC/workshops/final_project_v5/install/goal_navigation:/home/jetson/EVC/workshops/final_project_v5/install/motor_control:/home/jetson/EVC/workshops/final_project_v5/install/line_following:/home/jetson/EVC/workshops/final_project_v5/install/color_detection_mode:/home/jetson/EVC/workshops/final_project_v5/install/jetson_camera:/home/jetson/EVC/workshops/final_project_v5/install/aruco_parking:/opt/ros/foxy /usr/bin/cmake --install /home/jetson/EVC/workshops/final_project_v5/build/jetson_camera_interfaces
