[1.226s] Invoking command in '/home/jetson/EVC/workshops/final_project_v5/build/jetson_camera_interfaces': CMAKE_PREFIX_PATH=/opt/ros/foxy /usr/bin/cmake --build /home/jetson/EVC/workshops/final_project_v5/build/jetson_camera_interfaces -- -j4 -l4
[3.731s] [  3%] Built target jetson_camera_interfaces__cpp
[3.732s] [ 12%] Built target jetson_camera_interfaces__rosidl_generator_c
[3.732s] [ 22%] Built target jetson_camera_interfaces__rosidl_typesupport_cpp
[3.733s] [ 32%] Built target jetson_camera_interfaces__rosidl_typesupport_introspection_c
[3.733s] [ 41%] Built target jetson_camera_interfaces__rosidl_typesupport_introspection_cpp
[3.734s] [ 51%] Built target jetson_camera_interfaces__rosidl_typesupport_fastrtps_cpp
[3.734s] [ 61%] Built target jetson_camera_interfaces__rosidl_typesupport_c
[3.734s] [ 70%] Built target jetson_camera_interfaces__rosidl_typesupport_fastrtps_c
[3.735s] [ 70%] Built target jetson_camera_interfaces
[3.735s] [ 74%] Built target jetson_camera_interfaces__py
[3.735s] [ 80%] Built target jetson_camera_interfaces__python
[3.736s] [100%] Built target jetson_camera_interfaces__rosidl_typesupport_c__pyext
[3.736s] [100%] Built target jetson_camera_interfaces__rosidl_typesupport_introspection_c__pyext
[3.737s] [100%] Built target jetson_camera_interfaces__rosidl_typesupport_fastrtps_c__pyext
[3.742s] Invoked command in '/home/jetson/EVC/workshops/final_project_v5/build/jetson_camera_interfaces' returned '0': CMAKE_PREFIX_PATH=/opt/ros/foxy /usr/bin/cmake --build /home/jetson/EVC/workshops/final_project_v5/build/jetson_camera_interfaces -- -j4 -l4
[3.786s] Invoking command in '/home/jetson/EVC/workshops/final_project_v5/build/jetson_camera_interfaces': CMAKE_PREFIX_PATH=/opt/ros/foxy /usr/bin/cmake --install /home/jetson/EVC/workshops/final_project_v5/build/jetson_camera_interfaces
[3.829s] -- Install configuration: ""
[3.829s] -- Up-to-date: /home/jetson/EVC/workshops/final_project_v5/install/jetson_camera_interfaces/share/ament_index/resource_index/rosidl_interfaces/jetson_camera_interfaces
[3.830s] -- Up-to-date: /home/jetson/EVC/workshops/final_project_v5/install/jetson_camera_interfaces/include/jetson_camera_interfaces
[3.831s] -- Up-to-date: /home/jetson/EVC/workshops/final_project_v5/install/jetson_camera_interfaces/include/jetson_camera_interfaces/msg
[3.831s] -- Up-to-date: /home/jetson/EVC/workshops/final_project_v5/install/jetson_camera_interfaces/include/jetson_camera_interfaces/msg/detail
[3.832s] -- Up-to-date: /home/jetson/EVC/workshops/final_project_v5/install/jetson_camera_interfaces/include/jetson_camera_interfaces/msg/detail/processed_image_pair__functions.h
[3.833s] -- Up-to-date: /home/jetson/EVC/workshops/final_project_v5/install/jetson_camera_interfaces/include/jetson_camera_interfaces/msg/detail/processed_image_pair__struct.h
[3.833s] -- Up-to-date: /home/jetson/EVC/workshops/final_project_v5/install/jetson_camera_interfaces/include/jetson_camera_interfaces/msg/detail/processed_image_pair__type_support.h
[3.834s] -- Up-to-date: /home/jetson/EVC/workshops/final_project_v5/install/jetson_camera_interfaces/include/jetson_camera_interfaces/msg/detail/processed_image_pair__functions.c
[3.834s] -- Up-to-date: /home/jetson/EVC/workshops/final_project_v5/install/jetson_camera_interfaces/include/jetson_camera_interfaces/msg/rosidl_generator_c__visibility_control.h
[3.835s] -- Up-to-date: /home/jetson/EVC/workshops/final_project_v5/install/jetson_camera_interfaces/include/jetson_camera_interfaces/msg/processed_image_pair.h
[3.836s] -- Up-to-date: /home/jetson/EVC/workshops/final_project_v5/install/jetson_camera_interfaces/share/jetson_camera_interfaces/environment/library_path.sh
[3.837s] -- Up-to-date: /home/jetson/EVC/workshops/final_project_v5/install/jetson_camera_interfaces/share/jetson_camera_interfaces/environment/library_path.dsv
[3.837s] -- Up-to-date: /home/jetson/EVC/workshops/final_project_v5/install/jetson_camera_interfaces/lib/libjetson_camera_interfaces__rosidl_generator_c.so
[3.838s] -- Up-to-date: /home/jetson/EVC/workshops/final_project_v5/install/jetson_camera_interfaces/include/jetson_camera_interfaces
[3.840s] -- Up-to-date: /home/jetson/EVC/workshops/final_project_v5/install/jetson_camera_interfaces/include/jetson_camera_interfaces/msg
[3.840s] -- Up-to-date: /home/jetson/EVC/workshops/final_project_v5/install/jetson_camera_interfaces/include/jetson_camera_interfaces/msg/detail
[3.845s] -- Up-to-date: /home/jetson/EVC/workshops/final_project_v5/install/jetson_camera_interfaces/include/jetson_camera_interfaces/msg/detail/processed_image_pair__rosidl_typesupport_fastrtps_c.h
[3.845s] -- Up-to-date: /home/jetson/EVC/workshops/final_project_v5/install/jetson_camera_interfaces/include/jetson_camera_interfaces/msg/rosidl_typesupport_fastrtps_c__visibility_control.h
[3.848s] -- Up-to-date: /home/jetson/EVC/workshops/final_project_v5/install/jetson_camera_interfaces/lib/libjetson_camera_interfaces__rosidl_typesupport_fastrtps_c.so
[3.849s] -- Up-to-date: /home/jetson/EVC/workshops/final_project_v5/install/jetson_camera_interfaces/include/jetson_camera_interfaces
[3.850s] -- Up-to-date: /home/jetson/EVC/workshops/final_project_v5/install/jetson_camera_interfaces/include/jetson_camera_interfaces/msg
[3.850s] -- Up-to-date: /home/jetson/EVC/workshops/final_project_v5/install/jetson_camera_interfaces/include/jetson_camera_interfaces/msg/detail
[3.851s] -- Up-to-date: /home/jetson/EVC/workshops/final_project_v5/install/jetson_camera_interfaces/include/jetson_camera_interfaces/msg/detail/processed_image_pair__rosidl_typesupport_fastrtps_cpp.hpp
[3.851s] -- Up-to-date: /home/jetson/EVC/workshops/final_project_v5/install/jetson_camera_interfaces/include/jetson_camera_interfaces/msg/detail/dds_fastrtps
[3.852s] -- Up-to-date: /home/jetson/EVC/workshops/final_project_v5/install/jetson_camera_interfaces/include/jetson_camera_interfaces/msg/rosidl_typesupport_fastrtps_cpp__visibility_control.h
[3.852s] -- Up-to-date: /home/jetson/EVC/workshops/final_project_v5/install/jetson_camera_interfaces/lib/libjetson_camera_interfaces__rosidl_typesupport_fastrtps_cpp.so
[3.852s] -- Up-to-date: /home/jetson/EVC/workshops/final_project_v5/install/jetson_camera_interfaces/include/jetson_camera_interfaces
[3.853s] -- Up-to-date: /home/jetson/EVC/workshops/final_project_v5/install/jetson_camera_interfaces/include/jetson_camera_interfaces/msg
[3.853s] -- Up-to-date: /home/jetson/EVC/workshops/final_project_v5/install/jetson_camera_interfaces/include/jetson_camera_interfaces/msg/detail
[3.854s] -- Up-to-date: /home/jetson/EVC/workshops/final_project_v5/install/jetson_camera_interfaces/include/jetson_camera_interfaces/msg/detail/processed_image_pair__rosidl_typesupport_introspection_c.h
[3.854s] -- Up-to-date: /home/jetson/EVC/workshops/final_project_v5/install/jetson_camera_interfaces/include/jetson_camera_interfaces/msg/detail/processed_image_pair__type_support.c
[3.855s] -- Up-to-date: /home/jetson/EVC/workshops/final_project_v5/install/jetson_camera_interfaces/include/jetson_camera_interfaces/msg/rosidl_typesupport_introspection_c__visibility_control.h
[3.855s] -- Up-to-date: /home/jetson/EVC/workshops/final_project_v5/install/jetson_camera_interfaces/lib/libjetson_camera_interfaces__rosidl_typesupport_introspection_c.so
[3.864s] -- Up-to-date: /home/jetson/EVC/workshops/final_project_v5/install/jetson_camera_interfaces/lib/libjetson_camera_interfaces__rosidl_typesupport_c.so
[3.864s] -- Up-to-date: /home/jetson/EVC/workshops/final_project_v5/install/jetson_camera_interfaces/include/jetson_camera_interfaces
[3.865s] -- Up-to-date: /home/jetson/EVC/workshops/final_project_v5/install/jetson_camera_interfaces/include/jetson_camera_interfaces/msg
[3.870s] -- Up-to-date: /home/jetson/EVC/workshops/final_project_v5/install/jetson_camera_interfaces/include/jetson_camera_interfaces/msg/detail
[3.870s] -- Up-to-date: /home/jetson/EVC/workshops/final_project_v5/install/jetson_camera_interfaces/include/jetson_camera_interfaces/msg/detail/processed_image_pair__traits.hpp
[3.871s] -- Up-to-date: /home/jetson/EVC/workshops/final_project_v5/install/jetson_camera_interfaces/include/jetson_camera_interfaces/msg/detail/processed_image_pair__builder.hpp
[3.871s] -- Up-to-date: /home/jetson/EVC/workshops/final_project_v5/install/jetson_camera_interfaces/include/jetson_camera_interfaces/msg/detail/processed_image_pair__struct.hpp
[3.872s] -- Up-to-date: /home/jetson/EVC/workshops/final_project_v5/install/jetson_camera_interfaces/include/jetson_camera_interfaces/msg/detail/processed_image_pair__type_support.hpp
[3.872s] -- Up-to-date: /home/jetson/EVC/workshops/final_project_v5/install/jetson_camera_interfaces/include/jetson_camera_interfaces/msg/rosidl_generator_cpp__visibility_control.hpp
[3.873s] -- Up-to-date: /home/jetson/EVC/workshops/final_project_v5/install/jetson_camera_interfaces/include/jetson_camera_interfaces/msg/processed_image_pair.hpp
[3.873s] -- Up-to-date: /home/jetson/EVC/workshops/final_project_v5/install/jetson_camera_interfaces/include/jetson_camera_interfaces
[3.873s] -- Up-to-date: /home/jetson/EVC/workshops/final_project_v5/install/jetson_camera_interfaces/include/jetson_camera_interfaces/msg
[3.874s] -- Up-to-date: /home/jetson/EVC/workshops/final_project_v5/install/jetson_camera_interfaces/include/jetson_camera_interfaces/msg/detail
[3.874s] -- Up-to-date: /home/jetson/EVC/workshops/final_project_v5/install/jetson_camera_interfaces/include/jetson_camera_interfaces/msg/detail/processed_image_pair__rosidl_typesupport_introspection_cpp.hpp
[3.875s] -- Up-to-date: /home/jetson/EVC/workshops/final_project_v5/install/jetson_camera_interfaces/include/jetson_camera_interfaces/msg/detail/processed_image_pair__type_support.cpp
[3.875s] -- Up-to-date: /home/jetson/EVC/workshops/final_project_v5/install/jetson_camera_interfaces/lib/libjetson_camera_interfaces__rosidl_typesupport_introspection_cpp.so
[3.876s] -- Up-to-date: /home/jetson/EVC/workshops/final_project_v5/install/jetson_camera_interfaces/lib/libjetson_camera_interfaces__rosidl_typesupport_cpp.so
[3.879s] -- Up-to-date: /home/jetson/EVC/workshops/final_project_v5/install/jetson_camera_interfaces/share/jetson_camera_interfaces/environment/pythonpath.sh
[3.879s] -- Up-to-date: /home/jetson/EVC/workshops/final_project_v5/install/jetson_camera_interfaces/share/jetson_camera_interfaces/environment/pythonpath.dsv
[3.880s] -- Up-to-date: /home/jetson/EVC/workshops/final_project_v5/install/jetson_camera_interfaces/lib/python3.8/site-packages/jetson_camera_interfaces/__init__.py
[4.040s] -- Up-to-date: /home/jetson/EVC/workshops/final_project_v5/install/jetson_camera_interfaces/lib/python3.8/site-packages/jetson_camera_interfaces/msg
[4.041s] -- Up-to-date: /home/jetson/EVC/workshops/final_project_v5/install/jetson_camera_interfaces/lib/python3.8/site-packages/jetson_camera_interfaces/msg/_processed_image_pair_s.c
[4.043s] -- Up-to-date: /home/jetson/EVC/workshops/final_project_v5/install/jetson_camera_interfaces/lib/python3.8/site-packages/jetson_camera_interfaces/msg/_processed_image_pair.py
[4.045s] -- Up-to-date: /home/jetson/EVC/workshops/final_project_v5/install/jetson_camera_interfaces/lib/python3.8/site-packages/jetson_camera_interfaces/msg/__init__.py
[4.046s] -- Up-to-date: /home/jetson/EVC/workshops/final_project_v5/install/jetson_camera_interfaces/lib/python3.8/site-packages/jetson_camera_interfaces/jetson_camera_interfaces_s__rosidl_typesupport_fastrtps_c.cpython-38-aarch64-linux-gnu.so
[4.051s] -- Up-to-date: /home/jetson/EVC/workshops/final_project_v5/install/jetson_camera_interfaces/lib/python3.8/site-packages/jetson_camera_interfaces/jetson_camera_interfaces_s__rosidl_typesupport_introspection_c.cpython-38-aarch64-linux-gnu.so
[4.056s] -- Up-to-date: /home/jetson/EVC/workshops/final_project_v5/install/jetson_camera_interfaces/lib/python3.8/site-packages/jetson_camera_interfaces/jetson_camera_interfaces_s__rosidl_typesupport_c.cpython-38-aarch64-linux-gnu.so
[4.061s] -- Up-to-date: /home/jetson/EVC/workshops/final_project_v5/install/jetson_camera_interfaces/lib/libjetson_camera_interfaces__python.so
[4.063s] -- Up-to-date: /home/jetson/EVC/workshops/final_project_v5/install/jetson_camera_interfaces/share/jetson_camera_interfaces/msg/ProcessedImagePair.idl
[4.064s] -- Up-to-date: /home/jetson/EVC/workshops/final_project_v5/install/jetson_camera_interfaces/share/jetson_camera_interfaces/msg/ProcessedImagePair.msg
[4.065s] -- Up-to-date: /home/jetson/EVC/workshops/final_project_v5/install/jetson_camera_interfaces/share/ament_index/resource_index/package_run_dependencies/jetson_camera_interfaces
[4.067s] -- Up-to-date: /home/jetson/EVC/workshops/final_project_v5/install/jetson_camera_interfaces/share/ament_index/resource_index/parent_prefix_path/jetson_camera_interfaces
[4.068s] -- Up-to-date: /home/jetson/EVC/workshops/final_project_v5/install/jetson_camera_interfaces/share/jetson_camera_interfaces/environment/ament_prefix_path.sh
[4.069s] -- Up-to-date: /home/jetson/EVC/workshops/final_project_v5/install/jetson_camera_interfaces/share/jetson_camera_interfaces/environment/ament_prefix_path.dsv
[4.070s] -- Up-to-date: /home/jetson/EVC/workshops/final_project_v5/install/jetson_camera_interfaces/share/jetson_camera_interfaces/environment/path.sh
[4.071s] -- Up-to-date: /home/jetson/EVC/workshops/final_project_v5/install/jetson_camera_interfaces/share/jetson_camera_interfaces/environment/path.dsv
[4.073s] -- Up-to-date: /home/jetson/EVC/workshops/final_project_v5/install/jetson_camera_interfaces/share/jetson_camera_interfaces/local_setup.bash
[4.074s] -- Up-to-date: /home/jetson/EVC/workshops/final_project_v5/install/jetson_camera_interfaces/share/jetson_camera_interfaces/local_setup.sh
[4.075s] -- Up-to-date: /home/jetson/EVC/workshops/final_project_v5/install/jetson_camera_interfaces/share/jetson_camera_interfaces/local_setup.zsh
[4.076s] -- Up-to-date: /home/jetson/EVC/workshops/final_project_v5/install/jetson_camera_interfaces/share/jetson_camera_interfaces/local_setup.dsv
[4.078s] -- Installing: /home/jetson/EVC/workshops/final_project_v5/install/jetson_camera_interfaces/share/jetson_camera_interfaces/package.dsv
[4.081s] -- Up-to-date: /home/jetson/EVC/workshops/final_project_v5/install/jetson_camera_interfaces/share/ament_index/resource_index/packages/jetson_camera_interfaces
[4.085s] -- Up-to-date: /home/jetson/EVC/workshops/final_project_v5/install/jetson_camera_interfaces/share/jetson_camera_interfaces/cmake/jetson_camera_interfaces__rosidl_generator_cExport.cmake
[4.087s] -- Up-to-date: /home/jetson/EVC/workshops/final_project_v5/install/jetson_camera_interfaces/share/jetson_camera_interfaces/cmake/jetson_camera_interfaces__rosidl_generator_cExport-noconfig.cmake
[4.091s] -- Up-to-date: /home/jetson/EVC/workshops/final_project_v5/install/jetson_camera_interfaces/share/jetson_camera_interfaces/cmake/jetson_camera_interfaces__rosidl_typesupport_introspection_cExport.cmake
[4.092s] -- Up-to-date: /home/jetson/EVC/workshops/final_project_v5/install/jetson_camera_interfaces/share/jetson_camera_interfaces/cmake/jetson_camera_interfaces__rosidl_typesupport_introspection_cExport-noconfig.cmake
[4.095s] -- Up-to-date: /home/jetson/EVC/workshops/final_project_v5/install/jetson_camera_interfaces/share/jetson_camera_interfaces/cmake/jetson_camera_interfaces__rosidl_typesupport_cExport.cmake
[4.097s] -- Up-to-date: /home/jetson/EVC/workshops/final_project_v5/install/jetson_camera_interfaces/share/jetson_camera_interfaces/cmake/jetson_camera_interfaces__rosidl_typesupport_cExport-noconfig.cmake
[4.100s] -- Up-to-date: /home/jetson/EVC/workshops/final_project_v5/install/jetson_camera_interfaces/share/jetson_camera_interfaces/cmake/jetson_camera_interfaces__rosidl_generator_cppExport.cmake
[4.103s] -- Up-to-date: /home/jetson/EVC/workshops/final_project_v5/install/jetson_camera_interfaces/share/jetson_camera_interfaces/cmake/jetson_camera_interfaces__rosidl_typesupport_introspection_cppExport.cmake
[4.104s] -- Up-to-date: /home/jetson/EVC/workshops/final_project_v5/install/jetson_camera_interfaces/share/jetson_camera_interfaces/cmake/jetson_camera_interfaces__rosidl_typesupport_introspection_cppExport-noconfig.cmake
[4.108s] -- Up-to-date: /home/jetson/EVC/workshops/final_project_v5/install/jetson_camera_interfaces/share/jetson_camera_interfaces/cmake/jetson_camera_interfaces__rosidl_typesupport_cppExport.cmake
[4.109s] -- Up-to-date: /home/jetson/EVC/workshops/final_project_v5/install/jetson_camera_interfaces/share/jetson_camera_interfaces/cmake/jetson_camera_interfaces__rosidl_typesupport_cppExport-noconfig.cmake
[4.110s] -- Up-to-date: /home/jetson/EVC/workshops/final_project_v5/install/jetson_camera_interfaces/share/jetson_camera_interfaces/cmake/rosidl_cmake-extras.cmake
[4.111s] -- Up-to-date: /home/jetson/EVC/workshops/final_project_v5/install/jetson_camera_interfaces/share/jetson_camera_interfaces/cmake/ament_cmake_export_dependencies-extras.cmake
[4.113s] -- Up-to-date: /home/jetson/EVC/workshops/final_project_v5/install/jetson_camera_interfaces/share/jetson_camera_interfaces/cmake/ament_cmake_export_libraries-extras.cmake
[4.114s] -- Up-to-date: /home/jetson/EVC/workshops/final_project_v5/install/jetson_camera_interfaces/share/jetson_camera_interfaces/cmake/ament_cmake_export_targets-extras.cmake
[4.115s] -- Up-to-date: /home/jetson/EVC/workshops/final_project_v5/install/jetson_camera_interfaces/share/jetson_camera_interfaces/cmake/ament_cmake_export_include_directories-extras.cmake
[4.116s] -- Up-to-date: /home/jetson/EVC/workshops/final_project_v5/install/jetson_camera_interfaces/share/jetson_camera_interfaces/cmake/rosidl_cmake_export_typesupport_libraries-extras.cmake
[4.118s] -- Up-to-date: /home/jetson/EVC/workshops/final_project_v5/install/jetson_camera_interfaces/share/jetson_camera_interfaces/cmake/rosidl_cmake_export_typesupport_targets-extras.cmake
[4.119s] -- Up-to-date: /home/jetson/EVC/workshops/final_project_v5/install/jetson_camera_interfaces/share/jetson_camera_interfaces/cmake/jetson_camera_interfacesConfig.cmake
[4.120s] -- Up-to-date: /home/jetson/EVC/workshops/final_project_v5/install/jetson_camera_interfaces/share/jetson_camera_interfaces/cmake/jetson_camera_interfacesConfig-version.cmake
[4.121s] -- Up-to-date: /home/jetson/EVC/workshops/final_project_v5/install/jetson_camera_interfaces/share/jetson_camera_interfaces/package.xml
[4.134s] Invoked command in '/home/jetson/EVC/workshops/final_project_v5/build/jetson_camera_interfaces' returned '0': CMAKE_PREFIX_PATH=/opt/ros/foxy /usr/bin/cmake --install /home/jetson/EVC/workshops/final_project_v5/build/jetson_camera_interfaces
