[4.447s] Invoking command in '/home/jetson/EVC/workshops/final_project_v3/motion/control/motor_control': PYTHONPATH=/home/jetson/EVC/workshops/final_project_v3/build/motor_control/prefix_override:/usr/lib/python3/dist-packages/colcon_core/task/python/colcon_distutils_commands:/home/jetson/EVC/workshops/final_project_v3/install/motor_control/lib/python3.8/site-packages:${PYTHONPATH} /usr/bin/python3 -W ignore:setup.py install is deprecated -W ignore:easy_install command is deprecated setup.py egg_info --egg-base ../../../build/motor_control build --build-base /home/jetson/EVC/workshops/final_project_v3/build/motor_control/build install --record /home/jetson/EVC/workshops/final_project_v3/build/motor_control/install.log --install-scripts $base/lib/motor_control --single-version-externally-managed install_data
[5.413s] /usr/local/lib/python3.8/dist-packages/setuptools/dist.py:717: UserWarning: Usage of dash-separated 'script-dir' will not be supported in future versions. Please use the underscore name 'script_dir' instead
[5.413s]   warnings.warn(
[5.543s] running egg_info
[5.546s] writing ../../../build/motor_control/motor_control.egg-info/PKG-INFO
[5.547s] writing dependency_links to ../../../build/motor_control/motor_control.egg-info/dependency_links.txt
[5.548s] writing entry points to ../../../build/motor_control/motor_control.egg-info/entry_points.txt
[5.548s] writing requirements to ../../../build/motor_control/motor_control.egg-info/requires.txt
[5.549s] writing top-level names to ../../../build/motor_control/motor_control.egg-info/top_level.txt
[5.561s] reading manifest file '../../../build/motor_control/motor_control.egg-info/SOURCES.txt'
[5.567s] writing manifest file '../../../build/motor_control/motor_control.egg-info/SOURCES.txt'
[5.567s] running build
[5.568s] running build_py
[5.572s] running install
[5.574s] running install_lib
[5.583s] running install_data
[5.584s] running install_egg_info
[5.591s] removing '/home/jetson/EVC/workshops/final_project_v3/install/motor_control/lib/python3.8/site-packages/motor_control-0.0.0-py3.8.egg-info' (and everything under it)
[5.593s] Copying ../../../build/motor_control/motor_control.egg-info to /home/jetson/EVC/workshops/final_project_v3/install/motor_control/lib/python3.8/site-packages/motor_control-0.0.0-py3.8.egg-info
[5.597s] running install_scripts
[5.671s] Installing hand_follower script to /home/jetson/EVC/workshops/final_project_v3/install/motor_control/lib/motor_control
[5.672s] Installing kinematics_node script to /home/jetson/EVC/workshops/final_project_v3/install/motor_control/lib/motor_control
[5.673s] Installing movement_node script to /home/jetson/EVC/workshops/final_project_v3/install/motor_control/lib/motor_control
[5.673s] Installing odometry_node script to /home/jetson/EVC/workshops/final_project_v3/install/motor_control/lib/motor_control
[5.674s] Installing pid_controller script to /home/jetson/EVC/workshops/final_project_v3/install/motor_control/lib/motor_control
[5.676s] writing list of installed files to '/home/jetson/EVC/workshops/final_project_v3/build/motor_control/install.log'
[5.782s] Invoked command in '/home/jetson/EVC/workshops/final_project_v3/motion/control/motor_control' returned '0': PYTHONPATH=/home/jetson/EVC/workshops/final_project_v3/build/motor_control/prefix_override:/usr/lib/python3/dist-packages/colcon_core/task/python/colcon_distutils_commands:/home/jetson/EVC/workshops/final_project_v3/install/motor_control/lib/python3.8/site-packages:${PYTHONPATH} /usr/bin/python3 -W ignore:setup.py install is deprecated -W ignore:easy_install command is deprecated setup.py egg_info --egg-base ../../../build/motor_control build --build-base /home/jetson/EVC/workshops/final_project_v3/build/motor_control/build install --record /home/jetson/EVC/workshops/final_project_v3/build/motor_control/install.log --install-scripts $base/lib/motor_control --single-version-externally-managed install_data
