[5.780s] Invoking command in '/home/jetson/EVC/workshops/final_project_v5/behaviors/aruco_parking/aruco_parking': JETSON_P_NUMBER=pders- PYTHONPATH=/home/jetson/EVC/workshops/final_project_v5/build/aruco_parking/prefix_override:/usr/lib/python3/dist-packages/colcon_core/task/python/colcon_distutils_commands:/home/jetson/EVC/workshops/final_project_v5/install/aruco_parking/lib/python3.8/site-packages:${PYTHONPATH} /usr/bin/python3 -W ignore:setup.py install is deprecated -W ignore:easy_install command is deprecated setup.py egg_info --egg-base ../../../build/aruco_parking build --build-base /home/jetson/EVC/workshops/final_project_v5/build/aruco_parking/build install --record /home/jetson/EVC/workshops/final_project_v5/build/aruco_parking/install.log --single-version-externally-managed install_data
[6.981s] running egg_info
[6.983s] writing ../../../build/aruco_parking/aruco_parking.egg-info/PKG-INFO
[6.985s] writing dependency_links to ../../../build/aruco_parking/aruco_parking.egg-info/dependency_links.txt
[6.986s] writing entry points to ../../../build/aruco_parking/aruco_parking.egg-info/entry_points.txt
[6.987s] writing requirements to ../../../build/aruco_parking/aruco_parking.egg-info/requires.txt
[6.987s] writing top-level names to ../../../build/aruco_parking/aruco_parking.egg-info/top_level.txt
[7.000s] reading manifest file '../../../build/aruco_parking/aruco_parking.egg-info/SOURCES.txt'
[7.005s] writing manifest file '../../../build/aruco_parking/aruco_parking.egg-info/SOURCES.txt'
[7.005s] running build
[7.005s] running build_py
[7.006s] running install
[7.010s] running install_lib
[7.015s] running install_data
[7.016s] running install_egg_info
[7.023s] removing '/home/jetson/EVC/workshops/final_project_v5/install/aruco_parking/lib/python3.8/site-packages/aruco_parking-0.0.0-py3.8.egg-info' (and everything under it)
[7.024s] Copying ../../../build/aruco_parking/aruco_parking.egg-info to /home/jetson/EVC/workshops/final_project_v5/install/aruco_parking/lib/python3.8/site-packages/aruco_parking-0.0.0-py3.8.egg-info
[7.028s] running install_scripts
[7.115s] Installing aruco_detector_node script to /home/jetson/EVC/workshops/final_project_v5/install/aruco_parking/lib/aruco_parking
[7.117s] writing list of installed files to '/home/jetson/EVC/workshops/final_project_v5/build/aruco_parking/install.log'
[7.235s] Invoked command in '/home/jetson/EVC/workshops/final_project_v5/behaviors/aruco_parking/aruco_parking' returned '0': JETSON_P_NUMBER=pders- PYTHONPATH=/home/jetson/EVC/workshops/final_project_v5/build/aruco_parking/prefix_override:/usr/lib/python3/dist-packages/colcon_core/task/python/colcon_distutils_commands:/home/jetson/EVC/workshops/final_project_v5/install/aruco_parking/lib/python3.8/site-packages:${PYTHONPATH} /usr/bin/python3 -W ignore:setup.py install is deprecated -W ignore:easy_install command is deprecated setup.py egg_info --egg-base ../../../build/aruco_parking build --build-base /home/jetson/EVC/workshops/final_project_v5/build/aruco_parking/build install --record /home/jetson/EVC/workshops/final_project_v5/build/aruco_parking/install.log --single-version-externally-managed install_data
