[4.334s] Invoking command in '/home/jetson/EVC/workshops/final_project_v4/behaviors/line_following/line_following': PYTHONPATH=/home/jetson/EVC/workshops/final_project_v4/build/line_following/prefix_override:/usr/lib/python3/dist-packages/colcon_core/task/python/colcon_distutils_commands:/home/jetson/EVC/workshops/final_project_v4/install/line_following/lib/python3.8/site-packages:${PYTHONPATH} /usr/bin/python3 -W ignore:setup.py install is deprecated -W ignore:easy_install command is deprecated setup.py egg_info --egg-base ../../../build/line_following build --build-base /home/jetson/EVC/workshops/final_project_v4/build/line_following/build install --record /home/jetson/EVC/workshops/final_project_v4/build/line_following/install.log --single-version-externally-managed install_data
[5.601s] running egg_info
[5.605s] writing ../../../build/line_following/line_following.egg-info/PKG-INFO
[5.605s] writing dependency_links to ../../../build/line_following/line_following.egg-info/dependency_links.txt
[5.606s] writing entry points to ../../../build/line_following/line_following.egg-info/entry_points.txt
[5.607s] writing requirements to ../../../build/line_following/line_following.egg-info/requires.txt
[5.608s] writing top-level names to ../../../build/line_following/line_following.egg-info/top_level.txt
[5.621s] reading manifest file '../../../build/line_following/line_following.egg-info/SOURCES.txt'
[5.627s] writing manifest file '../../../build/line_following/line_following.egg-info/SOURCES.txt'
[5.627s] running build
[5.628s] running build_py
[5.628s] copying line_following/line_tracker_node.py -> /home/jetson/EVC/workshops/final_project_v4/build/line_following/build/lib/line_following
[5.629s] running install
[5.634s] running install_lib
[5.638s] copying /home/jetson/EVC/workshops/final_project_v4/build/line_following/build/lib/line_following/line_tracker_node.py -> /home/jetson/EVC/workshops/final_project_v4/install/line_following/lib/python3.8/site-packages/line_following
[5.641s] byte-compiling /home/jetson/EVC/workshops/final_project_v4/install/line_following/lib/python3.8/site-packages/line_following/line_tracker_node.py to line_tracker_node.cpython-38.pyc
[5.646s] running install_data
[5.647s] running install_egg_info
[5.655s] removing '/home/jetson/EVC/workshops/final_project_v4/install/line_following/lib/python3.8/site-packages/line_following-0.0.0-py3.8.egg-info' (and everything under it)
[5.656s] Copying ../../../build/line_following/line_following.egg-info to /home/jetson/EVC/workshops/final_project_v4/install/line_following/lib/python3.8/site-packages/line_following-0.0.0-py3.8.egg-info
[5.661s] running install_scripts
[5.745s] Installing angular_tracker script to /home/jetson/EVC/workshops/final_project_v4/install/line_following/lib/line_following
[5.746s] Installing line_tracker script to /home/jetson/EVC/workshops/final_project_v4/install/line_following/lib/line_following
[5.747s] Installing navigator script to /home/jetson/EVC/workshops/final_project_v4/install/line_following/lib/line_following
[5.750s] writing list of installed files to '/home/jetson/EVC/workshops/final_project_v4/build/line_following/install.log'
[5.889s] Invoked command in '/home/jetson/EVC/workshops/final_project_v4/behaviors/line_following/line_following' returned '0': PYTHONPATH=/home/jetson/EVC/workshops/final_project_v4/build/line_following/prefix_override:/usr/lib/python3/dist-packages/colcon_core/task/python/colcon_distutils_commands:/home/jetson/EVC/workshops/final_project_v4/install/line_following/lib/python3.8/site-packages:${PYTHONPATH} /usr/bin/python3 -W ignore:setup.py install is deprecated -W ignore:easy_install command is deprecated setup.py egg_info --egg-base ../../../build/line_following build --build-base /home/jetson/EVC/workshops/final_project_v4/build/line_following/build install --record /home/jetson/EVC/workshops/final_project_v4/build/line_following/install.log --single-version-externally-managed install_data
