[5.953s] Invoking command in '/home/jetson/EVC/workshops/final_project_v3/behaviors/aruco_parking/aruco_parking': PYTHONPATH=/home/jetson/EVC/workshops/final_project_v3/build/aruco_parking/prefix_override:/usr/lib/python3/dist-packages/colcon_core/task/python/colcon_distutils_commands:/home/jetson/EVC/workshops/final_project_v3/install/aruco_parking/lib/python3.8/site-packages:${PYTHONPATH} /usr/bin/python3 -W ignore:setup.py install is deprecated -W ignore:easy_install command is deprecated setup.py egg_info --egg-base ../../../build/aruco_parking build --build-base /home/jetson/EVC/workshops/final_project_v3/build/aruco_parking/build install --record /home/jetson/EVC/workshops/final_project_v3/build/aruco_parking/install.log --single-version-externally-managed install_data
[7.109s] running egg_info
[7.111s] writing ../../../build/aruco_parking/aruco_parking.egg-info/PKG-INFO
[7.114s] writing dependency_links to ../../../build/aruco_parking/aruco_parking.egg-info/dependency_links.txt
[7.115s] writing entry points to ../../../build/aruco_parking/aruco_parking.egg-info/entry_points.txt
[7.115s] writing requirements to ../../../build/aruco_parking/aruco_parking.egg-info/requires.txt
[7.116s] writing top-level names to ../../../build/aruco_parking/aruco_parking.egg-info/top_level.txt
[7.130s] reading manifest file '../../../build/aruco_parking/aruco_parking.egg-info/SOURCES.txt'
[7.135s] writing manifest file '../../../build/aruco_parking/aruco_parking.egg-info/SOURCES.txt'
[7.136s] running build
[7.136s] running build_py
[7.139s] running install
[7.143s] running install_lib
[7.150s] running install_data
[7.154s] running install_egg_info
[7.162s] removing '/home/jetson/EVC/workshops/final_project_v3/install/aruco_parking/lib/python3.8/site-packages/aruco_parking-0.0.0-py3.8.egg-info' (and everything under it)
[7.163s] Copying ../../../build/aruco_parking/aruco_parking.egg-info to /home/jetson/EVC/workshops/final_project_v3/install/aruco_parking/lib/python3.8/site-packages/aruco_parking-0.0.0-py3.8.egg-info
[7.169s] running install_scripts
[7.251s] Installing aruco_detector_node script to /home/jetson/EVC/workshops/final_project_v3/install/aruco_parking/lib/aruco_parking
[7.253s] writing list of installed files to '/home/jetson/EVC/workshops/final_project_v3/build/aruco_parking/install.log'
[7.366s] Invoked command in '/home/jetson/EVC/workshops/final_project_v3/behaviors/aruco_parking/aruco_parking' returned '0': PYTHONPATH=/home/jetson/EVC/workshops/final_project_v3/build/aruco_parking/prefix_override:/usr/lib/python3/dist-packages/colcon_core/task/python/colcon_distutils_commands:/home/jetson/EVC/workshops/final_project_v3/install/aruco_parking/lib/python3.8/site-packages:${PYTHONPATH} /usr/bin/python3 -W ignore:setup.py install is deprecated -W ignore:easy_install command is deprecated setup.py egg_info --egg-base ../../../build/aruco_parking build --build-base /home/jetson/EVC/workshops/final_project_v3/build/aruco_parking/build install --record /home/jetson/EVC/workshops/final_project_v3/build/aruco_parking/install.log --single-version-externally-managed install_data
