[10.146s] Invoking command in '/home/jetson/EVC/workshops/final_project_v5/behaviors/aruco_parking/aruco_parking': JETSON_P_NUMBER=potor- PYTHONPATH=/home/jetson/EVC/workshops/final_project_v5/build/aruco_parking/prefix_override:/usr/lib/python3/dist-packages/colcon_core/task/python/colcon_distutils_commands:/home/jetson/EVC/workshops/final_project_v5/install/aruco_parking/lib/python3.8/site-packages:${PYTHONPATH} /usr/bin/python3 -W ignore:setup.py install is deprecated -W ignore:easy_install command is deprecated setup.py egg_info --egg-base ../../../build/aruco_parking build --build-base /home/jetson/EVC/workshops/final_project_v5/build/aruco_parking/build install --record /home/jetson/EVC/workshops/final_project_v5/build/aruco_parking/install.log --single-version-externally-managed install_data
[12.278s] running egg_info
[12.282s] writing ../../../build/aruco_parking/aruco_parking.egg-info/PKG-INFO
[12.285s] writing dependency_links to ../../../build/aruco_parking/aruco_parking.egg-info/dependency_links.txt
[12.285s] writing entry points to ../../../build/aruco_parking/aruco_parking.egg-info/entry_points.txt
[12.286s] writing requirements to ../../../build/aruco_parking/aruco_parking.egg-info/requires.txt
[12.288s] writing top-level names to ../../../build/aruco_parking/aruco_parking.egg-info/top_level.txt
[12.307s] reading manifest file '../../../build/aruco_parking/aruco_parking.egg-info/SOURCES.txt'
[12.313s] writing manifest file '../../../build/aruco_parking/aruco_parking.egg-info/SOURCES.txt'
[12.314s] running build
[12.314s] running build_py
[12.321s] running install
[12.326s] running install_lib
[12.337s] running install_data
[12.345s] running install_egg_info
[12.352s] removing '/home/jetson/EVC/workshops/final_project_v5/install/aruco_parking/lib/python3.8/site-packages/aruco_parking-0.0.0-py3.8.egg-info' (and everything under it)
[12.357s] Copying ../../../build/aruco_parking/aruco_parking.egg-info to /home/jetson/EVC/workshops/final_project_v5/install/aruco_parking/lib/python3.8/site-packages/aruco_parking-0.0.0-py3.8.egg-info
[12.363s] running install_scripts
[12.461s] Installing aruco_detector_node script to /home/jetson/EVC/workshops/final_project_v5/install/aruco_parking/lib/aruco_parking
[12.468s] writing list of installed files to '/home/jetson/EVC/workshops/final_project_v5/build/aruco_parking/install.log'
[12.795s] Invoked command in '/home/jetson/EVC/workshops/final_project_v5/behaviors/aruco_parking/aruco_parking' returned '0': JETSON_P_NUMBER=potor- PYTHONPATH=/home/jetson/EVC/workshops/final_project_v5/build/aruco_parking/prefix_override:/usr/lib/python3/dist-packages/colcon_core/task/python/colcon_distutils_commands:/home/jetson/EVC/workshops/final_project_v5/install/aruco_parking/lib/python3.8/site-packages:${PYTHONPATH} /usr/bin/python3 -W ignore:setup.py install is deprecated -W ignore:easy_install command is deprecated setup.py egg_info --egg-base ../../../build/aruco_parking build --build-base /home/jetson/EVC/workshops/final_project_v5/build/aruco_parking/build install --record /home/jetson/EVC/workshops/final_project_v5/build/aruco_parking/install.log --single-version-externally-managed install_data
