[4.372s] Invoking command in '/home/jetson/EVC/workshops/final_project_v3/vision/camera/jetson_camera': PYTHONPATH=/home/jetson/EVC/workshops/final_project_v3/build/jetson_camera/prefix_override:/usr/lib/python3/dist-packages/colcon_core/task/python/colcon_distutils_commands:/home/jetson/EVC/workshops/final_project_v3/install/jetson_camera/lib/python3.8/site-packages:${PYTHONPATH} /usr/bin/python3 -W ignore:setup.py install is deprecated -W ignore:easy_install command is deprecated setup.py egg_info --egg-base ../../../build/jetson_camera build --build-base /home/jetson/EVC/workshops/final_project_v3/build/jetson_camera/build install --record /home/jetson/EVC/workshops/final_project_v3/build/jetson_camera/install.log --single-version-externally-managed install_data
[5.696s] running egg_info
[5.698s] creating ../../../build/jetson_camera/jetson_camera.egg-info
[5.699s] writing ../../../build/jetson_camera/jetson_camera.egg-info/PKG-INFO
[5.700s] writing dependency_links to ../../../build/jetson_camera/jetson_camera.egg-info/dependency_links.txt
[5.701s] writing entry points to ../../../build/jetson_camera/jetson_camera.egg-info/entry_points.txt
[5.701s] writing requirements to ../../../build/jetson_camera/jetson_camera.egg-info/requires.txt
[5.702s] writing top-level names to ../../../build/jetson_camera/jetson_camera.egg-info/top_level.txt
[5.708s] writing manifest file '../../../build/jetson_camera/jetson_camera.egg-info/SOURCES.txt'
[5.716s] reading manifest file '../../../build/jetson_camera/jetson_camera.egg-info/SOURCES.txt'
[5.721s] writing manifest file '../../../build/jetson_camera/jetson_camera.egg-info/SOURCES.txt'
[5.722s] running build
[5.722s] running build_py
[5.723s] creating /home/jetson/EVC/workshops/final_project_v3/build/jetson_camera/build
[5.724s] creating /home/jetson/EVC/workshops/final_project_v3/build/jetson_camera/build/lib
[5.724s] creating /home/jetson/EVC/workshops/final_project_v3/build/jetson_camera/build/lib/jetson_camera
[5.725s] copying jetson_camera/processing_node.py -> /home/jetson/EVC/workshops/final_project_v3/build/jetson_camera/build/lib/jetson_camera
[5.725s] copying jetson_camera/pair_subscriber_node.py -> /home/jetson/EVC/workshops/final_project_v3/build/jetson_camera/build/lib/jetson_camera
[5.725s] copying jetson_camera/camera_calibration.py -> /home/jetson/EVC/workshops/final_project_v3/build/jetson_camera/build/lib/jetson_camera
[5.726s] copying jetson_camera/subscriber_node.py -> /home/jetson/EVC/workshops/final_project_v3/build/jetson_camera/build/lib/jetson_camera
[5.727s] copying jetson_camera/__init__.py -> /home/jetson/EVC/workshops/final_project_v3/build/jetson_camera/build/lib/jetson_camera
[5.728s] copying jetson_camera/publisher_node.py -> /home/jetson/EVC/workshops/final_project_v3/build/jetson_camera/build/lib/jetson_camera
[5.729s] running install
[5.733s] running install_lib
[5.737s] creating /home/jetson/EVC/workshops/final_project_v3/install/jetson_camera/lib/python3.8/site-packages/jetson_camera
[5.739s] copying /home/jetson/EVC/workshops/final_project_v3/build/jetson_camera/build/lib/jetson_camera/processing_node.py -> /home/jetson/EVC/workshops/final_project_v3/install/jetson_camera/lib/python3.8/site-packages/jetson_camera
[5.740s] copying /home/jetson/EVC/workshops/final_project_v3/build/jetson_camera/build/lib/jetson_camera/pair_subscriber_node.py -> /home/jetson/EVC/workshops/final_project_v3/install/jetson_camera/lib/python3.8/site-packages/jetson_camera
[5.740s] copying /home/jetson/EVC/workshops/final_project_v3/build/jetson_camera/build/lib/jetson_camera/camera_calibration.py -> /home/jetson/EVC/workshops/final_project_v3/install/jetson_camera/lib/python3.8/site-packages/jetson_camera
[5.741s] copying /home/jetson/EVC/workshops/final_project_v3/build/jetson_camera/build/lib/jetson_camera/subscriber_node.py -> /home/jetson/EVC/workshops/final_project_v3/install/jetson_camera/lib/python3.8/site-packages/jetson_camera
[5.741s] copying /home/jetson/EVC/workshops/final_project_v3/build/jetson_camera/build/lib/jetson_camera/__init__.py -> /home/jetson/EVC/workshops/final_project_v3/install/jetson_camera/lib/python3.8/site-packages/jetson_camera
[5.742s] copying /home/jetson/EVC/workshops/final_project_v3/build/jetson_camera/build/lib/jetson_camera/publisher_node.py -> /home/jetson/EVC/workshops/final_project_v3/install/jetson_camera/lib/python3.8/site-packages/jetson_camera
[5.743s] byte-compiling /home/jetson/EVC/workshops/final_project_v3/install/jetson_camera/lib/python3.8/site-packages/jetson_camera/processing_node.py to processing_node.cpython-38.pyc
[5.748s] byte-compiling /home/jetson/EVC/workshops/final_project_v3/install/jetson_camera/lib/python3.8/site-packages/jetson_camera/pair_subscriber_node.py to pair_subscriber_node.cpython-38.pyc
[5.751s] byte-compiling /home/jetson/EVC/workshops/final_project_v3/install/jetson_camera/lib/python3.8/site-packages/jetson_camera/camera_calibration.py to camera_calibration.cpython-38.pyc
[5.759s] byte-compiling /home/jetson/EVC/workshops/final_project_v3/install/jetson_camera/lib/python3.8/site-packages/jetson_camera/subscriber_node.py to subscriber_node.cpython-38.pyc
[5.761s] byte-compiling /home/jetson/EVC/workshops/final_project_v3/install/jetson_camera/lib/python3.8/site-packages/jetson_camera/__init__.py to __init__.cpython-38.pyc
[5.762s] byte-compiling /home/jetson/EVC/workshops/final_project_v3/install/jetson_camera/lib/python3.8/site-packages/jetson_camera/publisher_node.py to publisher_node.cpython-38.pyc
[5.765s] running install_data
[5.765s] creating /home/jetson/EVC/workshops/final_project_v3/install/jetson_camera/share/ament_index
[5.766s] creating /home/jetson/EVC/workshops/final_project_v3/install/jetson_camera/share/ament_index/resource_index
[5.766s] creating /home/jetson/EVC/workshops/final_project_v3/install/jetson_camera/share/ament_index/resource_index/packages
[5.767s] copying resource/jetson_camera -> /home/jetson/EVC/workshops/final_project_v3/install/jetson_camera/share/ament_index/resource_index/packages
[5.768s] copying package.xml -> /home/jetson/EVC/workshops/final_project_v3/install/jetson_camera/share/jetson_camera
[5.768s] creating /home/jetson/EVC/workshops/final_project_v3/install/jetson_camera/share/jetson_camera/launch
[5.769s] copying launch/camera_processor.launch.py -> /home/jetson/EVC/workshops/final_project_v3/install/jetson_camera/share/jetson_camera/launch
[5.770s] copying launch/camera_publisher.launch.py -> /home/jetson/EVC/workshops/final_project_v3/install/jetson_camera/share/jetson_camera/launch
[5.770s] copying launch/camera_pair_view.launch.py -> /home/jetson/EVC/workshops/final_project_v3/install/jetson_camera/share/jetson_camera/launch
[5.771s] copying launch/camera_subscriber.launch.py -> /home/jetson/EVC/workshops/final_project_v3/install/jetson_camera/share/jetson_camera/launch
[5.771s] copying launch/camera_pipeline.launch.py -> /home/jetson/EVC/workshops/final_project_v3/install/jetson_camera/share/jetson_camera/launch
[5.772s] creating /home/jetson/EVC/workshops/final_project_v3/install/jetson_camera/share/jetson_camera/config
[5.773s] copying config/camera_calibration.yaml -> /home/jetson/EVC/workshops/final_project_v3/install/jetson_camera/share/jetson_camera/config
[5.773s] copying config/parameters.yaml -> /home/jetson/EVC/workshops/final_project_v3/install/jetson_camera/share/jetson_camera/config
[5.774s] running install_egg_info
[5.781s] Copying ../../../build/jetson_camera/jetson_camera.egg-info to /home/jetson/EVC/workshops/final_project_v3/install/jetson_camera/lib/python3.8/site-packages/jetson_camera-0.0.0-py3.8.egg-info
[5.785s] running install_scripts
[5.871s] Installing calibrate_camera script to /home/jetson/EVC/workshops/final_project_v3/install/jetson_camera/lib/jetson_camera
[5.872s] Installing pair_subscriber_node script to /home/jetson/EVC/workshops/final_project_v3/install/jetson_camera/lib/jetson_camera
[5.873s] Installing processing_node script to /home/jetson/EVC/workshops/final_project_v3/install/jetson_camera/lib/jetson_camera
[5.873s] Installing publisher_node script to /home/jetson/EVC/workshops/final_project_v3/install/jetson_camera/lib/jetson_camera
[5.874s] Installing subscriber_node script to /home/jetson/EVC/workshops/final_project_v3/install/jetson_camera/lib/jetson_camera
[5.874s] writing list of installed files to '/home/jetson/EVC/workshops/final_project_v3/build/jetson_camera/install.log'
[5.984s] Invoked command in '/home/jetson/EVC/workshops/final_project_v3/vision/camera/jetson_camera' returned '0': PYTHONPATH=/home/jetson/EVC/workshops/final_project_v3/build/jetson_camera/prefix_override:/usr/lib/python3/dist-packages/colcon_core/task/python/colcon_distutils_commands:/home/jetson/EVC/workshops/final_project_v3/install/jetson_camera/lib/python3.8/site-packages:${PYTHONPATH} /usr/bin/python3 -W ignore:setup.py install is deprecated -W ignore:easy_install command is deprecated setup.py egg_info --egg-base ../../../build/jetson_camera build --build-base /home/jetson/EVC/workshops/final_project_v3/build/jetson_camera/build install --record /home/jetson/EVC/workshops/final_project_v3/build/jetson_camera/install.log --single-version-externally-managed install_data
