[7.529s] Invoking command in '/home/jetson/EVC/workshops/final_project_v4/vision/camera/jetson_camera': PYTHONPATH=/home/jetson/EVC/workshops/final_project_v4/build/jetson_camera/prefix_override:/usr/lib/python3/dist-packages/colcon_core/task/python/colcon_distutils_commands:/home/jetson/EVC/workshops/final_project_v4/install/jetson_camera/lib/python3.8/site-packages:${PYTHONPATH} /usr/bin/python3 -W ignore:setup.py install is deprecated -W ignore:easy_install command is deprecated setup.py egg_info --egg-base ../../../build/jetson_camera build --build-base /home/jetson/EVC/workshops/final_project_v4/build/jetson_camera/build install --record /home/jetson/EVC/workshops/final_project_v4/build/jetson_camera/install.log --single-version-externally-managed install_data
[9.753s] running egg_info
[9.756s] writing ../../../build/jetson_camera/jetson_camera.egg-info/PKG-INFO
[9.758s] writing dependency_links to ../../../build/jetson_camera/jetson_camera.egg-info/dependency_links.txt
[9.760s] writing entry points to ../../../build/jetson_camera/jetson_camera.egg-info/entry_points.txt
[9.761s] writing requirements to ../../../build/jetson_camera/jetson_camera.egg-info/requires.txt
[9.763s] writing top-level names to ../../../build/jetson_camera/jetson_camera.egg-info/top_level.txt
[9.779s] reading manifest file '../../../build/jetson_camera/jetson_camera.egg-info/SOURCES.txt'
[9.787s] writing manifest file '../../../build/jetson_camera/jetson_camera.egg-info/SOURCES.txt'
[9.787s] running build
[9.788s] running build_py
[9.789s] running install
[9.799s] running install_lib
[9.819s] running install_data
[9.823s] running install_egg_info
[9.831s] removing '/home/jetson/EVC/workshops/final_project_v4/install/jetson_camera/lib/python3.8/site-packages/jetson_camera-0.0.0-py3.8.egg-info' (and everything under it)
[9.833s] Copying ../../../build/jetson_camera/jetson_camera.egg-info to /home/jetson/EVC/workshops/final_project_v4/install/jetson_camera/lib/python3.8/site-packages/jetson_camera-0.0.0-py3.8.egg-info
[9.853s] running install_scripts
[10.026s] Installing calibrate_camera script to /home/jetson/EVC/workshops/final_project_v4/install/jetson_camera/lib/jetson_camera
[10.027s] Installing pair_subscriber_node script to /home/jetson/EVC/workshops/final_project_v4/install/jetson_camera/lib/jetson_camera
[10.028s] Installing processing_node script to /home/jetson/EVC/workshops/final_project_v4/install/jetson_camera/lib/jetson_camera
[10.028s] Installing publisher_node script to /home/jetson/EVC/workshops/final_project_v4/install/jetson_camera/lib/jetson_camera
[10.029s] Installing subscriber_node script to /home/jetson/EVC/workshops/final_project_v4/install/jetson_camera/lib/jetson_camera
[10.030s] writing list of installed files to '/home/jetson/EVC/workshops/final_project_v4/build/jetson_camera/install.log'
[10.252s] Invoked command in '/home/jetson/EVC/workshops/final_project_v4/vision/camera/jetson_camera' returned '0': PYTHONPATH=/home/jetson/EVC/workshops/final_project_v4/build/jetson_camera/prefix_override:/usr/lib/python3/dist-packages/colcon_core/task/python/colcon_distutils_commands:/home/jetson/EVC/workshops/final_project_v4/install/jetson_camera/lib/python3.8/site-packages:${PYTHONPATH} /usr/bin/python3 -W ignore:setup.py install is deprecated -W ignore:easy_install command is deprecated setup.py egg_info --egg-base ../../../build/jetson_camera build --build-base /home/jetson/EVC/workshops/final_project_v4/build/jetson_camera/build install --record /home/jetson/EVC/workshops/final_project_v4/build/jetson_camera/install.log --single-version-externally-managed install_data
