[21.541s] Invoking command in '/home/jetson/EVC/workshops/final_project_v5/motion/control/motor_control': JETSON_P_NUMBER=potor- PYTHONPATH=/home/jetson/EVC/workshops/final_project_v5/build/motor_control/prefix_override:/usr/lib/python3/dist-packages/colcon_core/task/python/colcon_distutils_commands:/home/jetson/EVC/workshops/final_project_v5/install/motor_control/lib/python3.8/site-packages:${PYTHONPATH} /usr/bin/python3 -W ignore:setup.py install is deprecated -W ignore:easy_install command is deprecated setup.py egg_info --egg-base ../../../build/motor_control build --build-base /home/jetson/EVC/workshops/final_project_v5/build/motor_control/build install --record /home/jetson/EVC/workshops/final_project_v5/build/motor_control/install.log --install-scripts $base/lib/motor_control --single-version-externally-managed install_data
[28.567s] /usr/local/lib/python3.8/dist-packages/setuptools/dist.py:717: UserWarning: Usage of dash-separated 'script-dir' will not be supported in future versions. Please use the underscore name 'script_dir' instead
[28.568s]   warnings.warn(
[28.915s] running egg_info
[28.918s] writing ../../../build/motor_control/motor_control.egg-info/PKG-INFO
[28.945s] writing dependency_links to ../../../build/motor_control/motor_control.egg-info/dependency_links.txt
[28.950s] writing entry points to ../../../build/motor_control/motor_control.egg-info/entry_points.txt
[28.950s] writing requirements to ../../../build/motor_control/motor_control.egg-info/requires.txt
[28.951s] writing top-level names to ../../../build/motor_control/motor_control.egg-info/top_level.txt
[29.031s] reading manifest file '../../../build/motor_control/motor_control.egg-info/SOURCES.txt'
[29.043s] writing manifest file '../../../build/motor_control/motor_control.egg-info/SOURCES.txt'
[29.043s] running build
[29.044s] running build_py
[29.067s] running install
[29.080s] running install_lib
[29.108s] running install_data
[29.142s] running install_egg_info
[29.159s] removing '/home/jetson/EVC/workshops/final_project_v5/install/motor_control/lib/python3.8/site-packages/motor_control-0.0.0-py3.8.egg-info' (and everything under it)
[29.160s] Copying ../../../build/motor_control/motor_control.egg-info to /home/jetson/EVC/workshops/final_project_v5/install/motor_control/lib/python3.8/site-packages/motor_control-0.0.0-py3.8.egg-info
[29.168s] running install_scripts
[29.310s] Installing hand_follower script to /home/jetson/EVC/workshops/final_project_v5/install/motor_control/lib/motor_control
[29.314s] Installing imu_reader_node script to /home/jetson/EVC/workshops/final_project_v5/install/motor_control/lib/motor_control
[29.316s] Installing kinematics_node script to /home/jetson/EVC/workshops/final_project_v5/install/motor_control/lib/motor_control
[29.320s] Installing movement_node script to /home/jetson/EVC/workshops/final_project_v5/install/motor_control/lib/motor_control
[29.321s] Installing odometry_node script to /home/jetson/EVC/workshops/final_project_v5/install/motor_control/lib/motor_control
[29.323s] Installing pid_controller script to /home/jetson/EVC/workshops/final_project_v5/install/motor_control/lib/motor_control
[29.323s] Installing tof_reader_node script to /home/jetson/EVC/workshops/final_project_v5/install/motor_control/lib/motor_control
[29.326s] writing list of installed files to '/home/jetson/EVC/workshops/final_project_v5/build/motor_control/install.log'
[29.721s] Invoked command in '/home/jetson/EVC/workshops/final_project_v5/motion/control/motor_control' returned '0': JETSON_P_NUMBER=potor- PYTHONPATH=/home/jetson/EVC/workshops/final_project_v5/build/motor_control/prefix_override:/usr/lib/python3/dist-packages/colcon_core/task/python/colcon_distutils_commands:/home/jetson/EVC/workshops/final_project_v5/install/motor_control/lib/python3.8/site-packages:${PYTHONPATH} /usr/bin/python3 -W ignore:setup.py install is deprecated -W ignore:easy_install command is deprecated setup.py egg_info --egg-base ../../../build/motor_control build --build-base /home/jetson/EVC/workshops/final_project_v5/build/motor_control/build install --record /home/jetson/EVC/workshops/final_project_v5/build/motor_control/install.log --install-scripts $base/lib/motor_control --single-version-externally-managed install_data
