[5.274s] Invoking command in '/home/jetson/EVC/workshops/final_project_map_v2/final_project_v4/behaviors/line_following/line_following': PYTHONPATH=/home/jetson/EVC/workshops/final_project_map_v2/final_project_v4/build/line_following/prefix_override:/usr/lib/python3/dist-packages/colcon_core/task/python/colcon_distutils_commands:/home/jetson/EVC/workshops/final_project_map_v2/final_project_v4/install/line_following/lib/python3.8/site-packages:${PYTHONPATH} /usr/bin/python3 -W ignore:setup.py install is deprecated -W ignore:easy_install command is deprecated setup.py egg_info --egg-base ../../../build/line_following build --build-base /home/jetson/EVC/workshops/final_project_map_v2/final_project_v4/build/line_following/build install --record /home/jetson/EVC/workshops/final_project_map_v2/final_project_v4/build/line_following/install.log --single-version-externally-managed install_data
[6.435s] running egg_info
[6.437s] writing ../../../build/line_following/line_following.egg-info/PKG-INFO
[6.438s] writing dependency_links to ../../../build/line_following/line_following.egg-info/dependency_links.txt
[6.439s] writing entry points to ../../../build/line_following/line_following.egg-info/entry_points.txt
[6.439s] writing requirements to ../../../build/line_following/line_following.egg-info/requires.txt
[6.440s] writing top-level names to ../../../build/line_following/line_following.egg-info/top_level.txt
[6.453s] reading manifest file '../../../build/line_following/line_following.egg-info/SOURCES.txt'
[6.458s] writing manifest file '../../../build/line_following/line_following.egg-info/SOURCES.txt'
[6.458s] running build
[6.459s] running build_py
[6.459s] copying line_following/navigator_node.py -> /home/jetson/EVC/workshops/final_project_map_v2/final_project_v4/build/line_following/build/lib/line_following
[6.461s] running install
[6.464s] running install_lib
[6.468s] copying /home/jetson/EVC/workshops/final_project_map_v2/final_project_v4/build/line_following/build/lib/line_following/navigator_node.py -> /home/jetson/EVC/workshops/final_project_map_v2/final_project_v4/install/line_following/lib/python3.8/site-packages/line_following
[6.470s] byte-compiling /home/jetson/EVC/workshops/final_project_map_v2/final_project_v4/install/line_following/lib/python3.8/site-packages/line_following/navigator_node.py to navigator_node.cpython-38.pyc
[6.484s] running install_data
[6.485s] running install_egg_info
[6.492s] removing '/home/jetson/EVC/workshops/final_project_map_v2/final_project_v4/install/line_following/lib/python3.8/site-packages/line_following-0.0.0-py3.8.egg-info' (and everything under it)
[6.493s] Copying ../../../build/line_following/line_following.egg-info to /home/jetson/EVC/workshops/final_project_map_v2/final_project_v4/install/line_following/lib/python3.8/site-packages/line_following-0.0.0-py3.8.egg-info
[6.497s] running install_scripts
[6.570s] Installing angular_tracker script to /home/jetson/EVC/workshops/final_project_map_v2/final_project_v4/install/line_following/lib/line_following
[6.570s] Installing line_tracker script to /home/jetson/EVC/workshops/final_project_map_v2/final_project_v4/install/line_following/lib/line_following
[6.571s] Installing navigator script to /home/jetson/EVC/workshops/final_project_map_v2/final_project_v4/install/line_following/lib/line_following
[6.572s] writing list of installed files to '/home/jetson/EVC/workshops/final_project_map_v2/final_project_v4/build/line_following/install.log'
[6.678s] Invoked command in '/home/jetson/EVC/workshops/final_project_map_v2/final_project_v4/behaviors/line_following/line_following' returned '0': PYTHONPATH=/home/jetson/EVC/workshops/final_project_map_v2/final_project_v4/build/line_following/prefix_override:/usr/lib/python3/dist-packages/colcon_core/task/python/colcon_distutils_commands:/home/jetson/EVC/workshops/final_project_map_v2/final_project_v4/install/line_following/lib/python3.8/site-packages:${PYTHONPATH} /usr/bin/python3 -W ignore:setup.py install is deprecated -W ignore:easy_install command is deprecated setup.py egg_info --egg-base ../../../build/line_following build --build-base /home/jetson/EVC/workshops/final_project_map_v2/final_project_v4/build/line_following/build install --record /home/jetson/EVC/workshops/final_project_map_v2/final_project_v4/build/line_following/install.log --single-version-externally-managed install_data
