[4.438s] Invoking command in '/home/jetson/EVC/workshops/final_project_v4/behaviors/line_following/line_following': PYTHONPATH=/home/jetson/EVC/workshops/final_project_v4/build/line_following/prefix_override:/usr/lib/python3/dist-packages/colcon_core/task/python/colcon_distutils_commands:/home/jetson/EVC/workshops/final_project_v4/install/line_following/lib/python3.8/site-packages:${PYTHONPATH} /usr/bin/python3 -W ignore:setup.py install is deprecated -W ignore:easy_install command is deprecated setup.py egg_info --egg-base ../../../build/line_following build --build-base /home/jetson/EVC/workshops/final_project_v4/build/line_following/build install --record /home/jetson/EVC/workshops/final_project_v4/build/line_following/install.log --single-version-externally-managed install_data
[5.699s] running egg_info
[5.703s] writing ../../../build/line_following/line_following.egg-info/PKG-INFO
[5.704s] writing dependency_links to ../../../build/line_following/line_following.egg-info/dependency_links.txt
[5.704s] writing entry points to ../../../build/line_following/line_following.egg-info/entry_points.txt
[5.705s] writing requirements to ../../../build/line_following/line_following.egg-info/requires.txt
[5.705s] writing top-level names to ../../../build/line_following/line_following.egg-info/top_level.txt
[5.717s] reading manifest file '../../../build/line_following/line_following.egg-info/SOURCES.txt'
[5.722s] writing manifest file '../../../build/line_following/line_following.egg-info/SOURCES.txt'
[5.722s] running build
[5.723s] running build_py
[5.724s] copying line_following/navigator_node.py -> /home/jetson/EVC/workshops/final_project_v4/build/line_following/build/lib/line_following
[5.725s] running install
[5.729s] running install_lib
[5.733s] copying /home/jetson/EVC/workshops/final_project_v4/build/line_following/build/lib/line_following/navigator_node.py -> /home/jetson/EVC/workshops/final_project_v4/install/line_following/lib/python3.8/site-packages/line_following
[5.736s] byte-compiling /home/jetson/EVC/workshops/final_project_v4/install/line_following/lib/python3.8/site-packages/line_following/navigator_node.py to navigator_node.cpython-38.pyc
[5.743s] running install_data
[5.745s] running install_egg_info
[5.752s] removing '/home/jetson/EVC/workshops/final_project_v4/install/line_following/lib/python3.8/site-packages/line_following-0.0.0-py3.8.egg-info' (and everything under it)
[5.753s] Copying ../../../build/line_following/line_following.egg-info to /home/jetson/EVC/workshops/final_project_v4/install/line_following/lib/python3.8/site-packages/line_following-0.0.0-py3.8.egg-info
[5.757s] running install_scripts
[5.836s] Installing angular_tracker script to /home/jetson/EVC/workshops/final_project_v4/install/line_following/lib/line_following
[5.838s] Installing line_tracker script to /home/jetson/EVC/workshops/final_project_v4/install/line_following/lib/line_following
[5.839s] Installing navigator script to /home/jetson/EVC/workshops/final_project_v4/install/line_following/lib/line_following
[5.840s] writing list of installed files to '/home/jetson/EVC/workshops/final_project_v4/build/line_following/install.log'
[5.947s] Invoked command in '/home/jetson/EVC/workshops/final_project_v4/behaviors/line_following/line_following' returned '0': PYTHONPATH=/home/jetson/EVC/workshops/final_project_v4/build/line_following/prefix_override:/usr/lib/python3/dist-packages/colcon_core/task/python/colcon_distutils_commands:/home/jetson/EVC/workshops/final_project_v4/install/line_following/lib/python3.8/site-packages:${PYTHONPATH} /usr/bin/python3 -W ignore:setup.py install is deprecated -W ignore:easy_install command is deprecated setup.py egg_info --egg-base ../../../build/line_following build --build-base /home/jetson/EVC/workshops/final_project_v4/build/line_following/build install --record /home/jetson/EVC/workshops/final_project_v4/build/line_following/install.log --single-version-externally-managed install_data
