[6.153s] Invoking command in '/home/jetson/EVC/workshops/final_project_map_v2/final_project_v4/behaviors/goal_navigation/goal_navigation': PYTHONPATH=/home/jetson/EVC/workshops/final_project_map_v2/final_project_v4/build/goal_navigation/prefix_override:/usr/lib/python3/dist-packages/colcon_core/task/python/colcon_distutils_commands:/home/jetson/EVC/workshops/final_project_map_v2/final_project_v4/install/goal_navigation/lib/python3.8/site-packages:${PYTHONPATH} /usr/bin/python3 -W ignore:setup.py install is deprecated -W ignore:easy_install command is deprecated setup.py egg_info --egg-base ../../../build/goal_navigation build --build-base /home/jetson/EVC/workshops/final_project_map_v2/final_project_v4/build/goal_navigation/build install --record /home/jetson/EVC/workshops/final_project_map_v2/final_project_v4/build/goal_navigation/install.log --single-version-externally-managed install_data
[7.548s] running egg_info
[7.550s] writing ../../../build/goal_navigation/goal_navigation.egg-info/PKG-INFO
[7.551s] writing dependency_links to ../../../build/goal_navigation/goal_navigation.egg-info/dependency_links.txt
[7.552s] writing entry points to ../../../build/goal_navigation/goal_navigation.egg-info/entry_points.txt
[7.552s] writing requirements to ../../../build/goal_navigation/goal_navigation.egg-info/requires.txt
[7.553s] writing top-level names to ../../../build/goal_navigation/goal_navigation.egg-info/top_level.txt
[7.567s] reading manifest file '../../../build/goal_navigation/goal_navigation.egg-info/SOURCES.txt'
[7.602s] writing manifest file '../../../build/goal_navigation/goal_navigation.egg-info/SOURCES.txt'
[7.603s] running build
[7.604s] running build_py
[7.607s] running install
[7.612s] running install_lib
[7.619s] running install_data
[7.622s] running install_egg_info
[7.634s] removing '/home/jetson/EVC/workshops/final_project_map_v2/final_project_v4/install/goal_navigation/lib/python3.8/site-packages/goal_navigation-0.0.0-py3.8.egg-info' (and everything under it)
[7.637s] Copying ../../../build/goal_navigation/goal_navigation.egg-info to /home/jetson/EVC/workshops/final_project_map_v2/final_project_v4/install/goal_navigation/lib/python3.8/site-packages/goal_navigation-0.0.0-py3.8.egg-info
[7.651s] running install_scripts
[7.726s] Installing goal_publisher_node script to /home/jetson/EVC/workshops/final_project_map_v2/final_project_v4/install/goal_navigation/lib/goal_navigation
[7.730s] writing list of installed files to '/home/jetson/EVC/workshops/final_project_map_v2/final_project_v4/build/goal_navigation/install.log'
[9.098s] Invoked command in '/home/jetson/EVC/workshops/final_project_map_v2/final_project_v4/behaviors/goal_navigation/goal_navigation' returned '0': PYTHONPATH=/home/jetson/EVC/workshops/final_project_map_v2/final_project_v4/build/goal_navigation/prefix_override:/usr/lib/python3/dist-packages/colcon_core/task/python/colcon_distutils_commands:/home/jetson/EVC/workshops/final_project_map_v2/final_project_v4/install/goal_navigation/lib/python3.8/site-packages:${PYTHONPATH} /usr/bin/python3 -W ignore:setup.py install is deprecated -W ignore:easy_install command is deprecated setup.py egg_info --egg-base ../../../build/goal_navigation build --build-base /home/jetson/EVC/workshops/final_project_map_v2/final_project_v4/build/goal_navigation/build install --record /home/jetson/EVC/workshops/final_project_map_v2/final_project_v4/build/goal_navigation/install.log --single-version-externally-managed install_data
