[5.580s] Invoking command in '/home/jetson/EVC/workshops/final_project_v3/behaviors/line_following/line_following': PYTHONPATH=/home/jetson/EVC/workshops/final_project_v3/build/line_following/prefix_override:/usr/lib/python3/dist-packages/colcon_core/task/python/colcon_distutils_commands:/home/jetson/EVC/workshops/final_project_v3/install/line_following/lib/python3.8/site-packages:${PYTHONPATH} /usr/bin/python3 -W ignore:setup.py install is deprecated -W ignore:easy_install command is deprecated setup.py egg_info --egg-base ../../../build/line_following build --build-base /home/jetson/EVC/workshops/final_project_v3/build/line_following/build install --record /home/jetson/EVC/workshops/final_project_v3/build/line_following/install.log --single-version-externally-managed install_data
[6.812s] running egg_info
[6.816s] writing ../../../build/line_following/line_following.egg-info/PKG-INFO
[6.816s] writing dependency_links to ../../../build/line_following/line_following.egg-info/dependency_links.txt
[6.817s] writing entry points to ../../../build/line_following/line_following.egg-info/entry_points.txt
[6.817s] writing requirements to ../../../build/line_following/line_following.egg-info/requires.txt
[6.818s] writing top-level names to ../../../build/line_following/line_following.egg-info/top_level.txt
[6.830s] reading manifest file '../../../build/line_following/line_following.egg-info/SOURCES.txt'
[6.835s] writing manifest file '../../../build/line_following/line_following.egg-info/SOURCES.txt'
[6.835s] running build
[6.836s] running build_py
[6.837s] running install
[6.840s] running install_lib
[6.847s] running install_data
[6.849s] running install_egg_info
[6.856s] removing '/home/jetson/EVC/workshops/final_project_v3/install/line_following/lib/python3.8/site-packages/line_following-0.0.0-py3.8.egg-info' (and everything under it)
[6.857s] Copying ../../../build/line_following/line_following.egg-info to /home/jetson/EVC/workshops/final_project_v3/install/line_following/lib/python3.8/site-packages/line_following-0.0.0-py3.8.egg-info
[6.861s] running install_scripts
[6.939s] Installing angular_tracker script to /home/jetson/EVC/workshops/final_project_v3/install/line_following/lib/line_following
[6.940s] Installing line_tracker script to /home/jetson/EVC/workshops/final_project_v3/install/line_following/lib/line_following
[6.941s] Installing navigator script to /home/jetson/EVC/workshops/final_project_v3/install/line_following/lib/line_following
[6.941s] writing list of installed files to '/home/jetson/EVC/workshops/final_project_v3/build/line_following/install.log'
[7.048s] Invoked command in '/home/jetson/EVC/workshops/final_project_v3/behaviors/line_following/line_following' returned '0': PYTHONPATH=/home/jetson/EVC/workshops/final_project_v3/build/line_following/prefix_override:/usr/lib/python3/dist-packages/colcon_core/task/python/colcon_distutils_commands:/home/jetson/EVC/workshops/final_project_v3/install/line_following/lib/python3.8/site-packages:${PYTHONPATH} /usr/bin/python3 -W ignore:setup.py install is deprecated -W ignore:easy_install command is deprecated setup.py egg_info --egg-base ../../../build/line_following build --build-base /home/jetson/EVC/workshops/final_project_v3/build/line_following/build install --record /home/jetson/EVC/workshops/final_project_v3/build/line_following/install.log --single-version-externally-managed install_data
