[9.774s] Invoking command in '/home/jetson/EVC/workshops/final_project_map_v3/final_project_map_v2/final_project_v4/behaviors/goal_navigation/goal_navigation': PYTHONPATH=/home/jetson/EVC/workshops/final_project_map_v3/final_project_map_v2/final_project_v4/build/goal_navigation/prefix_override:/usr/lib/python3/dist-packages/colcon_core/task/python/colcon_distutils_commands:/home/jetson/EVC/workshops/final_project_map_v3/final_project_map_v2/final_project_v4/install/goal_navigation/lib/python3.8/site-packages:${PYTHONPATH} /usr/bin/python3 -W ignore:setup.py install is deprecated -W ignore:easy_install command is deprecated setup.py egg_info --egg-base ../../../build/goal_navigation build --build-base /home/jetson/EVC/workshops/final_project_map_v3/final_project_map_v2/final_project_v4/build/goal_navigation/build install --record /home/jetson/EVC/workshops/final_project_map_v3/final_project_map_v2/final_project_v4/build/goal_navigation/install.log --single-version-externally-managed install_data
[11.586s] running egg_info
[11.588s] writing ../../../build/goal_navigation/goal_navigation.egg-info/PKG-INFO
[11.589s] writing dependency_links to ../../../build/goal_navigation/goal_navigation.egg-info/dependency_links.txt
[11.590s] writing entry points to ../../../build/goal_navigation/goal_navigation.egg-info/entry_points.txt
[11.591s] writing requirements to ../../../build/goal_navigation/goal_navigation.egg-info/requires.txt
[11.597s] writing top-level names to ../../../build/goal_navigation/goal_navigation.egg-info/top_level.txt
[11.623s] reading manifest file '../../../build/goal_navigation/goal_navigation.egg-info/SOURCES.txt'
[11.641s] writing manifest file '../../../build/goal_navigation/goal_navigation.egg-info/SOURCES.txt'
[11.641s] running build
[11.642s] running build_py
[11.643s] running install
[11.646s] running install_lib
[11.665s] running install_data
[11.667s] running install_egg_info
[11.677s] removing '/home/jetson/EVC/workshops/final_project_map_v3/final_project_map_v2/final_project_v4/install/goal_navigation/lib/python3.8/site-packages/goal_navigation-0.0.0-py3.8.egg-info' (and everything under it)
[11.678s] Copying ../../../build/goal_navigation/goal_navigation.egg-info to /home/jetson/EVC/workshops/final_project_map_v3/final_project_map_v2/final_project_v4/install/goal_navigation/lib/python3.8/site-packages/goal_navigation-0.0.0-py3.8.egg-info
[11.695s] running install_scripts
[11.861s] Installing goal_publisher_node script to /home/jetson/EVC/workshops/final_project_map_v3/final_project_map_v2/final_project_v4/install/goal_navigation/lib/goal_navigation
[11.862s] writing list of installed files to '/home/jetson/EVC/workshops/final_project_map_v3/final_project_map_v2/final_project_v4/build/goal_navigation/install.log'
[11.972s] Invoked command in '/home/jetson/EVC/workshops/final_project_map_v3/final_project_map_v2/final_project_v4/behaviors/goal_navigation/goal_navigation' returned '0': PYTHONPATH=/home/jetson/EVC/workshops/final_project_map_v3/final_project_map_v2/final_project_v4/build/goal_navigation/prefix_override:/usr/lib/python3/dist-packages/colcon_core/task/python/colcon_distutils_commands:/home/jetson/EVC/workshops/final_project_map_v3/final_project_map_v2/final_project_v4/install/goal_navigation/lib/python3.8/site-packages:${PYTHONPATH} /usr/bin/python3 -W ignore:setup.py install is deprecated -W ignore:easy_install command is deprecated setup.py egg_info --egg-base ../../../build/goal_navigation build --build-base /home/jetson/EVC/workshops/final_project_map_v3/final_project_map_v2/final_project_v4/build/goal_navigation/build install --record /home/jetson/EVC/workshops/final_project_map_v3/final_project_map_v2/final_project_v4/build/goal_navigation/install.log --single-version-externally-managed install_data
