[0.171s] Invoking command in '/home/jetson/EVC/workshops/final_project_v4/build/jetson_camera_interfaces': CMAKE_PREFIX_PATH=/opt/ros/foxy /usr/bin/cmake --build /home/jetson/EVC/workshops/final_project_v4/build/jetson_camera_interfaces -- -j4 -l4
[4.390s] [  3%] Built target jetson_camera_interfaces__cpp
[4.390s] [ 12%] Built target jetson_camera_interfaces__rosidl_generator_c
[4.391s] [ 22%] Built target jetson_camera_interfaces__rosidl_typesupport_cpp
[4.392s] [ 32%] Built target jetson_camera_interfaces__rosidl_typesupport_fastrtps_cpp
[4.392s] [ 41%] Built target jetson_camera_interfaces__rosidl_typesupport_introspection_cpp
[4.392s] [ 51%] Built target jetson_camera_interfaces__rosidl_typesupport_introspection_c
[4.393s] [ 61%] Built target jetson_camera_interfaces__rosidl_typesupport_c
[4.393s] [ 70%] Built target jetson_camera_interfaces__rosidl_typesupport_fastrtps_c
[4.394s] [ 70%] Built target jetson_camera_interfaces
[4.394s] [ 74%] Built target jetson_camera_interfaces__py
[4.395s] [ 80%] Built target jetson_camera_interfaces__python
[4.395s] [ 87%] Built target jetson_camera_interfaces__rosidl_typesupport_c__pyext
[4.396s] [ 93%] Built target jetson_camera_interfaces__rosidl_typesupport_fastrtps_c__pyext
[4.396s] [100%] Built target jetson_camera_interfaces__rosidl_typesupport_introspection_c__pyext
[4.415s] CMake Error: The current CMakeCache.txt directory /home/jetson/EVC/workshops/final_project_v4/build/jetson_camera_interfaces/CMakeCache.txt is different than the directory /home/jetson/EVC/workshops/final_project_v3/build/jetson_camera_interfaces where CMakeCache.txt was created. This may result in binaries being created in the wrong place. If you are not sure, reedit the CMakeCache.txt
[4.507s] Invoked command in '/home/jetson/EVC/workshops/final_project_v4/build/jetson_camera_interfaces' returned '0': CMAKE_PREFIX_PATH=/opt/ros/foxy /usr/bin/cmake --build /home/jetson/EVC/workshops/final_project_v4/build/jetson_camera_interfaces -- -j4 -l4
[4.593s] Invoking command in '/home/jetson/EVC/workshops/final_project_v4/build/jetson_camera_interfaces': CMAKE_PREFIX_PATH=/opt/ros/foxy /usr/bin/cmake --install /home/jetson/EVC/workshops/final_project_v4/build/jetson_camera_interfaces
[4.682s] -- Install configuration: ""
[4.683s] -- Up-to-date: /home/jetson/EVC/workshops/final_project_v3/install/jetson_camera_interfaces/share/ament_index/resource_index/rosidl_interfaces/jetson_camera_interfaces
[4.684s] -- Up-to-date: /home/jetson/EVC/workshops/final_project_v3/install/jetson_camera_interfaces/include/jetson_camera_interfaces
[4.685s] -- Up-to-date: /home/jetson/EVC/workshops/final_project_v3/install/jetson_camera_interfaces/include/jetson_camera_interfaces/msg
[4.685s] -- Up-to-date: /home/jetson/EVC/workshops/final_project_v3/install/jetson_camera_interfaces/include/jetson_camera_interfaces/msg/detail
[4.686s] -- Up-to-date: /home/jetson/EVC/workshops/final_project_v3/install/jetson_camera_interfaces/include/jetson_camera_interfaces/msg/detail/processed_image_pair__functions.h
[4.686s] -- Up-to-date: /home/jetson/EVC/workshops/final_project_v3/install/jetson_camera_interfaces/include/jetson_camera_interfaces/msg/detail/processed_image_pair__struct.h
[4.687s] -- Up-to-date: /home/jetson/EVC/workshops/final_project_v3/install/jetson_camera_interfaces/include/jetson_camera_interfaces/msg/detail/processed_image_pair__type_support.h
[4.687s] -- Up-to-date: /home/jetson/EVC/workshops/final_project_v3/install/jetson_camera_interfaces/include/jetson_camera_interfaces/msg/detail/processed_image_pair__functions.c
[4.688s] -- Up-to-date: /home/jetson/EVC/workshops/final_project_v3/install/jetson_camera_interfaces/include/jetson_camera_interfaces/msg/rosidl_generator_c__visibility_control.h
[4.689s] -- Up-to-date: /home/jetson/EVC/workshops/final_project_v3/install/jetson_camera_interfaces/include/jetson_camera_interfaces/msg/processed_image_pair.h
[4.689s] -- Up-to-date: /home/jetson/EVC/workshops/final_project_v3/install/jetson_camera_interfaces/share/jetson_camera_interfaces/environment/library_path.sh
[4.690s] -- Up-to-date: /home/jetson/EVC/workshops/final_project_v3/install/jetson_camera_interfaces/share/jetson_camera_interfaces/environment/library_path.dsv
[4.690s] -- Up-to-date: /home/jetson/EVC/workshops/final_project_v3/install/jetson_camera_interfaces/lib/libjetson_camera_interfaces__rosidl_generator_c.so
[4.691s] -- Up-to-date: /home/jetson/EVC/workshops/final_project_v3/install/jetson_camera_interfaces/include/jetson_camera_interfaces
[4.691s] -- Up-to-date: /home/jetson/EVC/workshops/final_project_v3/install/jetson_camera_interfaces/include/jetson_camera_interfaces/msg
[4.692s] -- Up-to-date: /home/jetson/EVC/workshops/final_project_v3/install/jetson_camera_interfaces/include/jetson_camera_interfaces/msg/detail
[4.692s] -- Up-to-date: /home/jetson/EVC/workshops/final_project_v3/install/jetson_camera_interfaces/include/jetson_camera_interfaces/msg/detail/processed_image_pair__rosidl_typesupport_fastrtps_c.h
[4.692s] -- Up-to-date: /home/jetson/EVC/workshops/final_project_v3/install/jetson_camera_interfaces/include/jetson_camera_interfaces/msg/rosidl_typesupport_fastrtps_c__visibility_control.h
[4.695s] -- Up-to-date: /home/jetson/EVC/workshops/final_project_v3/install/jetson_camera_interfaces/lib/libjetson_camera_interfaces__rosidl_typesupport_fastrtps_c.so
[4.707s] -- Up-to-date: /home/jetson/EVC/workshops/final_project_v3/install/jetson_camera_interfaces/include/jetson_camera_interfaces
[4.708s] -- Up-to-date: /home/jetson/EVC/workshops/final_project_v3/install/jetson_camera_interfaces/include/jetson_camera_interfaces/msg
[4.708s] -- Up-to-date: /home/jetson/EVC/workshops/final_project_v3/install/jetson_camera_interfaces/include/jetson_camera_interfaces/msg/detail
[4.709s] -- Up-to-date: /home/jetson/EVC/workshops/final_project_v3/install/jetson_camera_interfaces/include/jetson_camera_interfaces/msg/detail/processed_image_pair__rosidl_typesupport_fastrtps_cpp.hpp
[4.709s] -- Up-to-date: /home/jetson/EVC/workshops/final_project_v3/install/jetson_camera_interfaces/include/jetson_camera_interfaces/msg/detail/dds_fastrtps
[4.709s] -- Up-to-date: /home/jetson/EVC/workshops/final_project_v3/install/jetson_camera_interfaces/include/jetson_camera_interfaces/msg/rosidl_typesupport_fastrtps_cpp__visibility_control.h
[4.710s] -- Up-to-date: /home/jetson/EVC/workshops/final_project_v3/install/jetson_camera_interfaces/lib/libjetson_camera_interfaces__rosidl_typesupport_fastrtps_cpp.so
[4.712s] -- Up-to-date: /home/jetson/EVC/workshops/final_project_v3/install/jetson_camera_interfaces/include/jetson_camera_interfaces
[4.712s] -- Up-to-date: /home/jetson/EVC/workshops/final_project_v3/install/jetson_camera_interfaces/include/jetson_camera_interfaces/msg
[4.713s] -- Up-to-date: /home/jetson/EVC/workshops/final_project_v3/install/jetson_camera_interfaces/include/jetson_camera_interfaces/msg/detail
[4.713s] -- Up-to-date: /home/jetson/EVC/workshops/final_project_v3/install/jetson_camera_interfaces/include/jetson_camera_interfaces/msg/detail/processed_image_pair__rosidl_typesupport_introspection_c.h
[4.714s] -- Up-to-date: /home/jetson/EVC/workshops/final_project_v3/install/jetson_camera_interfaces/include/jetson_camera_interfaces/msg/detail/processed_image_pair__type_support.c
[4.715s] -- Up-to-date: /home/jetson/EVC/workshops/final_project_v3/install/jetson_camera_interfaces/include/jetson_camera_interfaces/msg/rosidl_typesupport_introspection_c__visibility_control.h
[4.715s] -- Up-to-date: /home/jetson/EVC/workshops/final_project_v3/install/jetson_camera_interfaces/lib/libjetson_camera_interfaces__rosidl_typesupport_introspection_c.so
[4.717s] -- Up-to-date: /home/jetson/EVC/workshops/final_project_v3/install/jetson_camera_interfaces/lib/libjetson_camera_interfaces__rosidl_typesupport_c.so
[4.718s] -- Up-to-date: /home/jetson/EVC/workshops/final_project_v3/install/jetson_camera_interfaces/include/jetson_camera_interfaces
[4.719s] -- Up-to-date: /home/jetson/EVC/workshops/final_project_v3/install/jetson_camera_interfaces/include/jetson_camera_interfaces/msg
[4.720s] -- Up-to-date: /home/jetson/EVC/workshops/final_project_v3/install/jetson_camera_interfaces/include/jetson_camera_interfaces/msg/detail
[4.721s] -- Up-to-date: /home/jetson/EVC/workshops/final_project_v3/install/jetson_camera_interfaces/include/jetson_camera_interfaces/msg/detail/processed_image_pair__traits.hpp
[4.721s] -- Up-to-date: /home/jetson/EVC/workshops/final_project_v3/install/jetson_camera_interfaces/include/jetson_camera_interfaces/msg/detail/processed_image_pair__builder.hpp
[4.722s] -- Up-to-date: /home/jetson/EVC/workshops/final_project_v3/install/jetson_camera_interfaces/include/jetson_camera_interfaces/msg/detail/processed_image_pair__struct.hpp
[4.724s] -- Up-to-date: /home/jetson/EVC/workshops/final_project_v3/install/jetson_camera_interfaces/include/jetson_camera_interfaces/msg/detail/processed_image_pair__type_support.hpp
[4.724s] -- Up-to-date: /home/jetson/EVC/workshops/final_project_v3/install/jetson_camera_interfaces/include/jetson_camera_interfaces/msg/rosidl_generator_cpp__visibility_control.hpp
[4.726s] -- Up-to-date: /home/jetson/EVC/workshops/final_project_v3/install/jetson_camera_interfaces/include/jetson_camera_interfaces/msg/processed_image_pair.hpp
[4.727s] -- Up-to-date: /home/jetson/EVC/workshops/final_project_v3/install/jetson_camera_interfaces/include/jetson_camera_interfaces
[4.728s] -- Up-to-date: /home/jetson/EVC/workshops/final_project_v3/install/jetson_camera_interfaces/include/jetson_camera_interfaces/msg
[4.729s] -- Up-to-date: /home/jetson/EVC/workshops/final_project_v3/install/jetson_camera_interfaces/include/jetson_camera_interfaces/msg/detail
[4.729s] -- Up-to-date: /home/jetson/EVC/workshops/final_project_v3/install/jetson_camera_interfaces/include/jetson_camera_interfaces/msg/detail/processed_image_pair__rosidl_typesupport_introspection_cpp.hpp
[4.730s] -- Up-to-date: /home/jetson/EVC/workshops/final_project_v3/install/jetson_camera_interfaces/include/jetson_camera_interfaces/msg/detail/processed_image_pair__type_support.cpp
[4.738s] -- Up-to-date: /home/jetson/EVC/workshops/final_project_v3/install/jetson_camera_interfaces/lib/libjetson_camera_interfaces__rosidl_typesupport_introspection_cpp.so
[4.739s] -- Up-to-date: /home/jetson/EVC/workshops/final_project_v3/install/jetson_camera_interfaces/lib/libjetson_camera_interfaces__rosidl_typesupport_cpp.so
[4.740s] -- Up-to-date: /home/jetson/EVC/workshops/final_project_v3/install/jetson_camera_interfaces/share/jetson_camera_interfaces/environment/pythonpath.sh
[4.740s] -- Up-to-date: /home/jetson/EVC/workshops/final_project_v3/install/jetson_camera_interfaces/share/jetson_camera_interfaces/environment/pythonpath.dsv
[4.741s] -- Up-to-date: /home/jetson/EVC/workshops/final_project_v3/install/jetson_camera_interfaces/lib/python3.8/site-packages/jetson_camera_interfaces/__init__.py
[4.987s] -- Up-to-date: /home/jetson/EVC/workshops/final_project_v3/install/jetson_camera_interfaces/lib/python3.8/site-packages/jetson_camera_interfaces/msg
[4.988s] -- Up-to-date: /home/jetson/EVC/workshops/final_project_v3/install/jetson_camera_interfaces/lib/python3.8/site-packages/jetson_camera_interfaces/msg/_processed_image_pair_s.c
[4.988s] -- Up-to-date: /home/jetson/EVC/workshops/final_project_v3/install/jetson_camera_interfaces/lib/python3.8/site-packages/jetson_camera_interfaces/msg/_processed_image_pair.py
[4.989s] -- Up-to-date: /home/jetson/EVC/workshops/final_project_v3/install/jetson_camera_interfaces/lib/python3.8/site-packages/jetson_camera_interfaces/msg/__init__.py
[4.991s] -- Up-to-date: /home/jetson/EVC/workshops/final_project_v3/install/jetson_camera_interfaces/lib/python3.8/site-packages/jetson_camera_interfaces/jetson_camera_interfaces_s__rosidl_typesupport_fastrtps_c.cpython-38-aarch64-linux-gnu.so
[4.995s] -- Up-to-date: /home/jetson/EVC/workshops/final_project_v3/install/jetson_camera_interfaces/lib/python3.8/site-packages/jetson_camera_interfaces/jetson_camera_interfaces_s__rosidl_typesupport_introspection_c.cpython-38-aarch64-linux-gnu.so
[4.998s] -- Up-to-date: /home/jetson/EVC/workshops/final_project_v3/install/jetson_camera_interfaces/lib/python3.8/site-packages/jetson_camera_interfaces/jetson_camera_interfaces_s__rosidl_typesupport_c.cpython-38-aarch64-linux-gnu.so
[5.002s] -- Up-to-date: /home/jetson/EVC/workshops/final_project_v3/install/jetson_camera_interfaces/lib/libjetson_camera_interfaces__python.so
[5.003s] -- Up-to-date: /home/jetson/EVC/workshops/final_project_v3/install/jetson_camera_interfaces/share/jetson_camera_interfaces/msg/ProcessedImagePair.idl
[5.004s] -- Up-to-date: /home/jetson/EVC/workshops/final_project_v3/install/jetson_camera_interfaces/share/jetson_camera_interfaces/msg/ProcessedImagePair.msg
[5.004s] -- Up-to-date: /home/jetson/EVC/workshops/final_project_v3/install/jetson_camera_interfaces/share/ament_index/resource_index/package_run_dependencies/jetson_camera_interfaces
[5.005s] -- Up-to-date: /home/jetson/EVC/workshops/final_project_v3/install/jetson_camera_interfaces/share/ament_index/resource_index/parent_prefix_path/jetson_camera_interfaces
[5.006s] -- Up-to-date: /home/jetson/EVC/workshops/final_project_v3/install/jetson_camera_interfaces/share/jetson_camera_interfaces/environment/ament_prefix_path.sh
[5.006s] -- Up-to-date: /home/jetson/EVC/workshops/final_project_v3/install/jetson_camera_interfaces/share/jetson_camera_interfaces/environment/ament_prefix_path.dsv
[5.007s] -- Up-to-date: /home/jetson/EVC/workshops/final_project_v3/install/jetson_camera_interfaces/share/jetson_camera_interfaces/environment/path.sh
[5.007s] -- Up-to-date: /home/jetson/EVC/workshops/final_project_v3/install/jetson_camera_interfaces/share/jetson_camera_interfaces/environment/path.dsv
[5.008s] -- Up-to-date: /home/jetson/EVC/workshops/final_project_v3/install/jetson_camera_interfaces/share/jetson_camera_interfaces/local_setup.bash
[5.008s] -- Up-to-date: /home/jetson/EVC/workshops/final_project_v3/install/jetson_camera_interfaces/share/jetson_camera_interfaces/local_setup.sh
[5.023s] -- Up-to-date: /home/jetson/EVC/workshops/final_project_v3/install/jetson_camera_interfaces/share/jetson_camera_interfaces/local_setup.zsh
[5.023s] -- Up-to-date: /home/jetson/EVC/workshops/final_project_v3/install/jetson_camera_interfaces/share/jetson_camera_interfaces/local_setup.dsv
[5.024s] -- Up-to-date: /home/jetson/EVC/workshops/final_project_v3/install/jetson_camera_interfaces/share/jetson_camera_interfaces/package.dsv
[5.024s] -- Up-to-date: /home/jetson/EVC/workshops/final_project_v3/install/jetson_camera_interfaces/share/ament_index/resource_index/packages/jetson_camera_interfaces
[5.026s] -- Up-to-date: /home/jetson/EVC/workshops/final_project_v3/install/jetson_camera_interfaces/share/jetson_camera_interfaces/cmake/jetson_camera_interfaces__rosidl_generator_cExport.cmake
[5.027s] -- Up-to-date: /home/jetson/EVC/workshops/final_project_v3/install/jetson_camera_interfaces/share/jetson_camera_interfaces/cmake/jetson_camera_interfaces__rosidl_generator_cExport-noconfig.cmake
[5.029s] -- Up-to-date: /home/jetson/EVC/workshops/final_project_v3/install/jetson_camera_interfaces/share/jetson_camera_interfaces/cmake/jetson_camera_interfaces__rosidl_typesupport_introspection_cExport.cmake
[5.030s] -- Up-to-date: /home/jetson/EVC/workshops/final_project_v3/install/jetson_camera_interfaces/share/jetson_camera_interfaces/cmake/jetson_camera_interfaces__rosidl_typesupport_introspection_cExport-noconfig.cmake
[5.032s] -- Up-to-date: /home/jetson/EVC/workshops/final_project_v3/install/jetson_camera_interfaces/share/jetson_camera_interfaces/cmake/jetson_camera_interfaces__rosidl_typesupport_cExport.cmake
[5.033s] -- Up-to-date: /home/jetson/EVC/workshops/final_project_v3/install/jetson_camera_interfaces/share/jetson_camera_interfaces/cmake/jetson_camera_interfaces__rosidl_typesupport_cExport-noconfig.cmake
[5.035s] -- Up-to-date: /home/jetson/EVC/workshops/final_project_v3/install/jetson_camera_interfaces/share/jetson_camera_interfaces/cmake/jetson_camera_interfaces__rosidl_generator_cppExport.cmake
[5.043s] -- Up-to-date: /home/jetson/EVC/workshops/final_project_v3/install/jetson_camera_interfaces/share/jetson_camera_interfaces/cmake/jetson_camera_interfaces__rosidl_typesupport_introspection_cppExport.cmake
[5.043s] -- Up-to-date: /home/jetson/EVC/workshops/final_project_v3/install/jetson_camera_interfaces/share/jetson_camera_interfaces/cmake/jetson_camera_interfaces__rosidl_typesupport_introspection_cppExport-noconfig.cmake
[5.056s] -- Up-to-date: /home/jetson/EVC/workshops/final_project_v3/install/jetson_camera_interfaces/share/jetson_camera_interfaces/cmake/jetson_camera_interfaces__rosidl_typesupport_cppExport.cmake
[5.057s] -- Up-to-date: /home/jetson/EVC/workshops/final_project_v3/install/jetson_camera_interfaces/share/jetson_camera_interfaces/cmake/jetson_camera_interfaces__rosidl_typesupport_cppExport-noconfig.cmake
[5.057s] -- Up-to-date: /home/jetson/EVC/workshops/final_project_v3/install/jetson_camera_interfaces/share/jetson_camera_interfaces/cmake/rosidl_cmake-extras.cmake
[5.058s] -- Up-to-date: /home/jetson/EVC/workshops/final_project_v3/install/jetson_camera_interfaces/share/jetson_camera_interfaces/cmake/ament_cmake_export_dependencies-extras.cmake
[5.058s] -- Up-to-date: /home/jetson/EVC/workshops/final_project_v3/install/jetson_camera_interfaces/share/jetson_camera_interfaces/cmake/ament_cmake_export_libraries-extras.cmake
[5.059s] -- Up-to-date: /home/jetson/EVC/workshops/final_project_v3/install/jetson_camera_interfaces/share/jetson_camera_interfaces/cmake/ament_cmake_export_targets-extras.cmake
[5.060s] -- Up-to-date: /home/jetson/EVC/workshops/final_project_v3/install/jetson_camera_interfaces/share/jetson_camera_interfaces/cmake/ament_cmake_export_include_directories-extras.cmake
[5.060s] -- Up-to-date: /home/jetson/EVC/workshops/final_project_v3/install/jetson_camera_interfaces/share/jetson_camera_interfaces/cmake/rosidl_cmake_export_typesupport_libraries-extras.cmake
[5.061s] -- Up-to-date: /home/jetson/EVC/workshops/final_project_v3/install/jetson_camera_interfaces/share/jetson_camera_interfaces/cmake/rosidl_cmake_export_typesupport_targets-extras.cmake
[5.061s] -- Up-to-date: /home/jetson/EVC/workshops/final_project_v3/install/jetson_camera_interfaces/share/jetson_camera_interfaces/cmake/jetson_camera_interfacesConfig.cmake
[5.062s] -- Up-to-date: /home/jetson/EVC/workshops/final_project_v3/install/jetson_camera_interfaces/share/jetson_camera_interfaces/cmake/jetson_camera_interfacesConfig-version.cmake
[5.062s] -- Up-to-date: /home/jetson/EVC/workshops/final_project_v3/install/jetson_camera_interfaces/share/jetson_camera_interfaces/package.xml
[5.080s] Invoked command in '/home/jetson/EVC/workshops/final_project_v4/build/jetson_camera_interfaces' returned '0': CMAKE_PREFIX_PATH=/opt/ros/foxy /usr/bin/cmake --install /home/jetson/EVC/workshops/final_project_v4/build/jetson_camera_interfaces
