[3.921s] Invoking command in '/home/jetson/EVC/workshops/final_project_v5/behaviors/line_following/line_following': JETSON_P_NUMBER=potor- PYTHONPATH=/home/jetson/EVC/workshops/final_project_v5/build/line_following/prefix_override:/usr/lib/python3/dist-packages/colcon_core/task/python/colcon_distutils_commands:/home/jetson/EVC/workshops/final_project_v5/install/line_following/lib/python3.8/site-packages:${PYTHONPATH} /usr/bin/python3 -W ignore:setup.py install is deprecated -W ignore:easy_install command is deprecated setup.py egg_info --egg-base ../../../build/line_following build --build-base /home/jetson/EVC/workshops/final_project_v5/build/line_following/build install --record /home/jetson/EVC/workshops/final_project_v5/build/line_following/install.log --single-version-externally-managed install_data
[5.070s] running egg_info
[5.072s] writing ../../../build/line_following/line_following.egg-info/PKG-INFO
[5.073s] writing dependency_links to ../../../build/line_following/line_following.egg-info/dependency_links.txt
[5.074s] writing entry points to ../../../build/line_following/line_following.egg-info/entry_points.txt
[5.074s] writing requirements to ../../../build/line_following/line_following.egg-info/requires.txt
[5.075s] writing top-level names to ../../../build/line_following/line_following.egg-info/top_level.txt
[5.087s] reading manifest file '../../../build/line_following/line_following.egg-info/SOURCES.txt'
[5.091s] writing manifest file '../../../build/line_following/line_following.egg-info/SOURCES.txt'
[5.092s] running build
[5.092s] running build_py
[5.094s] running install
[5.097s] running install_lib
[5.103s] running install_data
[5.104s] running install_egg_info
[5.110s] removing '/home/jetson/EVC/workshops/final_project_v5/install/line_following/lib/python3.8/site-packages/line_following-0.0.0-py3.8.egg-info' (and everything under it)
[5.111s] Copying ../../../build/line_following/line_following.egg-info to /home/jetson/EVC/workshops/final_project_v5/install/line_following/lib/python3.8/site-packages/line_following-0.0.0-py3.8.egg-info
[5.115s] running install_scripts
[5.188s] Installing angular_tracker script to /home/jetson/EVC/workshops/final_project_v5/install/line_following/lib/line_following
[5.189s] Installing line_tracker script to /home/jetson/EVC/workshops/final_project_v5/install/line_following/lib/line_following
[5.189s] Installing navigator script to /home/jetson/EVC/workshops/final_project_v5/install/line_following/lib/line_following
[5.190s] writing list of installed files to '/home/jetson/EVC/workshops/final_project_v5/build/line_following/install.log'
[5.296s] Invoked command in '/home/jetson/EVC/workshops/final_project_v5/behaviors/line_following/line_following' returned '0': JETSON_P_NUMBER=potor- PYTHONPATH=/home/jetson/EVC/workshops/final_project_v5/build/line_following/prefix_override:/usr/lib/python3/dist-packages/colcon_core/task/python/colcon_distutils_commands:/home/jetson/EVC/workshops/final_project_v5/install/line_following/lib/python3.8/site-packages:${PYTHONPATH} /usr/bin/python3 -W ignore:setup.py install is deprecated -W ignore:easy_install command is deprecated setup.py egg_info --egg-base ../../../build/line_following build --build-base /home/jetson/EVC/workshops/final_project_v5/build/line_following/build install --record /home/jetson/EVC/workshops/final_project_v5/build/line_following/install.log --single-version-externally-managed install_data
