[4.536s] Invoking command in '/home/jetson/EVC/workshops/final_project_v5/behaviors/line_following/line_following': PYTHONPATH=/home/jetson/EVC/workshops/final_project_v5/build/line_following/prefix_override:/usr/lib/python3/dist-packages/colcon_core/task/python/colcon_distutils_commands:/home/jetson/EVC/workshops/final_project_v5/install/line_following/lib/python3.8/site-packages:${PYTHONPATH} /usr/bin/python3 -W ignore:setup.py install is deprecated -W ignore:easy_install command is deprecated setup.py egg_info --egg-base ../../../build/line_following build --build-base /home/jetson/EVC/workshops/final_project_v5/build/line_following/build install --record /home/jetson/EVC/workshops/final_project_v5/build/line_following/install.log --single-version-externally-managed install_data
[5.769s] running egg_info
[5.773s] writing ../../../build/line_following/line_following.egg-info/PKG-INFO
[5.776s] writing dependency_links to ../../../build/line_following/line_following.egg-info/dependency_links.txt
[5.777s] writing entry points to ../../../build/line_following/line_following.egg-info/entry_points.txt
[5.778s] writing requirements to ../../../build/line_following/line_following.egg-info/requires.txt
[5.778s] writing top-level names to ../../../build/line_following/line_following.egg-info/top_level.txt
[5.791s] reading manifest file '../../../build/line_following/line_following.egg-info/SOURCES.txt'
[5.797s] writing manifest file '../../../build/line_following/line_following.egg-info/SOURCES.txt'
[5.797s] running build
[5.798s] running build_py
[5.799s] running install
[5.803s] running install_lib
[5.811s] running install_data
[5.812s] running install_egg_info
[5.821s] removing '/home/jetson/EVC/workshops/final_project_v5/install/line_following/lib/python3.8/site-packages/line_following-0.0.0-py3.8.egg-info' (and everything under it)
[5.823s] Copying ../../../build/line_following/line_following.egg-info to /home/jetson/EVC/workshops/final_project_v5/install/line_following/lib/python3.8/site-packages/line_following-0.0.0-py3.8.egg-info
[5.828s] running install_scripts
[5.937s] Installing angular_tracker script to /home/jetson/EVC/workshops/final_project_v5/install/line_following/lib/line_following
[5.938s] Installing line_tracker script to /home/jetson/EVC/workshops/final_project_v5/install/line_following/lib/line_following
[5.939s] Installing navigator script to /home/jetson/EVC/workshops/final_project_v5/install/line_following/lib/line_following
[5.940s] writing list of installed files to '/home/jetson/EVC/workshops/final_project_v5/build/line_following/install.log'
[6.027s] Invoked command in '/home/jetson/EVC/workshops/final_project_v5/behaviors/line_following/line_following' returned '0': PYTHONPATH=/home/jetson/EVC/workshops/final_project_v5/build/line_following/prefix_override:/usr/lib/python3/dist-packages/colcon_core/task/python/colcon_distutils_commands:/home/jetson/EVC/workshops/final_project_v5/install/line_following/lib/python3.8/site-packages:${PYTHONPATH} /usr/bin/python3 -W ignore:setup.py install is deprecated -W ignore:easy_install command is deprecated setup.py egg_info --egg-base ../../../build/line_following build --build-base /home/jetson/EVC/workshops/final_project_v5/build/line_following/build install --record /home/jetson/EVC/workshops/final_project_v5/build/line_following/install.log --single-version-externally-managed install_data
