[0.874s] DEBUG:colcon:Command line arguments: ['/usr/bin/colcon', 'build']
[0.874s] DEBUG:colcon:Parsed command line arguments: Namespace(allow_overriding=[], ament_cmake_args=None, base_paths=['.'], build_base='build', catkin_cmake_args=None, catkin_skip_building_tests=False, cmake_args=None, cmake_clean_cache=False, cmake_clean_first=False, cmake_force_configure=False, cmake_target=None, cmake_target_skip_unavailable=False, continue_on_error=False, event_handlers=None, executor='parallel', ignore_user_meta=False, install_base='install', log_base=None, log_level=None, main=<bound method BuildVerb.main of <colcon_core.verb.build.BuildVerb object at 0x7fa02c7ca0>>, merge_install=False, metas=['./colcon.meta'], packages_above=None, packages_above_and_dependencies=None, packages_above_depth=None, packages_end=None, packages_ignore=None, packages_ignore_regex=None, packages_select=None, packages_select_build_failed=False, packages_select_by_dep=None, packages_select_regex=None, packages_select_test_failures=False, packages_skip=None, packages_skip_build_finished=False, packages_skip_by_dep=None, packages_skip_regex=None, packages_skip_test_passed=False, packages_skip_up_to=None, packages_start=None, packages_up_to=None, packages_up_to_regex=None, parallel_workers=4, paths=None, symlink_install=False, test_result_base=None, verb_extension=<colcon_core.verb.build.BuildVerb object at 0x7fa02c7ca0>, verb_name='build', verb_parser=<colcon_defaults.argument_parser.defaults.DefaultArgumentsDecorator object at 0x7fa02697f0>)
[1.722s] Level 1:colcon.colcon_core.package_discovery:discover_packages(colcon_meta) check parameters
[1.722s] Level 1:colcon.colcon_core.package_discovery:discover_packages(recursive) check parameters
[1.723s] Level 1:colcon.colcon_core.package_discovery:discover_packages(ignore) check parameters
[1.723s] Level 1:colcon.colcon_core.package_discovery:discover_packages(path) check parameters
[1.723s] Level 1:colcon.colcon_core.package_discovery:discover_packages(colcon_meta) discover
[1.723s] Level 1:colcon.colcon_core.package_discovery:discover_packages(recursive) discover
[1.723s] INFO:colcon.colcon_core.package_discovery:Crawling recursively for packages in '/home/jetson/EVC/workshops/final_project_v5'
[1.724s] Level 1:colcon.colcon_core.package_identification:_identify(.) by extensions ['ignore', 'ignore_ament_install']
[1.724s] Level 1:colcon.colcon_core.package_identification:_identify(.) by extension 'ignore'
[1.724s] Level 1:colcon.colcon_core.package_identification:_identify(.) by extension 'ignore_ament_install'
[1.725s] Level 1:colcon.colcon_core.package_identification:_identify(.) by extensions ['colcon_pkg']
[1.725s] Level 1:colcon.colcon_core.package_identification:_identify(.) by extension 'colcon_pkg'
[1.725s] Level 1:colcon.colcon_core.package_identification:_identify(.) by extensions ['colcon_meta']
[1.725s] Level 1:colcon.colcon_core.package_identification:_identify(.) by extension 'colcon_meta'
[1.725s] Level 1:colcon.colcon_core.package_identification:_identify(.) by extensions ['ros']
[1.725s] Level 1:colcon.colcon_core.package_identification:_identify(.) by extension 'ros'
[1.774s] Level 1:colcon.colcon_core.package_identification:_identify(.) by extensions ['cmake', 'python']
[1.774s] Level 1:colcon.colcon_core.package_identification:_identify(.) by extension 'cmake'
[1.774s] Level 1:colcon.colcon_core.package_identification:_identify(.) by extension 'python'
[1.774s] Level 1:colcon.colcon_core.package_identification:_identify(.) by extensions ['python_setup_py']
[1.774s] Level 1:colcon.colcon_core.package_identification:_identify(.) by extension 'python_setup_py'
[1.775s] Level 1:colcon.colcon_core.package_identification:_identify(behaviors) by extensions ['ignore', 'ignore_ament_install']
[1.775s] Level 1:colcon.colcon_core.package_identification:_identify(behaviors) by extension 'ignore'
[1.776s] Level 1:colcon.colcon_core.package_identification:_identify(behaviors) by extension 'ignore_ament_install'
[1.776s] Level 1:colcon.colcon_core.package_identification:_identify(behaviors) by extensions ['colcon_pkg']
[1.776s] Level 1:colcon.colcon_core.package_identification:_identify(behaviors) by extension 'colcon_pkg'
[1.776s] Level 1:colcon.colcon_core.package_identification:_identify(behaviors) by extensions ['colcon_meta']
[1.776s] Level 1:colcon.colcon_core.package_identification:_identify(behaviors) by extension 'colcon_meta'
[1.777s] Level 1:colcon.colcon_core.package_identification:_identify(behaviors) by extensions ['ros']
[1.777s] Level 1:colcon.colcon_core.package_identification:_identify(behaviors) by extension 'ros'
[1.777s] Level 1:colcon.colcon_core.package_identification:_identify(behaviors) by extensions ['cmake', 'python']
[1.777s] Level 1:colcon.colcon_core.package_identification:_identify(behaviors) by extension 'cmake'
[1.777s] Level 1:colcon.colcon_core.package_identification:_identify(behaviors) by extension 'python'
[1.777s] Level 1:colcon.colcon_core.package_identification:_identify(behaviors) by extensions ['python_setup_py']
[1.778s] Level 1:colcon.colcon_core.package_identification:_identify(behaviors) by extension 'python_setup_py'
[1.778s] Level 1:colcon.colcon_core.package_identification:_identify(behaviors/aruco_parking) by extensions ['ignore', 'ignore_ament_install']
[1.778s] Level 1:colcon.colcon_core.package_identification:_identify(behaviors/aruco_parking) by extension 'ignore'
[1.778s] Level 1:colcon.colcon_core.package_identification:_identify(behaviors/aruco_parking) by extension 'ignore_ament_install'
[1.779s] Level 1:colcon.colcon_core.package_identification:_identify(behaviors/aruco_parking) by extensions ['colcon_pkg']
[1.779s] Level 1:colcon.colcon_core.package_identification:_identify(behaviors/aruco_parking) by extension 'colcon_pkg'
[1.779s] Level 1:colcon.colcon_core.package_identification:_identify(behaviors/aruco_parking) by extensions ['colcon_meta']
[1.779s] Level 1:colcon.colcon_core.package_identification:_identify(behaviors/aruco_parking) by extension 'colcon_meta'
[1.779s] Level 1:colcon.colcon_core.package_identification:_identify(behaviors/aruco_parking) by extensions ['ros']
[1.780s] Level 1:colcon.colcon_core.package_identification:_identify(behaviors/aruco_parking) by extension 'ros'
[1.780s] Level 1:colcon.colcon_core.package_identification:_identify(behaviors/aruco_parking) by extensions ['cmake', 'python']
[1.780s] Level 1:colcon.colcon_core.package_identification:_identify(behaviors/aruco_parking) by extension 'cmake'
[1.780s] Level 1:colcon.colcon_core.package_identification:_identify(behaviors/aruco_parking) by extension 'python'
[1.780s] Level 1:colcon.colcon_core.package_identification:_identify(behaviors/aruco_parking) by extensions ['python_setup_py']
[1.780s] Level 1:colcon.colcon_core.package_identification:_identify(behaviors/aruco_parking) by extension 'python_setup_py'
[1.781s] Level 1:colcon.colcon_core.package_identification:_identify(behaviors/aruco_parking/aruco_parking) by extensions ['ignore', 'ignore_ament_install']
[1.781s] Level 1:colcon.colcon_core.package_identification:_identify(behaviors/aruco_parking/aruco_parking) by extension 'ignore'
[1.781s] Level 1:colcon.colcon_core.package_identification:_identify(behaviors/aruco_parking/aruco_parking) by extension 'ignore_ament_install'
[1.782s] Level 1:colcon.colcon_core.package_identification:_identify(behaviors/aruco_parking/aruco_parking) by extensions ['colcon_pkg']
[1.782s] Level 1:colcon.colcon_core.package_identification:_identify(behaviors/aruco_parking/aruco_parking) by extension 'colcon_pkg'
[1.782s] Level 1:colcon.colcon_core.package_identification:_identify(behaviors/aruco_parking/aruco_parking) by extensions ['colcon_meta']
[1.782s] Level 1:colcon.colcon_core.package_identification:_identify(behaviors/aruco_parking/aruco_parking) by extension 'colcon_meta'
[1.782s] Level 1:colcon.colcon_core.package_identification:_identify(behaviors/aruco_parking/aruco_parking) by extensions ['ros']
[1.782s] Level 1:colcon.colcon_core.package_identification:_identify(behaviors/aruco_parking/aruco_parking) by extension 'ros'
[1.831s] DEBUG:colcon.colcon_core.package_identification:Package 'behaviors/aruco_parking/aruco_parking' with type 'ros.ament_python' and name 'aruco_parking'
[1.831s] Level 1:colcon.colcon_core.package_identification:_identify(behaviors/color_detection) by extensions ['ignore', 'ignore_ament_install']
[1.832s] Level 1:colcon.colcon_core.package_identification:_identify(behaviors/color_detection) by extension 'ignore'
[1.832s] Level 1:colcon.colcon_core.package_identification:_identify(behaviors/color_detection) by extension 'ignore_ament_install'
[1.832s] Level 1:colcon.colcon_core.package_identification:_identify(behaviors/color_detection) by extensions ['colcon_pkg']
[1.832s] Level 1:colcon.colcon_core.package_identification:_identify(behaviors/color_detection) by extension 'colcon_pkg'
[1.832s] Level 1:colcon.colcon_core.package_identification:_identify(behaviors/color_detection) by extensions ['colcon_meta']
[1.833s] Level 1:colcon.colcon_core.package_identification:_identify(behaviors/color_detection) by extension 'colcon_meta'
[1.833s] Level 1:colcon.colcon_core.package_identification:_identify(behaviors/color_detection) by extensions ['ros']
[1.833s] Level 1:colcon.colcon_core.package_identification:_identify(behaviors/color_detection) by extension 'ros'
[1.833s] Level 1:colcon.colcon_core.package_identification:_identify(behaviors/color_detection) by extensions ['cmake', 'python']
[1.833s] Level 1:colcon.colcon_core.package_identification:_identify(behaviors/color_detection) by extension 'cmake'
[1.834s] Level 1:colcon.colcon_core.package_identification:_identify(behaviors/color_detection) by extension 'python'
[1.834s] Level 1:colcon.colcon_core.package_identification:_identify(behaviors/color_detection) by extensions ['python_setup_py']
[1.834s] Level 1:colcon.colcon_core.package_identification:_identify(behaviors/color_detection) by extension 'python_setup_py'
[1.834s] Level 1:colcon.colcon_core.package_identification:_identify(behaviors/color_detection/color_detection_mode) by extensions ['ignore', 'ignore_ament_install']
[1.835s] Level 1:colcon.colcon_core.package_identification:_identify(behaviors/color_detection/color_detection_mode) by extension 'ignore'
[1.835s] Level 1:colcon.colcon_core.package_identification:_identify(behaviors/color_detection/color_detection_mode) by extension 'ignore_ament_install'
[1.835s] Level 1:colcon.colcon_core.package_identification:_identify(behaviors/color_detection/color_detection_mode) by extensions ['colcon_pkg']
[1.835s] Level 1:colcon.colcon_core.package_identification:_identify(behaviors/color_detection/color_detection_mode) by extension 'colcon_pkg'
[1.836s] Level 1:colcon.colcon_core.package_identification:_identify(behaviors/color_detection/color_detection_mode) by extensions ['colcon_meta']
[1.836s] Level 1:colcon.colcon_core.package_identification:_identify(behaviors/color_detection/color_detection_mode) by extension 'colcon_meta'
[1.836s] Level 1:colcon.colcon_core.package_identification:_identify(behaviors/color_detection/color_detection_mode) by extensions ['ros']
[1.836s] Level 1:colcon.colcon_core.package_identification:_identify(behaviors/color_detection/color_detection_mode) by extension 'ros'
[1.840s] DEBUG:colcon.colcon_core.package_identification:Package 'behaviors/color_detection/color_detection_mode' with type 'ros.ament_python' and name 'color_detection_mode'
[1.841s] Level 1:colcon.colcon_core.package_identification:_identify(behaviors/goal_navigation) by extensions ['ignore', 'ignore_ament_install']
[1.841s] Level 1:colcon.colcon_core.package_identification:_identify(behaviors/goal_navigation) by extension 'ignore'
[1.841s] Level 1:colcon.colcon_core.package_identification:_identify(behaviors/goal_navigation) by extension 'ignore_ament_install'
[1.841s] Level 1:colcon.colcon_core.package_identification:_identify(behaviors/goal_navigation) by extensions ['colcon_pkg']
[1.842s] Level 1:colcon.colcon_core.package_identification:_identify(behaviors/goal_navigation) by extension 'colcon_pkg'
[1.842s] Level 1:colcon.colcon_core.package_identification:_identify(behaviors/goal_navigation) by extensions ['colcon_meta']
[1.842s] Level 1:colcon.colcon_core.package_identification:_identify(behaviors/goal_navigation) by extension 'colcon_meta'
[1.842s] Level 1:colcon.colcon_core.package_identification:_identify(behaviors/goal_navigation) by extensions ['ros']
[1.842s] Level 1:colcon.colcon_core.package_identification:_identify(behaviors/goal_navigation) by extension 'ros'
[1.843s] Level 1:colcon.colcon_core.package_identification:_identify(behaviors/goal_navigation) by extensions ['cmake', 'python']
[1.843s] Level 1:colcon.colcon_core.package_identification:_identify(behaviors/goal_navigation) by extension 'cmake'
[1.843s] Level 1:colcon.colcon_core.package_identification:_identify(behaviors/goal_navigation) by extension 'python'
[1.843s] Level 1:colcon.colcon_core.package_identification:_identify(behaviors/goal_navigation) by extensions ['python_setup_py']
[1.843s] Level 1:colcon.colcon_core.package_identification:_identify(behaviors/goal_navigation) by extension 'python_setup_py'
[1.844s] Level 1:colcon.colcon_core.package_identification:_identify(behaviors/goal_navigation/goal_navigation) by extensions ['ignore', 'ignore_ament_install']
[1.844s] Level 1:colcon.colcon_core.package_identification:_identify(behaviors/goal_navigation/goal_navigation) by extension 'ignore'
[1.844s] Level 1:colcon.colcon_core.package_identification:_identify(behaviors/goal_navigation/goal_navigation) by extension 'ignore_ament_install'
[1.845s] Level 1:colcon.colcon_core.package_identification:_identify(behaviors/goal_navigation/goal_navigation) by extensions ['colcon_pkg']
[1.845s] Level 1:colcon.colcon_core.package_identification:_identify(behaviors/goal_navigation/goal_navigation) by extension 'colcon_pkg'
[1.845s] Level 1:colcon.colcon_core.package_identification:_identify(behaviors/goal_navigation/goal_navigation) by extensions ['colcon_meta']
[1.845s] Level 1:colcon.colcon_core.package_identification:_identify(behaviors/goal_navigation/goal_navigation) by extension 'colcon_meta'
[1.845s] Level 1:colcon.colcon_core.package_identification:_identify(behaviors/goal_navigation/goal_navigation) by extensions ['ros']
[1.845s] Level 1:colcon.colcon_core.package_identification:_identify(behaviors/goal_navigation/goal_navigation) by extension 'ros'
[1.848s] DEBUG:colcon.colcon_core.package_identification:Package 'behaviors/goal_navigation/goal_navigation' with type 'ros.ament_python' and name 'goal_navigation'
[1.848s] Level 1:colcon.colcon_core.package_identification:_identify(behaviors/line_following) by extensions ['ignore', 'ignore_ament_install']
[1.849s] Level 1:colcon.colcon_core.package_identification:_identify(behaviors/line_following) by extension 'ignore'
[1.849s] Level 1:colcon.colcon_core.package_identification:_identify(behaviors/line_following) by extension 'ignore_ament_install'
[1.849s] Level 1:colcon.colcon_core.package_identification:_identify(behaviors/line_following) by extensions ['colcon_pkg']
[1.849s] Level 1:colcon.colcon_core.package_identification:_identify(behaviors/line_following) by extension 'colcon_pkg'
[1.849s] Level 1:colcon.colcon_core.package_identification:_identify(behaviors/line_following) by extensions ['colcon_meta']
[1.850s] Level 1:colcon.colcon_core.package_identification:_identify(behaviors/line_following) by extension 'colcon_meta'
[1.850s] Level 1:colcon.colcon_core.package_identification:_identify(behaviors/line_following) by extensions ['ros']
[1.850s] Level 1:colcon.colcon_core.package_identification:_identify(behaviors/line_following) by extension 'ros'
[1.850s] Level 1:colcon.colcon_core.package_identification:_identify(behaviors/line_following) by extensions ['cmake', 'python']
[1.850s] Level 1:colcon.colcon_core.package_identification:_identify(behaviors/line_following) by extension 'cmake'
[1.851s] Level 1:colcon.colcon_core.package_identification:_identify(behaviors/line_following) by extension 'python'
[1.851s] Level 1:colcon.colcon_core.package_identification:_identify(behaviors/line_following) by extensions ['python_setup_py']
[1.851s] Level 1:colcon.colcon_core.package_identification:_identify(behaviors/line_following) by extension 'python_setup_py'
[1.851s] Level 1:colcon.colcon_core.package_identification:_identify(behaviors/line_following/line_following) by extensions ['ignore', 'ignore_ament_install']
[1.852s] Level 1:colcon.colcon_core.package_identification:_identify(behaviors/line_following/line_following) by extension 'ignore'
[1.852s] Level 1:colcon.colcon_core.package_identification:_identify(behaviors/line_following/line_following) by extension 'ignore_ament_install'
[1.852s] Level 1:colcon.colcon_core.package_identification:_identify(behaviors/line_following/line_following) by extensions ['colcon_pkg']
[1.852s] Level 1:colcon.colcon_core.package_identification:_identify(behaviors/line_following/line_following) by extension 'colcon_pkg'
[1.852s] Level 1:colcon.colcon_core.package_identification:_identify(behaviors/line_following/line_following) by extensions ['colcon_meta']
[1.853s] Level 1:colcon.colcon_core.package_identification:_identify(behaviors/line_following/line_following) by extension 'colcon_meta'
[1.853s] Level 1:colcon.colcon_core.package_identification:_identify(behaviors/line_following/line_following) by extensions ['ros']
[1.853s] Level 1:colcon.colcon_core.package_identification:_identify(behaviors/line_following/line_following) by extension 'ros'
[1.857s] DEBUG:colcon.colcon_core.package_identification:Package 'behaviors/line_following/line_following' with type 'ros.ament_python' and name 'line_following'
[1.857s] Level 1:colcon.colcon_core.package_identification:_identify(behaviors/obstacle_avoidance) by extensions ['ignore', 'ignore_ament_install']
[1.857s] Level 1:colcon.colcon_core.package_identification:_identify(behaviors/obstacle_avoidance) by extension 'ignore'
[1.858s] Level 1:colcon.colcon_core.package_identification:_identify(behaviors/obstacle_avoidance) by extension 'ignore_ament_install'
[1.858s] Level 1:colcon.colcon_core.package_identification:_identify(behaviors/obstacle_avoidance) by extensions ['colcon_pkg']
[1.858s] Level 1:colcon.colcon_core.package_identification:_identify(behaviors/obstacle_avoidance) by extension 'colcon_pkg'
[1.858s] Level 1:colcon.colcon_core.package_identification:_identify(behaviors/obstacle_avoidance) by extensions ['colcon_meta']
[1.858s] Level 1:colcon.colcon_core.package_identification:_identify(behaviors/obstacle_avoidance) by extension 'colcon_meta'
[1.859s] Level 1:colcon.colcon_core.package_identification:_identify(behaviors/obstacle_avoidance) by extensions ['ros']
[1.859s] Level 1:colcon.colcon_core.package_identification:_identify(behaviors/obstacle_avoidance) by extension 'ros'
[1.859s] Level 1:colcon.colcon_core.package_identification:_identify(behaviors/obstacle_avoidance) by extensions ['cmake', 'python']
[1.859s] Level 1:colcon.colcon_core.package_identification:_identify(behaviors/obstacle_avoidance) by extension 'cmake'
[1.859s] Level 1:colcon.colcon_core.package_identification:_identify(behaviors/obstacle_avoidance) by extension 'python'
[1.860s] Level 1:colcon.colcon_core.package_identification:_identify(behaviors/obstacle_avoidance) by extensions ['python_setup_py']
[1.860s] Level 1:colcon.colcon_core.package_identification:_identify(behaviors/obstacle_avoidance) by extension 'python_setup_py'
[1.860s] Level 1:colcon.colcon_core.package_identification:_identify(build) by extensions ['ignore', 'ignore_ament_install']
[1.860s] Level 1:colcon.colcon_core.package_identification:_identify(build) by extension 'ignore'
[1.861s] Level 1:colcon.colcon_core.package_identification:_identify(build) ignored
[1.861s] Level 1:colcon.colcon_core.package_identification:_identify(calibration) by extensions ['ignore', 'ignore_ament_install']
[1.861s] Level 1:colcon.colcon_core.package_identification:_identify(calibration) by extension 'ignore'
[1.862s] Level 1:colcon.colcon_core.package_identification:_identify(calibration) by extension 'ignore_ament_install'
[1.862s] Level 1:colcon.colcon_core.package_identification:_identify(calibration) by extensions ['colcon_pkg']
[1.862s] Level 1:colcon.colcon_core.package_identification:_identify(calibration) by extension 'colcon_pkg'
[1.862s] Level 1:colcon.colcon_core.package_identification:_identify(calibration) by extensions ['colcon_meta']
[1.862s] Level 1:colcon.colcon_core.package_identification:_identify(calibration) by extension 'colcon_meta'
[1.862s] Level 1:colcon.colcon_core.package_identification:_identify(calibration) by extensions ['ros']
[1.863s] Level 1:colcon.colcon_core.package_identification:_identify(calibration) by extension 'ros'
[1.863s] Level 1:colcon.colcon_core.package_identification:_identify(calibration) by extensions ['cmake', 'python']
[1.863s] Level 1:colcon.colcon_core.package_identification:_identify(calibration) by extension 'cmake'
[1.863s] Level 1:colcon.colcon_core.package_identification:_identify(calibration) by extension 'python'
[1.863s] Level 1:colcon.colcon_core.package_identification:_identify(calibration) by extensions ['python_setup_py']
[1.864s] Level 1:colcon.colcon_core.package_identification:_identify(calibration) by extension 'python_setup_py'
[1.864s] Level 1:colcon.colcon_core.package_identification:_identify(calibration/camera) by extensions ['ignore', 'ignore_ament_install']
[1.864s] Level 1:colcon.colcon_core.package_identification:_identify(calibration/camera) by extension 'ignore'
[1.864s] Level 1:colcon.colcon_core.package_identification:_identify(calibration/camera) by extension 'ignore_ament_install'
[1.865s] Level 1:colcon.colcon_core.package_identification:_identify(calibration/camera) by extensions ['colcon_pkg']
[1.865s] Level 1:colcon.colcon_core.package_identification:_identify(calibration/camera) by extension 'colcon_pkg'
[1.865s] Level 1:colcon.colcon_core.package_identification:_identify(calibration/camera) by extensions ['colcon_meta']
[1.865s] Level 1:colcon.colcon_core.package_identification:_identify(calibration/camera) by extension 'colcon_meta'
[1.865s] Level 1:colcon.colcon_core.package_identification:_identify(calibration/camera) by extensions ['ros']
[1.865s] Level 1:colcon.colcon_core.package_identification:_identify(calibration/camera) by extension 'ros'
[1.866s] Level 1:colcon.colcon_core.package_identification:_identify(calibration/camera) by extensions ['cmake', 'python']
[1.866s] Level 1:colcon.colcon_core.package_identification:_identify(calibration/camera) by extension 'cmake'
[1.866s] Level 1:colcon.colcon_core.package_identification:_identify(calibration/camera) by extension 'python'
[1.866s] Level 1:colcon.colcon_core.package_identification:_identify(calibration/camera) by extensions ['python_setup_py']
[1.866s] Level 1:colcon.colcon_core.package_identification:_identify(calibration/camera) by extension 'python_setup_py'
[1.867s] Level 1:colcon.colcon_core.package_identification:_identify(calibration/camera/images) by extensions ['ignore', 'ignore_ament_install']
[1.867s] Level 1:colcon.colcon_core.package_identification:_identify(calibration/camera/images) by extension 'ignore'
[1.867s] Level 1:colcon.colcon_core.package_identification:_identify(calibration/camera/images) by extension 'ignore_ament_install'
[1.868s] Level 1:colcon.colcon_core.package_identification:_identify(calibration/camera/images) by extensions ['colcon_pkg']
[1.868s] Level 1:colcon.colcon_core.package_identification:_identify(calibration/camera/images) by extension 'colcon_pkg'
[1.868s] Level 1:colcon.colcon_core.package_identification:_identify(calibration/camera/images) by extensions ['colcon_meta']
[1.868s] Level 1:colcon.colcon_core.package_identification:_identify(calibration/camera/images) by extension 'colcon_meta'
[1.868s] Level 1:colcon.colcon_core.package_identification:_identify(calibration/camera/images) by extensions ['ros']
[1.869s] Level 1:colcon.colcon_core.package_identification:_identify(calibration/camera/images) by extension 'ros'
[1.869s] Level 1:colcon.colcon_core.package_identification:_identify(calibration/camera/images) by extensions ['cmake', 'python']
[1.869s] Level 1:colcon.colcon_core.package_identification:_identify(calibration/camera/images) by extension 'cmake'
[1.869s] Level 1:colcon.colcon_core.package_identification:_identify(calibration/camera/images) by extension 'python'
[1.869s] Level 1:colcon.colcon_core.package_identification:_identify(calibration/camera/images) by extensions ['python_setup_py']
[1.869s] Level 1:colcon.colcon_core.package_identification:_identify(calibration/camera/images) by extension 'python_setup_py'
[1.870s] Level 1:colcon.colcon_core.package_identification:_identify(calibration/camera/output) by extensions ['ignore', 'ignore_ament_install']
[1.870s] Level 1:colcon.colcon_core.package_identification:_identify(calibration/camera/output) by extension 'ignore'
[1.870s] Level 1:colcon.colcon_core.package_identification:_identify(calibration/camera/output) by extension 'ignore_ament_install'
[1.871s] Level 1:colcon.colcon_core.package_identification:_identify(calibration/camera/output) by extensions ['colcon_pkg']
[1.871s] Level 1:colcon.colcon_core.package_identification:_identify(calibration/camera/output) by extension 'colcon_pkg'
[1.871s] Level 1:colcon.colcon_core.package_identification:_identify(calibration/camera/output) by extensions ['colcon_meta']
[1.871s] Level 1:colcon.colcon_core.package_identification:_identify(calibration/camera/output) by extension 'colcon_meta'
[1.871s] Level 1:colcon.colcon_core.package_identification:_identify(calibration/camera/output) by extensions ['ros']
[1.871s] Level 1:colcon.colcon_core.package_identification:_identify(calibration/camera/output) by extension 'ros'
[1.872s] Level 1:colcon.colcon_core.package_identification:_identify(calibration/camera/output) by extensions ['cmake', 'python']
[1.872s] Level 1:colcon.colcon_core.package_identification:_identify(calibration/camera/output) by extension 'cmake'
[1.872s] Level 1:colcon.colcon_core.package_identification:_identify(calibration/camera/output) by extension 'python'
[1.872s] Level 1:colcon.colcon_core.package_identification:_identify(calibration/camera/output) by extensions ['python_setup_py']
[1.872s] Level 1:colcon.colcon_core.package_identification:_identify(calibration/camera/output) by extension 'python_setup_py'
[1.873s] Level 1:colcon.colcon_core.package_identification:_identify(calibration/camera/scripts) by extensions ['ignore', 'ignore_ament_install']
[1.873s] Level 1:colcon.colcon_core.package_identification:_identify(calibration/camera/scripts) by extension 'ignore'
[1.873s] Level 1:colcon.colcon_core.package_identification:_identify(calibration/camera/scripts) by extension 'ignore_ament_install'
[1.874s] Level 1:colcon.colcon_core.package_identification:_identify(calibration/camera/scripts) by extensions ['colcon_pkg']
[1.874s] Level 1:colcon.colcon_core.package_identification:_identify(calibration/camera/scripts) by extension 'colcon_pkg'
[1.874s] Level 1:colcon.colcon_core.package_identification:_identify(calibration/camera/scripts) by extensions ['colcon_meta']
[1.874s] Level 1:colcon.colcon_core.package_identification:_identify(calibration/camera/scripts) by extension 'colcon_meta'
[1.874s] Level 1:colcon.colcon_core.package_identification:_identify(calibration/camera/scripts) by extensions ['ros']
[1.874s] Level 1:colcon.colcon_core.package_identification:_identify(calibration/camera/scripts) by extension 'ros'
[1.875s] Level 1:colcon.colcon_core.package_identification:_identify(calibration/camera/scripts) by extensions ['cmake', 'python']
[1.875s] Level 1:colcon.colcon_core.package_identification:_identify(calibration/camera/scripts) by extension 'cmake'
[1.875s] Level 1:colcon.colcon_core.package_identification:_identify(calibration/camera/scripts) by extension 'python'
[1.875s] Level 1:colcon.colcon_core.package_identification:_identify(calibration/camera/scripts) by extensions ['python_setup_py']
[1.875s] Level 1:colcon.colcon_core.package_identification:_identify(calibration/camera/scripts) by extension 'python_setup_py'
[1.876s] Level 1:colcon.colcon_core.package_identification:_identify(calibration/wheel) by extensions ['ignore', 'ignore_ament_install']
[1.876s] Level 1:colcon.colcon_core.package_identification:_identify(calibration/wheel) by extension 'ignore'
[1.876s] Level 1:colcon.colcon_core.package_identification:_identify(calibration/wheel) by extension 'ignore_ament_install'
[1.877s] Level 1:colcon.colcon_core.package_identification:_identify(calibration/wheel) by extensions ['colcon_pkg']
[1.877s] Level 1:colcon.colcon_core.package_identification:_identify(calibration/wheel) by extension 'colcon_pkg'
[1.877s] Level 1:colcon.colcon_core.package_identification:_identify(calibration/wheel) by extensions ['colcon_meta']
[1.877s] Level 1:colcon.colcon_core.package_identification:_identify(calibration/wheel) by extension 'colcon_meta'
[1.877s] Level 1:colcon.colcon_core.package_identification:_identify(calibration/wheel) by extensions ['ros']
[1.877s] Level 1:colcon.colcon_core.package_identification:_identify(calibration/wheel) by extension 'ros'
[1.878s] Level 1:colcon.colcon_core.package_identification:_identify(calibration/wheel) by extensions ['cmake', 'python']
[1.878s] Level 1:colcon.colcon_core.package_identification:_identify(calibration/wheel) by extension 'cmake'
[1.878s] Level 1:colcon.colcon_core.package_identification:_identify(calibration/wheel) by extension 'python'
[1.878s] Level 1:colcon.colcon_core.package_identification:_identify(calibration/wheel) by extensions ['python_setup_py']
[1.878s] Level 1:colcon.colcon_core.package_identification:_identify(calibration/wheel) by extension 'python_setup_py'
[1.879s] Level 1:colcon.colcon_core.package_identification:_identify(config) by extensions ['ignore', 'ignore_ament_install']
[1.879s] Level 1:colcon.colcon_core.package_identification:_identify(config) by extension 'ignore'
[1.879s] Level 1:colcon.colcon_core.package_identification:_identify(config) by extension 'ignore_ament_install'
[1.879s] Level 1:colcon.colcon_core.package_identification:_identify(config) by extensions ['colcon_pkg']
[1.880s] Level 1:colcon.colcon_core.package_identification:_identify(config) by extension 'colcon_pkg'
[1.880s] Level 1:colcon.colcon_core.package_identification:_identify(config) by extensions ['colcon_meta']
[1.880s] Level 1:colcon.colcon_core.package_identification:_identify(config) by extension 'colcon_meta'
[1.880s] Level 1:colcon.colcon_core.package_identification:_identify(config) by extensions ['ros']
[1.880s] Level 1:colcon.colcon_core.package_identification:_identify(config) by extension 'ros'
[1.880s] Level 1:colcon.colcon_core.package_identification:_identify(config) by extensions ['cmake', 'python']
[1.881s] Level 1:colcon.colcon_core.package_identification:_identify(config) by extension 'cmake'
[1.881s] Level 1:colcon.colcon_core.package_identification:_identify(config) by extension 'python'
[1.881s] Level 1:colcon.colcon_core.package_identification:_identify(config) by extensions ['python_setup_py']
[1.881s] Level 1:colcon.colcon_core.package_identification:_identify(config) by extension 'python_setup_py'
[1.881s] Level 1:colcon.colcon_core.package_identification:_identify(config/motion) by extensions ['ignore', 'ignore_ament_install']
[1.882s] Level 1:colcon.colcon_core.package_identification:_identify(config/motion) by extension 'ignore'
[1.882s] Level 1:colcon.colcon_core.package_identification:_identify(config/motion) by extension 'ignore_ament_install'
[1.882s] Level 1:colcon.colcon_core.package_identification:_identify(config/motion) by extensions ['colcon_pkg']
[1.882s] Level 1:colcon.colcon_core.package_identification:_identify(config/motion) by extension 'colcon_pkg'
[1.882s] Level 1:colcon.colcon_core.package_identification:_identify(config/motion) by extensions ['colcon_meta']
[1.883s] Level 1:colcon.colcon_core.package_identification:_identify(config/motion) by extension 'colcon_meta'
[1.883s] Level 1:colcon.colcon_core.package_identification:_identify(config/motion) by extensions ['ros']
[1.883s] Level 1:colcon.colcon_core.package_identification:_identify(config/motion) by extension 'ros'
[1.883s] Level 1:colcon.colcon_core.package_identification:_identify(config/motion) by extensions ['cmake', 'python']
[1.883s] Level 1:colcon.colcon_core.package_identification:_identify(config/motion) by extension 'cmake'
[1.884s] Level 1:colcon.colcon_core.package_identification:_identify(config/motion) by extension 'python'
[1.884s] Level 1:colcon.colcon_core.package_identification:_identify(config/motion) by extensions ['python_setup_py']
[1.884s] Level 1:colcon.colcon_core.package_identification:_identify(config/motion) by extension 'python_setup_py'
[1.884s] Level 1:colcon.colcon_core.package_identification:_identify(config/vision) by extensions ['ignore', 'ignore_ament_install']
[1.885s] Level 1:colcon.colcon_core.package_identification:_identify(config/vision) by extension 'ignore'
[1.885s] Level 1:colcon.colcon_core.package_identification:_identify(config/vision) by extension 'ignore_ament_install'
[1.885s] Level 1:colcon.colcon_core.package_identification:_identify(config/vision) by extensions ['colcon_pkg']
[1.885s] Level 1:colcon.colcon_core.package_identification:_identify(config/vision) by extension 'colcon_pkg'
[1.885s] Level 1:colcon.colcon_core.package_identification:_identify(config/vision) by extensions ['colcon_meta']
[1.885s] Level 1:colcon.colcon_core.package_identification:_identify(config/vision) by extension 'colcon_meta'
[1.886s] Level 1:colcon.colcon_core.package_identification:_identify(config/vision) by extensions ['ros']
[1.886s] Level 1:colcon.colcon_core.package_identification:_identify(config/vision) by extension 'ros'
[1.886s] Level 1:colcon.colcon_core.package_identification:_identify(config/vision) by extensions ['cmake', 'python']
[1.886s] Level 1:colcon.colcon_core.package_identification:_identify(config/vision) by extension 'cmake'
[1.886s] Level 1:colcon.colcon_core.package_identification:_identify(config/vision) by extension 'python'
[1.887s] Level 1:colcon.colcon_core.package_identification:_identify(config/vision) by extensions ['python_setup_py']
[1.887s] Level 1:colcon.colcon_core.package_identification:_identify(config/vision) by extension 'python_setup_py'
[1.887s] Level 1:colcon.colcon_core.package_identification:_identify(docs) by extensions ['ignore', 'ignore_ament_install']
[1.887s] Level 1:colcon.colcon_core.package_identification:_identify(docs) by extension 'ignore'
[1.888s] Level 1:colcon.colcon_core.package_identification:_identify(docs) by extension 'ignore_ament_install'
[1.888s] Level 1:colcon.colcon_core.package_identification:_identify(docs) by extensions ['colcon_pkg']
[1.888s] Level 1:colcon.colcon_core.package_identification:_identify(docs) by extension 'colcon_pkg'
[1.888s] Level 1:colcon.colcon_core.package_identification:_identify(docs) by extensions ['colcon_meta']
[1.888s] Level 1:colcon.colcon_core.package_identification:_identify(docs) by extension 'colcon_meta'
[1.888s] Level 1:colcon.colcon_core.package_identification:_identify(docs) by extensions ['ros']
[1.889s] Level 1:colcon.colcon_core.package_identification:_identify(docs) by extension 'ros'
[1.889s] Level 1:colcon.colcon_core.package_identification:_identify(docs) by extensions ['cmake', 'python']
[1.889s] Level 1:colcon.colcon_core.package_identification:_identify(docs) by extension 'cmake'
[1.889s] Level 1:colcon.colcon_core.package_identification:_identify(docs) by extension 'python'
[1.889s] Level 1:colcon.colcon_core.package_identification:_identify(docs) by extensions ['python_setup_py']
[1.890s] Level 1:colcon.colcon_core.package_identification:_identify(docs) by extension 'python_setup_py'
[1.890s] Level 1:colcon.colcon_core.package_identification:_identify(drivers) by extensions ['ignore', 'ignore_ament_install']
[1.890s] Level 1:colcon.colcon_core.package_identification:_identify(drivers) by extension 'ignore'
[1.890s] Level 1:colcon.colcon_core.package_identification:_identify(drivers) by extension 'ignore_ament_install'
[1.891s] Level 1:colcon.colcon_core.package_identification:_identify(drivers) by extensions ['colcon_pkg']
[1.891s] Level 1:colcon.colcon_core.package_identification:_identify(drivers) by extension 'colcon_pkg'
[1.891s] Level 1:colcon.colcon_core.package_identification:_identify(drivers) by extensions ['colcon_meta']
[1.891s] Level 1:colcon.colcon_core.package_identification:_identify(drivers) by extension 'colcon_meta'
[1.891s] Level 1:colcon.colcon_core.package_identification:_identify(drivers) by extensions ['ros']
[1.891s] Level 1:colcon.colcon_core.package_identification:_identify(drivers) by extension 'ros'
[1.892s] Level 1:colcon.colcon_core.package_identification:_identify(drivers) by extensions ['cmake', 'python']
[1.892s] Level 1:colcon.colcon_core.package_identification:_identify(drivers) by extension 'cmake'
[1.892s] Level 1:colcon.colcon_core.package_identification:_identify(drivers) by extension 'python'
[1.892s] Level 1:colcon.colcon_core.package_identification:_identify(drivers) by extensions ['python_setup_py']
[1.892s] Level 1:colcon.colcon_core.package_identification:_identify(drivers) by extension 'python_setup_py'
[1.893s] Level 1:colcon.colcon_core.package_identification:_identify(drivers/button) by extensions ['ignore', 'ignore_ament_install']
[1.893s] Level 1:colcon.colcon_core.package_identification:_identify(drivers/button) by extension 'ignore'
[1.893s] Level 1:colcon.colcon_core.package_identification:_identify(drivers/button) by extension 'ignore_ament_install'
[1.893s] Level 1:colcon.colcon_core.package_identification:_identify(drivers/button) by extensions ['colcon_pkg']
[1.894s] Level 1:colcon.colcon_core.package_identification:_identify(drivers/button) by extension 'colcon_pkg'
[1.894s] Level 1:colcon.colcon_core.package_identification:_identify(drivers/button) by extensions ['colcon_meta']
[1.894s] Level 1:colcon.colcon_core.package_identification:_identify(drivers/button) by extension 'colcon_meta'
[1.894s] Level 1:colcon.colcon_core.package_identification:_identify(drivers/button) by extensions ['ros']
[1.894s] Level 1:colcon.colcon_core.package_identification:_identify(drivers/button) by extension 'ros'
[1.895s] Level 1:colcon.colcon_core.package_identification:_identify(drivers/button) by extensions ['cmake', 'python']
[1.895s] Level 1:colcon.colcon_core.package_identification:_identify(drivers/button) by extension 'cmake'
[1.895s] Level 1:colcon.colcon_core.package_identification:_identify(drivers/button) by extension 'python'
[1.895s] Level 1:colcon.colcon_core.package_identification:_identify(drivers/button) by extensions ['python_setup_py']
[1.895s] Level 1:colcon.colcon_core.package_identification:_identify(drivers/button) by extension 'python_setup_py'
[1.896s] Level 1:colcon.colcon_core.package_identification:_identify(drivers/display) by extensions ['ignore', 'ignore_ament_install']
[1.896s] Level 1:colcon.colcon_core.package_identification:_identify(drivers/display) by extension 'ignore'
[1.896s] Level 1:colcon.colcon_core.package_identification:_identify(drivers/display) by extension 'ignore_ament_install'
[1.896s] Level 1:colcon.colcon_core.package_identification:_identify(drivers/display) by extensions ['colcon_pkg']
[1.897s] Level 1:colcon.colcon_core.package_identification:_identify(drivers/display) by extension 'colcon_pkg'
[1.897s] Level 1:colcon.colcon_core.package_identification:_identify(drivers/display) by extensions ['colcon_meta']
[1.897s] Level 1:colcon.colcon_core.package_identification:_identify(drivers/display) by extension 'colcon_meta'
[1.897s] Level 1:colcon.colcon_core.package_identification:_identify(drivers/display) by extensions ['ros']
[1.897s] Level 1:colcon.colcon_core.package_identification:_identify(drivers/display) by extension 'ros'
[1.898s] Level 1:colcon.colcon_core.package_identification:_identify(drivers/display) by extensions ['cmake', 'python']
[1.898s] Level 1:colcon.colcon_core.package_identification:_identify(drivers/display) by extension 'cmake'
[1.898s] Level 1:colcon.colcon_core.package_identification:_identify(drivers/display) by extension 'python'
[1.898s] Level 1:colcon.colcon_core.package_identification:_identify(drivers/display) by extensions ['python_setup_py']
[1.898s] Level 1:colcon.colcon_core.package_identification:_identify(drivers/display) by extension 'python_setup_py'
[1.899s] Level 1:colcon.colcon_core.package_identification:_identify(drivers/display/Adafruit_GPIO) by extensions ['ignore', 'ignore_ament_install']
[1.899s] Level 1:colcon.colcon_core.package_identification:_identify(drivers/display/Adafruit_GPIO) by extension 'ignore'
[1.899s] Level 1:colcon.colcon_core.package_identification:_identify(drivers/display/Adafruit_GPIO) by extension 'ignore_ament_install'
[1.899s] Level 1:colcon.colcon_core.package_identification:_identify(drivers/display/Adafruit_GPIO) by extensions ['colcon_pkg']
[1.899s] Level 1:colcon.colcon_core.package_identification:_identify(drivers/display/Adafruit_GPIO) by extension 'colcon_pkg'
[1.900s] Level 1:colcon.colcon_core.package_identification:_identify(drivers/display/Adafruit_GPIO) by extensions ['colcon_meta']
[1.900s] Level 1:colcon.colcon_core.package_identification:_identify(drivers/display/Adafruit_GPIO) by extension 'colcon_meta'
[1.900s] Level 1:colcon.colcon_core.package_identification:_identify(drivers/display/Adafruit_GPIO) by extensions ['ros']
[1.900s] Level 1:colcon.colcon_core.package_identification:_identify(drivers/display/Adafruit_GPIO) by extension 'ros'
[1.901s] Level 1:colcon.colcon_core.package_identification:_identify(drivers/display/Adafruit_GPIO) by extensions ['cmake', 'python']
[1.901s] Level 1:colcon.colcon_core.package_identification:_identify(drivers/display/Adafruit_GPIO) by extension 'cmake'
[1.901s] Level 1:colcon.colcon_core.package_identification:_identify(drivers/display/Adafruit_GPIO) by extension 'python'
[1.901s] Level 1:colcon.colcon_core.package_identification:_identify(drivers/display/Adafruit_GPIO) by extensions ['python_setup_py']
[1.901s] Level 1:colcon.colcon_core.package_identification:_identify(drivers/display/Adafruit_GPIO) by extension 'python_setup_py'
[1.902s] Level 1:colcon.colcon_core.package_identification:_identify(drivers/display/Adafruit_Python_SSD1306) by extensions ['ignore', 'ignore_ament_install']
[1.902s] Level 1:colcon.colcon_core.package_identification:_identify(drivers/display/Adafruit_Python_SSD1306) by extension 'ignore'
[1.902s] Level 1:colcon.colcon_core.package_identification:_identify(drivers/display/Adafruit_Python_SSD1306) by extension 'ignore_ament_install'
[1.902s] Level 1:colcon.colcon_core.package_identification:_identify(drivers/display/Adafruit_Python_SSD1306) by extensions ['colcon_pkg']
[1.902s] Level 1:colcon.colcon_core.package_identification:_identify(drivers/display/Adafruit_Python_SSD1306) by extension 'colcon_pkg'
[1.903s] Level 1:colcon.colcon_core.package_identification:_identify(drivers/display/Adafruit_Python_SSD1306) by extensions ['colcon_meta']
[1.903s] Level 1:colcon.colcon_core.package_identification:_identify(drivers/display/Adafruit_Python_SSD1306) by extension 'colcon_meta'
[1.903s] Level 1:colcon.colcon_core.package_identification:_identify(drivers/display/Adafruit_Python_SSD1306) by extensions ['ros']
[1.903s] Level 1:colcon.colcon_core.package_identification:_identify(drivers/display/Adafruit_Python_SSD1306) by extension 'ros'
[1.903s] Level 1:colcon.colcon_core.package_identification:_identify(drivers/display/Adafruit_Python_SSD1306) by extensions ['cmake', 'python']
[1.904s] Level 1:colcon.colcon_core.package_identification:_identify(drivers/display/Adafruit_Python_SSD1306) by extension 'cmake'
[1.904s] Level 1:colcon.colcon_core.package_identification:_identify(drivers/display/Adafruit_Python_SSD1306) by extension 'python'
[1.904s] Level 1:colcon.colcon_core.package_identification:_identify(drivers/display/Adafruit_Python_SSD1306) by extensions ['python_setup_py']
[1.904s] Level 1:colcon.colcon_core.package_identification:_identify(drivers/display/Adafruit_Python_SSD1306) by extension 'python_setup_py'
