[10.506s] Invoking command in '/home/jetson/EVC/workshops/final_project_v3/behaviors/aruco_parking/aruco_parking': PYTHONPATH=/home/jetson/EVC/workshops/final_project_v3/build/aruco_parking/prefix_override:/usr/lib/python3/dist-packages/colcon_core/task/python/colcon_distutils_commands:/home/jetson/EVC/workshops/final_project_v3/install/aruco_parking/lib/python3.8/site-packages:${PYTHONPATH} /usr/bin/python3 -W ignore:setup.py install is deprecated -W ignore:easy_install command is deprecated setup.py egg_info --egg-base ../../../build/aruco_parking build --build-base /home/jetson/EVC/workshops/final_project_v3/build/aruco_parking/build install --record /home/jetson/EVC/workshops/final_project_v3/build/aruco_parking/install.log --single-version-externally-managed install_data
[12.635s] running egg_info
[12.637s] writing ../../../build/aruco_parking/aruco_parking.egg-info/PKG-INFO
[12.645s] writing dependency_links to ../../../build/aruco_parking/aruco_parking.egg-info/dependency_links.txt
[12.646s] writing entry points to ../../../build/aruco_parking/aruco_parking.egg-info/entry_points.txt
[12.646s] writing requirements to ../../../build/aruco_parking/aruco_parking.egg-info/requires.txt
[12.647s] writing top-level names to ../../../build/aruco_parking/aruco_parking.egg-info/top_level.txt
[12.674s] reading manifest file '../../../build/aruco_parking/aruco_parking.egg-info/SOURCES.txt'
[12.682s] writing manifest file '../../../build/aruco_parking/aruco_parking.egg-info/SOURCES.txt'
[12.690s] running build
[12.690s] running build_py
[12.694s] running install
[12.702s] running install_lib
[12.722s] running install_data
[12.724s] running install_egg_info
[12.735s] removing '/home/jetson/EVC/workshops/final_project_v3/install/aruco_parking/lib/python3.8/site-packages/aruco_parking-0.0.0-py3.8.egg-info' (and everything under it)
[12.740s] Copying ../../../build/aruco_parking/aruco_parking.egg-info to /home/jetson/EVC/workshops/final_project_v3/install/aruco_parking/lib/python3.8/site-packages/aruco_parking-0.0.0-py3.8.egg-info
[12.756s] running install_scripts
[12.964s] Installing aruco_detector_node script to /home/jetson/EVC/workshops/final_project_v3/install/aruco_parking/lib/aruco_parking
[12.965s] writing list of installed files to '/home/jetson/EVC/workshops/final_project_v3/build/aruco_parking/install.log'
[13.333s] Invoked command in '/home/jetson/EVC/workshops/final_project_v3/behaviors/aruco_parking/aruco_parking' returned '0': PYTHONPATH=/home/jetson/EVC/workshops/final_project_v3/build/aruco_parking/prefix_override:/usr/lib/python3/dist-packages/colcon_core/task/python/colcon_distutils_commands:/home/jetson/EVC/workshops/final_project_v3/install/aruco_parking/lib/python3.8/site-packages:${PYTHONPATH} /usr/bin/python3 -W ignore:setup.py install is deprecated -W ignore:easy_install command is deprecated setup.py egg_info --egg-base ../../../build/aruco_parking build --build-base /home/jetson/EVC/workshops/final_project_v3/build/aruco_parking/build install --record /home/jetson/EVC/workshops/final_project_v3/build/aruco_parking/install.log --single-version-externally-managed install_data
