[5.666s] Invoking command in '/home/jetson/EVC/workshops/final_project_v5/behaviors/goal_navigation/goal_navigation': AMENT_PREFIX_PATH=/home/jetson/EVC/workshops/final_project_v5/install/motor_control:/home/jetson/EVC/workshops/final_project_v5/install/jetson_camera:${AMENT_PREFIX_PATH} JETSON_P_NUMBER=pders- PYTHONPATH=/home/jetson/EVC/workshops/final_project_v5/build/goal_navigation/prefix_override:/usr/lib/python3/dist-packages/colcon_core/task/python/colcon_distutils_commands:/home/jetson/EVC/workshops/final_project_v5/install/goal_navigation/lib/python3.8/site-packages:/home/jetson/EVC/workshops/final_project_v5/install/motor_control/lib/python3.8/site-packages:/home/jetson/EVC/workshops/final_project_v5/install/jetson_camera/lib/python3.8/site-packages:${PYTHONPATH} /usr/bin/python3 -W ignore:setup.py install is deprecated -W ignore:easy_install command is deprecated setup.py egg_info --egg-base ../../../build/goal_navigation build --build-base /home/jetson/EVC/workshops/final_project_v5/build/goal_navigation/build install --record /home/jetson/EVC/workshops/final_project_v5/build/goal_navigation/install.log --single-version-externally-managed install_data
[6.885s] running egg_info
[6.888s] writing ../../../build/goal_navigation/goal_navigation.egg-info/PKG-INFO
[6.890s] writing dependency_links to ../../../build/goal_navigation/goal_navigation.egg-info/dependency_links.txt
[6.892s] writing entry points to ../../../build/goal_navigation/goal_navigation.egg-info/entry_points.txt
[6.893s] writing requirements to ../../../build/goal_navigation/goal_navigation.egg-info/requires.txt
[6.893s] writing top-level names to ../../../build/goal_navigation/goal_navigation.egg-info/top_level.txt
[6.910s] reading manifest file '../../../build/goal_navigation/goal_navigation.egg-info/SOURCES.txt'
[6.915s] writing manifest file '../../../build/goal_navigation/goal_navigation.egg-info/SOURCES.txt'
[6.916s] running build
[6.917s] running build_py
[6.919s] copying goal_navigation/go_to_goal_node.py -> /home/jetson/EVC/workshops/final_project_v5/build/goal_navigation/build/lib/goal_navigation
[6.920s] running install
[6.923s] running install_lib
[6.929s] copying /home/jetson/EVC/workshops/final_project_v5/build/goal_navigation/build/lib/goal_navigation/go_to_goal_node.py -> /home/jetson/EVC/workshops/final_project_v5/install/goal_navigation/lib/python3.8/site-packages/goal_navigation
[6.932s] byte-compiling /home/jetson/EVC/workshops/final_project_v5/install/goal_navigation/lib/python3.8/site-packages/goal_navigation/go_to_goal_node.py to go_to_goal_node.cpython-38.pyc
[6.956s] running install_data
[6.962s] running install_egg_info
[6.973s] removing '/home/jetson/EVC/workshops/final_project_v5/install/goal_navigation/lib/python3.8/site-packages/goal_navigation-0.0.0-py3.8.egg-info' (and everything under it)
[6.974s] Copying ../../../build/goal_navigation/goal_navigation.egg-info to /home/jetson/EVC/workshops/final_project_v5/install/goal_navigation/lib/python3.8/site-packages/goal_navigation-0.0.0-py3.8.egg-info
[6.976s] running install_scripts
[7.064s] Installing go_to_goal_node script to /home/jetson/EVC/workshops/final_project_v5/install/goal_navigation/lib/goal_navigation
[7.065s] Installing telemetry_overlay_node script to /home/jetson/EVC/workshops/final_project_v5/install/goal_navigation/lib/goal_navigation
[7.066s] writing list of installed files to '/home/jetson/EVC/workshops/final_project_v5/build/goal_navigation/install.log'
[7.161s] Invoked command in '/home/jetson/EVC/workshops/final_project_v5/behaviors/goal_navigation/goal_navigation' returned '0': AMENT_PREFIX_PATH=/home/jetson/EVC/workshops/final_project_v5/install/motor_control:/home/jetson/EVC/workshops/final_project_v5/install/jetson_camera:${AMENT_PREFIX_PATH} JETSON_P_NUMBER=pders- PYTHONPATH=/home/jetson/EVC/workshops/final_project_v5/build/goal_navigation/prefix_override:/usr/lib/python3/dist-packages/colcon_core/task/python/colcon_distutils_commands:/home/jetson/EVC/workshops/final_project_v5/install/goal_navigation/lib/python3.8/site-packages:/home/jetson/EVC/workshops/final_project_v5/install/motor_control/lib/python3.8/site-packages:/home/jetson/EVC/workshops/final_project_v5/install/jetson_camera/lib/python3.8/site-packages:${PYTHONPATH} /usr/bin/python3 -W ignore:setup.py install is deprecated -W ignore:easy_install command is deprecated setup.py egg_info --egg-base ../../../build/goal_navigation build --build-base /home/jetson/EVC/workshops/final_project_v5/build/goal_navigation/build install --record /home/jetson/EVC/workshops/final_project_v5/build/goal_navigation/install.log --single-version-externally-managed install_data
