running egg_info
creating ../../../build/line_following/line_following.egg-info
writing ../../../build/line_following/line_following.egg-info/PKG-INFO
writing dependency_links to ../../../build/line_following/line_following.egg-info/dependency_links.txt
writing entry points to ../../../build/line_following/line_following.egg-info/entry_points.txt
writing requirements to ../../../build/line_following/line_following.egg-info/requires.txt
writing top-level names to ../../../build/line_following/line_following.egg-info/top_level.txt
writing manifest file '../../../build/line_following/line_following.egg-info/SOURCES.txt'
reading manifest file '../../../build/line_following/line_following.egg-info/SOURCES.txt'
writing manifest file '../../../build/line_following/line_following.egg-info/SOURCES.txt'
running build
running build_py
creating /home/jetson/EVC/workshops/final_project_v3/build/line_following/build
creating /home/jetson/EVC/workshops/final_project_v3/build/line_following/build/lib
creating /home/jetson/EVC/workshops/final_project_v3/build/line_following/build/lib/line_following
copying line_following/navigator_node.py -> /home/jetson/EVC/workshops/final_project_v3/build/line_following/build/lib/line_following
copying line_following/angular_tracker_node.py -> /home/jetson/EVC/workshops/final_project_v3/build/line_following/build/lib/line_following
copying line_following/__init__.py -> /home/jetson/EVC/workshops/final_project_v3/build/line_following/build/lib/line_following
copying line_following/line_tracker_node.py -> /home/jetson/EVC/workshops/final_project_v3/build/line_following/build/lib/line_following
running install
running install_lib
creating /home/jetson/EVC/workshops/final_project_v3/install/line_following/lib/python3.8/site-packages/line_following
copying /home/jetson/EVC/workshops/final_project_v3/build/line_following/build/lib/line_following/navigator_node.py -> /home/jetson/EVC/workshops/final_project_v3/install/line_following/lib/python3.8/site-packages/line_following
copying /home/jetson/EVC/workshops/final_project_v3/build/line_following/build/lib/line_following/angular_tracker_node.py -> /home/jetson/EVC/workshops/final_project_v3/install/line_following/lib/python3.8/site-packages/line_following
copying /home/jetson/EVC/workshops/final_project_v3/build/line_following/build/lib/line_following/__init__.py -> /home/jetson/EVC/workshops/final_project_v3/install/line_following/lib/python3.8/site-packages/line_following
copying /home/jetson/EVC/workshops/final_project_v3/build/line_following/build/lib/line_following/line_tracker_node.py -> /home/jetson/EVC/workshops/final_project_v3/install/line_following/lib/python3.8/site-packages/line_following
byte-compiling /home/jetson/EVC/workshops/final_project_v3/install/line_following/lib/python3.8/site-packages/line_following/navigator_node.py to navigator_node.cpython-38.pyc
byte-compiling /home/jetson/EVC/workshops/final_project_v3/install/line_following/lib/python3.8/site-packages/line_following/angular_tracker_node.py to angular_tracker_node.cpython-38.pyc
byte-compiling /home/jetson/EVC/workshops/final_project_v3/install/line_following/lib/python3.8/site-packages/line_following/__init__.py to __init__.cpython-38.pyc
byte-compiling /home/jetson/EVC/workshops/final_project_v3/install/line_following/lib/python3.8/site-packages/line_following/line_tracker_node.py to line_tracker_node.cpython-38.pyc
running install_data
creating /home/jetson/EVC/workshops/final_project_v3/install/line_following/share/ament_index
creating /home/jetson/EVC/workshops/final_project_v3/install/line_following/share/ament_index/resource_index
creating /home/jetson/EVC/workshops/final_project_v3/install/line_following/share/ament_index/resource_index/packages
copying resource/line_following -> /home/jetson/EVC/workshops/final_project_v3/install/line_following/share/ament_index/resource_index/packages
copying package.xml -> /home/jetson/EVC/workshops/final_project_v3/install/line_following/share/line_following
creating /home/jetson/EVC/workshops/final_project_v3/install/line_following/share/line_following/config
copying config/line_following.yaml -> /home/jetson/EVC/workshops/final_project_v3/install/line_following/share/line_following/config
creating /home/jetson/EVC/workshops/final_project_v3/install/line_following/share/line_following/launch
copying launch/full_mission.launch.py -> /home/jetson/EVC/workshops/final_project_v3/install/line_following/share/line_following/launch
copying launch/line_following.launch.py -> /home/jetson/EVC/workshops/final_project_v3/install/line_following/share/line_following/launch
running install_egg_info
Copying ../../../build/line_following/line_following.egg-info to /home/jetson/EVC/workshops/final_project_v3/install/line_following/lib/python3.8/site-packages/line_following-0.0.0-py3.8.egg-info
running install_scripts
Installing angular_tracker script to /home/jetson/EVC/workshops/final_project_v3/install/line_following/lib/line_following
Installing line_tracker script to /home/jetson/EVC/workshops/final_project_v3/install/line_following/lib/line_following
Installing navigator script to /home/jetson/EVC/workshops/final_project_v3/install/line_following/lib/line_following
writing list of installed files to '/home/jetson/EVC/workshops/final_project_v3/build/line_following/install.log'
