[4.602s] Invoking command in '/home/jetson/EVC/workshops/final_project_v5/behaviors/color_detection/color_detection_mode': AMENT_PREFIX_PATH=/home/jetson/EVC/workshops/final_project_v5/install/jetson_camera_interfaces:${AMENT_PREFIX_PATH} CMAKE_PREFIX_PATH=/home/jetson/EVC/workshops/final_project_v5/install/jetson_camera_interfaces LD_LIBRARY_PATH=/home/jetson/EVC/workshops/final_project_v5/install/jetson_camera_interfaces/lib:/opt/ros/foxy/opt/yaml_cpp_vendor/lib:/opt/ros/foxy/lib/aarch64-linux-gnu:/opt/ros/foxy/lib:/usr/local/cuda/lib64 PYTHONPATH=/home/jetson/EVC/workshops/final_project_v5/build/color_detection_mode/prefix_override:/usr/lib/python3/dist-packages/colcon_core/task/python/colcon_distutils_commands:/home/jetson/EVC/workshops/final_project_v5/install/color_detection_mode/lib/python3.8/site-packages:/home/jetson/EVC/workshops/final_project_v5/install/jetson_camera_interfaces/lib/python3.8/site-packages:${PYTHONPATH} /usr/bin/python3 -W ignore:setup.py install is deprecated -W ignore:easy_install command is deprecated setup.py egg_info --egg-base ../../../build/color_detection_mode build --build-base /home/jetson/EVC/workshops/final_project_v5/build/color_detection_mode/build install --record /home/jetson/EVC/workshops/final_project_v5/build/color_detection_mode/install.log --single-version-externally-managed install_data
[5.845s] running egg_info
[5.850s] writing ../../../build/color_detection_mode/color_detection_mode.egg-info/PKG-INFO
[5.851s] writing dependency_links to ../../../build/color_detection_mode/color_detection_mode.egg-info/dependency_links.txt
[5.851s] writing entry points to ../../../build/color_detection_mode/color_detection_mode.egg-info/entry_points.txt
[5.852s] writing requirements to ../../../build/color_detection_mode/color_detection_mode.egg-info/requires.txt
[5.853s] writing top-level names to ../../../build/color_detection_mode/color_detection_mode.egg-info/top_level.txt
[5.866s] reading manifest file '../../../build/color_detection_mode/color_detection_mode.egg-info/SOURCES.txt'
[5.871s] writing manifest file '../../../build/color_detection_mode/color_detection_mode.egg-info/SOURCES.txt'
[5.875s] running build
[5.877s] running build_py
[5.878s] running install
[5.879s] running install_lib
[5.883s] running install_data
[5.886s] running install_egg_info
[5.895s] removing '/home/jetson/EVC/workshops/final_project_v5/install/color_detection_mode/lib/python3.8/site-packages/color_detection_mode-0.0.0-py3.8.egg-info' (and everything under it)
[5.896s] Copying ../../../build/color_detection_mode/color_detection_mode.egg-info to /home/jetson/EVC/workshops/final_project_v5/install/color_detection_mode/lib/python3.8/site-packages/color_detection_mode-0.0.0-py3.8.egg-info
[5.903s] running install_scripts
[5.982s] Installing color_detection_node script to /home/jetson/EVC/workshops/final_project_v5/install/color_detection_mode/lib/color_detection_mode
[5.983s] Installing go_stop_node script to /home/jetson/EVC/workshops/final_project_v5/install/color_detection_mode/lib/color_detection_mode
[5.984s] writing list of installed files to '/home/jetson/EVC/workshops/final_project_v5/build/color_detection_mode/install.log'
[6.084s] Invoked command in '/home/jetson/EVC/workshops/final_project_v5/behaviors/color_detection/color_detection_mode' returned '0': AMENT_PREFIX_PATH=/home/jetson/EVC/workshops/final_project_v5/install/jetson_camera_interfaces:${AMENT_PREFIX_PATH} CMAKE_PREFIX_PATH=/home/jetson/EVC/workshops/final_project_v5/install/jetson_camera_interfaces LD_LIBRARY_PATH=/home/jetson/EVC/workshops/final_project_v5/install/jetson_camera_interfaces/lib:/opt/ros/foxy/opt/yaml_cpp_vendor/lib:/opt/ros/foxy/lib/aarch64-linux-gnu:/opt/ros/foxy/lib:/usr/local/cuda/lib64 PYTHONPATH=/home/jetson/EVC/workshops/final_project_v5/build/color_detection_mode/prefix_override:/usr/lib/python3/dist-packages/colcon_core/task/python/colcon_distutils_commands:/home/jetson/EVC/workshops/final_project_v5/install/color_detection_mode/lib/python3.8/site-packages:/home/jetson/EVC/workshops/final_project_v5/install/jetson_camera_interfaces/lib/python3.8/site-packages:${PYTHONPATH} /usr/bin/python3 -W ignore:setup.py install is deprecated -W ignore:easy_install command is deprecated setup.py egg_info --egg-base ../../../build/color_detection_mode build --build-base /home/jetson/EVC/workshops/final_project_v5/build/color_detection_mode/build install --record /home/jetson/EVC/workshops/final_project_v5/build/color_detection_mode/install.log --single-version-externally-managed install_data
