[3.623s] Invoking command in '/home/jetson/EVC/workshops/final_project_map_v2/final_project_v4/behaviors/color_detection/color_detection_mode': AMENT_PREFIX_PATH=/home/jetson/EVC/workshops/final_project_v3/install/jetson_camera_interfaces:${AMENT_PREFIX_PATH} CMAKE_PREFIX_PATH=/home/jetson/EVC/workshops/final_project_map_v2/final_project_v4/install/jetson_camera_interfaces LD_LIBRARY_PATH=/home/jetson/EVC/workshops/final_project_v3/install/jetson_camera_interfaces/lib:/home/jetson/EVC/workshops/final_project_map_v2/final_project_v4/install/jetson_camera_interfaces/lib:/opt/ros/foxy/opt/yaml_cpp_vendor/lib:/opt/ros/foxy/lib/aarch64-linux-gnu:/opt/ros/foxy/lib:/usr/local/cuda/lib64 PYTHONPATH=/home/jetson/EVC/workshops/final_project_map_v2/final_project_v4/build/color_detection_mode/prefix_override:/usr/lib/python3/dist-packages/colcon_core/task/python/colcon_distutils_commands:/home/jetson/EVC/workshops/final_project_map_v2/final_project_v4/install/color_detection_mode/lib/python3.8/site-packages:/home/jetson/EVC/workshops/final_project_v3/install/jetson_camera_interfaces/lib/python3.8/site-packages:/home/jetson/EVC/workshops/final_project_map_v2/final_project_v4/install/jetson_camera_interfaces/lib/python3.8/site-packages:${PYTHONPATH} /usr/bin/python3 -W ignore:setup.py install is deprecated -W ignore:easy_install command is deprecated setup.py egg_info --egg-base ../../../build/color_detection_mode build --build-base /home/jetson/EVC/workshops/final_project_map_v2/final_project_v4/build/color_detection_mode/build install --record /home/jetson/EVC/workshops/final_project_map_v2/final_project_v4/build/color_detection_mode/install.log --single-version-externally-managed install_data
[4.681s] running egg_info
[4.684s] writing ../../../build/color_detection_mode/color_detection_mode.egg-info/PKG-INFO
[4.685s] writing dependency_links to ../../../build/color_detection_mode/color_detection_mode.egg-info/dependency_links.txt
[4.686s] writing entry points to ../../../build/color_detection_mode/color_detection_mode.egg-info/entry_points.txt
[4.686s] writing requirements to ../../../build/color_detection_mode/color_detection_mode.egg-info/requires.txt
[4.687s] writing top-level names to ../../../build/color_detection_mode/color_detection_mode.egg-info/top_level.txt
[4.697s] reading manifest file '../../../build/color_detection_mode/color_detection_mode.egg-info/SOURCES.txt'
[4.731s] writing manifest file '../../../build/color_detection_mode/color_detection_mode.egg-info/SOURCES.txt'
[4.731s] running build
[4.732s] running build_py
[4.733s] running install
[4.736s] running install_lib
[4.742s] running install_data
[4.743s] running install_egg_info
[4.749s] removing '/home/jetson/EVC/workshops/final_project_map_v2/final_project_v4/install/color_detection_mode/lib/python3.8/site-packages/color_detection_mode-0.0.0-py3.8.egg-info' (and everything under it)
[4.750s] Copying ../../../build/color_detection_mode/color_detection_mode.egg-info to /home/jetson/EVC/workshops/final_project_map_v2/final_project_v4/install/color_detection_mode/lib/python3.8/site-packages/color_detection_mode-0.0.0-py3.8.egg-info
[4.755s] running install_scripts
[4.838s] Installing color_detection_node script to /home/jetson/EVC/workshops/final_project_map_v2/final_project_v4/install/color_detection_mode/lib/color_detection_mode
[4.839s] Installing go_stop_node script to /home/jetson/EVC/workshops/final_project_map_v2/final_project_v4/install/color_detection_mode/lib/color_detection_mode
[4.840s] writing list of installed files to '/home/jetson/EVC/workshops/final_project_map_v2/final_project_v4/build/color_detection_mode/install.log'
[4.933s] Invoked command in '/home/jetson/EVC/workshops/final_project_map_v2/final_project_v4/behaviors/color_detection/color_detection_mode' returned '0': AMENT_PREFIX_PATH=/home/jetson/EVC/workshops/final_project_v3/install/jetson_camera_interfaces:${AMENT_PREFIX_PATH} CMAKE_PREFIX_PATH=/home/jetson/EVC/workshops/final_project_map_v2/final_project_v4/install/jetson_camera_interfaces LD_LIBRARY_PATH=/home/jetson/EVC/workshops/final_project_v3/install/jetson_camera_interfaces/lib:/home/jetson/EVC/workshops/final_project_map_v2/final_project_v4/install/jetson_camera_interfaces/lib:/opt/ros/foxy/opt/yaml_cpp_vendor/lib:/opt/ros/foxy/lib/aarch64-linux-gnu:/opt/ros/foxy/lib:/usr/local/cuda/lib64 PYTHONPATH=/home/jetson/EVC/workshops/final_project_map_v2/final_project_v4/build/color_detection_mode/prefix_override:/usr/lib/python3/dist-packages/colcon_core/task/python/colcon_distutils_commands:/home/jetson/EVC/workshops/final_project_map_v2/final_project_v4/install/color_detection_mode/lib/python3.8/site-packages:/home/jetson/EVC/workshops/final_project_v3/install/jetson_camera_interfaces/lib/python3.8/site-packages:/home/jetson/EVC/workshops/final_project_map_v2/final_project_v4/install/jetson_camera_interfaces/lib/python3.8/site-packages:${PYTHONPATH} /usr/bin/python3 -W ignore:setup.py install is deprecated -W ignore:easy_install command is deprecated setup.py egg_info --egg-base ../../../build/color_detection_mode build --build-base /home/jetson/EVC/workshops/final_project_map_v2/final_project_v4/build/color_detection_mode/build install --record /home/jetson/EVC/workshops/final_project_map_v2/final_project_v4/build/color_detection_mode/install.log --single-version-externally-managed install_data
