[8.012s] Invoking command in '/home/jetson/EVC/workshops/final_project_v4/behaviors/aruco_parking/aruco_parking': JETSON_P_NUMBER=pors:- PYTHONPATH=/home/jetson/EVC/workshops/final_project_v4/build/aruco_parking/prefix_override:/usr/lib/python3/dist-packages/colcon_core/task/python/colcon_distutils_commands:/home/jetson/EVC/workshops/final_project_v4/install/aruco_parking/lib/python3.8/site-packages:${PYTHONPATH} /usr/bin/python3 -W ignore:setup.py install is deprecated -W ignore:easy_install command is deprecated setup.py egg_info --egg-base ../../../build/aruco_parking build --build-base /home/jetson/EVC/workshops/final_project_v4/build/aruco_parking/build install --record /home/jetson/EVC/workshops/final_project_v4/build/aruco_parking/install.log --single-version-externally-managed install_data
[9.369s] running egg_info
[9.373s] writing ../../../build/aruco_parking/aruco_parking.egg-info/PKG-INFO
[9.374s] writing dependency_links to ../../../build/aruco_parking/aruco_parking.egg-info/dependency_links.txt
[9.375s] writing entry points to ../../../build/aruco_parking/aruco_parking.egg-info/entry_points.txt
[9.377s] writing requirements to ../../../build/aruco_parking/aruco_parking.egg-info/requires.txt
[9.377s] writing top-level names to ../../../build/aruco_parking/aruco_parking.egg-info/top_level.txt
[9.392s] reading manifest file '../../../build/aruco_parking/aruco_parking.egg-info/SOURCES.txt'
[9.398s] writing manifest file '../../../build/aruco_parking/aruco_parking.egg-info/SOURCES.txt'
[9.398s] running build
[9.399s] running build_py
[9.400s] running install
[9.403s] running install_lib
[9.410s] running install_data
[9.411s] running install_egg_info
[9.419s] removing '/home/jetson/EVC/workshops/final_project_v4/install/aruco_parking/lib/python3.8/site-packages/aruco_parking-0.0.0-py3.8.egg-info' (and everything under it)
[9.421s] Copying ../../../build/aruco_parking/aruco_parking.egg-info to /home/jetson/EVC/workshops/final_project_v4/install/aruco_parking/lib/python3.8/site-packages/aruco_parking-0.0.0-py3.8.egg-info
[9.425s] running install_scripts
[9.516s] Installing aruco_detector_node script to /home/jetson/EVC/workshops/final_project_v4/install/aruco_parking/lib/aruco_parking
[9.517s] writing list of installed files to '/home/jetson/EVC/workshops/final_project_v4/build/aruco_parking/install.log'
[9.704s] Invoked command in '/home/jetson/EVC/workshops/final_project_v4/behaviors/aruco_parking/aruco_parking' returned '0': JETSON_P_NUMBER=pors:- PYTHONPATH=/home/jetson/EVC/workshops/final_project_v4/build/aruco_parking/prefix_override:/usr/lib/python3/dist-packages/colcon_core/task/python/colcon_distutils_commands:/home/jetson/EVC/workshops/final_project_v4/install/aruco_parking/lib/python3.8/site-packages:${PYTHONPATH} /usr/bin/python3 -W ignore:setup.py install is deprecated -W ignore:easy_install command is deprecated setup.py egg_info --egg-base ../../../build/aruco_parking build --build-base /home/jetson/EVC/workshops/final_project_v4/build/aruco_parking/build install --record /home/jetson/EVC/workshops/final_project_v4/build/aruco_parking/install.log --single-version-externally-managed install_data
