[4.236s] Invoking command in '/home/jetson/EVC/workshops/final_project_v4/behaviors/line_following/line_following': JETSON_P_NUMBER=pors:- PYTHONPATH=/home/jetson/EVC/workshops/final_project_v4/build/line_following/prefix_override:/usr/lib/python3/dist-packages/colcon_core/task/python/colcon_distutils_commands:/home/jetson/EVC/workshops/final_project_v4/install/line_following/lib/python3.8/site-packages:${PYTHONPATH} /usr/bin/python3 -W ignore:setup.py install is deprecated -W ignore:easy_install command is deprecated setup.py egg_info --egg-base ../../../build/line_following build --build-base /home/jetson/EVC/workshops/final_project_v4/build/line_following/build install --record /home/jetson/EVC/workshops/final_project_v4/build/line_following/install.log --single-version-externally-managed install_data
[5.454s] running egg_info
[5.457s] writing ../../../build/line_following/line_following.egg-info/PKG-INFO
[5.458s] writing dependency_links to ../../../build/line_following/line_following.egg-info/dependency_links.txt
[5.460s] writing entry points to ../../../build/line_following/line_following.egg-info/entry_points.txt
[5.461s] writing requirements to ../../../build/line_following/line_following.egg-info/requires.txt
[5.462s] writing top-level names to ../../../build/line_following/line_following.egg-info/top_level.txt
[5.474s] reading manifest file '../../../build/line_following/line_following.egg-info/SOURCES.txt'
[5.480s] writing manifest file '../../../build/line_following/line_following.egg-info/SOURCES.txt'
[5.480s] running build
[5.481s] running build_py
[5.484s] running install
[5.487s] running install_lib
[5.495s] running install_data
[5.497s] running install_egg_info
[5.505s] removing '/home/jetson/EVC/workshops/final_project_v4/install/line_following/lib/python3.8/site-packages/line_following-0.0.0-py3.8.egg-info' (and everything under it)
[5.507s] Copying ../../../build/line_following/line_following.egg-info to /home/jetson/EVC/workshops/final_project_v4/install/line_following/lib/python3.8/site-packages/line_following-0.0.0-py3.8.egg-info
[5.512s] running install_scripts
[5.597s] Installing angular_tracker script to /home/jetson/EVC/workshops/final_project_v4/install/line_following/lib/line_following
[5.598s] Installing line_tracker script to /home/jetson/EVC/workshops/final_project_v4/install/line_following/lib/line_following
[5.599s] Installing navigator script to /home/jetson/EVC/workshops/final_project_v4/install/line_following/lib/line_following
[5.601s] writing list of installed files to '/home/jetson/EVC/workshops/final_project_v4/build/line_following/install.log'
[5.727s] Invoked command in '/home/jetson/EVC/workshops/final_project_v4/behaviors/line_following/line_following' returned '0': JETSON_P_NUMBER=pors:- PYTHONPATH=/home/jetson/EVC/workshops/final_project_v4/build/line_following/prefix_override:/usr/lib/python3/dist-packages/colcon_core/task/python/colcon_distutils_commands:/home/jetson/EVC/workshops/final_project_v4/install/line_following/lib/python3.8/site-packages:${PYTHONPATH} /usr/bin/python3 -W ignore:setup.py install is deprecated -W ignore:easy_install command is deprecated setup.py egg_info --egg-base ../../../build/line_following build --build-base /home/jetson/EVC/workshops/final_project_v4/build/line_following/build install --record /home/jetson/EVC/workshops/final_project_v4/build/line_following/install.log --single-version-externally-managed install_data
