running egg_info
writing ../../../build/color_detection_mode/color_detection_mode.egg-info/PKG-INFO
writing dependency_links to ../../../build/color_detection_mode/color_detection_mode.egg-info/dependency_links.txt
writing entry points to ../../../build/color_detection_mode/color_detection_mode.egg-info/entry_points.txt
writing requirements to ../../../build/color_detection_mode/color_detection_mode.egg-info/requires.txt
writing top-level names to ../../../build/color_detection_mode/color_detection_mode.egg-info/top_level.txt
reading manifest file '../../../build/color_detection_mode/color_detection_mode.egg-info/SOURCES.txt'
writing manifest file '../../../build/color_detection_mode/color_detection_mode.egg-info/SOURCES.txt'
running build
running build_py
running install
running install_lib
running install_data
running install_egg_info
removing '/home/jetson/EVC/workshops/final_project_v5/install/color_detection_mode/lib/python3.8/site-packages/color_detection_mode-0.0.0-py3.8.egg-info' (and everything under it)
Copying ../../../build/color_detection_mode/color_detection_mode.egg-info to /home/jetson/EVC/workshops/final_project_v5/install/color_detection_mode/lib/python3.8/site-packages/color_detection_mode-0.0.0-py3.8.egg-info
running install_scripts
Installing color_detection_node script to /home/jetson/EVC/workshops/final_project_v5/install/color_detection_mode/lib/color_detection_mode
Installing go_stop_node script to /home/jetson/EVC/workshops/final_project_v5/install/color_detection_mode/lib/color_detection_mode
writing list of installed files to '/home/jetson/EVC/workshops/final_project_v5/build/color_detection_mode/install.log'
