[5.699s] Invoking command in '/home/jetson/EVC/workshops/final_project_v3/behaviors/aruco_parking/aruco_parking': PYTHONPATH=/home/jetson/EVC/workshops/final_project_v3/build/aruco_parking/prefix_override:/usr/lib/python3/dist-packages/colcon_core/task/python/colcon_distutils_commands:/home/jetson/EVC/workshops/final_project_v3/install/aruco_parking/lib/python3.8/site-packages:${PYTHONPATH} /usr/bin/python3 -W ignore:setup.py install is deprecated -W ignore:easy_install command is deprecated setup.py egg_info --egg-base ../../../build/aruco_parking build --build-base /home/jetson/EVC/workshops/final_project_v3/build/aruco_parking/build install --record /home/jetson/EVC/workshops/final_project_v3/build/aruco_parking/install.log --single-version-externally-managed install_data
[6.846s] running egg_info
[6.848s] writing ../../../build/aruco_parking/aruco_parking.egg-info/PKG-INFO
[6.849s] writing dependency_links to ../../../build/aruco_parking/aruco_parking.egg-info/dependency_links.txt
[6.850s] writing entry points to ../../../build/aruco_parking/aruco_parking.egg-info/entry_points.txt
[6.850s] writing requirements to ../../../build/aruco_parking/aruco_parking.egg-info/requires.txt
[6.851s] writing top-level names to ../../../build/aruco_parking/aruco_parking.egg-info/top_level.txt
[6.862s] reading manifest file '../../../build/aruco_parking/aruco_parking.egg-info/SOURCES.txt'
[6.866s] writing manifest file '../../../build/aruco_parking/aruco_parking.egg-info/SOURCES.txt'
[6.867s] running build
[6.867s] running build_py
[6.868s] running install
[6.871s] running install_lib
[6.877s] running install_data
[6.878s] running install_egg_info
[6.886s] removing '/home/jetson/EVC/workshops/final_project_v3/install/aruco_parking/lib/python3.8/site-packages/aruco_parking-0.0.0-py3.8.egg-info' (and everything under it)
[6.887s] Copying ../../../build/aruco_parking/aruco_parking.egg-info to /home/jetson/EVC/workshops/final_project_v3/install/aruco_parking/lib/python3.8/site-packages/aruco_parking-0.0.0-py3.8.egg-info
[6.892s] running install_scripts
[6.975s] Installing aruco_detector_node script to /home/jetson/EVC/workshops/final_project_v3/install/aruco_parking/lib/aruco_parking
[6.989s] writing list of installed files to '/home/jetson/EVC/workshops/final_project_v3/build/aruco_parking/install.log'
[7.086s] Invoked command in '/home/jetson/EVC/workshops/final_project_v3/behaviors/aruco_parking/aruco_parking' returned '0': PYTHONPATH=/home/jetson/EVC/workshops/final_project_v3/build/aruco_parking/prefix_override:/usr/lib/python3/dist-packages/colcon_core/task/python/colcon_distutils_commands:/home/jetson/EVC/workshops/final_project_v3/install/aruco_parking/lib/python3.8/site-packages:${PYTHONPATH} /usr/bin/python3 -W ignore:setup.py install is deprecated -W ignore:easy_install command is deprecated setup.py egg_info --egg-base ../../../build/aruco_parking build --build-base /home/jetson/EVC/workshops/final_project_v3/build/aruco_parking/build install --record /home/jetson/EVC/workshops/final_project_v3/build/aruco_parking/install.log --single-version-externally-managed install_data
