[6.314s] Invoking command in '/home/jetson/EVC/workshops/final_project_v5/motion/control/motor_control': JETSON_P_NUMBER=pders- PYTHONPATH=/home/jetson/EVC/workshops/final_project_v5/build/motor_control/prefix_override:/usr/lib/python3/dist-packages/colcon_core/task/python/colcon_distutils_commands:/home/jetson/EVC/workshops/final_project_v5/install/motor_control/lib/python3.8/site-packages:${PYTHONPATH} /usr/bin/python3 -W ignore:setup.py install is deprecated -W ignore:easy_install command is deprecated setup.py egg_info --egg-base ../../../build/motor_control build --build-base /home/jetson/EVC/workshops/final_project_v5/build/motor_control/build install --record /home/jetson/EVC/workshops/final_project_v5/build/motor_control/install.log --install-scripts $base/lib/motor_control --single-version-externally-managed install_data
[7.440s] /usr/local/lib/python3.8/dist-packages/setuptools/dist.py:717: UserWarning: Usage of dash-separated 'script-dir' will not be supported in future versions. Please use the underscore name 'script_dir' instead
[7.441s]   warnings.warn(
[7.636s] running egg_info
[7.640s] writing ../../../build/motor_control/motor_control.egg-info/PKG-INFO
[7.641s] writing dependency_links to ../../../build/motor_control/motor_control.egg-info/dependency_links.txt
[7.642s] writing entry points to ../../../build/motor_control/motor_control.egg-info/entry_points.txt
[7.643s] writing requirements to ../../../build/motor_control/motor_control.egg-info/requires.txt
[7.644s] writing top-level names to ../../../build/motor_control/motor_control.egg-info/top_level.txt
[7.668s] reading manifest file '../../../build/motor_control/motor_control.egg-info/SOURCES.txt'
[7.677s] writing manifest file '../../../build/motor_control/motor_control.egg-info/SOURCES.txt'
[7.677s] running build
[7.678s] running build_py
[7.684s] running install
[7.689s] running install_lib
[7.701s] running install_data
[7.703s] running install_egg_info
[7.714s] removing '/home/jetson/EVC/workshops/final_project_v5/install/motor_control/lib/python3.8/site-packages/motor_control-0.0.0-py3.8.egg-info' (and everything under it)
[7.716s] Copying ../../../build/motor_control/motor_control.egg-info to /home/jetson/EVC/workshops/final_project_v5/install/motor_control/lib/python3.8/site-packages/motor_control-0.0.0-py3.8.egg-info
[7.725s] running install_scripts
[7.833s] Installing hand_follower script to /home/jetson/EVC/workshops/final_project_v5/install/motor_control/lib/motor_control
[7.834s] Installing imu_reader_node script to /home/jetson/EVC/workshops/final_project_v5/install/motor_control/lib/motor_control
[7.835s] Installing kinematics_node script to /home/jetson/EVC/workshops/final_project_v5/install/motor_control/lib/motor_control
[7.836s] Installing movement_node script to /home/jetson/EVC/workshops/final_project_v5/install/motor_control/lib/motor_control
[7.838s] Installing odometry_node script to /home/jetson/EVC/workshops/final_project_v5/install/motor_control/lib/motor_control
[7.839s] Installing pid_controller script to /home/jetson/EVC/workshops/final_project_v5/install/motor_control/lib/motor_control
[7.840s] Installing tof_reader_node script to /home/jetson/EVC/workshops/final_project_v5/install/motor_control/lib/motor_control
[7.842s] writing list of installed files to '/home/jetson/EVC/workshops/final_project_v5/build/motor_control/install.log'
[8.009s] Invoked command in '/home/jetson/EVC/workshops/final_project_v5/motion/control/motor_control' returned '0': JETSON_P_NUMBER=pders- PYTHONPATH=/home/jetson/EVC/workshops/final_project_v5/build/motor_control/prefix_override:/usr/lib/python3/dist-packages/colcon_core/task/python/colcon_distutils_commands:/home/jetson/EVC/workshops/final_project_v5/install/motor_control/lib/python3.8/site-packages:${PYTHONPATH} /usr/bin/python3 -W ignore:setup.py install is deprecated -W ignore:easy_install command is deprecated setup.py egg_info --egg-base ../../../build/motor_control build --build-base /home/jetson/EVC/workshops/final_project_v5/build/motor_control/build install --record /home/jetson/EVC/workshops/final_project_v5/build/motor_control/install.log --install-scripts $base/lib/motor_control --single-version-externally-managed install_data
