[4.956s] Invoking command in '/home/jetson/EVC/workshops/final_project_v5/behaviors/aruco_parking/aruco_parking': PYTHONPATH=/home/jetson/EVC/workshops/final_project_v5/build/aruco_parking/prefix_override:/usr/lib/python3/dist-packages/colcon_core/task/python/colcon_distutils_commands:/home/jetson/EVC/workshops/final_project_v5/install/aruco_parking/lib/python3.8/site-packages:${PYTHONPATH} /usr/bin/python3 -W ignore:setup.py install is deprecated -W ignore:easy_install command is deprecated setup.py egg_info --egg-base ../../../build/aruco_parking build --build-base /home/jetson/EVC/workshops/final_project_v5/build/aruco_parking/build install --record /home/jetson/EVC/workshops/final_project_v5/build/aruco_parking/install.log --single-version-externally-managed install_data
[6.259s] running egg_info
[6.261s] writing ../../../build/aruco_parking/aruco_parking.egg-info/PKG-INFO
[6.263s] writing dependency_links to ../../../build/aruco_parking/aruco_parking.egg-info/dependency_links.txt
[6.263s] writing entry points to ../../../build/aruco_parking/aruco_parking.egg-info/entry_points.txt
[6.264s] writing requirements to ../../../build/aruco_parking/aruco_parking.egg-info/requires.txt
[6.265s] writing top-level names to ../../../build/aruco_parking/aruco_parking.egg-info/top_level.txt
[6.278s] reading manifest file '../../../build/aruco_parking/aruco_parking.egg-info/SOURCES.txt'
[6.282s] writing manifest file '../../../build/aruco_parking/aruco_parking.egg-info/SOURCES.txt'
[6.282s] running build
[6.283s] running build_py
[6.283s] running install
[6.287s] running install_lib
[6.293s] running install_data
[6.294s] running install_egg_info
[6.303s] removing '/home/jetson/EVC/workshops/final_project_v5/install/aruco_parking/lib/python3.8/site-packages/aruco_parking-0.0.0-py3.8.egg-info' (and everything under it)
[6.304s] Copying ../../../build/aruco_parking/aruco_parking.egg-info to /home/jetson/EVC/workshops/final_project_v5/install/aruco_parking/lib/python3.8/site-packages/aruco_parking-0.0.0-py3.8.egg-info
[6.309s] running install_scripts
[6.407s] Installing aruco_detector_node script to /home/jetson/EVC/workshops/final_project_v5/install/aruco_parking/lib/aruco_parking
[6.407s] writing list of installed files to '/home/jetson/EVC/workshops/final_project_v5/build/aruco_parking/install.log'
[6.528s] Invoked command in '/home/jetson/EVC/workshops/final_project_v5/behaviors/aruco_parking/aruco_parking' returned '0': PYTHONPATH=/home/jetson/EVC/workshops/final_project_v5/build/aruco_parking/prefix_override:/usr/lib/python3/dist-packages/colcon_core/task/python/colcon_distutils_commands:/home/jetson/EVC/workshops/final_project_v5/install/aruco_parking/lib/python3.8/site-packages:${PYTHONPATH} /usr/bin/python3 -W ignore:setup.py install is deprecated -W ignore:easy_install command is deprecated setup.py egg_info --egg-base ../../../build/aruco_parking build --build-base /home/jetson/EVC/workshops/final_project_v5/build/aruco_parking/build install --record /home/jetson/EVC/workshops/final_project_v5/build/aruco_parking/install.log --single-version-externally-managed install_data
