[4.586s] Invoking command in '/home/jetson/EVC/workshops/final_project_v4/behaviors/line_following/line_following': PYTHONPATH=/home/jetson/EVC/workshops/final_project_v4/build/line_following/prefix_override:/usr/lib/python3/dist-packages/colcon_core/task/python/colcon_distutils_commands:/home/jetson/EVC/workshops/final_project_v4/install/line_following/lib/python3.8/site-packages:${PYTHONPATH} /usr/bin/python3 -W ignore:setup.py install is deprecated -W ignore:easy_install command is deprecated setup.py egg_info --egg-base ../../../build/line_following build --build-base /home/jetson/EVC/workshops/final_project_v4/build/line_following/build install --record /home/jetson/EVC/workshops/final_project_v4/build/line_following/install.log --single-version-externally-managed install_data
[5.872s] running egg_info
[5.875s] writing ../../../build/line_following/line_following.egg-info/PKG-INFO
[5.875s] writing dependency_links to ../../../build/line_following/line_following.egg-info/dependency_links.txt
[5.876s] writing entry points to ../../../build/line_following/line_following.egg-info/entry_points.txt
[5.877s] writing requirements to ../../../build/line_following/line_following.egg-info/requires.txt
[5.878s] writing top-level names to ../../../build/line_following/line_following.egg-info/top_level.txt
[5.891s] reading manifest file '../../../build/line_following/line_following.egg-info/SOURCES.txt'
[5.896s] writing manifest file '../../../build/line_following/line_following.egg-info/SOURCES.txt'
[5.896s] running build
[5.897s] running build_py
[5.897s] copying line_following/angular_tracker_node.py -> /home/jetson/EVC/workshops/final_project_v4/build/line_following/build/lib/line_following
[5.899s] copying line_following/line_tracker_node.py -> /home/jetson/EVC/workshops/final_project_v4/build/line_following/build/lib/line_following
[5.901s] running install
[5.905s] running install_lib
[5.909s] copying /home/jetson/EVC/workshops/final_project_v4/build/line_following/build/lib/line_following/angular_tracker_node.py -> /home/jetson/EVC/workshops/final_project_v4/install/line_following/lib/python3.8/site-packages/line_following
[5.911s] copying /home/jetson/EVC/workshops/final_project_v4/build/line_following/build/lib/line_following/line_tracker_node.py -> /home/jetson/EVC/workshops/final_project_v4/install/line_following/lib/python3.8/site-packages/line_following
[5.915s] byte-compiling /home/jetson/EVC/workshops/final_project_v4/install/line_following/lib/python3.8/site-packages/line_following/angular_tracker_node.py to angular_tracker_node.cpython-38.pyc
[5.918s] byte-compiling /home/jetson/EVC/workshops/final_project_v4/install/line_following/lib/python3.8/site-packages/line_following/line_tracker_node.py to line_tracker_node.cpython-38.pyc
[5.923s] running install_data
[5.925s] running install_egg_info
[5.933s] removing '/home/jetson/EVC/workshops/final_project_v4/install/line_following/lib/python3.8/site-packages/line_following-0.0.0-py3.8.egg-info' (and everything under it)
[5.934s] Copying ../../../build/line_following/line_following.egg-info to /home/jetson/EVC/workshops/final_project_v4/install/line_following/lib/python3.8/site-packages/line_following-0.0.0-py3.8.egg-info
[5.939s] running install_scripts
[6.025s] Installing angular_tracker script to /home/jetson/EVC/workshops/final_project_v4/install/line_following/lib/line_following
[6.028s] Installing line_tracker script to /home/jetson/EVC/workshops/final_project_v4/install/line_following/lib/line_following
[6.029s] Installing navigator script to /home/jetson/EVC/workshops/final_project_v4/install/line_following/lib/line_following
[6.031s] writing list of installed files to '/home/jetson/EVC/workshops/final_project_v4/build/line_following/install.log'
[6.170s] Invoked command in '/home/jetson/EVC/workshops/final_project_v4/behaviors/line_following/line_following' returned '0': PYTHONPATH=/home/jetson/EVC/workshops/final_project_v4/build/line_following/prefix_override:/usr/lib/python3/dist-packages/colcon_core/task/python/colcon_distutils_commands:/home/jetson/EVC/workshops/final_project_v4/install/line_following/lib/python3.8/site-packages:${PYTHONPATH} /usr/bin/python3 -W ignore:setup.py install is deprecated -W ignore:easy_install command is deprecated setup.py egg_info --egg-base ../../../build/line_following build --build-base /home/jetson/EVC/workshops/final_project_v4/build/line_following/build install --record /home/jetson/EVC/workshops/final_project_v4/build/line_following/install.log --single-version-externally-managed install_data
