/home/jetson/EVC/workshops/final_project_v5/install/motor_control/lib/python3.8/site-packages/motor_control/Adafruit_PWM_Servo_Driver.py
/home/jetson/EVC/workshops/final_project_v5/install/motor_control/lib/python3.8/site-packages/motor_control/imu_reader_node.py
/home/jetson/EVC/workshops/final_project_v5/install/motor_control/lib/python3.8/site-packages/motor_control/kinematics_node.py
/home/jetson/EVC/workshops/final_project_v5/install/motor_control/lib/python3.8/site-packages/motor_control/hat.py
/home/jetson/EVC/workshops/final_project_v5/install/motor_control/lib/python3.8/site-packages/motor_control/encoderDriver.py
/home/jetson/EVC/workshops/final_project_v5/install/motor_control/lib/python3.8/site-packages/motor_control/motorDriver.py
/home/jetson/EVC/workshops/final_project_v5/install/motor_control/lib/python3.8/site-packages/motor_control/hand_follower_node.py
/home/jetson/EVC/workshops/final_project_v5/install/motor_control/lib/python3.8/site-packages/motor_control/Adafruit_I2C.py
/home/jetson/EVC/workshops/final_project_v5/install/motor_control/lib/python3.8/site-packages/motor_control/pid_controller_node.py
/home/jetson/EVC/workshops/final_project_v5/install/motor_control/lib/python3.8/site-packages/motor_control/odometry_node.py
/home/jetson/EVC/workshops/final_project_v5/install/motor_control/lib/python3.8/site-packages/motor_control/tof_reader_node.py
/home/jetson/EVC/workshops/final_project_v5/install/motor_control/lib/python3.8/site-packages/motor_control/visualizer_node.py
/home/jetson/EVC/workshops/final_project_v5/install/motor_control/lib/python3.8/site-packages/motor_control/__init__.py
/home/jetson/EVC/workshops/final_project_v5/install/motor_control/lib/python3.8/site-packages/motor_control/movement_node.py
/home/jetson/EVC/workshops/final_project_v5/install/motor_control/lib/python3.8/site-packages/motor_control/__pycache__/Adafruit_PWM_Servo_Driver.cpython-38.pyc
/home/jetson/EVC/workshops/final_project_v5/install/motor_control/lib/python3.8/site-packages/motor_control/__pycache__/imu_reader_node.cpython-38.pyc
/home/jetson/EVC/workshops/final_project_v5/install/motor_control/lib/python3.8/site-packages/motor_control/__pycache__/kinematics_node.cpython-38.pyc
/home/jetson/EVC/workshops/final_project_v5/install/motor_control/lib/python3.8/site-packages/motor_control/__pycache__/hat.cpython-38.pyc
/home/jetson/EVC/workshops/final_project_v5/install/motor_control/lib/python3.8/site-packages/motor_control/__pycache__/encoderDriver.cpython-38.pyc
/home/jetson/EVC/workshops/final_project_v5/install/motor_control/lib/python3.8/site-packages/motor_control/__pycache__/motorDriver.cpython-38.pyc
/home/jetson/EVC/workshops/final_project_v5/install/motor_control/lib/python3.8/site-packages/motor_control/__pycache__/hand_follower_node.cpython-38.pyc
/home/jetson/EVC/workshops/final_project_v5/install/motor_control/lib/python3.8/site-packages/motor_control/__pycache__/Adafruit_I2C.cpython-38.pyc
/home/jetson/EVC/workshops/final_project_v5/install/motor_control/lib/python3.8/site-packages/motor_control/__pycache__/pid_controller_node.cpython-38.pyc
/home/jetson/EVC/workshops/final_project_v5/install/motor_control/lib/python3.8/site-packages/motor_control/__pycache__/odometry_node.cpython-38.pyc
/home/jetson/EVC/workshops/final_project_v5/install/motor_control/lib/python3.8/site-packages/motor_control/__pycache__/tof_reader_node.cpython-38.pyc
/home/jetson/EVC/workshops/final_project_v5/install/motor_control/lib/python3.8/site-packages/motor_control/__pycache__/visualizer_node.cpython-38.pyc
/home/jetson/EVC/workshops/final_project_v5/install/motor_control/lib/python3.8/site-packages/motor_control/__pycache__/__init__.cpython-38.pyc
/home/jetson/EVC/workshops/final_project_v5/install/motor_control/lib/python3.8/site-packages/motor_control/__pycache__/movement_node.cpython-38.pyc
/home/jetson/EVC/workshops/final_project_v5/install/motor_control/share/ament_index/resource_index/packages/motor_control
/home/jetson/EVC/workshops/final_project_v5/install/motor_control/share/motor_control/package.xml
/home/jetson/EVC/workshops/final_project_v5/install/motor_control/share/motor_control/config/kinematics.yaml
/home/jetson/EVC/workshops/final_project_v5/install/motor_control/share/motor_control/launch/kinematics_only.launch.py
/home/jetson/EVC/workshops/final_project_v5/install/motor_control/share/motor_control/launch/motor_control.launch.py
/home/jetson/EVC/workshops/final_project_v5/install/motor_control/lib/python3.8/site-packages/motor_control-0.0.0-py3.8.egg-info/top_level.txt
/home/jetson/EVC/workshops/final_project_v5/install/motor_control/lib/python3.8/site-packages/motor_control-0.0.0-py3.8.egg-info/entry_points.txt
/home/jetson/EVC/workshops/final_project_v5/install/motor_control/lib/python3.8/site-packages/motor_control-0.0.0-py3.8.egg-info/dependency_links.txt
/home/jetson/EVC/workshops/final_project_v5/install/motor_control/lib/python3.8/site-packages/motor_control-0.0.0-py3.8.egg-info/SOURCES.txt
/home/jetson/EVC/workshops/final_project_v5/install/motor_control/lib/python3.8/site-packages/motor_control-0.0.0-py3.8.egg-info/zip-safe
/home/jetson/EVC/workshops/final_project_v5/install/motor_control/lib/python3.8/site-packages/motor_control-0.0.0-py3.8.egg-info/PKG-INFO
/home/jetson/EVC/workshops/final_project_v5/install/motor_control/lib/python3.8/site-packages/motor_control-0.0.0-py3.8.egg-info/requires.txt
/home/jetson/EVC/workshops/final_project_v5/install/motor_control/lib/motor_control/hand_follower
/home/jetson/EVC/workshops/final_project_v5/install/motor_control/lib/motor_control/imu_reader_node
/home/jetson/EVC/workshops/final_project_v5/install/motor_control/lib/motor_control/kinematics_node
/home/jetson/EVC/workshops/final_project_v5/install/motor_control/lib/motor_control/movement_node
/home/jetson/EVC/workshops/final_project_v5/install/motor_control/lib/motor_control/odometry_node
/home/jetson/EVC/workshops/final_project_v5/install/motor_control/lib/motor_control/pid_controller
/home/jetson/EVC/workshops/final_project_v5/install/motor_control/lib/motor_control/tof_reader_node
