running egg_info
creating ../../../build/Adafruit_SSD1306/Adafruit_SSD1306.egg-info
writing ../../../build/Adafruit_SSD1306/Adafruit_SSD1306.egg-info/PKG-INFO
writing dependency_links to ../../../build/Adafruit_SSD1306/Adafruit_SSD1306.egg-info/dependency_links.txt
writing requirements to ../../../build/Adafruit_SSD1306/Adafruit_SSD1306.egg-info/requires.txt
writing top-level names to ../../../build/Adafruit_SSD1306/Adafruit_SSD1306.egg-info/top_level.txt
writing manifest file '../../../build/Adafruit_SSD1306/Adafruit_SSD1306.egg-info/SOURCES.txt'
reading manifest file '../../../build/Adafruit_SSD1306/Adafruit_SSD1306.egg-info/SOURCES.txt'
writing manifest file '../../../build/Adafruit_SSD1306/Adafruit_SSD1306.egg-info/SOURCES.txt'
running build
running build_py
creating /home/jetson/EVC/workshops/final_project_v5/build/Adafruit_SSD1306/build
creating /home/jetson/EVC/workshops/final_project_v5/build/Adafruit_SSD1306/build/lib
creating /home/jetson/EVC/workshops/final_project_v5/build/Adafruit_SSD1306/build/lib/Adafruit_SSD1306
copying Adafruit_SSD1306/SSD1306.py -> /home/jetson/EVC/workshops/final_project_v5/build/Adafruit_SSD1306/build/lib/Adafruit_SSD1306
copying Adafruit_SSD1306/__init__.py -> /home/jetson/EVC/workshops/final_project_v5/build/Adafruit_SSD1306/build/lib/Adafruit_SSD1306
running install
running install_lib
creating /home/jetson/EVC/workshops/final_project_v5/install/Adafruit_SSD1306/lib/python3.8/site-packages/Adafruit_SSD1306
copying /home/jetson/EVC/workshops/final_project_v5/build/Adafruit_SSD1306/build/lib/Adafruit_SSD1306/SSD1306.py -> /home/jetson/EVC/workshops/final_project_v5/install/Adafruit_SSD1306/lib/python3.8/site-packages/Adafruit_SSD1306
copying /home/jetson/EVC/workshops/final_project_v5/build/Adafruit_SSD1306/build/lib/Adafruit_SSD1306/__init__.py -> /home/jetson/EVC/workshops/final_project_v5/install/Adafruit_SSD1306/lib/python3.8/site-packages/Adafruit_SSD1306
byte-compiling /home/jetson/EVC/workshops/final_project_v5/install/Adafruit_SSD1306/lib/python3.8/site-packages/Adafruit_SSD1306/SSD1306.py to SSD1306.cpython-38.pyc
byte-compiling /home/jetson/EVC/workshops/final_project_v5/install/Adafruit_SSD1306/lib/python3.8/site-packages/Adafruit_SSD1306/__init__.py to __init__.cpython-38.pyc
running install_egg_info
Copying ../../../build/Adafruit_SSD1306/Adafruit_SSD1306.egg-info to /home/jetson/EVC/workshops/final_project_v5/install/Adafruit_SSD1306/lib/python3.8/site-packages/Adafruit_SSD1306-1.6.2-py3.8.egg-info
running install_scripts
writing list of installed files to '/home/jetson/EVC/workshops/final_project_v5/build/Adafruit_SSD1306/install.log'
