[4.929s] Invoking command in '/home/jetson/EVC/workshops/final_project_map/final_project_v4/motion/control/motor_control': PYTHONPATH=/home/jetson/EVC/workshops/final_project_map/final_project_v4/build/motor_control/prefix_override:/usr/lib/python3/dist-packages/colcon_core/task/python/colcon_distutils_commands:/home/jetson/EVC/workshops/final_project_map/final_project_v4/install/motor_control/lib/python3.8/site-packages:${PYTHONPATH} /usr/bin/python3 -W ignore:setup.py install is deprecated -W ignore:easy_install command is deprecated setup.py egg_info --egg-base ../../../build/motor_control build --build-base /home/jetson/EVC/workshops/final_project_map/final_project_v4/build/motor_control/build install --record /home/jetson/EVC/workshops/final_project_map/final_project_v4/build/motor_control/install.log --install-scripts $base/lib/motor_control --single-version-externally-managed install_data
[6.078s] /usr/local/lib/python3.8/dist-packages/setuptools/dist.py:717: UserWarning: Usage of dash-separated 'script-dir' will not be supported in future versions. Please use the underscore name 'script_dir' instead
[6.079s]   warnings.warn(
[6.393s] running egg_info
[6.398s] writing ../../../build/motor_control/motor_control.egg-info/PKG-INFO
[6.399s] writing dependency_links to ../../../build/motor_control/motor_control.egg-info/dependency_links.txt
[6.400s] writing entry points to ../../../build/motor_control/motor_control.egg-info/entry_points.txt
[6.401s] writing requirements to ../../../build/motor_control/motor_control.egg-info/requires.txt
[6.402s] writing top-level names to ../../../build/motor_control/motor_control.egg-info/top_level.txt
[6.416s] reading manifest file '../../../build/motor_control/motor_control.egg-info/SOURCES.txt'
[6.422s] writing manifest file '../../../build/motor_control/motor_control.egg-info/SOURCES.txt'
[6.423s] running build
[6.424s] running build_py
[6.425s] copying motor_control/pid_controller_node.py -> /home/jetson/EVC/workshops/final_project_map/final_project_v4/build/motor_control/build/lib/motor_control
[6.426s] copying motor_control/odometry_node.py -> /home/jetson/EVC/workshops/final_project_map/final_project_v4/build/motor_control/build/lib/motor_control
[6.447s] running install
[6.453s] running install_lib
[6.453s] copying /home/jetson/EVC/workshops/final_project_map/final_project_v4/build/motor_control/build/lib/motor_control/pid_controller_node.py -> /home/jetson/EVC/workshops/final_project_map/final_project_v4/install/motor_control/lib/python3.8/site-packages/motor_control
[6.454s] copying /home/jetson/EVC/workshops/final_project_map/final_project_v4/build/motor_control/build/lib/motor_control/odometry_node.py -> /home/jetson/EVC/workshops/final_project_map/final_project_v4/install/motor_control/lib/python3.8/site-packages/motor_control
[6.455s] byte-compiling /home/jetson/EVC/workshops/final_project_map/final_project_v4/install/motor_control/lib/python3.8/site-packages/motor_control/pid_controller_node.py to pid_controller_node.cpython-38.pyc
[6.458s] byte-compiling /home/jetson/EVC/workshops/final_project_map/final_project_v4/install/motor_control/lib/python3.8/site-packages/motor_control/odometry_node.py to odometry_node.cpython-38.pyc
[6.459s] running install_data
[6.460s] copying config/kinematics.yaml -> /home/jetson/EVC/workshops/final_project_map/final_project_v4/install/motor_control/share/motor_control/config
[6.460s] running install_egg_info
[6.466s] removing '/home/jetson/EVC/workshops/final_project_map/final_project_v4/install/motor_control/lib/python3.8/site-packages/motor_control-0.0.0-py3.8.egg-info' (and everything under it)
[6.487s] Copying ../../../build/motor_control/motor_control.egg-info to /home/jetson/EVC/workshops/final_project_map/final_project_v4/install/motor_control/lib/python3.8/site-packages/motor_control-0.0.0-py3.8.egg-info
[6.488s] running install_scripts
[6.563s] Installing hand_follower script to /home/jetson/EVC/workshops/final_project_map/final_project_v4/install/motor_control/lib/motor_control
[6.564s] Installing kinematics_node script to /home/jetson/EVC/workshops/final_project_map/final_project_v4/install/motor_control/lib/motor_control
[6.564s] Installing movement_node script to /home/jetson/EVC/workshops/final_project_map/final_project_v4/install/motor_control/lib/motor_control
[6.565s] Installing odometry_node script to /home/jetson/EVC/workshops/final_project_map/final_project_v4/install/motor_control/lib/motor_control
[6.565s] Installing pid_controller script to /home/jetson/EVC/workshops/final_project_map/final_project_v4/install/motor_control/lib/motor_control
[6.566s] writing list of installed files to '/home/jetson/EVC/workshops/final_project_map/final_project_v4/build/motor_control/install.log'
[6.664s] Invoked command in '/home/jetson/EVC/workshops/final_project_map/final_project_v4/motion/control/motor_control' returned '0': PYTHONPATH=/home/jetson/EVC/workshops/final_project_map/final_project_v4/build/motor_control/prefix_override:/usr/lib/python3/dist-packages/colcon_core/task/python/colcon_distutils_commands:/home/jetson/EVC/workshops/final_project_map/final_project_v4/install/motor_control/lib/python3.8/site-packages:${PYTHONPATH} /usr/bin/python3 -W ignore:setup.py install is deprecated -W ignore:easy_install command is deprecated setup.py egg_info --egg-base ../../../build/motor_control build --build-base /home/jetson/EVC/workshops/final_project_map/final_project_v4/build/motor_control/build install --record /home/jetson/EVC/workshops/final_project_map/final_project_v4/build/motor_control/install.log --install-scripts $base/lib/motor_control --single-version-externally-managed install_data
