[6.069s] Invoking command in '/home/jetson/EVC/workshops/final_project_v5/behaviors/goal_navigation/goal_navigation': AMENT_PREFIX_PATH=/home/jetson/EVC/workshops/final_project_v5/install/motor_control:/home/jetson/EVC/workshops/final_project_v5/install/jetson_camera:/home/jetson/EVC/workshops/final_project_v5/install/goal_navigation:/home/jetson/EVC/workshops/final_project_v5/install/line_following:/home/jetson/EVC/workshops/final_project_v5/install/color_detection_mode:/home/jetson/EVC/workshops/final_project_v5/install/jetson_camera_interfaces:/home/jetson/EVC/workshops/final_project_v5/install/aruco_parking:/opt/ros/foxy JETSON_P_NUMBER=potor- PYTHONPATH=/home/jetson/EVC/workshops/final_project_v5/build/goal_navigation/prefix_override:/usr/lib/python3/dist-packages/colcon_core/task/python/colcon_distutils_commands:/home/jetson/EVC/workshops/final_project_v5/install/goal_navigation/lib/python3.8/site-packages:/home/jetson/EVC/workshops/final_project_v5/install/motor_control/lib/python3.8/site-packages:/home/jetson/EVC/workshops/final_project_v5/install/jetson_camera/lib/python3.8/site-packages:/home/jetson/EVC/workshops/final_project_v5/install/goal_navigation/lib/python3.8/site-packages:/home/jetson/EVC/workshops/final_project_v5/install/line_following/lib/python3.8/site-packages:/home/jetson/EVC/workshops/final_project_v5/install/color_detection_mode/lib/python3.8/site-packages:/home/jetson/EVC/workshops/final_project_v5/install/jetson_camera_interfaces/lib/python3.8/site-packages:/home/jetson/EVC/workshops/final_project_v5/install/aruco_parking/lib/python3.8/site-packages:/home/jetson/EVC/workshops/final_project_v5/install/Adafruit_SSD1306/lib/python3.8/site-packages:/opt/ros/foxy/lib/python3.8/site-packages /usr/bin/python3 -W ignore:setup.py install is deprecated -W ignore:easy_install command is deprecated setup.py egg_info --egg-base ../../../build/goal_navigation build --build-base /home/jetson/EVC/workshops/final_project_v5/build/goal_navigation/build install --record /home/jetson/EVC/workshops/final_project_v5/build/goal_navigation/install.log --single-version-externally-managed install_data
[7.468s] running egg_info
[7.471s] writing ../../../build/goal_navigation/goal_navigation.egg-info/PKG-INFO
[7.472s] writing dependency_links to ../../../build/goal_navigation/goal_navigation.egg-info/dependency_links.txt
[7.472s] writing entry points to ../../../build/goal_navigation/goal_navigation.egg-info/entry_points.txt
[7.473s] writing requirements to ../../../build/goal_navigation/goal_navigation.egg-info/requires.txt
[7.475s] writing top-level names to ../../../build/goal_navigation/goal_navigation.egg-info/top_level.txt
[7.487s] reading manifest file '../../../build/goal_navigation/goal_navigation.egg-info/SOURCES.txt'
[7.492s] writing manifest file '../../../build/goal_navigation/goal_navigation.egg-info/SOURCES.txt'
[7.494s] running build
[7.494s] running build_py
[7.495s] copying goal_navigation/go_to_goal_node.py -> /home/jetson/EVC/workshops/final_project_v5/build/goal_navigation/build/lib/goal_navigation
[7.497s] running install
[7.502s] running install_lib
[7.507s] copying /home/jetson/EVC/workshops/final_project_v5/build/goal_navigation/build/lib/goal_navigation/go_to_goal_node.py -> /home/jetson/EVC/workshops/final_project_v5/install/goal_navigation/lib/python3.8/site-packages/goal_navigation
[7.511s] byte-compiling /home/jetson/EVC/workshops/final_project_v5/install/goal_navigation/lib/python3.8/site-packages/goal_navigation/go_to_goal_node.py to go_to_goal_node.cpython-38.pyc
[7.531s] running install_data
[7.537s] running install_egg_info
[7.546s] removing '/home/jetson/EVC/workshops/final_project_v5/install/goal_navigation/lib/python3.8/site-packages/goal_navigation-0.0.0-py3.8.egg-info' (and everything under it)
[7.548s] Copying ../../../build/goal_navigation/goal_navigation.egg-info to /home/jetson/EVC/workshops/final_project_v5/install/goal_navigation/lib/python3.8/site-packages/goal_navigation-0.0.0-py3.8.egg-info
[7.554s] running install_scripts
[7.651s] Installing go_to_goal_node script to /home/jetson/EVC/workshops/final_project_v5/install/goal_navigation/lib/goal_navigation
[7.652s] Installing telemetry_overlay_node script to /home/jetson/EVC/workshops/final_project_v5/install/goal_navigation/lib/goal_navigation
[7.654s] writing list of installed files to '/home/jetson/EVC/workshops/final_project_v5/build/goal_navigation/install.log'
[7.767s] Invoked command in '/home/jetson/EVC/workshops/final_project_v5/behaviors/goal_navigation/goal_navigation' returned '0': AMENT_PREFIX_PATH=/home/jetson/EVC/workshops/final_project_v5/install/motor_control:/home/jetson/EVC/workshops/final_project_v5/install/jetson_camera:/home/jetson/EVC/workshops/final_project_v5/install/goal_navigation:/home/jetson/EVC/workshops/final_project_v5/install/line_following:/home/jetson/EVC/workshops/final_project_v5/install/color_detection_mode:/home/jetson/EVC/workshops/final_project_v5/install/jetson_camera_interfaces:/home/jetson/EVC/workshops/final_project_v5/install/aruco_parking:/opt/ros/foxy JETSON_P_NUMBER=potor- PYTHONPATH=/home/jetson/EVC/workshops/final_project_v5/build/goal_navigation/prefix_override:/usr/lib/python3/dist-packages/colcon_core/task/python/colcon_distutils_commands:/home/jetson/EVC/workshops/final_project_v5/install/goal_navigation/lib/python3.8/site-packages:/home/jetson/EVC/workshops/final_project_v5/install/motor_control/lib/python3.8/site-packages:/home/jetson/EVC/workshops/final_project_v5/install/jetson_camera/lib/python3.8/site-packages:/home/jetson/EVC/workshops/final_project_v5/install/goal_navigation/lib/python3.8/site-packages:/home/jetson/EVC/workshops/final_project_v5/install/line_following/lib/python3.8/site-packages:/home/jetson/EVC/workshops/final_project_v5/install/color_detection_mode/lib/python3.8/site-packages:/home/jetson/EVC/workshops/final_project_v5/install/jetson_camera_interfaces/lib/python3.8/site-packages:/home/jetson/EVC/workshops/final_project_v5/install/aruco_parking/lib/python3.8/site-packages:/home/jetson/EVC/workshops/final_project_v5/install/Adafruit_SSD1306/lib/python3.8/site-packages:/opt/ros/foxy/lib/python3.8/site-packages /usr/bin/python3 -W ignore:setup.py install is deprecated -W ignore:easy_install command is deprecated setup.py egg_info --egg-base ../../../build/goal_navigation build --build-base /home/jetson/EVC/workshops/final_project_v5/build/goal_navigation/build install --record /home/jetson/EVC/workshops/final_project_v5/build/goal_navigation/install.log --single-version-externally-managed install_data
