[4.200s] Invoking command in '/home/jetson/EVC/workshops/final_project_v4/behaviors/line_following/line_following': PYTHONPATH=/home/jetson/EVC/workshops/final_project_v4/build/line_following/prefix_override:/usr/lib/python3/dist-packages/colcon_core/task/python/colcon_distutils_commands:/home/jetson/EVC/workshops/final_project_v4/install/line_following/lib/python3.8/site-packages:${PYTHONPATH} /usr/bin/python3 -W ignore:setup.py install is deprecated -W ignore:easy_install command is deprecated setup.py egg_info --egg-base ../../../build/line_following build --build-base /home/jetson/EVC/workshops/final_project_v4/build/line_following/build install --record /home/jetson/EVC/workshops/final_project_v4/build/line_following/install.log --single-version-externally-managed install_data
[6.333s] running egg_info
[6.337s] writing ../../../build/line_following/line_following.egg-info/PKG-INFO
[6.339s] writing dependency_links to ../../../build/line_following/line_following.egg-info/dependency_links.txt
[6.341s] writing entry points to ../../../build/line_following/line_following.egg-info/entry_points.txt
[6.346s] writing requirements to ../../../build/line_following/line_following.egg-info/requires.txt
[6.347s] writing top-level names to ../../../build/line_following/line_following.egg-info/top_level.txt
[6.444s] reading manifest file '../../../build/line_following/line_following.egg-info/SOURCES.txt'
[6.450s] writing manifest file '../../../build/line_following/line_following.egg-info/SOURCES.txt'
[6.451s] running build
[6.452s] running build_py
[6.452s] running install
[6.469s] running install_lib
[6.475s] running install_data
[6.484s] running install_egg_info
[6.484s] removing '/home/jetson/EVC/workshops/final_project_v4/install/line_following/lib/python3.8/site-packages/line_following-0.0.0-py3.8.egg-info' (and everything under it)
[6.485s] Copying ../../../build/line_following/line_following.egg-info to /home/jetson/EVC/workshops/final_project_v4/install/line_following/lib/python3.8/site-packages/line_following-0.0.0-py3.8.egg-info
[6.485s] running install_scripts
[6.581s] Installing angular_tracker script to /home/jetson/EVC/workshops/final_project_v4/install/line_following/lib/line_following
[6.582s] Installing line_tracker script to /home/jetson/EVC/workshops/final_project_v4/install/line_following/lib/line_following
[6.582s] Installing navigator script to /home/jetson/EVC/workshops/final_project_v4/install/line_following/lib/line_following
[6.589s] writing list of installed files to '/home/jetson/EVC/workshops/final_project_v4/build/line_following/install.log'
[6.735s] Invoked command in '/home/jetson/EVC/workshops/final_project_v4/behaviors/line_following/line_following' returned '0': PYTHONPATH=/home/jetson/EVC/workshops/final_project_v4/build/line_following/prefix_override:/usr/lib/python3/dist-packages/colcon_core/task/python/colcon_distutils_commands:/home/jetson/EVC/workshops/final_project_v4/install/line_following/lib/python3.8/site-packages:${PYTHONPATH} /usr/bin/python3 -W ignore:setup.py install is deprecated -W ignore:easy_install command is deprecated setup.py egg_info --egg-base ../../../build/line_following build --build-base /home/jetson/EVC/workshops/final_project_v4/build/line_following/build install --record /home/jetson/EVC/workshops/final_project_v4/build/line_following/install.log --single-version-externally-managed install_data
