[8.910s] Invoking command in '/home/jetson/EVC/workshops/final_project_v4/behaviors/aruco_parking/aruco_parking': PYTHONPATH=/home/jetson/EVC/workshops/final_project_v4/build/aruco_parking/prefix_override:/usr/lib/python3/dist-packages/colcon_core/task/python/colcon_distutils_commands:/home/jetson/EVC/workshops/final_project_v4/install/aruco_parking/lib/python3.8/site-packages:${PYTHONPATH} /usr/bin/python3 -W ignore:setup.py install is deprecated -W ignore:easy_install command is deprecated setup.py egg_info --egg-base ../../../build/aruco_parking build --build-base /home/jetson/EVC/workshops/final_project_v4/build/aruco_parking/build install --record /home/jetson/EVC/workshops/final_project_v4/build/aruco_parking/install.log --single-version-externally-managed install_data
[10.965s] running egg_info
[10.967s] writing ../../../build/aruco_parking/aruco_parking.egg-info/PKG-INFO
[10.968s] writing dependency_links to ../../../build/aruco_parking/aruco_parking.egg-info/dependency_links.txt
[10.969s] writing entry points to ../../../build/aruco_parking/aruco_parking.egg-info/entry_points.txt
[10.970s] writing requirements to ../../../build/aruco_parking/aruco_parking.egg-info/requires.txt
[10.972s] writing top-level names to ../../../build/aruco_parking/aruco_parking.egg-info/top_level.txt
[11.008s] reading manifest file '../../../build/aruco_parking/aruco_parking.egg-info/SOURCES.txt'
[11.014s] writing manifest file '../../../build/aruco_parking/aruco_parking.egg-info/SOURCES.txt'
[11.014s] running build
[11.015s] running build_py
[11.016s] running install
[11.019s] running install_lib
[11.040s] running install_data
[11.044s] running install_egg_info
[11.054s] removing '/home/jetson/EVC/workshops/final_project_v4/install/aruco_parking/lib/python3.8/site-packages/aruco_parking-0.0.0-py3.8.egg-info' (and everything under it)
[11.058s] Copying ../../../build/aruco_parking/aruco_parking.egg-info to /home/jetson/EVC/workshops/final_project_v4/install/aruco_parking/lib/python3.8/site-packages/aruco_parking-0.0.0-py3.8.egg-info
[11.075s] running install_scripts
[11.189s] Installing aruco_detector_node script to /home/jetson/EVC/workshops/final_project_v4/install/aruco_parking/lib/aruco_parking
[11.192s] writing list of installed files to '/home/jetson/EVC/workshops/final_project_v4/build/aruco_parking/install.log'
[11.315s] Invoked command in '/home/jetson/EVC/workshops/final_project_v4/behaviors/aruco_parking/aruco_parking' returned '0': PYTHONPATH=/home/jetson/EVC/workshops/final_project_v4/build/aruco_parking/prefix_override:/usr/lib/python3/dist-packages/colcon_core/task/python/colcon_distutils_commands:/home/jetson/EVC/workshops/final_project_v4/install/aruco_parking/lib/python3.8/site-packages:${PYTHONPATH} /usr/bin/python3 -W ignore:setup.py install is deprecated -W ignore:easy_install command is deprecated setup.py egg_info --egg-base ../../../build/aruco_parking build --build-base /home/jetson/EVC/workshops/final_project_v4/build/aruco_parking/build install --record /home/jetson/EVC/workshops/final_project_v4/build/aruco_parking/install.log --single-version-externally-managed install_data
