[7.229s] Invoking command in '/home/jetson/EVC/workshops/final_project_map_v2/final_project_v4/behaviors/aruco_parking/aruco_parking': PYTHONPATH=/home/jetson/EVC/workshops/final_project_map_v2/final_project_v4/build/aruco_parking/prefix_override:/usr/lib/python3/dist-packages/colcon_core/task/python/colcon_distutils_commands:/home/jetson/EVC/workshops/final_project_map_v2/final_project_v4/install/aruco_parking/lib/python3.8/site-packages:${PYTHONPATH} /usr/bin/python3 -W ignore:setup.py install is deprecated -W ignore:easy_install command is deprecated setup.py egg_info --egg-base ../../../build/aruco_parking build --build-base /home/jetson/EVC/workshops/final_project_map_v2/final_project_v4/build/aruco_parking/build install --record /home/jetson/EVC/workshops/final_project_map_v2/final_project_v4/build/aruco_parking/install.log --single-version-externally-managed install_data
[8.527s] running egg_info
[8.531s] writing ../../../build/aruco_parking/aruco_parking.egg-info/PKG-INFO
[8.532s] writing dependency_links to ../../../build/aruco_parking/aruco_parking.egg-info/dependency_links.txt
[8.534s] writing entry points to ../../../build/aruco_parking/aruco_parking.egg-info/entry_points.txt
[8.535s] writing requirements to ../../../build/aruco_parking/aruco_parking.egg-info/requires.txt
[8.536s] writing top-level names to ../../../build/aruco_parking/aruco_parking.egg-info/top_level.txt
[8.550s] reading manifest file '../../../build/aruco_parking/aruco_parking.egg-info/SOURCES.txt'
[8.555s] writing manifest file '../../../build/aruco_parking/aruco_parking.egg-info/SOURCES.txt'
[8.556s] running build
[8.556s] running build_py
[8.558s] running install
[8.561s] running install_lib
[8.567s] running install_data
[8.568s] running install_egg_info
[8.576s] removing '/home/jetson/EVC/workshops/final_project_map_v2/final_project_v4/install/aruco_parking/lib/python3.8/site-packages/aruco_parking-0.0.0-py3.8.egg-info' (and everything under it)
[8.578s] Copying ../../../build/aruco_parking/aruco_parking.egg-info to /home/jetson/EVC/workshops/final_project_map_v2/final_project_v4/install/aruco_parking/lib/python3.8/site-packages/aruco_parking-0.0.0-py3.8.egg-info
[8.583s] running install_scripts
[8.666s] Installing aruco_detector_node script to /home/jetson/EVC/workshops/final_project_map_v2/final_project_v4/install/aruco_parking/lib/aruco_parking
[8.668s] writing list of installed files to '/home/jetson/EVC/workshops/final_project_map_v2/final_project_v4/build/aruco_parking/install.log'
[8.786s] Invoked command in '/home/jetson/EVC/workshops/final_project_map_v2/final_project_v4/behaviors/aruco_parking/aruco_parking' returned '0': PYTHONPATH=/home/jetson/EVC/workshops/final_project_map_v2/final_project_v4/build/aruco_parking/prefix_override:/usr/lib/python3/dist-packages/colcon_core/task/python/colcon_distutils_commands:/home/jetson/EVC/workshops/final_project_map_v2/final_project_v4/install/aruco_parking/lib/python3.8/site-packages:${PYTHONPATH} /usr/bin/python3 -W ignore:setup.py install is deprecated -W ignore:easy_install command is deprecated setup.py egg_info --egg-base ../../../build/aruco_parking build --build-base /home/jetson/EVC/workshops/final_project_map_v2/final_project_v4/build/aruco_parking/build install --record /home/jetson/EVC/workshops/final_project_map_v2/final_project_v4/build/aruco_parking/install.log --single-version-externally-managed install_data
