[6.235s] Invoking command in '/home/jetson/EVC/workshops/final_project_v5/behaviors/line_following/line_following': JETSON_P_NUMBER=potor- PYTHONPATH=/home/jetson/EVC/workshops/final_project_v5/build/line_following/prefix_override:/usr/lib/python3/dist-packages/colcon_core/task/python/colcon_distutils_commands:/home/jetson/EVC/workshops/final_project_v5/install/line_following/lib/python3.8/site-packages:${PYTHONPATH} /usr/bin/python3 -W ignore:setup.py install is deprecated -W ignore:easy_install command is deprecated setup.py egg_info --egg-base ../../../build/line_following build --build-base /home/jetson/EVC/workshops/final_project_v5/build/line_following/build install --record /home/jetson/EVC/workshops/final_project_v5/build/line_following/install.log --single-version-externally-managed install_data
[7.534s] running egg_info
[7.537s] writing ../../../build/line_following/line_following.egg-info/PKG-INFO
[7.537s] writing dependency_links to ../../../build/line_following/line_following.egg-info/dependency_links.txt
[7.538s] writing entry points to ../../../build/line_following/line_following.egg-info/entry_points.txt
[7.539s] writing requirements to ../../../build/line_following/line_following.egg-info/requires.txt
[7.539s] writing top-level names to ../../../build/line_following/line_following.egg-info/top_level.txt
[7.553s] reading manifest file '../../../build/line_following/line_following.egg-info/SOURCES.txt'
[7.558s] writing manifest file '../../../build/line_following/line_following.egg-info/SOURCES.txt'
[7.559s] running build
[7.559s] running build_py
[7.560s] running install
[7.565s] running install_lib
[7.573s] running install_data
[7.575s] running install_egg_info
[7.583s] removing '/home/jetson/EVC/workshops/final_project_v5/install/line_following/lib/python3.8/site-packages/line_following-0.0.0-py3.8.egg-info' (and everything under it)
[7.584s] Copying ../../../build/line_following/line_following.egg-info to /home/jetson/EVC/workshops/final_project_v5/install/line_following/lib/python3.8/site-packages/line_following-0.0.0-py3.8.egg-info
[7.589s] running install_scripts
[7.676s] Installing angular_tracker script to /home/jetson/EVC/workshops/final_project_v5/install/line_following/lib/line_following
[7.677s] Installing line_tracker script to /home/jetson/EVC/workshops/final_project_v5/install/line_following/lib/line_following
[7.678s] Installing navigator script to /home/jetson/EVC/workshops/final_project_v5/install/line_following/lib/line_following
[7.680s] writing list of installed files to '/home/jetson/EVC/workshops/final_project_v5/build/line_following/install.log'
[7.790s] Invoked command in '/home/jetson/EVC/workshops/final_project_v5/behaviors/line_following/line_following' returned '0': JETSON_P_NUMBER=potor- PYTHONPATH=/home/jetson/EVC/workshops/final_project_v5/build/line_following/prefix_override:/usr/lib/python3/dist-packages/colcon_core/task/python/colcon_distutils_commands:/home/jetson/EVC/workshops/final_project_v5/install/line_following/lib/python3.8/site-packages:${PYTHONPATH} /usr/bin/python3 -W ignore:setup.py install is deprecated -W ignore:easy_install command is deprecated setup.py egg_info --egg-base ../../../build/line_following build --build-base /home/jetson/EVC/workshops/final_project_v5/build/line_following/build install --record /home/jetson/EVC/workshops/final_project_v5/build/line_following/install.log --single-version-externally-managed install_data
