[6.871s] Invoking command in '/home/jetson/EVC/workshops/final_project_map_v3/final_project_map_v2/final_project_v4/behaviors/aruco_parking/aruco_parking': PYTHONPATH=/home/jetson/EVC/workshops/final_project_map_v3/final_project_map_v2/final_project_v4/build/aruco_parking/prefix_override:/usr/lib/python3/dist-packages/colcon_core/task/python/colcon_distutils_commands:/home/jetson/EVC/workshops/final_project_map_v3/final_project_map_v2/final_project_v4/install/aruco_parking/lib/python3.8/site-packages:${PYTHONPATH} /usr/bin/python3 -W ignore:setup.py install is deprecated -W ignore:easy_install command is deprecated setup.py egg_info --egg-base ../../../build/aruco_parking build --build-base /home/jetson/EVC/workshops/final_project_map_v3/final_project_map_v2/final_project_v4/build/aruco_parking/build install --record /home/jetson/EVC/workshops/final_project_map_v3/final_project_map_v2/final_project_v4/build/aruco_parking/install.log --single-version-externally-managed install_data
[8.123s] running egg_info
[8.127s] writing ../../../build/aruco_parking/aruco_parking.egg-info/PKG-INFO
[8.128s] writing dependency_links to ../../../build/aruco_parking/aruco_parking.egg-info/dependency_links.txt
[8.129s] writing entry points to ../../../build/aruco_parking/aruco_parking.egg-info/entry_points.txt
[8.188s] writing requirements to ../../../build/aruco_parking/aruco_parking.egg-info/requires.txt
[8.190s] writing top-level names to ../../../build/aruco_parking/aruco_parking.egg-info/top_level.txt
[8.205s] reading manifest file '../../../build/aruco_parking/aruco_parking.egg-info/SOURCES.txt'
[8.210s] writing manifest file '../../../build/aruco_parking/aruco_parking.egg-info/SOURCES.txt'
[8.211s] running build
[8.212s] running build_py
[8.212s] copying aruco_parking/aruco_detector_node.py -> /home/jetson/EVC/workshops/final_project_map_v3/final_project_map_v2/final_project_v4/build/aruco_parking/build/lib/aruco_parking
[8.215s] running install
[8.218s] running install_lib
[8.222s] copying /home/jetson/EVC/workshops/final_project_map_v3/final_project_map_v2/final_project_v4/build/aruco_parking/build/lib/aruco_parking/aruco_detector_node.py -> /home/jetson/EVC/workshops/final_project_map_v3/final_project_map_v2/final_project_v4/install/aruco_parking/lib/python3.8/site-packages/aruco_parking
[8.227s] byte-compiling /home/jetson/EVC/workshops/final_project_map_v3/final_project_map_v2/final_project_v4/install/aruco_parking/lib/python3.8/site-packages/aruco_parking/aruco_detector_node.py to aruco_detector_node.cpython-38.pyc
[8.233s] running install_data
[8.235s] running install_egg_info
[8.242s] removing '/home/jetson/EVC/workshops/final_project_map_v3/final_project_map_v2/final_project_v4/install/aruco_parking/lib/python3.8/site-packages/aruco_parking-0.0.0-py3.8.egg-info' (and everything under it)
[8.244s] Copying ../../../build/aruco_parking/aruco_parking.egg-info to /home/jetson/EVC/workshops/final_project_map_v3/final_project_map_v2/final_project_v4/install/aruco_parking/lib/python3.8/site-packages/aruco_parking-0.0.0-py3.8.egg-info
[8.249s] running install_scripts
[8.330s] Installing aruco_detector_node script to /home/jetson/EVC/workshops/final_project_map_v3/final_project_map_v2/final_project_v4/install/aruco_parking/lib/aruco_parking
[8.333s] writing list of installed files to '/home/jetson/EVC/workshops/final_project_map_v3/final_project_map_v2/final_project_v4/build/aruco_parking/install.log'
[8.508s] Invoked command in '/home/jetson/EVC/workshops/final_project_map_v3/final_project_map_v2/final_project_v4/behaviors/aruco_parking/aruco_parking' returned '0': PYTHONPATH=/home/jetson/EVC/workshops/final_project_map_v3/final_project_map_v2/final_project_v4/build/aruco_parking/prefix_override:/usr/lib/python3/dist-packages/colcon_core/task/python/colcon_distutils_commands:/home/jetson/EVC/workshops/final_project_map_v3/final_project_map_v2/final_project_v4/install/aruco_parking/lib/python3.8/site-packages:${PYTHONPATH} /usr/bin/python3 -W ignore:setup.py install is deprecated -W ignore:easy_install command is deprecated setup.py egg_info --egg-base ../../../build/aruco_parking build --build-base /home/jetson/EVC/workshops/final_project_map_v3/final_project_map_v2/final_project_v4/build/aruco_parking/build install --record /home/jetson/EVC/workshops/final_project_map_v3/final_project_map_v2/final_project_v4/build/aruco_parking/install.log --single-version-externally-managed install_data
