[4.130s] Invoking command in '/home/jetson/EVC/workshops/final_project_v5/behaviors/color_detection/color_detection_mode': AMENT_PREFIX_PATH=/home/jetson/EVC/workshops/final_project_v3/install/jetson_camera_interfaces:${AMENT_PREFIX_PATH} LD_LIBRARY_PATH=/home/jetson/EVC/workshops/final_project_v3/install/jetson_camera_interfaces/lib:/home/jetson/EVC/workshops/final_project_v5/install/jetson_camera_interfaces/lib:/opt/ros/foxy/opt/yaml_cpp_vendor/lib:/opt/ros/foxy/lib/aarch64-linux-gnu:/opt/ros/foxy/lib:/usr/local/cuda/lib64 PYTHONPATH=/home/jetson/EVC/workshops/final_project_v5/build/color_detection_mode/prefix_override:/usr/lib/python3/dist-packages/colcon_core/task/python/colcon_distutils_commands:/home/jetson/EVC/workshops/final_project_v5/install/color_detection_mode/lib/python3.8/site-packages:/home/jetson/EVC/workshops/final_project_v3/install/jetson_camera_interfaces/lib/python3.8/site-packages:/home/jetson/EVC/workshops/final_project_v5/install/jetson_camera_interfaces/lib/python3.8/site-packages:/home/jetson/EVC/workshops/final_project_v5/install/goal_navigation/lib/python3.8/site-packages:/home/jetson/EVC/workshops/final_project_v5/install/motor_control/lib/python3.8/site-packages:/home/jetson/EVC/workshops/final_project_v5/install/line_following/lib/python3.8/site-packages:/home/jetson/EVC/workshops/final_project_v5/install/color_detection_mode/lib/python3.8/site-packages:/home/jetson/EVC/workshops/final_project_v5/install/jetson_camera/lib/python3.8/site-packages:/home/jetson/EVC/workshops/final_project_v5/install/aruco_parking/lib/python3.8/site-packages:/home/jetson/EVC/workshops/final_project_v5/install/Adafruit_SSD1306/lib/python3.8/site-packages:/opt/ros/foxy/lib/python3.8/site-packages /usr/bin/python3 -W ignore:setup.py install is deprecated -W ignore:easy_install command is deprecated setup.py egg_info --egg-base ../../../build/color_detection_mode build --build-base /home/jetson/EVC/workshops/final_project_v5/build/color_detection_mode/build install --record /home/jetson/EVC/workshops/final_project_v5/build/color_detection_mode/install.log --single-version-externally-managed install_data
[5.352s] running egg_info
[5.354s] writing ../../../build/color_detection_mode/color_detection_mode.egg-info/PKG-INFO
[5.357s] writing dependency_links to ../../../build/color_detection_mode/color_detection_mode.egg-info/dependency_links.txt
[5.357s] writing entry points to ../../../build/color_detection_mode/color_detection_mode.egg-info/entry_points.txt
[5.358s] writing requirements to ../../../build/color_detection_mode/color_detection_mode.egg-info/requires.txt
[5.358s] writing top-level names to ../../../build/color_detection_mode/color_detection_mode.egg-info/top_level.txt
[5.371s] reading manifest file '../../../build/color_detection_mode/color_detection_mode.egg-info/SOURCES.txt'
[5.376s] writing manifest file '../../../build/color_detection_mode/color_detection_mode.egg-info/SOURCES.txt'
[5.376s] running build
[5.377s] running build_py
[5.378s] running install
[5.381s] running install_lib
[5.388s] running install_data
[5.389s] running install_egg_info
[5.396s] removing '/home/jetson/EVC/workshops/final_project_v5/install/color_detection_mode/lib/python3.8/site-packages/color_detection_mode-0.0.0-py3.8.egg-info' (and everything under it)
[5.397s] Copying ../../../build/color_detection_mode/color_detection_mode.egg-info to /home/jetson/EVC/workshops/final_project_v5/install/color_detection_mode/lib/python3.8/site-packages/color_detection_mode-0.0.0-py3.8.egg-info
[5.400s] running install_scripts
[5.482s] Installing color_detection_node script to /home/jetson/EVC/workshops/final_project_v5/install/color_detection_mode/lib/color_detection_mode
[5.484s] Installing go_stop_node script to /home/jetson/EVC/workshops/final_project_v5/install/color_detection_mode/lib/color_detection_mode
[5.485s] writing list of installed files to '/home/jetson/EVC/workshops/final_project_v5/build/color_detection_mode/install.log'
[5.587s] Invoked command in '/home/jetson/EVC/workshops/final_project_v5/behaviors/color_detection/color_detection_mode' returned '0': AMENT_PREFIX_PATH=/home/jetson/EVC/workshops/final_project_v3/install/jetson_camera_interfaces:${AMENT_PREFIX_PATH} LD_LIBRARY_PATH=/home/jetson/EVC/workshops/final_project_v3/install/jetson_camera_interfaces/lib:/home/jetson/EVC/workshops/final_project_v5/install/jetson_camera_interfaces/lib:/opt/ros/foxy/opt/yaml_cpp_vendor/lib:/opt/ros/foxy/lib/aarch64-linux-gnu:/opt/ros/foxy/lib:/usr/local/cuda/lib64 PYTHONPATH=/home/jetson/EVC/workshops/final_project_v5/build/color_detection_mode/prefix_override:/usr/lib/python3/dist-packages/colcon_core/task/python/colcon_distutils_commands:/home/jetson/EVC/workshops/final_project_v5/install/color_detection_mode/lib/python3.8/site-packages:/home/jetson/EVC/workshops/final_project_v3/install/jetson_camera_interfaces/lib/python3.8/site-packages:/home/jetson/EVC/workshops/final_project_v5/install/jetson_camera_interfaces/lib/python3.8/site-packages:/home/jetson/EVC/workshops/final_project_v5/install/goal_navigation/lib/python3.8/site-packages:/home/jetson/EVC/workshops/final_project_v5/install/motor_control/lib/python3.8/site-packages:/home/jetson/EVC/workshops/final_project_v5/install/line_following/lib/python3.8/site-packages:/home/jetson/EVC/workshops/final_project_v5/install/color_detection_mode/lib/python3.8/site-packages:/home/jetson/EVC/workshops/final_project_v5/install/jetson_camera/lib/python3.8/site-packages:/home/jetson/EVC/workshops/final_project_v5/install/aruco_parking/lib/python3.8/site-packages:/home/jetson/EVC/workshops/final_project_v5/install/Adafruit_SSD1306/lib/python3.8/site-packages:/opt/ros/foxy/lib/python3.8/site-packages /usr/bin/python3 -W ignore:setup.py install is deprecated -W ignore:easy_install command is deprecated setup.py egg_info --egg-base ../../../build/color_detection_mode build --build-base /home/jetson/EVC/workshops/final_project_v5/build/color_detection_mode/build install --record /home/jetson/EVC/workshops/final_project_v5/build/color_detection_mode/install.log --single-version-externally-managed install_data
