[1.515s] Invoking command in '/home/jetson/EVC/workshops/final_project_v5/build/jetson_camera_interfaces': CMAKE_PREFIX_PATH=${CMAKE_PREFIX_PATH}:/home/jetson/EVC/workshops/final_project_v5/install/goal_navigation:/home/jetson/EVC/workshops/final_project_v5/install/motor_control:/home/jetson/EVC/workshops/final_project_v5/install/line_following:/home/jetson/EVC/workshops/final_project_v5/install/color_detection_mode:/home/jetson/EVC/workshops/final_project_v5/install/jetson_camera:/home/jetson/EVC/workshops/final_project_v5/install/aruco_parking:/opt/ros/foxy JETSON_P_NUMBER=potor- /usr/bin/cmake --build /home/jetson/EVC/workshops/final_project_v5/build/jetson_camera_interfaces -- -j4 -l4
[6.314s] -- Found ament_cmake: 0.9.12 (/opt/ros/foxy/share/ament_cmake/cmake)
[6.315s] -- Found PythonInterp: /usr/bin/python3 (found suitable version "3.8.10", minimum required is "3") 
[6.315s] -- Using PYTHON_EXECUTABLE: /usr/bin/python3
[6.316s] -- Found rosidl_default_generators: 1.0.1 (/opt/ros/foxy/share/rosidl_default_generators/cmake)
[6.316s] -- Using all available rosidl_typesupport_c: rosidl_typesupport_fastrtps_c;rosidl_typesupport_introspection_c
[6.316s] -- Found rosidl_adapter: 1.3.1 (/opt/ros/foxy/share/rosidl_adapter/cmake)
[6.317s] -- Using all available rosidl_typesupport_cpp: rosidl_typesupport_fastrtps_cpp;rosidl_typesupport_introspection_cpp
[6.317s] -- Found sensor_msgs: 2.0.5 (/opt/ros/foxy/share/sensor_msgs/cmake)
[6.322s] CMake Error: The current CMakeCache.txt directory /home/jetson/EVC/workshops/final_project_v5/build/jetson_camera_interfaces/CMakeCache.txt is different than the directory /home/jetson/EVC/workshops/final_project_v3/build/jetson_camera_interfaces where CMakeCache.txt was created. This may result in binaries being created in the wrong place. If you are not sure, reedit the CMakeCache.txt
[8.803s] -- Found PythonInterp: /usr/bin/python3 (found version "3.8.10") 
[22.383s] -- Found ament_cmake_ros: 0.9.2 (/opt/ros/foxy/share/ament_cmake_ros/cmake)
[26.350s] -- Using all available rosidl_typesupport_c: rosidl_typesupport_fastrtps_c;rosidl_typesupport_introspection_c
[27.891s] -- Using all available rosidl_typesupport_cpp: rosidl_typesupport_fastrtps_cpp;rosidl_typesupport_introspection_cpp
[28.182s] -- Found PythonInterp: /usr/bin/python3 (found suitable version "3.8.10", minimum required is "3.5") 
[28.191s] -- Found python_cmake_module: 0.8.1 (/opt/ros/foxy/share/python_cmake_module/cmake)
[28.453s] -- Using PYTHON_EXECUTABLE: /usr/bin/python3
[28.454s] -- Using PYTHON_INCLUDE_DIRS: /usr/include/python3.8
[28.456s] -- Using PYTHON_LIBRARIES: /usr/lib/aarch64-linux-gnu/libpython3.8.so
[29.419s] -- Configuring done
[30.526s] -- Generating done
[30.642s] -- Build files have been written to: /home/jetson/EVC/workshops/final_project_v3/build/jetson_camera_interfaces
[31.797s] [  3%] Built target jetson_camera_interfaces__cpp
[31.949s] [ 12%] Built target jetson_camera_interfaces__rosidl_generator_c
[32.080s] [ 22%] Built target jetson_camera_interfaces__rosidl_typesupport_cpp
[32.208s] [ 32%] Built target jetson_camera_interfaces__rosidl_typesupport_introspection_c
[32.320s] [ 41%] Built target jetson_camera_interfaces__rosidl_typesupport_c
[32.506s] [ 51%] Built target jetson_camera_interfaces__rosidl_typesupport_introspection_cpp
[32.676s] [ 61%] Built target jetson_camera_interfaces__rosidl_typesupport_fastrtps_cpp
[32.975s] [ 70%] Built target jetson_camera_interfaces__rosidl_typesupport_fastrtps_c
[33.071s] [ 70%] Built target jetson_camera_interfaces
[33.478s] [ 74%] [34m[1mGenerating Python code for ROS interfaces[0m
[38.721s] [ 74%] Built target jetson_camera_interfaces__py
[38.940s] [ 80%] Built target jetson_camera_interfaces__python
[39.203s] [ 87%] Built target jetson_camera_interfaces__rosidl_typesupport_introspection_c__pyext
[39.512s] [ 93%] Built target jetson_camera_interfaces__rosidl_typesupport_fastrtps_c__pyext
[39.775s] [100%] Built target jetson_camera_interfaces__rosidl_typesupport_c__pyext
[39.833s] Invoked command in '/home/jetson/EVC/workshops/final_project_v5/build/jetson_camera_interfaces' returned '0': CMAKE_PREFIX_PATH=${CMAKE_PREFIX_PATH}:/home/jetson/EVC/workshops/final_project_v5/install/goal_navigation:/home/jetson/EVC/workshops/final_project_v5/install/motor_control:/home/jetson/EVC/workshops/final_project_v5/install/line_following:/home/jetson/EVC/workshops/final_project_v5/install/color_detection_mode:/home/jetson/EVC/workshops/final_project_v5/install/jetson_camera:/home/jetson/EVC/workshops/final_project_v5/install/aruco_parking:/opt/ros/foxy JETSON_P_NUMBER=potor- /usr/bin/cmake --build /home/jetson/EVC/workshops/final_project_v5/build/jetson_camera_interfaces -- -j4 -l4
[39.897s] Invoking command in '/home/jetson/EVC/workshops/final_project_v5/build/jetson_camera_interfaces': CMAKE_PREFIX_PATH=${CMAKE_PREFIX_PATH}:/home/jetson/EVC/workshops/final_project_v5/install/goal_navigation:/home/jetson/EVC/workshops/final_project_v5/install/motor_control:/home/jetson/EVC/workshops/final_project_v5/install/line_following:/home/jetson/EVC/workshops/final_project_v5/install/color_detection_mode:/home/jetson/EVC/workshops/final_project_v5/install/jetson_camera:/home/jetson/EVC/workshops/final_project_v5/install/aruco_parking:/opt/ros/foxy JETSON_P_NUMBER=potor- /usr/bin/cmake --install /home/jetson/EVC/workshops/final_project_v5/build/jetson_camera_interfaces
[39.950s] -- Install configuration: ""
[39.961s] -- Up-to-date: /home/jetson/EVC/workshops/final_project_v3/install/jetson_camera_interfaces/share/ament_index/resource_index/rosidl_interfaces/jetson_camera_interfaces
[39.962s] -- Up-to-date: /home/jetson/EVC/workshops/final_project_v3/install/jetson_camera_interfaces/include/jetson_camera_interfaces
[39.963s] -- Up-to-date: /home/jetson/EVC/workshops/final_project_v3/install/jetson_camera_interfaces/include/jetson_camera_interfaces/msg
[39.964s] -- Up-to-date: /home/jetson/EVC/workshops/final_project_v3/install/jetson_camera_interfaces/include/jetson_camera_interfaces/msg/detail
[39.965s] -- Up-to-date: /home/jetson/EVC/workshops/final_project_v3/install/jetson_camera_interfaces/include/jetson_camera_interfaces/msg/detail/processed_image_pair__functions.h
[39.966s] -- Up-to-date: /home/jetson/EVC/workshops/final_project_v3/install/jetson_camera_interfaces/include/jetson_camera_interfaces/msg/detail/processed_image_pair__struct.h
[39.967s] -- Up-to-date: /home/jetson/EVC/workshops/final_project_v3/install/jetson_camera_interfaces/include/jetson_camera_interfaces/msg/detail/processed_image_pair__type_support.h
[39.967s] -- Up-to-date: /home/jetson/EVC/workshops/final_project_v3/install/jetson_camera_interfaces/include/jetson_camera_interfaces/msg/detail/processed_image_pair__functions.c
[39.968s] -- Up-to-date: /home/jetson/EVC/workshops/final_project_v3/install/jetson_camera_interfaces/include/jetson_camera_interfaces/msg/rosidl_generator_c__visibility_control.h
[39.968s] -- Up-to-date: /home/jetson/EVC/workshops/final_project_v3/install/jetson_camera_interfaces/include/jetson_camera_interfaces/msg/processed_image_pair.h
[39.971s] -- Up-to-date: /home/jetson/EVC/workshops/final_project_v3/install/jetson_camera_interfaces/share/jetson_camera_interfaces/environment/library_path.sh
[39.971s] -- Installing: /home/jetson/EVC/workshops/final_project_v3/install/jetson_camera_interfaces/share/jetson_camera_interfaces/environment/library_path.dsv
[39.976s] -- Up-to-date: /home/jetson/EVC/workshops/final_project_v3/install/jetson_camera_interfaces/lib/libjetson_camera_interfaces__rosidl_generator_c.so
[39.977s] -- Up-to-date: /home/jetson/EVC/workshops/final_project_v3/install/jetson_camera_interfaces/include/jetson_camera_interfaces
[39.978s] -- Up-to-date: /home/jetson/EVC/workshops/final_project_v3/install/jetson_camera_interfaces/include/jetson_camera_interfaces/msg
[39.979s] -- Up-to-date: /home/jetson/EVC/workshops/final_project_v3/install/jetson_camera_interfaces/include/jetson_camera_interfaces/msg/detail
[39.979s] -- Up-to-date: /home/jetson/EVC/workshops/final_project_v3/install/jetson_camera_interfaces/include/jetson_camera_interfaces/msg/detail/processed_image_pair__rosidl_typesupport_fastrtps_c.h
[39.980s] -- Up-to-date: /home/jetson/EVC/workshops/final_project_v3/install/jetson_camera_interfaces/include/jetson_camera_interfaces/msg/rosidl_typesupport_fastrtps_c__visibility_control.h
[39.980s] -- Up-to-date: /home/jetson/EVC/workshops/final_project_v3/install/jetson_camera_interfaces/lib/libjetson_camera_interfaces__rosidl_typesupport_fastrtps_c.so
[39.982s] -- Up-to-date: /home/jetson/EVC/workshops/final_project_v3/install/jetson_camera_interfaces/include/jetson_camera_interfaces
[39.983s] -- Up-to-date: /home/jetson/EVC/workshops/final_project_v3/install/jetson_camera_interfaces/include/jetson_camera_interfaces/msg
[39.983s] -- Up-to-date: /home/jetson/EVC/workshops/final_project_v3/install/jetson_camera_interfaces/include/jetson_camera_interfaces/msg/detail
[39.984s] -- Up-to-date: /home/jetson/EVC/workshops/final_project_v3/install/jetson_camera_interfaces/include/jetson_camera_interfaces/msg/detail/processed_image_pair__rosidl_typesupport_fastrtps_cpp.hpp
[39.984s] -- Up-to-date: /home/jetson/EVC/workshops/final_project_v3/install/jetson_camera_interfaces/include/jetson_camera_interfaces/msg/detail/dds_fastrtps
[39.985s] -- Up-to-date: /home/jetson/EVC/workshops/final_project_v3/install/jetson_camera_interfaces/include/jetson_camera_interfaces/msg/rosidl_typesupport_fastrtps_cpp__visibility_control.h
[39.989s] -- Up-to-date: /home/jetson/EVC/workshops/final_project_v3/install/jetson_camera_interfaces/lib/libjetson_camera_interfaces__rosidl_typesupport_fastrtps_cpp.so
[39.990s] -- Up-to-date: /home/jetson/EVC/workshops/final_project_v3/install/jetson_camera_interfaces/include/jetson_camera_interfaces
[39.992s] -- Up-to-date: /home/jetson/EVC/workshops/final_project_v3/install/jetson_camera_interfaces/include/jetson_camera_interfaces/msg
[39.992s] -- Up-to-date: /home/jetson/EVC/workshops/final_project_v3/install/jetson_camera_interfaces/include/jetson_camera_interfaces/msg/detail
[39.994s] -- Up-to-date: /home/jetson/EVC/workshops/final_project_v3/install/jetson_camera_interfaces/include/jetson_camera_interfaces/msg/detail/processed_image_pair__rosidl_typesupport_introspection_c.h
[39.995s] -- Up-to-date: /home/jetson/EVC/workshops/final_project_v3/install/jetson_camera_interfaces/include/jetson_camera_interfaces/msg/detail/processed_image_pair__type_support.c
[39.995s] -- Up-to-date: /home/jetson/EVC/workshops/final_project_v3/install/jetson_camera_interfaces/include/jetson_camera_interfaces/msg/rosidl_typesupport_introspection_c__visibility_control.h
[39.996s] -- Up-to-date: /home/jetson/EVC/workshops/final_project_v3/install/jetson_camera_interfaces/lib/libjetson_camera_interfaces__rosidl_typesupport_introspection_c.so
[39.998s] -- Up-to-date: /home/jetson/EVC/workshops/final_project_v3/install/jetson_camera_interfaces/lib/libjetson_camera_interfaces__rosidl_typesupport_c.so
[40.000s] -- Up-to-date: /home/jetson/EVC/workshops/final_project_v3/install/jetson_camera_interfaces/include/jetson_camera_interfaces
[40.002s] -- Up-to-date: /home/jetson/EVC/workshops/final_project_v3/install/jetson_camera_interfaces/include/jetson_camera_interfaces/msg
[40.003s] -- Up-to-date: /home/jetson/EVC/workshops/final_project_v3/install/jetson_camera_interfaces/include/jetson_camera_interfaces/msg/detail
[40.003s] -- Up-to-date: /home/jetson/EVC/workshops/final_project_v3/install/jetson_camera_interfaces/include/jetson_camera_interfaces/msg/detail/processed_image_pair__traits.hpp
[40.004s] -- Up-to-date: /home/jetson/EVC/workshops/final_project_v3/install/jetson_camera_interfaces/include/jetson_camera_interfaces/msg/detail/processed_image_pair__builder.hpp
[40.004s] -- Up-to-date: /home/jetson/EVC/workshops/final_project_v3/install/jetson_camera_interfaces/include/jetson_camera_interfaces/msg/detail/processed_image_pair__struct.hpp
[40.007s] -- Up-to-date: /home/jetson/EVC/workshops/final_project_v3/install/jetson_camera_interfaces/include/jetson_camera_interfaces/msg/detail/processed_image_pair__type_support.hpp
[40.009s] -- Up-to-date: /home/jetson/EVC/workshops/final_project_v3/install/jetson_camera_interfaces/include/jetson_camera_interfaces/msg/rosidl_generator_cpp__visibility_control.hpp
[40.010s] -- Up-to-date: /home/jetson/EVC/workshops/final_project_v3/install/jetson_camera_interfaces/include/jetson_camera_interfaces/msg/processed_image_pair.hpp
[40.010s] -- Up-to-date: /home/jetson/EVC/workshops/final_project_v3/install/jetson_camera_interfaces/include/jetson_camera_interfaces
[40.010s] -- Up-to-date: /home/jetson/EVC/workshops/final_project_v3/install/jetson_camera_interfaces/include/jetson_camera_interfaces/msg
[40.011s] -- Up-to-date: /home/jetson/EVC/workshops/final_project_v3/install/jetson_camera_interfaces/include/jetson_camera_interfaces/msg/detail
[40.011s] -- Up-to-date: /home/jetson/EVC/workshops/final_project_v3/install/jetson_camera_interfaces/include/jetson_camera_interfaces/msg/detail/processed_image_pair__rosidl_typesupport_introspection_cpp.hpp
[40.012s] -- Up-to-date: /home/jetson/EVC/workshops/final_project_v3/install/jetson_camera_interfaces/include/jetson_camera_interfaces/msg/detail/processed_image_pair__type_support.cpp
[40.012s] -- Up-to-date: /home/jetson/EVC/workshops/final_project_v3/install/jetson_camera_interfaces/lib/libjetson_camera_interfaces__rosidl_typesupport_introspection_cpp.so
[40.014s] -- Up-to-date: /home/jetson/EVC/workshops/final_project_v3/install/jetson_camera_interfaces/lib/libjetson_camera_interfaces__rosidl_typesupport_cpp.so
[40.016s] -- Up-to-date: /home/jetson/EVC/workshops/final_project_v3/install/jetson_camera_interfaces/share/jetson_camera_interfaces/environment/pythonpath.sh
[40.016s] -- Installing: /home/jetson/EVC/workshops/final_project_v3/install/jetson_camera_interfaces/share/jetson_camera_interfaces/environment/pythonpath.dsv
[40.024s] -- Installing: /home/jetson/EVC/workshops/final_project_v3/install/jetson_camera_interfaces/lib/python3.8/site-packages/jetson_camera_interfaces/__init__.py
[40.217s] Compiling '/home/jetson/EVC/workshops/final_project_v3/install/jetson_camera_interfaces/lib/python3.8/site-packages/jetson_camera_interfaces/__init__.py'...
[40.242s] -- Up-to-date: /home/jetson/EVC/workshops/final_project_v3/install/jetson_camera_interfaces/lib/python3.8/site-packages/jetson_camera_interfaces/msg
[40.244s] -- Up-to-date: /home/jetson/EVC/workshops/final_project_v3/install/jetson_camera_interfaces/lib/python3.8/site-packages/jetson_camera_interfaces/msg/_processed_image_pair_s.c
[40.245s] -- Up-to-date: /home/jetson/EVC/workshops/final_project_v3/install/jetson_camera_interfaces/lib/python3.8/site-packages/jetson_camera_interfaces/msg/_processed_image_pair.py
[40.245s] -- Installing: /home/jetson/EVC/workshops/final_project_v3/install/jetson_camera_interfaces/lib/python3.8/site-packages/jetson_camera_interfaces/msg/__init__.py
[40.248s] -- Up-to-date: /home/jetson/EVC/workshops/final_project_v3/install/jetson_camera_interfaces/lib/python3.8/site-packages/jetson_camera_interfaces/jetson_camera_interfaces_s__rosidl_typesupport_fastrtps_c.cpython-38-aarch64-linux-gnu.so
[40.252s] -- Up-to-date: /home/jetson/EVC/workshops/final_project_v3/install/jetson_camera_interfaces/lib/python3.8/site-packages/jetson_camera_interfaces/jetson_camera_interfaces_s__rosidl_typesupport_introspection_c.cpython-38-aarch64-linux-gnu.so
[40.257s] -- Up-to-date: /home/jetson/EVC/workshops/final_project_v3/install/jetson_camera_interfaces/lib/python3.8/site-packages/jetson_camera_interfaces/jetson_camera_interfaces_s__rosidl_typesupport_c.cpython-38-aarch64-linux-gnu.so
[40.261s] -- Up-to-date: /home/jetson/EVC/workshops/final_project_v3/install/jetson_camera_interfaces/lib/libjetson_camera_interfaces__python.so
[40.264s] -- Up-to-date: /home/jetson/EVC/workshops/final_project_v3/install/jetson_camera_interfaces/share/jetson_camera_interfaces/msg/ProcessedImagePair.idl
[40.267s] -- Up-to-date: /home/jetson/EVC/workshops/final_project_v3/install/jetson_camera_interfaces/share/jetson_camera_interfaces/msg/ProcessedImagePair.msg
[40.269s] -- Up-to-date: /home/jetson/EVC/workshops/final_project_v3/install/jetson_camera_interfaces/share/ament_index/resource_index/package_run_dependencies/jetson_camera_interfaces
[40.271s] -- Up-to-date: /home/jetson/EVC/workshops/final_project_v3/install/jetson_camera_interfaces/share/ament_index/resource_index/parent_prefix_path/jetson_camera_interfaces
[40.273s] -- Up-to-date: /home/jetson/EVC/workshops/final_project_v3/install/jetson_camera_interfaces/share/jetson_camera_interfaces/environment/ament_prefix_path.sh
[40.273s] -- Installing: /home/jetson/EVC/workshops/final_project_v3/install/jetson_camera_interfaces/share/jetson_camera_interfaces/environment/ament_prefix_path.dsv
[40.275s] -- Up-to-date: /home/jetson/EVC/workshops/final_project_v3/install/jetson_camera_interfaces/share/jetson_camera_interfaces/environment/path.sh
[40.275s] -- Installing: /home/jetson/EVC/workshops/final_project_v3/install/jetson_camera_interfaces/share/jetson_camera_interfaces/environment/path.dsv
[40.278s] -- Up-to-date: /home/jetson/EVC/workshops/final_project_v3/install/jetson_camera_interfaces/share/jetson_camera_interfaces/local_setup.bash
[40.278s] -- Up-to-date: /home/jetson/EVC/workshops/final_project_v3/install/jetson_camera_interfaces/share/jetson_camera_interfaces/local_setup.sh
[40.279s] -- Up-to-date: /home/jetson/EVC/workshops/final_project_v3/install/jetson_camera_interfaces/share/jetson_camera_interfaces/local_setup.zsh
[40.279s] -- Installing: /home/jetson/EVC/workshops/final_project_v3/install/jetson_camera_interfaces/share/jetson_camera_interfaces/local_setup.dsv
[40.281s] -- Installing: /home/jetson/EVC/workshops/final_project_v3/install/jetson_camera_interfaces/share/jetson_camera_interfaces/package.dsv
[40.284s] -- Up-to-date: /home/jetson/EVC/workshops/final_project_v3/install/jetson_camera_interfaces/share/ament_index/resource_index/packages/jetson_camera_interfaces
[40.287s] -- Up-to-date: /home/jetson/EVC/workshops/final_project_v3/install/jetson_camera_interfaces/share/jetson_camera_interfaces/cmake/jetson_camera_interfaces__rosidl_generator_cExport.cmake
[40.288s] -- Installing: /home/jetson/EVC/workshops/final_project_v3/install/jetson_camera_interfaces/share/jetson_camera_interfaces/cmake/jetson_camera_interfaces__rosidl_generator_cExport-noconfig.cmake
[40.293s] -- Up-to-date: /home/jetson/EVC/workshops/final_project_v3/install/jetson_camera_interfaces/share/jetson_camera_interfaces/cmake/jetson_camera_interfaces__rosidl_typesupport_introspection_cExport.cmake
[40.294s] -- Installing: /home/jetson/EVC/workshops/final_project_v3/install/jetson_camera_interfaces/share/jetson_camera_interfaces/cmake/jetson_camera_interfaces__rosidl_typesupport_introspection_cExport-noconfig.cmake
[40.300s] -- Up-to-date: /home/jetson/EVC/workshops/final_project_v3/install/jetson_camera_interfaces/share/jetson_camera_interfaces/cmake/jetson_camera_interfaces__rosidl_typesupport_cExport.cmake
[40.301s] -- Installing: /home/jetson/EVC/workshops/final_project_v3/install/jetson_camera_interfaces/share/jetson_camera_interfaces/cmake/jetson_camera_interfaces__rosidl_typesupport_cExport-noconfig.cmake
[40.314s] -- Up-to-date: /home/jetson/EVC/workshops/final_project_v3/install/jetson_camera_interfaces/share/jetson_camera_interfaces/cmake/jetson_camera_interfaces__rosidl_generator_cppExport.cmake
[40.316s] -- Up-to-date: /home/jetson/EVC/workshops/final_project_v3/install/jetson_camera_interfaces/share/jetson_camera_interfaces/cmake/jetson_camera_interfaces__rosidl_typesupport_introspection_cppExport.cmake
[40.317s] -- Installing: /home/jetson/EVC/workshops/final_project_v3/install/jetson_camera_interfaces/share/jetson_camera_interfaces/cmake/jetson_camera_interfaces__rosidl_typesupport_introspection_cppExport-noconfig.cmake
[40.322s] -- Up-to-date: /home/jetson/EVC/workshops/final_project_v3/install/jetson_camera_interfaces/share/jetson_camera_interfaces/cmake/jetson_camera_interfaces__rosidl_typesupport_cppExport.cmake
[40.323s] -- Installing: /home/jetson/EVC/workshops/final_project_v3/install/jetson_camera_interfaces/share/jetson_camera_interfaces/cmake/jetson_camera_interfaces__rosidl_typesupport_cppExport-noconfig.cmake
[40.325s] -- Up-to-date: /home/jetson/EVC/workshops/final_project_v3/install/jetson_camera_interfaces/share/jetson_camera_interfaces/cmake/rosidl_cmake-extras.cmake
[40.327s] -- Up-to-date: /home/jetson/EVC/workshops/final_project_v3/install/jetson_camera_interfaces/share/jetson_camera_interfaces/cmake/ament_cmake_export_dependencies-extras.cmake
[40.327s] -- Up-to-date: /home/jetson/EVC/workshops/final_project_v3/install/jetson_camera_interfaces/share/jetson_camera_interfaces/cmake/ament_cmake_export_libraries-extras.cmake
[40.328s] -- Up-to-date: /home/jetson/EVC/workshops/final_project_v3/install/jetson_camera_interfaces/share/jetson_camera_interfaces/cmake/ament_cmake_export_targets-extras.cmake
[40.329s] -- Up-to-date: /home/jetson/EVC/workshops/final_project_v3/install/jetson_camera_interfaces/share/jetson_camera_interfaces/cmake/ament_cmake_export_include_directories-extras.cmake
[40.329s] -- Up-to-date: /home/jetson/EVC/workshops/final_project_v3/install/jetson_camera_interfaces/share/jetson_camera_interfaces/cmake/rosidl_cmake_export_typesupport_libraries-extras.cmake
[40.330s] -- Up-to-date: /home/jetson/EVC/workshops/final_project_v3/install/jetson_camera_interfaces/share/jetson_camera_interfaces/cmake/rosidl_cmake_export_typesupport_targets-extras.cmake
[40.330s] -- Up-to-date: /home/jetson/EVC/workshops/final_project_v3/install/jetson_camera_interfaces/share/jetson_camera_interfaces/cmake/jetson_camera_interfacesConfig.cmake
[40.331s] -- Up-to-date: /home/jetson/EVC/workshops/final_project_v3/install/jetson_camera_interfaces/share/jetson_camera_interfaces/cmake/jetson_camera_interfacesConfig-version.cmake
[40.331s] -- Up-to-date: /home/jetson/EVC/workshops/final_project_v3/install/jetson_camera_interfaces/share/jetson_camera_interfaces/package.xml
[40.347s] Invoked command in '/home/jetson/EVC/workshops/final_project_v5/build/jetson_camera_interfaces' returned '0': CMAKE_PREFIX_PATH=${CMAKE_PREFIX_PATH}:/home/jetson/EVC/workshops/final_project_v5/install/goal_navigation:/home/jetson/EVC/workshops/final_project_v5/install/motor_control:/home/jetson/EVC/workshops/final_project_v5/install/line_following:/home/jetson/EVC/workshops/final_project_v5/install/color_detection_mode:/home/jetson/EVC/workshops/final_project_v5/install/jetson_camera:/home/jetson/EVC/workshops/final_project_v5/install/aruco_parking:/opt/ros/foxy JETSON_P_NUMBER=potor- /usr/bin/cmake --install /home/jetson/EVC/workshops/final_project_v5/build/jetson_camera_interfaces
