[7.502s] Invoking command in '/home/jetson/EVC/workshops/final_project_map_v3/final_project_map_v2/final_project_v4/behaviors/goal_navigation/goal_navigation': PYTHONPATH=/home/jetson/EVC/workshops/final_project_map_v3/final_project_map_v2/final_project_v4/build/goal_navigation/prefix_override:/usr/lib/python3/dist-packages/colcon_core/task/python/colcon_distutils_commands:/home/jetson/EVC/workshops/final_project_map_v3/final_project_map_v2/final_project_v4/install/goal_navigation/lib/python3.8/site-packages:${PYTHONPATH} /usr/bin/python3 -W ignore:setup.py install is deprecated -W ignore:easy_install command is deprecated setup.py egg_info --egg-base ../../../build/goal_navigation build --build-base /home/jetson/EVC/workshops/final_project_map_v3/final_project_map_v2/final_project_v4/build/goal_navigation/build install --record /home/jetson/EVC/workshops/final_project_map_v3/final_project_map_v2/final_project_v4/build/goal_navigation/install.log --single-version-externally-managed install_data
[8.827s] running egg_info
[8.829s] writing ../../../build/goal_navigation/goal_navigation.egg-info/PKG-INFO
[8.830s] writing dependency_links to ../../../build/goal_navigation/goal_navigation.egg-info/dependency_links.txt
[8.830s] writing entry points to ../../../build/goal_navigation/goal_navigation.egg-info/entry_points.txt
[8.831s] writing requirements to ../../../build/goal_navigation/goal_navigation.egg-info/requires.txt
[8.831s] writing top-level names to ../../../build/goal_navigation/goal_navigation.egg-info/top_level.txt
[8.844s] reading manifest file '../../../build/goal_navigation/goal_navigation.egg-info/SOURCES.txt'
[8.848s] writing manifest file '../../../build/goal_navigation/goal_navigation.egg-info/SOURCES.txt'
[8.848s] running build
[8.849s] running build_py
[8.850s] running install
[8.853s] running install_lib
[8.859s] running install_data
[8.860s] running install_egg_info
[8.867s] removing '/home/jetson/EVC/workshops/final_project_map_v3/final_project_map_v2/final_project_v4/install/goal_navigation/lib/python3.8/site-packages/goal_navigation-0.0.0-py3.8.egg-info' (and everything under it)
[8.868s] Copying ../../../build/goal_navigation/goal_navigation.egg-info to /home/jetson/EVC/workshops/final_project_map_v3/final_project_map_v2/final_project_v4/install/goal_navigation/lib/python3.8/site-packages/goal_navigation-0.0.0-py3.8.egg-info
[8.872s] running install_scripts
[8.956s] Installing goal_publisher_node script to /home/jetson/EVC/workshops/final_project_map_v3/final_project_map_v2/final_project_v4/install/goal_navigation/lib/goal_navigation
[8.958s] writing list of installed files to '/home/jetson/EVC/workshops/final_project_map_v3/final_project_map_v2/final_project_v4/build/goal_navigation/install.log'
[9.070s] Invoked command in '/home/jetson/EVC/workshops/final_project_map_v3/final_project_map_v2/final_project_v4/behaviors/goal_navigation/goal_navigation' returned '0': PYTHONPATH=/home/jetson/EVC/workshops/final_project_map_v3/final_project_map_v2/final_project_v4/build/goal_navigation/prefix_override:/usr/lib/python3/dist-packages/colcon_core/task/python/colcon_distutils_commands:/home/jetson/EVC/workshops/final_project_map_v3/final_project_map_v2/final_project_v4/install/goal_navigation/lib/python3.8/site-packages:${PYTHONPATH} /usr/bin/python3 -W ignore:setup.py install is deprecated -W ignore:easy_install command is deprecated setup.py egg_info --egg-base ../../../build/goal_navigation build --build-base /home/jetson/EVC/workshops/final_project_map_v3/final_project_map_v2/final_project_v4/build/goal_navigation/build install --record /home/jetson/EVC/workshops/final_project_map_v3/final_project_map_v2/final_project_v4/build/goal_navigation/install.log --single-version-externally-managed install_data
