[3.814s] Invoking command in '/home/jetson/EVC/workshops/final_project_v3/behaviors/color_detection/color_detection_mode': AMENT_PREFIX_PATH=/home/jetson/EVC/workshops/final_project_v3/install/jetson_camera_interfaces CMAKE_PREFIX_PATH=/home/jetson/EVC/workshops/final_project_v3/install/jetson_camera_interfaces LD_LIBRARY_PATH=/home/jetson/EVC/workshops/final_project_v3/install/jetson_camera_interfaces/lib${LD_LIBRARY_PATH} PYTHONPATH=/home/jetson/EVC/workshops/final_project_v3/build/color_detection_mode/prefix_override:/usr/lib/python3/dist-packages/colcon_core/task/python/colcon_distutils_commands:/home/jetson/EVC/workshops/final_project_v3/install/color_detection_mode/lib/python3.8/site-packages:/home/jetson/EVC/workshops/final_project_v3/install/jetson_camera_interfaces/lib/python3.8/site-packages /usr/bin/python3 -W ignore:setup.py install is deprecated -W ignore:easy_install command is deprecated setup.py egg_info --egg-base ../../../build/color_detection_mode build --build-base /home/jetson/EVC/workshops/final_project_v3/build/color_detection_mode/build install --record /home/jetson/EVC/workshops/final_project_v3/build/color_detection_mode/install.log --single-version-externally-managed install_data
[4.878s] running egg_info
[4.880s] writing ../../../build/color_detection_mode/color_detection_mode.egg-info/PKG-INFO
[4.881s] writing dependency_links to ../../../build/color_detection_mode/color_detection_mode.egg-info/dependency_links.txt
[4.882s] writing entry points to ../../../build/color_detection_mode/color_detection_mode.egg-info/entry_points.txt
[4.882s] writing requirements to ../../../build/color_detection_mode/color_detection_mode.egg-info/requires.txt
[4.882s] writing top-level names to ../../../build/color_detection_mode/color_detection_mode.egg-info/top_level.txt
[4.894s] reading manifest file '../../../build/color_detection_mode/color_detection_mode.egg-info/SOURCES.txt'
[4.937s] writing manifest file '../../../build/color_detection_mode/color_detection_mode.egg-info/SOURCES.txt'
[4.938s] running build
[4.938s] running build_py
[4.939s] running install
[4.942s] running install_lib
[4.947s] running install_data
[4.948s] running install_egg_info
[4.954s] removing '/home/jetson/EVC/workshops/final_project_v3/install/color_detection_mode/lib/python3.8/site-packages/color_detection_mode-0.0.0-py3.8.egg-info' (and everything under it)
[5.000s] Copying ../../../build/color_detection_mode/color_detection_mode.egg-info to /home/jetson/EVC/workshops/final_project_v3/install/color_detection_mode/lib/python3.8/site-packages/color_detection_mode-0.0.0-py3.8.egg-info
[5.024s] running install_scripts
[5.094s] Installing color_detection_node script to /home/jetson/EVC/workshops/final_project_v3/install/color_detection_mode/lib/color_detection_mode
[5.095s] Installing go_stop_node script to /home/jetson/EVC/workshops/final_project_v3/install/color_detection_mode/lib/color_detection_mode
[5.096s] writing list of installed files to '/home/jetson/EVC/workshops/final_project_v3/build/color_detection_mode/install.log'
[5.192s] Invoked command in '/home/jetson/EVC/workshops/final_project_v3/behaviors/color_detection/color_detection_mode' returned '0': AMENT_PREFIX_PATH=/home/jetson/EVC/workshops/final_project_v3/install/jetson_camera_interfaces CMAKE_PREFIX_PATH=/home/jetson/EVC/workshops/final_project_v3/install/jetson_camera_interfaces LD_LIBRARY_PATH=/home/jetson/EVC/workshops/final_project_v3/install/jetson_camera_interfaces/lib${LD_LIBRARY_PATH} PYTHONPATH=/home/jetson/EVC/workshops/final_project_v3/build/color_detection_mode/prefix_override:/usr/lib/python3/dist-packages/colcon_core/task/python/colcon_distutils_commands:/home/jetson/EVC/workshops/final_project_v3/install/color_detection_mode/lib/python3.8/site-packages:/home/jetson/EVC/workshops/final_project_v3/install/jetson_camera_interfaces/lib/python3.8/site-packages /usr/bin/python3 -W ignore:setup.py install is deprecated -W ignore:easy_install command is deprecated setup.py egg_info --egg-base ../../../build/color_detection_mode build --build-base /home/jetson/EVC/workshops/final_project_v3/build/color_detection_mode/build install --record /home/jetson/EVC/workshops/final_project_v3/build/color_detection_mode/install.log --single-version-externally-managed install_data
