[6.145s] Invoking command in '/home/jetson/EVC/workshops/final_project_v5/motion/control/motor_control': PYTHONPATH=/home/jetson/EVC/workshops/final_project_v5/build/motor_control/prefix_override:/usr/lib/python3/dist-packages/colcon_core/task/python/colcon_distutils_commands:/home/jetson/EVC/workshops/final_project_v5/install/motor_control/lib/python3.8/site-packages:${PYTHONPATH} /usr/bin/python3 -W ignore:setup.py install is deprecated -W ignore:easy_install command is deprecated setup.py egg_info --egg-base ../../../build/motor_control build --build-base /home/jetson/EVC/workshops/final_project_v5/build/motor_control/build install --record /home/jetson/EVC/workshops/final_project_v5/build/motor_control/install.log --install-scripts $base/lib/motor_control --single-version-externally-managed install_data
[7.692s] /usr/local/lib/python3.8/dist-packages/setuptools/dist.py:717: UserWarning: Usage of dash-separated 'script-dir' will not be supported in future versions. Please use the underscore name 'script_dir' instead
[7.693s]   warnings.warn(
[7.867s] running egg_info
[7.871s] creating ../../../build/motor_control/motor_control.egg-info
[7.871s] writing ../../../build/motor_control/motor_control.egg-info/PKG-INFO
[7.872s] writing dependency_links to ../../../build/motor_control/motor_control.egg-info/dependency_links.txt
[7.873s] writing entry points to ../../../build/motor_control/motor_control.egg-info/entry_points.txt
[7.873s] writing requirements to ../../../build/motor_control/motor_control.egg-info/requires.txt
[7.874s] writing top-level names to ../../../build/motor_control/motor_control.egg-info/top_level.txt
[7.879s] writing manifest file '../../../build/motor_control/motor_control.egg-info/SOURCES.txt'
[7.887s] reading manifest file '../../../build/motor_control/motor_control.egg-info/SOURCES.txt'
[7.891s] writing manifest file '../../../build/motor_control/motor_control.egg-info/SOURCES.txt'
[7.892s] running build
[7.892s] running build_py
[7.893s] creating /home/jetson/EVC/workshops/final_project_v5/build/motor_control/build
[7.894s] creating /home/jetson/EVC/workshops/final_project_v5/build/motor_control/build/lib
[7.894s] creating /home/jetson/EVC/workshops/final_project_v5/build/motor_control/build/lib/motor_control
[7.894s] copying motor_control/Adafruit_PWM_Servo_Driver.py -> /home/jetson/EVC/workshops/final_project_v5/build/motor_control/build/lib/motor_control
[7.896s] copying motor_control/imu_reader_node.py -> /home/jetson/EVC/workshops/final_project_v5/build/motor_control/build/lib/motor_control
[7.901s] copying motor_control/kinematics_node.py -> /home/jetson/EVC/workshops/final_project_v5/build/motor_control/build/lib/motor_control
[7.901s] copying motor_control/hat.py -> /home/jetson/EVC/workshops/final_project_v5/build/motor_control/build/lib/motor_control
[7.903s] copying motor_control/encoderDriver.py -> /home/jetson/EVC/workshops/final_project_v5/build/motor_control/build/lib/motor_control
[7.904s] copying motor_control/motorDriver.py -> /home/jetson/EVC/workshops/final_project_v5/build/motor_control/build/lib/motor_control
[7.905s] copying motor_control/hand_follower_node.py -> /home/jetson/EVC/workshops/final_project_v5/build/motor_control/build/lib/motor_control
[7.909s] copying motor_control/Adafruit_I2C.py -> /home/jetson/EVC/workshops/final_project_v5/build/motor_control/build/lib/motor_control
[7.910s] copying motor_control/pid_controller_node.py -> /home/jetson/EVC/workshops/final_project_v5/build/motor_control/build/lib/motor_control
[7.912s] copying motor_control/odometry_node.py -> /home/jetson/EVC/workshops/final_project_v5/build/motor_control/build/lib/motor_control
[7.913s] copying motor_control/tof_reader_node.py -> /home/jetson/EVC/workshops/final_project_v5/build/motor_control/build/lib/motor_control
[7.921s] copying motor_control/visualizer_node.py -> /home/jetson/EVC/workshops/final_project_v5/build/motor_control/build/lib/motor_control
[7.921s] copying motor_control/__init__.py -> /home/jetson/EVC/workshops/final_project_v5/build/motor_control/build/lib/motor_control
[7.922s] copying motor_control/movement_node.py -> /home/jetson/EVC/workshops/final_project_v5/build/motor_control/build/lib/motor_control
[7.923s] running install
[7.925s] running install_lib
[7.932s] creating /home/jetson/EVC/workshops/final_project_v5/install/motor_control/lib/python3.8/site-packages/motor_control
[7.933s] copying /home/jetson/EVC/workshops/final_project_v5/build/motor_control/build/lib/motor_control/Adafruit_PWM_Servo_Driver.py -> /home/jetson/EVC/workshops/final_project_v5/install/motor_control/lib/python3.8/site-packages/motor_control
[7.933s] copying /home/jetson/EVC/workshops/final_project_v5/build/motor_control/build/lib/motor_control/imu_reader_node.py -> /home/jetson/EVC/workshops/final_project_v5/install/motor_control/lib/python3.8/site-packages/motor_control
[7.934s] copying /home/jetson/EVC/workshops/final_project_v5/build/motor_control/build/lib/motor_control/kinematics_node.py -> /home/jetson/EVC/workshops/final_project_v5/install/motor_control/lib/python3.8/site-packages/motor_control
[7.935s] copying /home/jetson/EVC/workshops/final_project_v5/build/motor_control/build/lib/motor_control/hat.py -> /home/jetson/EVC/workshops/final_project_v5/install/motor_control/lib/python3.8/site-packages/motor_control
[7.936s] copying /home/jetson/EVC/workshops/final_project_v5/build/motor_control/build/lib/motor_control/encoderDriver.py -> /home/jetson/EVC/workshops/final_project_v5/install/motor_control/lib/python3.8/site-packages/motor_control
[7.936s] copying /home/jetson/EVC/workshops/final_project_v5/build/motor_control/build/lib/motor_control/motorDriver.py -> /home/jetson/EVC/workshops/final_project_v5/install/motor_control/lib/python3.8/site-packages/motor_control
[7.940s] copying /home/jetson/EVC/workshops/final_project_v5/build/motor_control/build/lib/motor_control/hand_follower_node.py -> /home/jetson/EVC/workshops/final_project_v5/install/motor_control/lib/python3.8/site-packages/motor_control
[7.940s] copying /home/jetson/EVC/workshops/final_project_v5/build/motor_control/build/lib/motor_control/Adafruit_I2C.py -> /home/jetson/EVC/workshops/final_project_v5/install/motor_control/lib/python3.8/site-packages/motor_control
[7.941s] copying /home/jetson/EVC/workshops/final_project_v5/build/motor_control/build/lib/motor_control/pid_controller_node.py -> /home/jetson/EVC/workshops/final_project_v5/install/motor_control/lib/python3.8/site-packages/motor_control
[7.941s] copying /home/jetson/EVC/workshops/final_project_v5/build/motor_control/build/lib/motor_control/odometry_node.py -> /home/jetson/EVC/workshops/final_project_v5/install/motor_control/lib/python3.8/site-packages/motor_control
[7.942s] copying /home/jetson/EVC/workshops/final_project_v5/build/motor_control/build/lib/motor_control/tof_reader_node.py -> /home/jetson/EVC/workshops/final_project_v5/install/motor_control/lib/python3.8/site-packages/motor_control
[7.943s] copying /home/jetson/EVC/workshops/final_project_v5/build/motor_control/build/lib/motor_control/visualizer_node.py -> /home/jetson/EVC/workshops/final_project_v5/install/motor_control/lib/python3.8/site-packages/motor_control
[7.944s] copying /home/jetson/EVC/workshops/final_project_v5/build/motor_control/build/lib/motor_control/__init__.py -> /home/jetson/EVC/workshops/final_project_v5/install/motor_control/lib/python3.8/site-packages/motor_control
[7.944s] copying /home/jetson/EVC/workshops/final_project_v5/build/motor_control/build/lib/motor_control/movement_node.py -> /home/jetson/EVC/workshops/final_project_v5/install/motor_control/lib/python3.8/site-packages/motor_control
[7.949s] byte-compiling /home/jetson/EVC/workshops/final_project_v5/install/motor_control/lib/python3.8/site-packages/motor_control/Adafruit_PWM_Servo_Driver.py to Adafruit_PWM_Servo_Driver.cpython-38.pyc
[7.952s] byte-compiling /home/jetson/EVC/workshops/final_project_v5/install/motor_control/lib/python3.8/site-packages/motor_control/imu_reader_node.py to imu_reader_node.cpython-38.pyc
[7.962s] byte-compiling /home/jetson/EVC/workshops/final_project_v5/install/motor_control/lib/python3.8/site-packages/motor_control/kinematics_node.py to kinematics_node.cpython-38.pyc
[7.964s] byte-compiling /home/jetson/EVC/workshops/final_project_v5/install/motor_control/lib/python3.8/site-packages/motor_control/hat.py to hat.cpython-38.pyc
[7.969s] byte-compiling /home/jetson/EVC/workshops/final_project_v5/install/motor_control/lib/python3.8/site-packages/motor_control/encoderDriver.py to encoderDriver.cpython-38.pyc
[7.973s] byte-compiling /home/jetson/EVC/workshops/final_project_v5/install/motor_control/lib/python3.8/site-packages/motor_control/motorDriver.py to motorDriver.cpython-38.pyc
[7.980s] byte-compiling /home/jetson/EVC/workshops/final_project_v5/install/motor_control/lib/python3.8/site-packages/motor_control/hand_follower_node.py to hand_follower_node.cpython-38.pyc
[7.984s] byte-compiling /home/jetson/EVC/workshops/final_project_v5/install/motor_control/lib/python3.8/site-packages/motor_control/Adafruit_I2C.py to Adafruit_I2C.cpython-38.pyc
[7.993s] byte-compiling /home/jetson/EVC/workshops/final_project_v5/install/motor_control/lib/python3.8/site-packages/motor_control/pid_controller_node.py to pid_controller_node.cpython-38.pyc
[7.996s] byte-compiling /home/jetson/EVC/workshops/final_project_v5/install/motor_control/lib/python3.8/site-packages/motor_control/odometry_node.py to odometry_node.cpython-38.pyc
[8.005s] byte-compiling /home/jetson/EVC/workshops/final_project_v5/install/motor_control/lib/python3.8/site-packages/motor_control/tof_reader_node.py to tof_reader_node.cpython-38.pyc
[8.013s] byte-compiling /home/jetson/EVC/workshops/final_project_v5/install/motor_control/lib/python3.8/site-packages/motor_control/visualizer_node.py to visualizer_node.cpython-38.pyc
[8.019s] byte-compiling /home/jetson/EVC/workshops/final_project_v5/install/motor_control/lib/python3.8/site-packages/motor_control/__init__.py to __init__.cpython-38.pyc
[8.021s] byte-compiling /home/jetson/EVC/workshops/final_project_v5/install/motor_control/lib/python3.8/site-packages/motor_control/movement_node.py to movement_node.cpython-38.pyc
[8.030s] running install_data
[8.032s] creating /home/jetson/EVC/workshops/final_project_v5/install/motor_control/share/ament_index
[8.033s] creating /home/jetson/EVC/workshops/final_project_v5/install/motor_control/share/ament_index/resource_index
[8.034s] creating /home/jetson/EVC/workshops/final_project_v5/install/motor_control/share/ament_index/resource_index/packages
[8.035s] copying resource/motor_control -> /home/jetson/EVC/workshops/final_project_v5/install/motor_control/share/ament_index/resource_index/packages
[8.038s] copying package.xml -> /home/jetson/EVC/workshops/final_project_v5/install/motor_control/share/motor_control
[8.040s] creating /home/jetson/EVC/workshops/final_project_v5/install/motor_control/share/motor_control/config
[8.041s] copying config/kinematics.yaml -> /home/jetson/EVC/workshops/final_project_v5/install/motor_control/share/motor_control/config
[8.044s] creating /home/jetson/EVC/workshops/final_project_v5/install/motor_control/share/motor_control/launch
[8.045s] copying launch/kinematics_only.launch.py -> /home/jetson/EVC/workshops/final_project_v5/install/motor_control/share/motor_control/launch
[8.049s] copying launch/motor_control.launch.py -> /home/jetson/EVC/workshops/final_project_v5/install/motor_control/share/motor_control/launch
[8.051s] running install_egg_info
[8.061s] Copying ../../../build/motor_control/motor_control.egg-info to /home/jetson/EVC/workshops/final_project_v5/install/motor_control/lib/python3.8/site-packages/motor_control-0.0.0-py3.8.egg-info
[8.069s] running install_scripts
[8.179s] Installing hand_follower script to /home/jetson/EVC/workshops/final_project_v5/install/motor_control/lib/motor_control
[8.180s] Installing imu_reader_node script to /home/jetson/EVC/workshops/final_project_v5/install/motor_control/lib/motor_control
[8.181s] Installing kinematics_node script to /home/jetson/EVC/workshops/final_project_v5/install/motor_control/lib/motor_control
[8.182s] Installing movement_node script to /home/jetson/EVC/workshops/final_project_v5/install/motor_control/lib/motor_control
[8.182s] Installing odometry_node script to /home/jetson/EVC/workshops/final_project_v5/install/motor_control/lib/motor_control
[8.183s] Installing pid_controller script to /home/jetson/EVC/workshops/final_project_v5/install/motor_control/lib/motor_control
[8.183s] Installing tof_reader_node script to /home/jetson/EVC/workshops/final_project_v5/install/motor_control/lib/motor_control
[8.195s] writing list of installed files to '/home/jetson/EVC/workshops/final_project_v5/build/motor_control/install.log'
[8.351s] Invoked command in '/home/jetson/EVC/workshops/final_project_v5/motion/control/motor_control' returned '0': PYTHONPATH=/home/jetson/EVC/workshops/final_project_v5/build/motor_control/prefix_override:/usr/lib/python3/dist-packages/colcon_core/task/python/colcon_distutils_commands:/home/jetson/EVC/workshops/final_project_v5/install/motor_control/lib/python3.8/site-packages:${PYTHONPATH} /usr/bin/python3 -W ignore:setup.py install is deprecated -W ignore:easy_install command is deprecated setup.py egg_info --egg-base ../../../build/motor_control build --build-base /home/jetson/EVC/workshops/final_project_v5/build/motor_control/build install --record /home/jetson/EVC/workshops/final_project_v5/build/motor_control/install.log --install-scripts $base/lib/motor_control --single-version-externally-managed install_data
