[5.998s] Invoking command in '/home/jetson/EVC/workshops/final_project_map_v2/final_project_v4/behaviors/aruco_parking/aruco_parking': PYTHONPATH=/home/jetson/EVC/workshops/final_project_map_v2/final_project_v4/build/aruco_parking/prefix_override:/usr/lib/python3/dist-packages/colcon_core/task/python/colcon_distutils_commands:/home/jetson/EVC/workshops/final_project_map_v2/final_project_v4/install/aruco_parking/lib/python3.8/site-packages:${PYTHONPATH} /usr/bin/python3 -W ignore:setup.py install is deprecated -W ignore:easy_install command is deprecated setup.py egg_info --egg-base ../../../build/aruco_parking build --build-base /home/jetson/EVC/workshops/final_project_map_v2/final_project_v4/build/aruco_parking/build install --record /home/jetson/EVC/workshops/final_project_map_v2/final_project_v4/build/aruco_parking/install.log --single-version-externally-managed install_data
[7.274s] running egg_info
[7.277s] writing ../../../build/aruco_parking/aruco_parking.egg-info/PKG-INFO
[7.280s] writing dependency_links to ../../../build/aruco_parking/aruco_parking.egg-info/dependency_links.txt
[7.282s] writing entry points to ../../../build/aruco_parking/aruco_parking.egg-info/entry_points.txt
[7.283s] writing requirements to ../../../build/aruco_parking/aruco_parking.egg-info/requires.txt
[7.284s] writing top-level names to ../../../build/aruco_parking/aruco_parking.egg-info/top_level.txt
[7.301s] reading manifest file '../../../build/aruco_parking/aruco_parking.egg-info/SOURCES.txt'
[7.307s] writing manifest file '../../../build/aruco_parking/aruco_parking.egg-info/SOURCES.txt'
[7.307s] running build
[7.308s] running build_py
[7.310s] running install
[7.314s] running install_lib
[7.324s] running install_data
[7.325s] running install_egg_info
[7.335s] removing '/home/jetson/EVC/workshops/final_project_map_v2/final_project_v4/install/aruco_parking/lib/python3.8/site-packages/aruco_parking-0.0.0-py3.8.egg-info' (and everything under it)
[7.336s] Copying ../../../build/aruco_parking/aruco_parking.egg-info to /home/jetson/EVC/workshops/final_project_map_v2/final_project_v4/install/aruco_parking/lib/python3.8/site-packages/aruco_parking-0.0.0-py3.8.egg-info
[7.341s] running install_scripts
[7.437s] Installing aruco_detector_node script to /home/jetson/EVC/workshops/final_project_map_v2/final_project_v4/install/aruco_parking/lib/aruco_parking
[7.438s] writing list of installed files to '/home/jetson/EVC/workshops/final_project_map_v2/final_project_v4/build/aruco_parking/install.log'
[7.550s] Invoked command in '/home/jetson/EVC/workshops/final_project_map_v2/final_project_v4/behaviors/aruco_parking/aruco_parking' returned '0': PYTHONPATH=/home/jetson/EVC/workshops/final_project_map_v2/final_project_v4/build/aruco_parking/prefix_override:/usr/lib/python3/dist-packages/colcon_core/task/python/colcon_distutils_commands:/home/jetson/EVC/workshops/final_project_map_v2/final_project_v4/install/aruco_parking/lib/python3.8/site-packages:${PYTHONPATH} /usr/bin/python3 -W ignore:setup.py install is deprecated -W ignore:easy_install command is deprecated setup.py egg_info --egg-base ../../../build/aruco_parking build --build-base /home/jetson/EVC/workshops/final_project_map_v2/final_project_v4/build/aruco_parking/build install --record /home/jetson/EVC/workshops/final_project_map_v2/final_project_v4/build/aruco_parking/install.log --single-version-externally-managed install_data
