[6.025s] Invoking command in '/home/jetson/EVC/workshops/final_project_map/final_project_v4/behaviors/goal_navigation/goal_navigation': PYTHONPATH=/home/jetson/EVC/workshops/final_project_map/final_project_v4/build/goal_navigation/prefix_override:/usr/lib/python3/dist-packages/colcon_core/task/python/colcon_distutils_commands:/home/jetson/EVC/workshops/final_project_map/final_project_v4/install/goal_navigation/lib/python3.8/site-packages:${PYTHONPATH} /usr/bin/python3 -W ignore:setup.py install is deprecated -W ignore:easy_install command is deprecated setup.py egg_info --egg-base ../../../build/goal_navigation build --build-base /home/jetson/EVC/workshops/final_project_map/final_project_v4/build/goal_navigation/build install --record /home/jetson/EVC/workshops/final_project_map/final_project_v4/build/goal_navigation/install.log --single-version-externally-managed install_data
[7.299s] running egg_info
[7.303s] writing ../../../build/goal_navigation/goal_navigation.egg-info/PKG-INFO
[7.304s] writing dependency_links to ../../../build/goal_navigation/goal_navigation.egg-info/dependency_links.txt
[7.305s] writing entry points to ../../../build/goal_navigation/goal_navigation.egg-info/entry_points.txt
[7.306s] writing requirements to ../../../build/goal_navigation/goal_navigation.egg-info/requires.txt
[7.306s] writing top-level names to ../../../build/goal_navigation/goal_navigation.egg-info/top_level.txt
[7.319s] reading manifest file '../../../build/goal_navigation/goal_navigation.egg-info/SOURCES.txt'
[7.324s] writing manifest file '../../../build/goal_navigation/goal_navigation.egg-info/SOURCES.txt'
[7.324s] running build
[7.325s] running build_py
[7.327s] running install
[7.331s] running install_lib
[7.340s] running install_data
[7.341s] running install_egg_info
[7.350s] removing '/home/jetson/EVC/workshops/final_project_map/final_project_v4/install/goal_navigation/lib/python3.8/site-packages/goal_navigation-0.0.0-py3.8.egg-info' (and everything under it)
[7.352s] Copying ../../../build/goal_navigation/goal_navigation.egg-info to /home/jetson/EVC/workshops/final_project_map/final_project_v4/install/goal_navigation/lib/python3.8/site-packages/goal_navigation-0.0.0-py3.8.egg-info
[7.357s] running install_scripts
[7.447s] Installing goal_publisher_node script to /home/jetson/EVC/workshops/final_project_map/final_project_v4/install/goal_navigation/lib/goal_navigation
[7.451s] writing list of installed files to '/home/jetson/EVC/workshops/final_project_map/final_project_v4/build/goal_navigation/install.log'
[7.636s] Invoked command in '/home/jetson/EVC/workshops/final_project_map/final_project_v4/behaviors/goal_navigation/goal_navigation' returned '0': PYTHONPATH=/home/jetson/EVC/workshops/final_project_map/final_project_v4/build/goal_navigation/prefix_override:/usr/lib/python3/dist-packages/colcon_core/task/python/colcon_distutils_commands:/home/jetson/EVC/workshops/final_project_map/final_project_v4/install/goal_navigation/lib/python3.8/site-packages:${PYTHONPATH} /usr/bin/python3 -W ignore:setup.py install is deprecated -W ignore:easy_install command is deprecated setup.py egg_info --egg-base ../../../build/goal_navigation build --build-base /home/jetson/EVC/workshops/final_project_map/final_project_v4/build/goal_navigation/build install --record /home/jetson/EVC/workshops/final_project_map/final_project_v4/build/goal_navigation/install.log --single-version-externally-managed install_data
