[5.682s] Invoking command in '/home/jetson/EVC/workshops/final_project_v5/behaviors/color_detection/color_detection_mode': AMENT_PREFIX_PATH=/home/jetson/EVC/workshops/final_project_v5/install/jetson_camera_interfaces:${AMENT_PREFIX_PATH} CMAKE_PREFIX_PATH=/home/jetson/EVC/workshops/final_project_v5/install/jetson_camera_interfaces JETSON_P_NUMBER=pders- LD_LIBRARY_PATH=/home/jetson/EVC/workshops/final_project_v5/install/jetson_camera_interfaces/lib:/opt/ros/foxy/opt/yaml_cpp_vendor/lib:/opt/ros/foxy/lib/aarch64-linux-gnu:/opt/ros/foxy/lib:/usr/local/cuda/lib64 PYTHONPATH=/home/jetson/EVC/workshops/final_project_v5/build/color_detection_mode/prefix_override:/usr/lib/python3/dist-packages/colcon_core/task/python/colcon_distutils_commands:/home/jetson/EVC/workshops/final_project_v5/install/color_detection_mode/lib/python3.8/site-packages:/home/jetson/EVC/workshops/final_project_v5/install/jetson_camera_interfaces/lib/python3.8/site-packages:${PYTHONPATH} /usr/bin/python3 -W ignore:setup.py install is deprecated -W ignore:easy_install command is deprecated setup.py egg_info --egg-base ../../../build/color_detection_mode build --build-base /home/jetson/EVC/workshops/final_project_v5/build/color_detection_mode/build install --record /home/jetson/EVC/workshops/final_project_v5/build/color_detection_mode/install.log --single-version-externally-managed install_data
[6.864s] running egg_info
[6.867s] writing ../../../build/color_detection_mode/color_detection_mode.egg-info/PKG-INFO
[6.869s] writing dependency_links to ../../../build/color_detection_mode/color_detection_mode.egg-info/dependency_links.txt
[6.870s] writing entry points to ../../../build/color_detection_mode/color_detection_mode.egg-info/entry_points.txt
[6.871s] writing requirements to ../../../build/color_detection_mode/color_detection_mode.egg-info/requires.txt
[6.871s] writing top-level names to ../../../build/color_detection_mode/color_detection_mode.egg-info/top_level.txt
[6.893s] reading manifest file '../../../build/color_detection_mode/color_detection_mode.egg-info/SOURCES.txt'
[6.898s] writing manifest file '../../../build/color_detection_mode/color_detection_mode.egg-info/SOURCES.txt'
[6.898s] running build
[6.899s] running build_py
[6.901s] running install
[6.905s] running install_lib
[6.919s] running install_data
[6.923s] running install_egg_info
[6.930s] removing '/home/jetson/EVC/workshops/final_project_v5/install/color_detection_mode/lib/python3.8/site-packages/color_detection_mode-0.0.0-py3.8.egg-info' (and everything under it)
[6.933s] Copying ../../../build/color_detection_mode/color_detection_mode.egg-info to /home/jetson/EVC/workshops/final_project_v5/install/color_detection_mode/lib/python3.8/site-packages/color_detection_mode-0.0.0-py3.8.egg-info
[6.938s] running install_scripts
[7.024s] Installing color_detection_node script to /home/jetson/EVC/workshops/final_project_v5/install/color_detection_mode/lib/color_detection_mode
[7.026s] Installing go_stop_node script to /home/jetson/EVC/workshops/final_project_v5/install/color_detection_mode/lib/color_detection_mode
[7.027s] writing list of installed files to '/home/jetson/EVC/workshops/final_project_v5/build/color_detection_mode/install.log'
[7.131s] Invoked command in '/home/jetson/EVC/workshops/final_project_v5/behaviors/color_detection/color_detection_mode' returned '0': AMENT_PREFIX_PATH=/home/jetson/EVC/workshops/final_project_v5/install/jetson_camera_interfaces:${AMENT_PREFIX_PATH} CMAKE_PREFIX_PATH=/home/jetson/EVC/workshops/final_project_v5/install/jetson_camera_interfaces JETSON_P_NUMBER=pders- LD_LIBRARY_PATH=/home/jetson/EVC/workshops/final_project_v5/install/jetson_camera_interfaces/lib:/opt/ros/foxy/opt/yaml_cpp_vendor/lib:/opt/ros/foxy/lib/aarch64-linux-gnu:/opt/ros/foxy/lib:/usr/local/cuda/lib64 PYTHONPATH=/home/jetson/EVC/workshops/final_project_v5/build/color_detection_mode/prefix_override:/usr/lib/python3/dist-packages/colcon_core/task/python/colcon_distutils_commands:/home/jetson/EVC/workshops/final_project_v5/install/color_detection_mode/lib/python3.8/site-packages:/home/jetson/EVC/workshops/final_project_v5/install/jetson_camera_interfaces/lib/python3.8/site-packages:${PYTHONPATH} /usr/bin/python3 -W ignore:setup.py install is deprecated -W ignore:easy_install command is deprecated setup.py egg_info --egg-base ../../../build/color_detection_mode build --build-base /home/jetson/EVC/workshops/final_project_v5/build/color_detection_mode/build install --record /home/jetson/EVC/workshops/final_project_v5/build/color_detection_mode/install.log --single-version-externally-managed install_data
