[1.475s] Invoking command in '/home/jetson/EVC/workshops/final_project_v5/build/jetson_camera_interfaces': CMAKE_PREFIX_PATH=${CMAKE_PREFIX_PATH}:/home/jetson/EVC/workshops/final_project_v5/install/goal_navigation:/home/jetson/EVC/workshops/final_project_v5/install/motor_control:/home/jetson/EVC/workshops/final_project_v5/install/line_following:/home/jetson/EVC/workshops/final_project_v5/install/color_detection_mode:/home/jetson/EVC/workshops/final_project_v5/install/jetson_camera:/home/jetson/EVC/workshops/final_project_v5/install/aruco_parking:/opt/ros/foxy /usr/bin/cmake --build /home/jetson/EVC/workshops/final_project_v5/build/jetson_camera_interfaces -- -j4 -l4
[3.148s] [  3%] Built target jetson_camera_interfaces__cpp
[3.149s] [ 12%] Built target jetson_camera_interfaces__rosidl_generator_c
[3.153s] [ 22%] Built target jetson_camera_interfaces__rosidl_typesupport_introspection_cpp
[3.154s] [ 41%] Built target jetson_camera_interfaces__rosidl_typesupport_fastrtps_cpp
[3.155s] [ 41%] Built target jetson_camera_interfaces__rosidl_typesupport_cpp
[3.156s] [ 51%] Built target jetson_camera_interfaces__rosidl_typesupport_introspection_c
[3.157s] [ 61%] Built target jetson_camera_interfaces__rosidl_typesupport_c
[3.162s] [ 70%] Built target jetson_camera_interfaces__rosidl_typesupport_fastrtps_c
[3.163s] [ 70%] Built target jetson_camera_interfaces
[3.163s] [ 74%] Built target jetson_camera_interfaces__py
[3.163s] [ 80%] Built target jetson_camera_interfaces__python
[3.164s] [ 87%] Built target jetson_camera_interfaces__rosidl_typesupport_introspection_c__pyext
[3.164s] [ 93%] Built target jetson_camera_interfaces__rosidl_typesupport_c__pyext
[3.168s] [100%] Built target jetson_camera_interfaces__rosidl_typesupport_fastrtps_c__pyext
[4.591s] Invoked command in '/home/jetson/EVC/workshops/final_project_v5/build/jetson_camera_interfaces' returned '0': CMAKE_PREFIX_PATH=${CMAKE_PREFIX_PATH}:/home/jetson/EVC/workshops/final_project_v5/install/goal_navigation:/home/jetson/EVC/workshops/final_project_v5/install/motor_control:/home/jetson/EVC/workshops/final_project_v5/install/line_following:/home/jetson/EVC/workshops/final_project_v5/install/color_detection_mode:/home/jetson/EVC/workshops/final_project_v5/install/jetson_camera:/home/jetson/EVC/workshops/final_project_v5/install/aruco_parking:/opt/ros/foxy /usr/bin/cmake --build /home/jetson/EVC/workshops/final_project_v5/build/jetson_camera_interfaces -- -j4 -l4
[4.636s] Invoking command in '/home/jetson/EVC/workshops/final_project_v5/build/jetson_camera_interfaces': CMAKE_PREFIX_PATH=${CMAKE_PREFIX_PATH}:/home/jetson/EVC/workshops/final_project_v5/install/goal_navigation:/home/jetson/EVC/workshops/final_project_v5/install/motor_control:/home/jetson/EVC/workshops/final_project_v5/install/line_following:/home/jetson/EVC/workshops/final_project_v5/install/color_detection_mode:/home/jetson/EVC/workshops/final_project_v5/install/jetson_camera:/home/jetson/EVC/workshops/final_project_v5/install/aruco_parking:/opt/ros/foxy /usr/bin/cmake --install /home/jetson/EVC/workshops/final_project_v5/build/jetson_camera_interfaces
[4.672s] -- Install configuration: ""
[4.673s] -- Up-to-date: /home/jetson/EVC/workshops/final_project_v5/install/jetson_camera_interfaces/share/ament_index/resource_index/rosidl_interfaces/jetson_camera_interfaces
[4.674s] -- Up-to-date: /home/jetson/EVC/workshops/final_project_v5/install/jetson_camera_interfaces/include/jetson_camera_interfaces
[4.674s] -- Up-to-date: /home/jetson/EVC/workshops/final_project_v5/install/jetson_camera_interfaces/include/jetson_camera_interfaces/msg
[4.675s] -- Up-to-date: /home/jetson/EVC/workshops/final_project_v5/install/jetson_camera_interfaces/include/jetson_camera_interfaces/msg/detail
[4.675s] -- Up-to-date: /home/jetson/EVC/workshops/final_project_v5/install/jetson_camera_interfaces/include/jetson_camera_interfaces/msg/detail/processed_image_pair__functions.h
[4.676s] -- Up-to-date: /home/jetson/EVC/workshops/final_project_v5/install/jetson_camera_interfaces/include/jetson_camera_interfaces/msg/detail/processed_image_pair__struct.h
[4.676s] -- Up-to-date: /home/jetson/EVC/workshops/final_project_v5/install/jetson_camera_interfaces/include/jetson_camera_interfaces/msg/detail/processed_image_pair__type_support.h
[4.677s] -- Up-to-date: /home/jetson/EVC/workshops/final_project_v5/install/jetson_camera_interfaces/include/jetson_camera_interfaces/msg/detail/processed_image_pair__functions.c
[4.680s] -- Up-to-date: /home/jetson/EVC/workshops/final_project_v5/install/jetson_camera_interfaces/include/jetson_camera_interfaces/msg/rosidl_generator_c__visibility_control.h
[4.681s] -- Up-to-date: /home/jetson/EVC/workshops/final_project_v5/install/jetson_camera_interfaces/include/jetson_camera_interfaces/msg/processed_image_pair.h
[4.690s] -- Up-to-date: /home/jetson/EVC/workshops/final_project_v5/install/jetson_camera_interfaces/share/jetson_camera_interfaces/environment/library_path.sh
[4.691s] -- Up-to-date: /home/jetson/EVC/workshops/final_project_v5/install/jetson_camera_interfaces/share/jetson_camera_interfaces/environment/library_path.dsv
[4.691s] -- Up-to-date: /home/jetson/EVC/workshops/final_project_v5/install/jetson_camera_interfaces/lib/libjetson_camera_interfaces__rosidl_generator_c.so
[4.692s] -- Up-to-date: /home/jetson/EVC/workshops/final_project_v5/install/jetson_camera_interfaces/include/jetson_camera_interfaces
[4.693s] -- Up-to-date: /home/jetson/EVC/workshops/final_project_v5/install/jetson_camera_interfaces/include/jetson_camera_interfaces/msg
[4.693s] -- Up-to-date: /home/jetson/EVC/workshops/final_project_v5/install/jetson_camera_interfaces/include/jetson_camera_interfaces/msg/detail
[4.694s] -- Up-to-date: /home/jetson/EVC/workshops/final_project_v5/install/jetson_camera_interfaces/include/jetson_camera_interfaces/msg/detail/processed_image_pair__rosidl_typesupport_fastrtps_c.h
[4.695s] -- Up-to-date: /home/jetson/EVC/workshops/final_project_v5/install/jetson_camera_interfaces/include/jetson_camera_interfaces/msg/rosidl_typesupport_fastrtps_c__visibility_control.h
[4.696s] -- Up-to-date: /home/jetson/EVC/workshops/final_project_v5/install/jetson_camera_interfaces/lib/libjetson_camera_interfaces__rosidl_typesupport_fastrtps_c.so
[4.696s] -- Up-to-date: /home/jetson/EVC/workshops/final_project_v5/install/jetson_camera_interfaces/include/jetson_camera_interfaces
[4.697s] -- Up-to-date: /home/jetson/EVC/workshops/final_project_v5/install/jetson_camera_interfaces/include/jetson_camera_interfaces/msg
[4.697s] -- Up-to-date: /home/jetson/EVC/workshops/final_project_v5/install/jetson_camera_interfaces/include/jetson_camera_interfaces/msg/detail
[4.698s] -- Up-to-date: /home/jetson/EVC/workshops/final_project_v5/install/jetson_camera_interfaces/include/jetson_camera_interfaces/msg/detail/processed_image_pair__rosidl_typesupport_fastrtps_cpp.hpp
[4.698s] -- Up-to-date: /home/jetson/EVC/workshops/final_project_v5/install/jetson_camera_interfaces/include/jetson_camera_interfaces/msg/detail/dds_fastrtps
[4.698s] -- Up-to-date: /home/jetson/EVC/workshops/final_project_v5/install/jetson_camera_interfaces/include/jetson_camera_interfaces/msg/rosidl_typesupport_fastrtps_cpp__visibility_control.h
[4.699s] -- Up-to-date: /home/jetson/EVC/workshops/final_project_v5/install/jetson_camera_interfaces/lib/libjetson_camera_interfaces__rosidl_typesupport_fastrtps_cpp.so
[4.703s] -- Up-to-date: /home/jetson/EVC/workshops/final_project_v5/install/jetson_camera_interfaces/include/jetson_camera_interfaces
[4.704s] -- Up-to-date: /home/jetson/EVC/workshops/final_project_v5/install/jetson_camera_interfaces/include/jetson_camera_interfaces/msg
[4.704s] -- Up-to-date: /home/jetson/EVC/workshops/final_project_v5/install/jetson_camera_interfaces/include/jetson_camera_interfaces/msg/detail
[4.705s] -- Up-to-date: /home/jetson/EVC/workshops/final_project_v5/install/jetson_camera_interfaces/include/jetson_camera_interfaces/msg/detail/processed_image_pair__rosidl_typesupport_introspection_c.h
[4.705s] -- Up-to-date: /home/jetson/EVC/workshops/final_project_v5/install/jetson_camera_interfaces/include/jetson_camera_interfaces/msg/detail/processed_image_pair__type_support.c
[4.706s] -- Up-to-date: /home/jetson/EVC/workshops/final_project_v5/install/jetson_camera_interfaces/include/jetson_camera_interfaces/msg/rosidl_typesupport_introspection_c__visibility_control.h
[4.706s] -- Up-to-date: /home/jetson/EVC/workshops/final_project_v5/install/jetson_camera_interfaces/lib/libjetson_camera_interfaces__rosidl_typesupport_introspection_c.so
[4.706s] -- Up-to-date: /home/jetson/EVC/workshops/final_project_v5/install/jetson_camera_interfaces/lib/libjetson_camera_interfaces__rosidl_typesupport_c.so
[4.707s] -- Up-to-date: /home/jetson/EVC/workshops/final_project_v5/install/jetson_camera_interfaces/include/jetson_camera_interfaces
[4.707s] -- Up-to-date: /home/jetson/EVC/workshops/final_project_v5/install/jetson_camera_interfaces/include/jetson_camera_interfaces/msg
[4.708s] -- Up-to-date: /home/jetson/EVC/workshops/final_project_v5/install/jetson_camera_interfaces/include/jetson_camera_interfaces/msg/detail
[4.708s] -- Up-to-date: /home/jetson/EVC/workshops/final_project_v5/install/jetson_camera_interfaces/include/jetson_camera_interfaces/msg/detail/processed_image_pair__traits.hpp
[4.708s] -- Up-to-date: /home/jetson/EVC/workshops/final_project_v5/install/jetson_camera_interfaces/include/jetson_camera_interfaces/msg/detail/processed_image_pair__builder.hpp
[4.709s] -- Up-to-date: /home/jetson/EVC/workshops/final_project_v5/install/jetson_camera_interfaces/include/jetson_camera_interfaces/msg/detail/processed_image_pair__struct.hpp
[4.709s] -- Up-to-date: /home/jetson/EVC/workshops/final_project_v5/install/jetson_camera_interfaces/include/jetson_camera_interfaces/msg/detail/processed_image_pair__type_support.hpp
[4.710s] -- Up-to-date: /home/jetson/EVC/workshops/final_project_v5/install/jetson_camera_interfaces/include/jetson_camera_interfaces/msg/rosidl_generator_cpp__visibility_control.hpp
[4.710s] -- Up-to-date: /home/jetson/EVC/workshops/final_project_v5/install/jetson_camera_interfaces/include/jetson_camera_interfaces/msg/processed_image_pair.hpp
[4.711s] -- Up-to-date: /home/jetson/EVC/workshops/final_project_v5/install/jetson_camera_interfaces/include/jetson_camera_interfaces
[4.711s] -- Up-to-date: /home/jetson/EVC/workshops/final_project_v5/install/jetson_camera_interfaces/include/jetson_camera_interfaces/msg
[4.711s] -- Up-to-date: /home/jetson/EVC/workshops/final_project_v5/install/jetson_camera_interfaces/include/jetson_camera_interfaces/msg/detail
[4.712s] -- Up-to-date: /home/jetson/EVC/workshops/final_project_v5/install/jetson_camera_interfaces/include/jetson_camera_interfaces/msg/detail/processed_image_pair__rosidl_typesupport_introspection_cpp.hpp
[4.712s] -- Up-to-date: /home/jetson/EVC/workshops/final_project_v5/install/jetson_camera_interfaces/include/jetson_camera_interfaces/msg/detail/processed_image_pair__type_support.cpp
[4.713s] -- Up-to-date: /home/jetson/EVC/workshops/final_project_v5/install/jetson_camera_interfaces/lib/libjetson_camera_interfaces__rosidl_typesupport_introspection_cpp.so
[4.713s] -- Up-to-date: /home/jetson/EVC/workshops/final_project_v5/install/jetson_camera_interfaces/lib/libjetson_camera_interfaces__rosidl_typesupport_cpp.so
[4.713s] -- Up-to-date: /home/jetson/EVC/workshops/final_project_v5/install/jetson_camera_interfaces/share/jetson_camera_interfaces/environment/pythonpath.sh
[4.714s] -- Up-to-date: /home/jetson/EVC/workshops/final_project_v5/install/jetson_camera_interfaces/share/jetson_camera_interfaces/environment/pythonpath.dsv
[4.714s] -- Up-to-date: /home/jetson/EVC/workshops/final_project_v5/install/jetson_camera_interfaces/lib/python3.8/site-packages/jetson_camera_interfaces/__init__.py
[4.889s] -- Up-to-date: /home/jetson/EVC/workshops/final_project_v5/install/jetson_camera_interfaces/lib/python3.8/site-packages/jetson_camera_interfaces/msg
[4.890s] -- Up-to-date: /home/jetson/EVC/workshops/final_project_v5/install/jetson_camera_interfaces/lib/python3.8/site-packages/jetson_camera_interfaces/msg/_processed_image_pair_s.c
[4.890s] -- Up-to-date: /home/jetson/EVC/workshops/final_project_v5/install/jetson_camera_interfaces/lib/python3.8/site-packages/jetson_camera_interfaces/msg/_processed_image_pair.py
[4.891s] -- Up-to-date: /home/jetson/EVC/workshops/final_project_v5/install/jetson_camera_interfaces/lib/python3.8/site-packages/jetson_camera_interfaces/msg/__init__.py
[4.892s] -- Up-to-date: /home/jetson/EVC/workshops/final_project_v5/install/jetson_camera_interfaces/lib/python3.8/site-packages/jetson_camera_interfaces/jetson_camera_interfaces_s__rosidl_typesupport_fastrtps_c.cpython-38-aarch64-linux-gnu.so
[4.894s] -- Up-to-date: /home/jetson/EVC/workshops/final_project_v5/install/jetson_camera_interfaces/lib/python3.8/site-packages/jetson_camera_interfaces/jetson_camera_interfaces_s__rosidl_typesupport_introspection_c.cpython-38-aarch64-linux-gnu.so
[4.897s] -- Up-to-date: /home/jetson/EVC/workshops/final_project_v5/install/jetson_camera_interfaces/lib/python3.8/site-packages/jetson_camera_interfaces/jetson_camera_interfaces_s__rosidl_typesupport_c.cpython-38-aarch64-linux-gnu.so
[4.899s] -- Up-to-date: /home/jetson/EVC/workshops/final_project_v5/install/jetson_camera_interfaces/lib/libjetson_camera_interfaces__python.so
[4.900s] -- Up-to-date: /home/jetson/EVC/workshops/final_project_v5/install/jetson_camera_interfaces/share/jetson_camera_interfaces/msg/ProcessedImagePair.idl
[4.901s] -- Up-to-date: /home/jetson/EVC/workshops/final_project_v5/install/jetson_camera_interfaces/share/jetson_camera_interfaces/msg/ProcessedImagePair.msg
[4.902s] -- Up-to-date: /home/jetson/EVC/workshops/final_project_v5/install/jetson_camera_interfaces/share/ament_index/resource_index/package_run_dependencies/jetson_camera_interfaces
[4.903s] -- Up-to-date: /home/jetson/EVC/workshops/final_project_v5/install/jetson_camera_interfaces/share/ament_index/resource_index/parent_prefix_path/jetson_camera_interfaces
[4.904s] -- Up-to-date: /home/jetson/EVC/workshops/final_project_v5/install/jetson_camera_interfaces/share/jetson_camera_interfaces/environment/ament_prefix_path.sh
[4.906s] -- Up-to-date: /home/jetson/EVC/workshops/final_project_v5/install/jetson_camera_interfaces/share/jetson_camera_interfaces/environment/ament_prefix_path.dsv
[4.907s] -- Up-to-date: /home/jetson/EVC/workshops/final_project_v5/install/jetson_camera_interfaces/share/jetson_camera_interfaces/environment/path.sh
[4.908s] -- Up-to-date: /home/jetson/EVC/workshops/final_project_v5/install/jetson_camera_interfaces/share/jetson_camera_interfaces/environment/path.dsv
[4.909s] -- Up-to-date: /home/jetson/EVC/workshops/final_project_v5/install/jetson_camera_interfaces/share/jetson_camera_interfaces/local_setup.bash
[4.910s] -- Up-to-date: /home/jetson/EVC/workshops/final_project_v5/install/jetson_camera_interfaces/share/jetson_camera_interfaces/local_setup.sh
[4.911s] -- Up-to-date: /home/jetson/EVC/workshops/final_project_v5/install/jetson_camera_interfaces/share/jetson_camera_interfaces/local_setup.zsh
[4.912s] -- Up-to-date: /home/jetson/EVC/workshops/final_project_v5/install/jetson_camera_interfaces/share/jetson_camera_interfaces/local_setup.dsv
[4.913s] -- Installing: /home/jetson/EVC/workshops/final_project_v5/install/jetson_camera_interfaces/share/jetson_camera_interfaces/package.dsv
[4.915s] -- Up-to-date: /home/jetson/EVC/workshops/final_project_v5/install/jetson_camera_interfaces/share/ament_index/resource_index/packages/jetson_camera_interfaces
[4.917s] -- Up-to-date: /home/jetson/EVC/workshops/final_project_v5/install/jetson_camera_interfaces/share/jetson_camera_interfaces/cmake/jetson_camera_interfaces__rosidl_generator_cExport.cmake
[4.918s] -- Up-to-date: /home/jetson/EVC/workshops/final_project_v5/install/jetson_camera_interfaces/share/jetson_camera_interfaces/cmake/jetson_camera_interfaces__rosidl_generator_cExport-noconfig.cmake
[4.920s] -- Up-to-date: /home/jetson/EVC/workshops/final_project_v5/install/jetson_camera_interfaces/share/jetson_camera_interfaces/cmake/jetson_camera_interfaces__rosidl_typesupport_introspection_cExport.cmake
[4.921s] -- Up-to-date: /home/jetson/EVC/workshops/final_project_v5/install/jetson_camera_interfaces/share/jetson_camera_interfaces/cmake/jetson_camera_interfaces__rosidl_typesupport_introspection_cExport-noconfig.cmake
[4.923s] -- Up-to-date: /home/jetson/EVC/workshops/final_project_v5/install/jetson_camera_interfaces/share/jetson_camera_interfaces/cmake/jetson_camera_interfaces__rosidl_typesupport_cExport.cmake
[4.924s] -- Up-to-date: /home/jetson/EVC/workshops/final_project_v5/install/jetson_camera_interfaces/share/jetson_camera_interfaces/cmake/jetson_camera_interfaces__rosidl_typesupport_cExport-noconfig.cmake
[4.926s] -- Up-to-date: /home/jetson/EVC/workshops/final_project_v5/install/jetson_camera_interfaces/share/jetson_camera_interfaces/cmake/jetson_camera_interfaces__rosidl_generator_cppExport.cmake
[4.928s] -- Up-to-date: /home/jetson/EVC/workshops/final_project_v5/install/jetson_camera_interfaces/share/jetson_camera_interfaces/cmake/jetson_camera_interfaces__rosidl_typesupport_introspection_cppExport.cmake
[4.929s] -- Up-to-date: /home/jetson/EVC/workshops/final_project_v5/install/jetson_camera_interfaces/share/jetson_camera_interfaces/cmake/jetson_camera_interfaces__rosidl_typesupport_introspection_cppExport-noconfig.cmake
[4.931s] -- Up-to-date: /home/jetson/EVC/workshops/final_project_v5/install/jetson_camera_interfaces/share/jetson_camera_interfaces/cmake/jetson_camera_interfaces__rosidl_typesupport_cppExport.cmake
[4.932s] -- Up-to-date: /home/jetson/EVC/workshops/final_project_v5/install/jetson_camera_interfaces/share/jetson_camera_interfaces/cmake/jetson_camera_interfaces__rosidl_typesupport_cppExport-noconfig.cmake
[4.933s] -- Up-to-date: /home/jetson/EVC/workshops/final_project_v5/install/jetson_camera_interfaces/share/jetson_camera_interfaces/cmake/rosidl_cmake-extras.cmake
[4.935s] -- Up-to-date: /home/jetson/EVC/workshops/final_project_v5/install/jetson_camera_interfaces/share/jetson_camera_interfaces/cmake/ament_cmake_export_dependencies-extras.cmake
[4.936s] -- Up-to-date: /home/jetson/EVC/workshops/final_project_v5/install/jetson_camera_interfaces/share/jetson_camera_interfaces/cmake/ament_cmake_export_libraries-extras.cmake
[4.937s] -- Up-to-date: /home/jetson/EVC/workshops/final_project_v5/install/jetson_camera_interfaces/share/jetson_camera_interfaces/cmake/ament_cmake_export_targets-extras.cmake
[4.938s] -- Up-to-date: /home/jetson/EVC/workshops/final_project_v5/install/jetson_camera_interfaces/share/jetson_camera_interfaces/cmake/ament_cmake_export_include_directories-extras.cmake
[4.940s] -- Up-to-date: /home/jetson/EVC/workshops/final_project_v5/install/jetson_camera_interfaces/share/jetson_camera_interfaces/cmake/rosidl_cmake_export_typesupport_libraries-extras.cmake
[4.941s] -- Up-to-date: /home/jetson/EVC/workshops/final_project_v5/install/jetson_camera_interfaces/share/jetson_camera_interfaces/cmake/rosidl_cmake_export_typesupport_targets-extras.cmake
[4.942s] -- Up-to-date: /home/jetson/EVC/workshops/final_project_v5/install/jetson_camera_interfaces/share/jetson_camera_interfaces/cmake/jetson_camera_interfacesConfig.cmake
[4.943s] -- Up-to-date: /home/jetson/EVC/workshops/final_project_v5/install/jetson_camera_interfaces/share/jetson_camera_interfaces/cmake/jetson_camera_interfacesConfig-version.cmake
[4.944s] -- Up-to-date: /home/jetson/EVC/workshops/final_project_v5/install/jetson_camera_interfaces/share/jetson_camera_interfaces/package.xml
[4.955s] Invoked command in '/home/jetson/EVC/workshops/final_project_v5/build/jetson_camera_interfaces' returned '0': CMAKE_PREFIX_PATH=${CMAKE_PREFIX_PATH}:/home/jetson/EVC/workshops/final_project_v5/install/goal_navigation:/home/jetson/EVC/workshops/final_project_v5/install/motor_control:/home/jetson/EVC/workshops/final_project_v5/install/line_following:/home/jetson/EVC/workshops/final_project_v5/install/color_detection_mode:/home/jetson/EVC/workshops/final_project_v5/install/jetson_camera:/home/jetson/EVC/workshops/final_project_v5/install/aruco_parking:/opt/ros/foxy /usr/bin/cmake --install /home/jetson/EVC/workshops/final_project_v5/build/jetson_camera_interfaces
