[5.818s] Invoking command in '/home/jetson/EVC/workshops/final_project_map_v2/final_project_v4/vision/camera/jetson_camera': PYTHONPATH=/home/jetson/EVC/workshops/final_project_map_v2/final_project_v4/build/jetson_camera/prefix_override:/usr/lib/python3/dist-packages/colcon_core/task/python/colcon_distutils_commands:/home/jetson/EVC/workshops/final_project_map_v2/final_project_v4/install/jetson_camera/lib/python3.8/site-packages:${PYTHONPATH} /usr/bin/python3 -W ignore:setup.py install is deprecated -W ignore:easy_install command is deprecated setup.py egg_info --egg-base ../../../build/jetson_camera build --build-base /home/jetson/EVC/workshops/final_project_map_v2/final_project_v4/build/jetson_camera/build install --record /home/jetson/EVC/workshops/final_project_map_v2/final_project_v4/build/jetson_camera/install.log --single-version-externally-managed install_data
[7.083s] running egg_info
[7.086s] writing ../../../build/jetson_camera/jetson_camera.egg-info/PKG-INFO
[7.088s] writing dependency_links to ../../../build/jetson_camera/jetson_camera.egg-info/dependency_links.txt
[7.090s] writing entry points to ../../../build/jetson_camera/jetson_camera.egg-info/entry_points.txt
[7.091s] writing requirements to ../../../build/jetson_camera/jetson_camera.egg-info/requires.txt
[7.092s] writing top-level names to ../../../build/jetson_camera/jetson_camera.egg-info/top_level.txt
[7.107s] reading manifest file '../../../build/jetson_camera/jetson_camera.egg-info/SOURCES.txt'
[7.113s] writing manifest file '../../../build/jetson_camera/jetson_camera.egg-info/SOURCES.txt'
[7.115s] running build
[7.115s] running build_py
[7.117s] running install
[7.121s] running install_lib
[7.129s] running install_data
[7.131s] running install_egg_info
[7.139s] removing '/home/jetson/EVC/workshops/final_project_map_v2/final_project_v4/install/jetson_camera/lib/python3.8/site-packages/jetson_camera-0.0.0-py3.8.egg-info' (and everything under it)
[7.141s] Copying ../../../build/jetson_camera/jetson_camera.egg-info to /home/jetson/EVC/workshops/final_project_map_v2/final_project_v4/install/jetson_camera/lib/python3.8/site-packages/jetson_camera-0.0.0-py3.8.egg-info
[7.145s] running install_scripts
[7.228s] Installing calibrate_camera script to /home/jetson/EVC/workshops/final_project_map_v2/final_project_v4/install/jetson_camera/lib/jetson_camera
[7.229s] Installing pair_subscriber_node script to /home/jetson/EVC/workshops/final_project_map_v2/final_project_v4/install/jetson_camera/lib/jetson_camera
[7.230s] Installing processing_node script to /home/jetson/EVC/workshops/final_project_map_v2/final_project_v4/install/jetson_camera/lib/jetson_camera
[7.232s] Installing publisher_node script to /home/jetson/EVC/workshops/final_project_map_v2/final_project_v4/install/jetson_camera/lib/jetson_camera
[7.233s] Installing subscriber_node script to /home/jetson/EVC/workshops/final_project_map_v2/final_project_v4/install/jetson_camera/lib/jetson_camera
[7.236s] writing list of installed files to '/home/jetson/EVC/workshops/final_project_map_v2/final_project_v4/build/jetson_camera/install.log'
[7.351s] Invoked command in '/home/jetson/EVC/workshops/final_project_map_v2/final_project_v4/vision/camera/jetson_camera' returned '0': PYTHONPATH=/home/jetson/EVC/workshops/final_project_map_v2/final_project_v4/build/jetson_camera/prefix_override:/usr/lib/python3/dist-packages/colcon_core/task/python/colcon_distutils_commands:/home/jetson/EVC/workshops/final_project_map_v2/final_project_v4/install/jetson_camera/lib/python3.8/site-packages:${PYTHONPATH} /usr/bin/python3 -W ignore:setup.py install is deprecated -W ignore:easy_install command is deprecated setup.py egg_info --egg-base ../../../build/jetson_camera build --build-base /home/jetson/EVC/workshops/final_project_map_v2/final_project_v4/build/jetson_camera/build install --record /home/jetson/EVC/workshops/final_project_map_v2/final_project_v4/build/jetson_camera/install.log --single-version-externally-managed install_data
